#-----------------------------------------------------------
# Vivado v2020.2 (64-bit)
# SW Build 3064766 on Wed Nov 18 09:12:45 MST 2020
# IP Build 3064653 on Wed Nov 18 14:17:31 MST 2020
# Start of session at: Mon Jul  5 18:41:43 2021
# Process ID: 11620
# Current directory: C:/Users/yongj/Desktop/softmc_ddr4/hw/boards/ML605/project_1/ddr4_0_ex
# Command line: vivado.exe -gui_launcher_event rodinguilauncherevent28344 C:\Users\yongj\Desktop\softmc_ddr4\hw\boards\ML605\project_1\ddr4_0_ex\ddr4_0_ex.xpr
# Log file: C:/Users/yongj/Desktop/softmc_ddr4/hw/boards/ML605/project_1/ddr4_0_ex/vivado.log
# Journal file: C:/Users/yongj/Desktop/softmc_ddr4/hw/boards/ML605/project_1/ddr4_0_ex\vivado.jou
#-----------------------------------------------------------
start_gui
open_project C:/Users/yongj/Desktop/softmc_ddr4/hw/boards/ML605/project_1/ddr4_0_ex/ddr4_0_ex.xpr
Scanning sources...
Finished scanning sources
INFO: [IP_Flow 19-234] Refreshing IP repositories
INFO: [IP_Flow 19-1704] No user IP repositories specified
INFO: [IP_Flow 19-2313] Loaded Vivado IP repository 'D:/Xilinx/Vivado/2020.2/data/ip'.
open_project: Time (s): cpu = 00:00:12 ; elapsed = 00:00:06 . Memory (MB): peak = 1108.891 ; gain = 0.000
update_compile_order -fileset sources_1
