Copyright 1986-2020 Xilinx, Inc. All Rights Reserved.
-----------------------------------------------------------------------------------------------------------------
| Tool Version : Vivado v.2020.2 (win64) Build 3064766 Wed Nov 18 09:12:45 MST 2020
| Date         : Tue Jun 22 18:54:11 2021
| Host         : DESKTOP-ILOVGO9 running 64-bit major release  (build 9200)
| Command      : report_utilization -file rdback_fifo_utilization_synth.rpt -pb rdback_fifo_utilization_synth.pb
| Design       : rdback_fifo
| Device       : xcvu095ffvb1760-1
| Design State : Synthesized
-----------------------------------------------------------------------------------------------------------------

Utilization Design Information

Table of Contents
-----------------
1. CLB Logic
1.1 Summary of Registers by Type
2. BLOCKRAM
3. ARITHMETIC
4. I/O
5. CLOCK
6. ADVANCED
7. CONFIGURATION
8. Primitives
9. Black Boxes
10. Instantiated Netlists

1. CLB Logic
------------

+-------------------------+------+-------+-----------+-------+
|        Site Type        | Used | Fixed | Available | Util% |
+-------------------------+------+-------+-----------+-------+
| CLB LUTs*               |   63 |     0 |    537600 |  0.01 |
|   LUT as Logic          |   63 |     0 |    537600 |  0.01 |
|   LUT as Memory         |    0 |     0 |     76800 |  0.00 |
| CLB Registers           |  322 |     0 |   1075200 |  0.03 |
|   Register as Flip Flop |  322 |     0 |   1075200 |  0.03 |
|   Register as Latch     |    0 |     0 |   1075200 |  0.00 |
| CARRY8                  |    5 |     0 |     67200 | <0.01 |
| F7 Muxes                |    0 |     0 |    268800 |  0.00 |
| F8 Muxes                |    0 |     0 |    134400 |  0.00 |
| F9 Muxes                |    0 |     0 |     67200 |  0.00 |
+-------------------------+------+-------+-----------+-------+
* Warning! The Final LUT count, after physical optimizations and full implementation, is typically lower. Run opt_design after synthesis, if not already completed, for a more realistic count.


1.1 Summary of Registers by Type
--------------------------------

+-------+--------------+-------------+--------------+
| Total | Clock Enable | Synchronous | Asynchronous |
+-------+--------------+-------------+--------------+
| 0     |            _ |           - |            - |
| 0     |            _ |           - |          Set |
| 0     |            _ |           - |        Reset |
| 0     |            _ |         Set |            - |
| 0     |            _ |       Reset |            - |
| 0     |          Yes |           - |            - |
| 0     |          Yes |           - |          Set |
| 0     |          Yes |           - |        Reset |
| 10    |          Yes |         Set |            - |
| 312   |          Yes |       Reset |            - |
+-------+--------------+-------------+--------------+


2. BLOCKRAM
-----------

+-------------------+------+-------+-----------+-------+
|     Site Type     | Used | Fixed | Available | Util% |
+-------------------+------+-------+-----------+-------+
| Block RAM Tile    |  7.5 |     0 |      1728 |  0.43 |
|   RAMB36/FIFO*    |    7 |     0 |      1728 |  0.41 |
|     RAMB36E2 only |    7 |       |           |       |
|   RAMB18          |    1 |     0 |      3456 |  0.03 |
|     RAMB18E2 only |    1 |       |           |       |
+-------------------+------+-------+-----------+-------+
* Note: Each Block RAM Tile only has one FIFO logic available and therefore can accommodate only one FIFO36E2 or one FIFO18E2. However, if a FIFO18E2 occupies a Block RAM Tile, that tile can still accommodate a RAMB18E2


3. ARITHMETIC
-------------

+-----------+------+-------+-----------+-------+
| Site Type | Used | Fixed | Available | Util% |
+-----------+------+-------+-----------+-------+
| DSPs      |    0 |     0 |       768 |  0.00 |
+-----------+------+-------+-----------+-------+


4. I/O
------

+------------+------+-------+-----------+-------+
|  Site Type | Used | Fixed | Available | Util% |
+------------+------+-------+-----------+-------+
| Bonded IOB |    0 |     0 |       702 |  0.00 |
+------------+------+-------+-----------+-------+


5. CLOCK
--------

+----------------------+------+-------+-----------+-------+
|       Site Type      | Used | Fixed | Available | Util% |
+----------------------+------+-------+-----------+-------+
| GLOBAL CLOCK BUFFERs |    0 |     0 |       960 |  0.00 |
|   BUFGCE             |    0 |     0 |       384 |  0.00 |
|   BUFGCE_DIV         |    0 |     0 |        64 |  0.00 |
|   BUFG_GT            |    0 |     0 |       384 |  0.00 |
|   BUFGCTRL*          |    0 |     0 |       128 |  0.00 |
| PLLE3_ADV            |    0 |     0 |        32 |  0.00 |
| MMCME3_ADV           |    0 |     0 |        16 |  0.00 |
+----------------------+------+-------+-----------+-------+
* Note: Each used BUFGCTRL counts as two GLOBAL CLOCK BUFFERs. This table does not include global clocking resources, only buffer cell usage. See the Clock Utilization Report (report_clock_utilization) for detailed accounting of global clocking resource availability.


6. ADVANCED
-----------

+-----------------+------+-------+-----------+-------+
|    Site Type    | Used | Fixed | Available | Util% |
+-----------------+------+-------+-----------+-------+
| CMAC            |    0 |     0 |         4 |  0.00 |
| GTHE3_CHANNEL   |    0 |     0 |        32 |  0.00 |
| GTHE3_COMMON    |    0 |     0 |         8 |  0.00 |
| GTYE3_CHANNEL   |    0 |     0 |        16 |  0.00 |
| GTYE3_COMMON    |    0 |     0 |         4 |  0.00 |
| IBUFDS_GTE3     |    0 |     0 |        24 |  0.00 |
| ILKN            |    0 |     0 |         6 |  0.00 |
| OBUFDS_GTE3     |    0 |     0 |        24 |  0.00 |
| OBUFDS_GTE3_ADV |    0 |     0 |        24 |  0.00 |
| PCIE_3_1        |    0 |     0 |         4 |  0.00 |
| SYSMONE1        |    0 |     0 |         1 |  0.00 |
+-----------------+------+-------+-----------+-------+


7. CONFIGURATION
----------------

+-------------+------+-------+-----------+-------+
|  Site Type  | Used | Fixed | Available | Util% |
+-------------+------+-------+-----------+-------+
| BSCANE2     |    0 |     0 |         4 |  0.00 |
| DNA_PORTE2  |    0 |     0 |         1 |  0.00 |
| EFUSE_USR   |    0 |     0 |         1 |  0.00 |
| FRAME_ECCE3 |    0 |     0 |         1 |  0.00 |
| ICAPE3      |    0 |     0 |         2 |  0.00 |
| MASTER_JTAG |    0 |     0 |         1 |  0.00 |
| STARTUPE3   |    0 |     0 |         1 |  0.00 |
+-------------+------+-------+-----------+-------+


8. Primitives
-------------

+----------+------+---------------------+
| Ref Name | Used | Functional Category |
+----------+------+---------------------+
| FDRE     |  312 |            Register |
| LUT4     |   33 |                 CLB |
| LUT1     |   12 |                 CLB |
| FDSE     |   10 |            Register |
| RAMB36E2 |    7 |            BLOCKRAM |
| LUT6     |    7 |                 CLB |
| LUT3     |    7 |                 CLB |
| LUT2     |    7 |                 CLB |
| LUT5     |    6 |                 CLB |
| CARRY8   |    5 |                 CLB |
| RAMB18E2 |    1 |            BLOCKRAM |
+----------+------+---------------------+


9. Black Boxes
--------------

+----------+------+
| Ref Name | Used |
+----------+------+


10. Instantiated Netlists
-------------------------

+----------+------+
| Ref Name | Used |
+----------+------+


