#-----------------------------------------------------------
# Vivado v2020.2 (64-bit)
# SW Build 3064766 on Wed Nov 18 09:12:45 MST 2020
# IP Build 3064653 on Wed Nov 18 14:17:31 MST 2020
# Start of session at: Tue Jul 20 14:06:44 2021
# Process ID: 23472
# Current directory: C:/Users/yongj/Desktop/softmc_ddr4/hw/boards/ML605/ddr4_0_ex
# Command line: vivado.exe -gui_launcher_event rodinguilauncherevent22264 C:\Users\yongj\Desktop\softmc_ddr4\hw\boards\ML605\ddr4_0_ex\ddr4_0_ex.xpr
# Log file: C:/Users/yongj/Desktop/softmc_ddr4/hw/boards/ML605/ddr4_0_ex/vivado.log
# Journal file: C:/Users/yongj/Desktop/softmc_ddr4/hw/boards/ML605/ddr4_0_ex\vivado.jou
#-----------------------------------------------------------
start_gui
open_project C:/Users/yongj/Desktop/softmc_ddr4/hw/boards/ML605/ddr4_0_ex/ddr4_0_ex.xpr
INFO: [Project 1-313] Project file moved from 'C:/Users/yongj/Desktop/SoftMC-master_schematic_0622/SoftMC-master_schematic/SoftMC-master/hw/boards/ML605/ddr4_0_ex' since last save.
Scanning sources...
Finished scanning sources
INFO: [IP_Flow 19-234] Refreshing IP repositories
INFO: [IP_Flow 19-1704] No user IP repositories specified
INFO: [IP_Flow 19-2313] Loaded Vivado IP repository 'D:/Xilinx/Vivado/2020.2/data/ip'.
WARNING: [IP_Flow 19-2162] IP 'ddr4_0' is locked:
* Current project part 'xcvu095-ffva2104-1-i' and the part 'xcvu095-ffva2104-3-e' used to customize the IP 'ddr4_0' do not match. * IP 'ddr4_0' contains one or more locked subcores.
open_project: Time (s): cpu = 00:00:15 ; elapsed = 00:00:11 . Memory (MB): peak = 1108.859 ; gain = 0.000
update_compile_order -fileset sources_1
report_ip_status -name ip_status 
INFO: [Device 21-403] Loading part xcvu095-ffva2104-3-e
exit
INFO: [Common 17-206] Exiting Vivado at Tue Jul 20 14:19:38 2021...
