#-----------------------------------------------------------
# Vivado v2020.2 (64-bit)
# SW Build 3064766 on Wed Nov 18 09:12:45 MST 2020
# IP Build 3064653 on Wed Nov 18 14:17:31 MST 2020
# Start of session at: Fri Jul 23 16:15:25 2021
# Process ID: 17916
# Current directory: C:/Users/yongj/Desktop/softmc_ddr4/hw/boards/ML605/project_1
# Command line: vivado.exe -gui_launcher_event rodinguilauncherevent26344 C:\Users\yongj\Desktop\softmc_ddr4\hw\boards\ML605\project_1\project_1.xpr
# Log file: C:/Users/yongj/Desktop/softmc_ddr4/hw/boards/ML605/project_1/vivado.log
# Journal file: C:/Users/yongj/Desktop/softmc_ddr4/hw/boards/ML605/project_1\vivado.jou
#-----------------------------------------------------------
start_gui
open_project C:/Users/yongj/Desktop/softmc_ddr4/hw/boards/ML605/project_1/project_1.xpr
WARNING: [filemgmt 56-3] Board Part Repository Path: Could not find the directory 'C:/AppData/Roaming/Xilinx/Vivado/2019.2/xhub/board_store'.
Scanning sources...
Finished scanning sources
INFO: [IP_Flow 19-234] Refreshing IP repositories
INFO: [IP_Flow 19-1704] No user IP repositories specified
INFO: [IP_Flow 19-2313] Loaded Vivado IP repository 'D:/Xilinx/Vivado/2020.2/data/ip'.
open_project: Time (s): cpu = 00:00:18 ; elapsed = 00:00:09 . Memory (MB): peak = 1110.672 ; gain = 0.000
INFO: [Device 21-403] Loading part xcvu095-ffvb2104-2-e
open_run synth_1 -name synth_1
Design is defaulting to impl run constrset: constrs_1
Design is defaulting to synth run part: xcvu095-ffvb2104-2-e
INFO: [Project 1-454] Reading design checkpoint 'c:/Users/yongj/Desktop/softmc_ddr4/hw/boards/ML605/project_1/project_1.srcs/sources_1/ip/ddr4_0_2/ddr4_0.dcp' for cell 'u_ddr4_0'
INFO: [Project 1-454] Reading design checkpoint 'C:/Users/yongj/Desktop/softmc_ddr4/hw/boards/ML605/project_1/.Xil/Vivado-17916-DESKTOP-ILOVGO9/xdma_0/xdma_0.dcp' for cell 'EP/xdma_0_i'
INFO: [Project 1-454] Reading design checkpoint 'C:/Users/yongj/Desktop/softmc_ddr4/hw/boards/ML605/project_1/.Xil/Vivado-17916-DESKTOP-ILOVGO9/instr_fifo/instr_fifo.dcp' for cell 'i_softmc/i_instr0_fifo'
INFO: [Project 1-454] Reading design checkpoint 'c:/Users/yongj/Desktop/softmc_ddr4/hw/boards/ML605/project_1/project_1.srcs/sources_1/ip/rdback_fifo/rdback_fifo.dcp' for cell 'i_softmc/i_rdback_fifo'
Netlist sorting complete. Time (s): cpu = 00:00:02 ; elapsed = 00:00:02 . Memory (MB): peak = 2242.762 ; gain = 0.000
INFO: [Netlist 29-17] Analyzing 1195 Unisim elements for replacement
INFO: [Netlist 29-28] Unisim Transformation completed in 1 CPU seconds
INFO: [Project 1-479] Netlist was created with Vivado 2020.2
INFO: [Project 1-570] Preparing netlist for logic optimization
INFO: [Chipscope 16-324] Core: u_ddr4_0 UUID: 3fd6d934-2c58-576c-8b83-36d6fdf59d81 
Parsing XDC File [c:/Users/yongj/Desktop/softmc_ddr4/hw/boards/ML605/project_1/project_1.srcs/sources_1/ip/xdma_0/ip_0/ip_0/synth/xdma_0_pcie3_ip_gt.xdc] for cell 'EP/xdma_0_i/inst/pcie3_ip_i/inst/xdma_0_pcie3_ip_gt_top_i/gt_wizard.gtwizard_top_i/xdma_0_pcie3_ip_gt_i/inst'
Finished Parsing XDC File [c:/Users/yongj/Desktop/softmc_ddr4/hw/boards/ML605/project_1/project_1.srcs/sources_1/ip/xdma_0/ip_0/ip_0/synth/xdma_0_pcie3_ip_gt.xdc] for cell 'EP/xdma_0_i/inst/pcie3_ip_i/inst/xdma_0_pcie3_ip_gt_top_i/gt_wizard.gtwizard_top_i/xdma_0_pcie3_ip_gt_i/inst'
Parsing XDC File [c:/Users/yongj/Desktop/softmc_ddr4/hw/boards/ML605/project_1/project_1.srcs/sources_1/ip/xdma_0/ip_0/source/xdma_0_pcie3_ip-PCIE_X0Y0.xdc] for cell 'EP/xdma_0_i/inst/pcie3_ip_i/inst'
WARNING: [Vivado_Tcl 4-921] Waiver ID 'CDC-1' -to list should not be empty. [c:/Users/yongj/Desktop/softmc_ddr4/hw/boards/ML605/project_1/project_1.srcs/sources_1/ip/xdma_0/ip_0/source/xdma_0_pcie3_ip-PCIE_X0Y0.xdc:200]
Finished Parsing XDC File [c:/Users/yongj/Desktop/softmc_ddr4/hw/boards/ML605/project_1/project_1.srcs/sources_1/ip/xdma_0/ip_0/source/xdma_0_pcie3_ip-PCIE_X0Y0.xdc] for cell 'EP/xdma_0_i/inst/pcie3_ip_i/inst'
Parsing XDC File [c:/Users/yongj/Desktop/softmc_ddr4/hw/boards/ML605/project_1/project_1.srcs/sources_1/ip/xdma_0/xdma_0_board.xdc] for cell 'EP/xdma_0_i/inst'
Finished Parsing XDC File [c:/Users/yongj/Desktop/softmc_ddr4/hw/boards/ML605/project_1/project_1.srcs/sources_1/ip/xdma_0/xdma_0_board.xdc] for cell 'EP/xdma_0_i/inst'
Parsing XDC File [c:/Users/yongj/Desktop/softmc_ddr4/hw/boards/ML605/project_1/project_1.srcs/sources_1/ip/xdma_0/source/xdma_0_pcie3_us_ip.xdc] for cell 'EP/xdma_0_i/inst'
Finished Parsing XDC File [c:/Users/yongj/Desktop/softmc_ddr4/hw/boards/ML605/project_1/project_1.srcs/sources_1/ip/xdma_0/source/xdma_0_pcie3_us_ip.xdc] for cell 'EP/xdma_0_i/inst'
Parsing XDC File [c:/Users/yongj/Desktop/softmc_ddr4/hw/boards/ML605/project_1/project_1.srcs/sources_1/ip/ddr4_0_2/bd_0/ip/ip_0/bd_9054_microblaze_I_0.xdc] for cell 'u_ddr4_0/inst/u_ddr_cal_riu/mcs0/inst/microblaze_I/U0'
Finished Parsing XDC File [c:/Users/yongj/Desktop/softmc_ddr4/hw/boards/ML605/project_1/project_1.srcs/sources_1/ip/ddr4_0_2/bd_0/ip/ip_0/bd_9054_microblaze_I_0.xdc] for cell 'u_ddr4_0/inst/u_ddr_cal_riu/mcs0/inst/microblaze_I/U0'
Parsing XDC File [c:/Users/yongj/Desktop/softmc_ddr4/hw/boards/ML605/project_1/project_1.srcs/sources_1/ip/ddr4_0_2/bd_0/ip/ip_1/bd_9054_rst_0_0_board.xdc] for cell 'u_ddr4_0/inst/u_ddr_cal_riu/mcs0/inst/rst_0/U0'
Finished Parsing XDC File [c:/Users/yongj/Desktop/softmc_ddr4/hw/boards/ML605/project_1/project_1.srcs/sources_1/ip/ddr4_0_2/bd_0/ip/ip_1/bd_9054_rst_0_0_board.xdc] for cell 'u_ddr4_0/inst/u_ddr_cal_riu/mcs0/inst/rst_0/U0'
Parsing XDC File [c:/Users/yongj/Desktop/softmc_ddr4/hw/boards/ML605/project_1/project_1.srcs/sources_1/ip/ddr4_0_2/bd_0/ip/ip_1/bd_9054_rst_0_0.xdc] for cell 'u_ddr4_0/inst/u_ddr_cal_riu/mcs0/inst/rst_0/U0'
Finished Parsing XDC File [c:/Users/yongj/Desktop/softmc_ddr4/hw/boards/ML605/project_1/project_1.srcs/sources_1/ip/ddr4_0_2/bd_0/ip/ip_1/bd_9054_rst_0_0.xdc] for cell 'u_ddr4_0/inst/u_ddr_cal_riu/mcs0/inst/rst_0/U0'
Parsing XDC File [c:/Users/yongj/Desktop/softmc_ddr4/hw/boards/ML605/project_1/project_1.srcs/sources_1/ip/ddr4_0_2/bd_0/ip/ip_2/bd_9054_ilmb_0.xdc] for cell 'u_ddr4_0/inst/u_ddr_cal_riu/mcs0/inst/ilmb/U0'
Finished Parsing XDC File [c:/Users/yongj/Desktop/softmc_ddr4/hw/boards/ML605/project_1/project_1.srcs/sources_1/ip/ddr4_0_2/bd_0/ip/ip_2/bd_9054_ilmb_0.xdc] for cell 'u_ddr4_0/inst/u_ddr_cal_riu/mcs0/inst/ilmb/U0'
Parsing XDC File [c:/Users/yongj/Desktop/softmc_ddr4/hw/boards/ML605/project_1/project_1.srcs/sources_1/ip/ddr4_0_2/bd_0/ip/ip_3/bd_9054_dlmb_0.xdc] for cell 'u_ddr4_0/inst/u_ddr_cal_riu/mcs0/inst/dlmb/U0'
Finished Parsing XDC File [c:/Users/yongj/Desktop/softmc_ddr4/hw/boards/ML605/project_1/project_1.srcs/sources_1/ip/ddr4_0_2/bd_0/ip/ip_3/bd_9054_dlmb_0.xdc] for cell 'u_ddr4_0/inst/u_ddr_cal_riu/mcs0/inst/dlmb/U0'
Parsing XDC File [c:/Users/yongj/Desktop/softmc_ddr4/hw/boards/ML605/project_1/project_1.srcs/sources_1/ip/ddr4_0_2/bd_0/ip/ip_10/bd_9054_iomodule_0_0_board.xdc] for cell 'u_ddr4_0/inst/u_ddr_cal_riu/mcs0/inst/iomodule_0/U0'
Finished Parsing XDC File [c:/Users/yongj/Desktop/softmc_ddr4/hw/boards/ML605/project_1/project_1.srcs/sources_1/ip/ddr4_0_2/bd_0/ip/ip_10/bd_9054_iomodule_0_0_board.xdc] for cell 'u_ddr4_0/inst/u_ddr_cal_riu/mcs0/inst/iomodule_0/U0'
Parsing XDC File [c:/Users/yongj/Desktop/softmc_ddr4/hw/boards/ML605/project_1/project_1.srcs/sources_1/ip/ddr4_0_2/ip_0/ddr4_0_microblaze_mcs_board.xdc] for cell 'u_ddr4_0/inst/u_ddr_cal_riu/mcs0/inst'
Finished Parsing XDC File [c:/Users/yongj/Desktop/softmc_ddr4/hw/boards/ML605/project_1/project_1.srcs/sources_1/ip/ddr4_0_2/ip_0/ddr4_0_microblaze_mcs_board.xdc] for cell 'u_ddr4_0/inst/u_ddr_cal_riu/mcs0/inst'
Parsing XDC File [c:/Users/yongj/Desktop/softmc_ddr4/hw/boards/ML605/project_1/project_1.srcs/sources_1/ip/ddr4_0_2/par/ddr4_0.xdc] for cell 'u_ddr4_0/inst'
Finished Parsing XDC File [c:/Users/yongj/Desktop/softmc_ddr4/hw/boards/ML605/project_1/project_1.srcs/sources_1/ip/ddr4_0_2/par/ddr4_0.xdc] for cell 'u_ddr4_0/inst'
Parsing XDC File [c:/Users/yongj/Desktop/softmc_ddr4/hw/boards/ML605/project_1/project_1.srcs/sources_1/ip/rdback_fifo/rdback_fifo.xdc] for cell 'i_softmc/i_rdback_fifo/U0'
Finished Parsing XDC File [c:/Users/yongj/Desktop/softmc_ddr4/hw/boards/ML605/project_1/project_1.srcs/sources_1/ip/rdback_fifo/rdback_fifo.xdc] for cell 'i_softmc/i_rdback_fifo/U0'
Parsing XDC File [c:/Users/yongj/Desktop/softmc_ddr4/hw/boards/ML605/project_1/project_1.srcs/sources_1/ip/instr_fifo/instr_fifo.xdc] for cell 'i_softmc/i_instr0_fifo/U0'
Finished Parsing XDC File [c:/Users/yongj/Desktop/softmc_ddr4/hw/boards/ML605/project_1/project_1.srcs/sources_1/ip/instr_fifo/instr_fifo.xdc] for cell 'i_softmc/i_instr0_fifo/U0'
Parsing XDC File [c:/Users/yongj/Desktop/softmc_ddr4/hw/boards/ML605/project_1/project_1.srcs/sources_1/ip/instr_fifo/instr_fifo.xdc] for cell 'i_softmc/i_instr1_fifo/U0'
Finished Parsing XDC File [c:/Users/yongj/Desktop/softmc_ddr4/hw/boards/ML605/project_1/project_1.srcs/sources_1/ip/instr_fifo/instr_fifo.xdc] for cell 'i_softmc/i_instr1_fifo/U0'
Parsing XDC File [C:/Users/yongj/Desktop/softmc_ddr4/hw/boards/ML605/project_1/project_1.srcs/constrs_1/imports/xusps3_config/xusps3_pinout.xdc]
WARNING: [Constraints 18-619] A clock with name 'c0_sys_clk_p' already exists, overwriting the previous clock with the same name. [C:/Users/yongj/Desktop/softmc_ddr4/hw/boards/ML605/project_1/project_1.srcs/constrs_1/imports/xusps3_config/xusps3_pinout.xdc:47]
Finished Parsing XDC File [C:/Users/yongj/Desktop/softmc_ddr4/hw/boards/ML605/project_1/project_1.srcs/constrs_1/imports/xusps3_config/xusps3_pinout.xdc]
Parsing XDC File [c:/Users/yongj/Desktop/softmc_ddr4/hw/boards/ML605/project_1/project_1.srcs/sources_1/ip/ddr4_0_2/ddr4_0_board.xdc] for cell 'u_ddr4_0/inst'
Finished Parsing XDC File [c:/Users/yongj/Desktop/softmc_ddr4/hw/boards/ML605/project_1/project_1.srcs/sources_1/ip/ddr4_0_2/ddr4_0_board.xdc] for cell 'u_ddr4_0/inst'
INFO: [Project 1-1715] 2 XPM XDC files have been applied to the design.
INFO: [Opt 31-138] Pushed 0 inverter(s) to 0 load pin(s).
Generating merged BMM file for the design top 'ddr4_0'...
INFO: [Memdata 28-144] Successfully populated the BRAM INIT strings from the following elf files: c:/Users/yongj/Desktop/softmc_ddr4/hw/boards/ML605/project_1/project_1.srcs/sources_1/ip/ddr4_0_2/sw/calibration_0/Debug/calibration_ddr.elf 
INFO: [Project 1-1687] 4 scoped IP constraints or related sub-commands were skipped due to synthesis logic optimizations usually triggered by constant connectivity or unconnected output pins. To review the skipped constraints and messages, run the command 'set_param netlist.IPMsgFiltering false' before opening the design.
Netlist sorting complete. Time (s): cpu = 00:00:00 ; elapsed = 00:00:00.026 . Memory (MB): peak = 2804.504 ; gain = 0.000
INFO: [Project 1-111] Unisim Transformation Summary:
  A total of 361 instances were transformed.
  DSP48E1 => DSP48E2 (DSP_ALU, DSP_A_B_DATA, DSP_C_DATA, DSP_MULTIPLIER, DSP_M_DATA, DSP_OUTPUT, DSP_PREADD, DSP_PREADD_DATA): 3 instances
  IBUF => IBUF (IBUFCTRL, INBUF): 1 instance 
  IBUF => IBUF_ANALOG: 1 instance 
  IBUFDS => IBUFDS (DIFFINBUF, IBUFCTRL): 1 instance 
  IOBUFDS => IOBUFDS (DIFFINBUF, IBUFCTRL, INV, OBUFT(x2)): 8 instances
  IOBUFE3 => IOBUFE3 (IBUFCTRL, INBUF, OBUFT_DCIEN): 72 instances
  LUT6_2 => LUT6_2 (LUT5, LUT6): 31 instances
  OBUFDS => OBUFDS_DUAL_BUF (INV, OBUF(x2)): 1 instance 
  RAM16X1D => RAM32X1D (RAMD32(x2)): 33 instances
  RAM32M => RAM32M (RAMD32(x6), RAMS32(x2)): 16 instances
  RAM32M16 => RAM32M16 (RAMD32(x14), RAMS32(x2)): 175 instances
  RAM32X1D => RAM32X1D (RAMD32(x2)): 10 instances
  RAM64X1S => RAM64X1S (RAMS64E): 9 instances

open_run: Time (s): cpu = 00:01:04 ; elapsed = 00:00:53 . Memory (MB): peak = 3118.578 ; gain = 1020.930
reset_run synth_1
launch_runs impl_1 -to_step write_bitstream -jobs 8
INFO: [Vivado 12-4149] The synthesis checkpoint for IP 'C:/Users/yongj/Desktop/softmc_ddr4/hw/boards/ML605/project_1/project_1.srcs/sources_1/ip/xdma_0/xdma_0.xci' is already up-to-date
WARNING: [Project 1-478] Design 'synth_1' is stale and will not be used when launching 'impl_1'
[Fri Jul 23 16:34:24 2021] Launched synth_1...
Run output will be captured here: C:/Users/yongj/Desktop/softmc_ddr4/hw/boards/ML605/project_1/project_1.runs/synth_1/runme.log
[Fri Jul 23 16:34:24 2021] Launched impl_1...
Run output will be captured here: C:/Users/yongj/Desktop/softmc_ddr4/hw/boards/ML605/project_1/project_1.runs/impl_1/runme.log
close_design
reset_run synth_1
launch_runs impl_1 -to_step write_bitstream -jobs 8
INFO: [Vivado 12-4149] The synthesis checkpoint for IP 'C:/Users/yongj/Desktop/softmc_ddr4/hw/boards/ML605/project_1/project_1.srcs/sources_1/ip/xdma_0/xdma_0.xci' is already up-to-date
[Fri Jul 23 16:38:48 2021] Launched synth_1...
Run output will be captured here: C:/Users/yongj/Desktop/softmc_ddr4/hw/boards/ML605/project_1/project_1.runs/synth_1/runme.log
[Fri Jul 23 16:38:48 2021] Launched impl_1...
Run output will be captured here: C:/Users/yongj/Desktop/softmc_ddr4/hw/boards/ML605/project_1/project_1.runs/impl_1/runme.log
open_hw_manager
connect_hw_server -allow_non_jtag
INFO: [Labtools 27-2285] Connecting to hw_server url TCP:localhost:3121
INFO: [Labtools 27-2222] Launching hw_server...
INFO: [Labtools 27-2221] Launch Output:

****** Xilinx hw_server v2020.2
  **** Build date : Nov 18 2020 at 10:01:48
    ** Copyright 1986-2020 Xilinx, Inc. All Rights Reserved.


INFO: [Labtools 27-3415] Connecting to cs_server url TCP:localhost:3042
INFO: [Labtools 27-3417] Launching cs_server...
INFO: [Labtools 27-2221] Launch Output:


******** Xilinx cs_server v2020.2
  ****** Build date   : Nov 04 2020-06:02:56
    **** Build number : 2020.2.1604437376
      ** Copyright 2017-2020 Xilinx, Inc. All Rights Reserved.



connect_hw_server: Time (s): cpu = 00:00:01 ; elapsed = 00:00:08 . Memory (MB): peak = 4471.824 ; gain = 0.000
open_hw_target
INFO: [Labtoolstcl 44-466] Opening hw_target localhost:3121/xilinx_tcf/Xilinx/00000000000000
set_property PROGRAM.FILE {C:/Users/yongj/Desktop/softmc_ddr4/hw/boards/ML605/project_1/project_1.runs/impl_1/softMC_top.bit} [get_hw_devices xcvu095_0]
set_property PROBES.FILE {C:/Users/yongj/Desktop/softmc_ddr4/hw/boards/ML605/project_1/project_1.runs/impl_1/softMC_top.ltx} [get_hw_devices xcvu095_0]
set_property FULL_PROBES.FILE {C:/Users/yongj/Desktop/softmc_ddr4/hw/boards/ML605/project_1/project_1.runs/impl_1/softMC_top.ltx} [get_hw_devices xcvu095_0]
current_hw_device [get_hw_devices xcvu095_0]
refresh_hw_device [lindex [get_hw_devices xcvu095_0] 0]
WARNING: [Labtools 27-3410] Calibration Failed.
Resolution: For further debugging information, please refer to the Debug Guide that can be found from the following URL - https://www.xilinx.com/support/answers/68937.html
INFO: [Labtools 27-2302] Device xcvu095 (JTAG device index = 0) is programmed with a design that has 1 MIG core(s).
set_property PROBES.FILE {C:/Users/yongj/Desktop/softmc_ddr4/hw/boards/ML605/project_1/project_1.runs/impl_1/softMC_top.ltx} [get_hw_devices xcvu095_0]
set_property FULL_PROBES.FILE {C:/Users/yongj/Desktop/softmc_ddr4/hw/boards/ML605/project_1/project_1.runs/impl_1/softMC_top.ltx} [get_hw_devices xcvu095_0]
set_property PROGRAM.FILE {C:/Users/yongj/Desktop/softmc_ddr4/hw/boards/ML605/project_1/project_1.runs/impl_1/softMC_top.bit} [get_hw_devices xcvu095_0]
program_hw_devices [get_hw_devices xcvu095_0]
INFO: [Labtools 27-3164] End of startup status: HIGH
program_hw_devices: Time (s): cpu = 00:00:19 ; elapsed = 00:00:19 . Memory (MB): peak = 4597.355 ; gain = 0.000
refresh_hw_device [lindex [get_hw_devices xcvu095_0] 0]
WARNING: [Labtools 27-3089] Calibration is still in-progress.
INFO: [Labtools 27-2302] Device xcvu095 (JTAG device index = 0) is programmed with a design that has 1 MIG core(s).
WARNING: [Labtools 27-3410] Calibration Failed.
Resolution: For further debugging information, please refer to the Debug Guide that can be found from the following URL - https://www.xilinx.com/support/answers/68937.html
INFO: [Labtools 27-3143] Calibration status change detected, refreshing MIG_1
synth_design -rtl -rtl_skip_mlo -name rtl_1
Command: synth_design -rtl -rtl_skip_mlo -name rtl_1
Starting synth_design
Using part: xcvu095-ffvb2104-2-e
Top: softMC_top
WARNING: [Synth 8-6901] identifier 'instr0_disp_en' is used before its declaration [C:/Users/yongj/Desktop/softmc_ddr4/hw/boards/ML605/iseq_dispatcher.v:81]
WARNING: [Synth 8-6901] identifier 'instr1_disp_en' is used before its declaration [C:/Users/yongj/Desktop/softmc_ddr4/hw/boards/ML605/iseq_dispatcher.v:81]
---------------------------------------------------------------------------------
Starting RTL Elaboration : Time (s): cpu = 00:00:03 ; elapsed = 00:00:04 . Memory (MB): peak = 4844.941 ; gain = 242.547
---------------------------------------------------------------------------------
INFO: [Synth 8-6157] synthesizing module 'softMC_top' [C:/Users/yongj/Desktop/softmc_ddr4/hw/boards/ML605/softMC_top.v:5]
	Parameter TCQ bound to: 100 - type: integer 
	Parameter tCK bound to: 2500 - type: integer 
	Parameter nCK_PER_CLK bound to: 2 - type: integer 
	Parameter REFCLK_FREQ bound to: 100.000000 - type: double 
	Parameter DRAM_TYPE bound to: DDR3 - type: string 
	Parameter RST_ACT_LOW bound to: 0 - type: integer 
	Parameter INPUT_CLK_TYPE bound to: DIFFERENTIAL - type: string 
	Parameter CLKFBOUT_MULT_F bound to: 12 - type: integer 
	Parameter DIVCLK_DIVIDE bound to: 1 - type: integer 
	Parameter CLKOUT_DIVIDE bound to: 3 - type: integer 
	Parameter SLOT_0_CONFIG bound to: 8'b00000001 
	Parameter SLOT_1_CONFIG bound to: 8'b00000000 
	Parameter BANK_WIDTH bound to: 2 - type: integer 
	Parameter CK_WIDTH bound to: 2 - type: integer 
	Parameter COL_WIDTH bound to: 10 - type: integer 
	Parameter nCS_PER_RANK bound to: 1 - type: integer 
	Parameter DQ_CNT_WIDTH bound to: 6 - type: integer 
	Parameter DQ_WIDTH bound to: 64 - type: integer 
	Parameter DM_WIDTH bound to: 4 - type: integer 
	Parameter DQS_CNT_WIDTH bound to: 3 - type: integer 
	Parameter DQS_WIDTH bound to: 8 - type: integer 
	Parameter DRAM_WIDTH bound to: 8 - type: integer 
	Parameter ROW_WIDTH bound to: 17 - type: integer 
	Parameter RANK_WIDTH bound to: 1 - type: integer 
	Parameter CS_WIDTH bound to: 1 - type: integer 
	Parameter CKE_WIDTH bound to: 1 - type: integer 
	Parameter CAL_WIDTH bound to: HALF - type: string 
	Parameter CALIB_ROW_ADD bound to: 16'b0000000000000000 
	Parameter CALIB_COL_ADD bound to: 12'b000000000000 
	Parameter CALIB_BA_ADD bound to: 3'b000 
	Parameter AL bound to: 0 - type: string 
	Parameter BURST_MODE bound to: 8 - type: string 
	Parameter BURST_TYPE bound to: SEQ - type: string 
	Parameter nAL bound to: 0 - type: integer 
	Parameter nCL bound to: 5 - type: integer 
	Parameter nCWL bound to: 10 - type: integer 
	Parameter tRFC bound to: 110000 - type: integer 
	Parameter OUTPUT_DRV bound to: HIGH - type: string 
	Parameter REG_CTRL bound to: OFF - type: string 
	Parameter RTT_NOM bound to: 60 - type: string 
	Parameter RTT_WR bound to: OFF - type: string 
	Parameter WRLVL bound to: ON - type: string 
	Parameter PHASE_DETECT bound to: ON - type: string 
	Parameter PD_TAP_REQ bound to: 0 - type: integer 
	Parameter PD_MSB_SEL bound to: 8 - type: integer 
	Parameter PD_DQS0_ONLY bound to: ON - type: string 
	Parameter PD_LHC_WIDTH bound to: 16 - type: integer 
	Parameter PD_CALIB_MODE bound to: PARALLEL - type: string 
	Parameter IBUF_LPWR_MODE bound to: OFF - type: string 
	Parameter IODELAY_HP_MODE bound to: ON - type: string 
	Parameter IODELAY_GRP bound to: IODELAY_MIG - type: string 
	Parameter nDQS_COL0 bound to: 3 - type: integer 
	Parameter nDQS_COL1 bound to: 5 - type: integer 
	Parameter nDQS_COL2 bound to: 0 - type: integer 
	Parameter nDQS_COL3 bound to: 0 - type: integer 
	Parameter DQS_LOC_COL0 bound to: 24'b000000100000000100000000 
	Parameter DQS_LOC_COL1 bound to: 40'b0000011100000110000001010000010000000011 
	Parameter DQS_LOC_COL2 bound to: 0 - type: integer 
	Parameter DQS_LOC_COL3 bound to: 0 - type: integer 
	Parameter USE_DM_PORT bound to: 0 - type: integer 
	Parameter SIM_BYPASS_INIT_CAL bound to: NONE - type: string 
	Parameter SIM_INIT_OPTION bound to: NONE - type: string 
	Parameter SIM_CAL_OPTION bound to: NONE - type: string 
	Parameter DEBUG_PORT bound to: OFF - type: string 
	Parameter SIMULATION bound to: OFF - type: string 
	Parameter SYSCLK_PERIOD bound to: 5000 - type: integer 
	Parameter MMCM_ADV_BANDWIDTH bound to: OPTIMIZED - type: string 
INFO: [Synth 8-6157] synthesizing module 'ddr4_0' [C:/Users/yongj/Desktop/softmc_ddr4/hw/boards/ML605/project_1/.Xil/Vivado-17916-DESKTOP-ILOVGO9/realtime/ddr4_0_stub.v:6]
INFO: [Synth 8-6155] done synthesizing module 'ddr4_0' (1#1) [C:/Users/yongj/Desktop/softmc_ddr4/hw/boards/ML605/project_1/.Xil/Vivado-17916-DESKTOP-ILOVGO9/realtime/ddr4_0_stub.v:6]
INFO: [Synth 8-6157] synthesizing module 'softMC' [C:/Users/yongj/Desktop/softmc_ddr4/hw/boards/ML605/softMC.v:6]
	Parameter TCQ bound to: 100 - type: integer 
	Parameter tCK bound to: 2500 - type: integer 
	Parameter nCK_PER_CLK bound to: 2 - type: integer 
	Parameter RANK_WIDTH bound to: 1 - type: integer 
	Parameter ROW_WIDTH bound to: 17 - type: integer 
	Parameter BANK_WIDTH bound to: 2 - type: integer 
	Parameter CKE_WIDTH bound to: 1 - type: integer 
	Parameter CS_WIDTH bound to: 1 - type: integer 
	Parameter nCS_PER_RANK bound to: 1 - type: integer 
	Parameter DQ_WIDTH bound to: 64 - type: integer 
	Parameter MAINT_PRESCALER_PERIOD bound to: 200000 - type: integer 
INFO: [Synth 8-6157] synthesizing module 'maint_ctrl_top' [C:/Users/yongj/Desktop/softmc_ddr4/hw/boards/ML605/maint_ctrl.v:4]
	Parameter RANK_WIDTH bound to: 1 - type: integer 
	Parameter TCQ bound to: 100 - type: integer 
	Parameter tCK bound to: 2500 - type: integer 
	Parameter nCK_PER_CLK bound to: 2 - type: integer 
	Parameter MAINT_PRESCALER_PERIOD bound to: 200000 - type: integer 
INFO: [Synth 8-6157] synthesizing module 'maint_ctrl' [C:/Users/yongj/Desktop/softmc_ddr4/hw/boards/ML605/maint_ctrl.v:73]
	Parameter TCQ bound to: 100 - type: integer 
	Parameter tCK bound to: 2500 - type: integer 
	Parameter nCK_PER_CLK bound to: 2 - type: integer 
	Parameter MAINT_PRESCALER_PERIOD bound to: 200000 - type: integer 
	Parameter MAINT_PRESCALER_DIV bound to: 40 - type: integer 
	Parameter MAINT_PRESCALER_WIDTH bound to: 6 - type: integer 
	Parameter ONE bound to: 1 - type: integer 
INFO: [Synth 8-6155] done synthesizing module 'maint_ctrl' (2#1) [C:/Users/yongj/Desktop/softmc_ddr4/hw/boards/ML605/maint_ctrl.v:73]
INFO: [Synth 8-6157] synthesizing module 'periodic_rd_ctrl' [C:/Users/yongj/Desktop/softmc_ddr4/hw/boards/ML605/maint_ctrl.v:119]
	Parameter tCK bound to: 2500 - type: integer 
	Parameter nCK_PER_CLK bound to: 2 - type: integer 
	Parameter TCQ bound to: 100 - type: integer 
	Parameter MAINT_PRESCALER_PERIOD bound to: 200000 - type: integer 
	Parameter tPRDI bound to: 1000000 - type: integer 
	Parameter PERIODIC_RD_TIMER_DIV bound to: 5 - type: integer 
	Parameter PERIODIC_RD_TIMER_WIDTH bound to: 3 - type: integer 
	Parameter ONE bound to: 1 - type: integer 
INFO: [Synth 8-6155] done synthesizing module 'periodic_rd_ctrl' (3#1) [C:/Users/yongj/Desktop/softmc_ddr4/hw/boards/ML605/maint_ctrl.v:119]
INFO: [Synth 8-6157] synthesizing module 'zq_calib_ctrl' [C:/Users/yongj/Desktop/softmc_ddr4/hw/boards/ML605/maint_ctrl.v:175]
	Parameter TCQ bound to: 100 - type: integer 
	Parameter MAINT_PRESCALER_PERIOD bound to: 200000 - type: integer 
	Parameter MAINT_PRESCALER_PERIOD_NS bound to: 200 - type: integer 
	Parameter tZQI bound to: 128000000 - type: integer 
	Parameter ZQ_TIMER_DIV bound to: 640000 - type: integer 
	Parameter ZQ_TIMER_WIDTH bound to: 20 - type: integer 
	Parameter ONE bound to: 1 - type: integer 
WARNING: [Synth 8-567] referenced signal 'zq_cntrl.zq_tick' should be on the sensitivity list [C:/Users/yongj/Desktop/softmc_ddr4/hw/boards/ML605/maint_ctrl.v:209]
INFO: [Synth 8-6155] done synthesizing module 'zq_calib_ctrl' (4#1) [C:/Users/yongj/Desktop/softmc_ddr4/hw/boards/ML605/maint_ctrl.v:175]
INFO: [Synth 8-6157] synthesizing module 'autoref_ctrl' [C:/Users/yongj/Desktop/softmc_ddr4/hw/boards/ML605/maint_ctrl.v:242]
	Parameter TCQ bound to: 100 - type: integer 
	Parameter ONE bound to: 1 - type: integer 
INFO: [Synth 8-6155] done synthesizing module 'autoref_ctrl' (5#1) [C:/Users/yongj/Desktop/softmc_ddr4/hw/boards/ML605/maint_ctrl.v:242]
INFO: [Synth 8-6155] done synthesizing module 'maint_ctrl_top' (6#1) [C:/Users/yongj/Desktop/softmc_ddr4/hw/boards/ML605/maint_ctrl.v:4]
INFO: [Synth 8-6157] synthesizing module 'maint_handler' [C:/Users/yongj/Desktop/softmc_ddr4/hw/boards/ML605/maint_handler.v:5]
	Parameter CS_WIDTH bound to: 1 - type: integer 
	Parameter HIGH bound to: 1'b1 
	Parameter LOW bound to: 1'b0 
	Parameter PR_RD_IO bound to: 4'b0000 
	Parameter PR_RD_PRE bound to: 4'b0001 
	Parameter PR_RD_WAIT_PRE bound to: 4'b0010 
	Parameter PR_RD_ACT bound to: 4'b0011 
	Parameter PR_RD_WAIT_ACT bound to: 4'b0100 
	Parameter PR_RD_READ bound to: 4'b0101 
	Parameter PR_RD_WAIT_READ bound to: 4'b0110 
	Parameter PR_RD_PRE2 bound to: 4'b0111 
	Parameter PR_RD_WAIT_PRE2 bound to: 4'b1000 
	Parameter PR_RD_WR_IO bound to: 4'b1001 
	Parameter MAINT_FIN bound to: 4'b1010 
	Parameter ZQ_PRE bound to: 4'b0000 
	Parameter ZQ_WAIT_PRE bound to: 4'b0001 
	Parameter ZQ_ZQ bound to: 4'b0010 
	Parameter ZQ_WAIT_ZQ bound to: 4'b0011 
	Parameter AREF_PRE bound to: 4'b0000 
	Parameter AREF_WAIT_PRE bound to: 4'b0001 
	Parameter AREF_REF bound to: 4'b0010 
	Parameter AREF_WAIT_REF bound to: 4'b0011 
WARNING: [Synth 8-693] zero replication count - replication ignored [C:/Users/yongj/Desktop/softmc_ddr4/hw/boards/ML605/maint_handler.v:112]
WARNING: [Synth 8-693] zero replication count - replication ignored [C:/Users/yongj/Desktop/softmc_ddr4/hw/boards/ML605/maint_handler.v:134]
WARNING: [Synth 8-693] zero replication count - replication ignored [C:/Users/yongj/Desktop/softmc_ddr4/hw/boards/ML605/maint_handler.v:156]
WARNING: [Synth 8-693] zero replication count - replication ignored [C:/Users/yongj/Desktop/softmc_ddr4/hw/boards/ML605/maint_handler.v:177]
INFO: [Synth 8-155] case statement is not full and has no default [C:/Users/yongj/Desktop/softmc_ddr4/hw/boards/ML605/maint_handler.v:97]
WARNING: [Synth 8-693] zero replication count - replication ignored [C:/Users/yongj/Desktop/softmc_ddr4/hw/boards/ML605/maint_handler.v:217]
WARNING: [Synth 8-693] zero replication count - replication ignored [C:/Users/yongj/Desktop/softmc_ddr4/hw/boards/ML605/maint_handler.v:239]
INFO: [Synth 8-155] case statement is not full and has no default [C:/Users/yongj/Desktop/softmc_ddr4/hw/boards/ML605/maint_handler.v:212]
WARNING: [Synth 8-693] zero replication count - replication ignored [C:/Users/yongj/Desktop/softmc_ddr4/hw/boards/ML605/maint_handler.v:272]
WARNING: [Synth 8-693] zero replication count - replication ignored [C:/Users/yongj/Desktop/softmc_ddr4/hw/boards/ML605/maint_handler.v:294]
INFO: [Synth 8-155] case statement is not full and has no default [C:/Users/yongj/Desktop/softmc_ddr4/hw/boards/ML605/maint_handler.v:267]
INFO: [Synth 8-6155] done synthesizing module 'maint_handler' (7#1) [C:/Users/yongj/Desktop/softmc_ddr4/hw/boards/ML605/maint_handler.v:5]
INFO: [Synth 8-6157] synthesizing module 'autoref_config' [C:/Users/yongj/Desktop/softmc_ddr4/hw/boards/ML605/autoref_config.v:4]
INFO: [Synth 8-6155] done synthesizing module 'autoref_config' (8#1) [C:/Users/yongj/Desktop/softmc_ddr4/hw/boards/ML605/autoref_config.v:4]
INFO: [Synth 8-6157] synthesizing module 'instr_receiver' [C:/Users/yongj/Desktop/softmc_ddr4/hw/boards/ML605/instr_receiver.v:5]
	Parameter STATE_IDLE bound to: 2'b00 
	Parameter STATE_APP bound to: 2'b01 
	Parameter STATE_MAINT bound to: 2'b10 
INFO: [Synth 8-155] case statement is not full and has no default [C:/Users/yongj/Desktop/softmc_ddr4/hw/boards/ML605/instr_receiver.v:52]
INFO: [Synth 8-6155] done synthesizing module 'instr_receiver' (9#1) [C:/Users/yongj/Desktop/softmc_ddr4/hw/boards/ML605/instr_receiver.v:5]
INFO: [Synth 8-6157] synthesizing module 'instr_fifo' [C:/Users/yongj/Desktop/softmc_ddr4/hw/boards/ML605/project_1/.Xil/Vivado-17916-DESKTOP-ILOVGO9/realtime/instr_fifo_stub.v:6]
INFO: [Synth 8-6155] done synthesizing module 'instr_fifo' (10#1) [C:/Users/yongj/Desktop/softmc_ddr4/hw/boards/ML605/project_1/.Xil/Vivado-17916-DESKTOP-ILOVGO9/realtime/instr_fifo_stub.v:6]
WARNING: [Synth 8-7071] port 'wr_rst_busy' of module 'instr_fifo' is unconnected for instance 'i_instr0_fifo' [C:/Users/yongj/Desktop/softmc_ddr4/hw/boards/ML605/softMC.v:185]
WARNING: [Synth 8-7071] port 'rd_rst_busy' of module 'instr_fifo' is unconnected for instance 'i_instr0_fifo' [C:/Users/yongj/Desktop/softmc_ddr4/hw/boards/ML605/softMC.v:185]
WARNING: [Synth 8-7023] instance 'i_instr0_fifo' of module 'instr_fifo' has 10 connections declared, but only 8 given [C:/Users/yongj/Desktop/softmc_ddr4/hw/boards/ML605/softMC.v:185]
WARNING: [Synth 8-7071] port 'wr_rst_busy' of module 'instr_fifo' is unconnected for instance 'i_instr1_fifo' [C:/Users/yongj/Desktop/softmc_ddr4/hw/boards/ML605/softMC.v:196]
WARNING: [Synth 8-7071] port 'rd_rst_busy' of module 'instr_fifo' is unconnected for instance 'i_instr1_fifo' [C:/Users/yongj/Desktop/softmc_ddr4/hw/boards/ML605/softMC.v:196]
WARNING: [Synth 8-7023] instance 'i_instr1_fifo' of module 'instr_fifo' has 10 connections declared, but only 8 given [C:/Users/yongj/Desktop/softmc_ddr4/hw/boards/ML605/softMC.v:196]
INFO: [Synth 8-6157] synthesizing module 'iseq_dispatcher' [C:/Users/yongj/Desktop/softmc_ddr4/hw/boards/ML605/iseq_dispatcher.v:3]
	Parameter ROW_WIDTH bound to: 17 - type: integer 
	Parameter BANK_WIDTH bound to: 2 - type: integer 
	Parameter CKE_WIDTH bound to: 1 - type: integer 
	Parameter CS_WIDTH bound to: 1 - type: integer 
	Parameter nCS_PER_RANK bound to: 1 - type: integer 
	Parameter DQ_WIDTH bound to: 64 - type: integer 
INFO: [Synth 8-6157] synthesizing module 'pipe_reg' [C:/Users/yongj/Desktop/softmc_ddr4/hw/boards/ML605/pipe_reg.v:3]
	Parameter WIDTH bound to: 32 - type: integer 
INFO: [Synth 8-6155] done synthesizing module 'pipe_reg' (11#1) [C:/Users/yongj/Desktop/softmc_ddr4/hw/boards/ML605/pipe_reg.v:3]
INFO: [Synth 8-6157] synthesizing module 'instr_dispatcher' [C:/Users/yongj/Desktop/softmc_ddr4/hw/boards/ML605/instr_dispatcher.v:5]
	Parameter ROW_WIDTH bound to: 17 - type: integer 
	Parameter BANK_WIDTH bound to: 2 - type: integer 
	Parameter CKE_WIDTH bound to: 1 - type: integer 
	Parameter RANK_WIDTH bound to: 1 - type: integer 
	Parameter CS_WIDTH bound to: 1 - type: integer 
	Parameter nCS_PER_RANK bound to: 1 - type: integer 
	Parameter DQ_WIDTH bound to: 64 - type: integer 
	Parameter ONE bound to: 1 - type: integer 
	Parameter TWO bound to: 2 - type: integer 
	Parameter HIGH bound to: 1'b1 
	Parameter LOW bound to: 1'b0 
INFO: [Synth 8-155] case statement is not full and has no default [C:/Users/yongj/Desktop/softmc_ddr4/hw/boards/ML605/instr_dispatcher.v:192]
INFO: [Synth 8-155] case statement is not full and has no default [C:/Users/yongj/Desktop/softmc_ddr4/hw/boards/ML605/instr_dispatcher.v:259]
INFO: [Synth 8-6157] synthesizing module 'instr_decoder' [C:/Users/yongj/Desktop/softmc_ddr4/hw/boards/ML605/instr_decoder.v:5]
	Parameter ROW_WIDTH bound to: 17 - type: integer 
	Parameter BANK_WIDTH bound to: 2 - type: integer 
	Parameter CS_WIDTH bound to: 1 - type: integer 
	Parameter LOW bound to: 1'b0 
	Parameter HIGH bound to: 1'b1 
	Parameter tmp_slot bound to: 136'b1111111111111111111111111111111111111111111111111111111111111111111111111111111111111111111111111111111111111111111111111111111111111111 
INFO: [Synth 8-6155] done synthesizing module 'instr_decoder' (12#1) [C:/Users/yongj/Desktop/softmc_ddr4/hw/boards/ML605/instr_decoder.v:5]
INFO: [Synth 8-6155] done synthesizing module 'instr_dispatcher' (13#1) [C:/Users/yongj/Desktop/softmc_ddr4/hw/boards/ML605/instr_dispatcher.v:5]
INFO: [Synth 8-6155] done synthesizing module 'iseq_dispatcher' (14#1) [C:/Users/yongj/Desktop/softmc_ddr4/hw/boards/ML605/iseq_dispatcher.v:3]
INFO: [Synth 8-6157] synthesizing module 'rdback_fifo' [C:/Users/yongj/Desktop/softmc_ddr4/hw/boards/ML605/project_1/.Xil/Vivado-17916-DESKTOP-ILOVGO9/realtime/rdback_fifo_stub.v:6]
INFO: [Synth 8-6155] done synthesizing module 'rdback_fifo' (15#1) [C:/Users/yongj/Desktop/softmc_ddr4/hw/boards/ML605/project_1/.Xil/Vivado-17916-DESKTOP-ILOVGO9/realtime/rdback_fifo_stub.v:6]
WARNING: [Synth 8-7071] port 'wr_rst_busy' of module 'rdback_fifo' is unconnected for instance 'i_rdback_fifo' [C:/Users/yongj/Desktop/softmc_ddr4/hw/boards/ML605/softMC.v:281]
WARNING: [Synth 8-7071] port 'rd_rst_busy' of module 'rdback_fifo' is unconnected for instance 'i_rdback_fifo' [C:/Users/yongj/Desktop/softmc_ddr4/hw/boards/ML605/softMC.v:281]
WARNING: [Synth 8-7023] instance 'i_rdback_fifo' of module 'rdback_fifo' has 11 connections declared, but only 9 given [C:/Users/yongj/Desktop/softmc_ddr4/hw/boards/ML605/softMC.v:281]
INFO: [Synth 8-6157] synthesizing module 'read_capturer' [C:/Users/yongj/Desktop/softmc_ddr4/hw/boards/ML605/read_capturer.v:3]
	Parameter DQ_WIDTH bound to: 64 - type: integer 
INFO: [Synth 8-6155] done synthesizing module 'read_capturer' (16#1) [C:/Users/yongj/Desktop/softmc_ddr4/hw/boards/ML605/read_capturer.v:3]
INFO: [Synth 8-6155] done synthesizing module 'softMC' (17#1) [C:/Users/yongj/Desktop/softmc_ddr4/hw/boards/ML605/softMC.v:6]
WARNING: [Synth 8-7071] port 'iq_full' of module 'softMC' is unconnected for instance 'i_softmc' [C:/Users/yongj/Desktop/softmc_ddr4/hw/boards/ML605/softMC_top.v:554]
WARNING: [Synth 8-7023] instance 'i_softmc' of module 'softMC' has 46 connections declared, but only 45 given [C:/Users/yongj/Desktop/softmc_ddr4/hw/boards/ML605/softMC_top.v:554]
INFO: [Synth 8-6157] synthesizing module 'xilinx_dma_pcie_ep' [C:/Users/yongj/Desktop/softmc_ddr4/hw/boards/ML605/project_1/project_1.srcs/sources_1/new/xilinx_dma_pcie_ep.sv:57]
	Parameter PL_LINK_CAP_MAX_LINK_WIDTH bound to: 8 - type: integer 
	Parameter PL_SIM_FAST_LINK_TRAINING bound to: FALSE - type: string 
	Parameter PL_LINK_CAP_MAX_LINK_SPEED bound to: 1 - type: integer 
	Parameter C_DATA_WIDTH bound to: 128 - type: integer 
	Parameter EXT_PIPE_SIM bound to: FALSE - type: string 
	Parameter C_ROOT_PORT bound to: FALSE - type: string 
	Parameter C_DEVICE_NUMBER bound to: 0 - type: integer 
	Parameter AXIS_CCIX_RX_TDATA_WIDTH bound to: 256 - type: integer 
	Parameter AXIS_CCIX_TX_TDATA_WIDTH bound to: 256 - type: integer 
	Parameter AXIS_CCIX_RX_TUSER_WIDTH bound to: 46 - type: integer 
	Parameter AXIS_CCIX_TX_TUSER_WIDTH bound to: 46 - type: integer 
	Parameter USER_CLK_FREQ bound to: 4 - type: integer 
	Parameter TCQ bound to: 1 - type: integer 
	Parameter C_S_AXI_ID_WIDTH bound to: 4 - type: integer 
	Parameter C_M_AXI_ID_WIDTH bound to: 4 - type: integer 
	Parameter C_S_AXI_DATA_WIDTH bound to: 128 - type: integer 
	Parameter C_M_AXI_DATA_WIDTH bound to: 128 - type: integer 
	Parameter C_S_AXI_ADDR_WIDTH bound to: 64 - type: integer 
	Parameter C_M_AXI_ADDR_WIDTH bound to: 64 - type: integer 
	Parameter C_NUM_USR_IRQ bound to: 1 - type: integer 
INFO: [Synth 8-6157] synthesizing module 'IBUFDS_GTE3' [D:/Xilinx/Vivado/2020.2/scripts/rt/data/unisim_comp.v:33156]
	Parameter REFCLK_EN_TX_PATH bound to: 1'b0 
	Parameter REFCLK_HROW_CK_SEL bound to: 2'b00 
	Parameter REFCLK_ICNTL_RX bound to: 2'b00 
INFO: [Synth 8-6155] done synthesizing module 'IBUFDS_GTE3' (18#1) [D:/Xilinx/Vivado/2020.2/scripts/rt/data/unisim_comp.v:33156]
INFO: [Synth 8-6157] synthesizing module 'IBUF' [D:/Xilinx/Vivado/2020.2/scripts/rt/data/unisim_comp.v:32983]
	Parameter CAPACITANCE bound to: DONT_CARE - type: string 
	Parameter IBUF_DELAY_VALUE bound to: 0 - type: string 
	Parameter IBUF_LOW_PWR bound to: TRUE - type: string 
	Parameter IFD_DELAY_VALUE bound to: AUTO - type: string 
	Parameter IOSTANDARD bound to: DEFAULT - type: string 
INFO: [Synth 8-6155] done synthesizing module 'IBUF' (19#1) [D:/Xilinx/Vivado/2020.2/scripts/rt/data/unisim_comp.v:32983]
INFO: [Synth 8-6157] synthesizing module 'xdma_0' [C:/Users/yongj/Desktop/softmc_ddr4/hw/boards/ML605/project_1/.Xil/Vivado-17916-DESKTOP-ILOVGO9/realtime/xdma_0_stub.v:6]
INFO: [Synth 8-6155] done synthesizing module 'xdma_0' (20#1) [C:/Users/yongj/Desktop/softmc_ddr4/hw/boards/ML605/project_1/.Xil/Vivado-17916-DESKTOP-ILOVGO9/realtime/xdma_0_stub.v:6]
WARNING: [Synth 8-689] width (32) of port connection 'm_axis_h2c_tdata_0' does not match port width (128) of module 'xdma_0' [C:/Users/yongj/Desktop/softmc_ddr4/hw/boards/ML605/project_1/project_1.srcs/sources_1/new/xilinx_dma_pcie_ep.sv:264]
INFO: [Synth 8-6157] synthesizing module 'xdma_app' [C:/Users/yongj/Desktop/softmc_ddr4/hw/boards/ML605/project_1/project_1.srcs/sources_1/new/xdma_app.v:57]
	Parameter TCQ bound to: 1 - type: integer 
	Parameter C_M_AXI_ID_WIDTH bound to: 4 - type: integer 
	Parameter PL_LINK_CAP_MAX_LINK_WIDTH bound to: 8 - type: integer 
	Parameter C_DATA_WIDTH bound to: 128 - type: integer 
	Parameter C_M_AXI_DATA_WIDTH bound to: 128 - type: integer 
	Parameter C_S_AXI_DATA_WIDTH bound to: 128 - type: integer 
	Parameter C_S_AXIS_DATA_WIDTH bound to: 128 - type: integer 
	Parameter C_M_AXIS_DATA_WIDTH bound to: 128 - type: integer 
	Parameter C_M_AXIS_RQ_USER_WIDTH bound to: 62 - type: integer 
	Parameter C_S_AXIS_CQP_USER_WIDTH bound to: 88 - type: integer 
	Parameter C_M_AXIS_RC_USER_WIDTH bound to: 75 - type: integer 
	Parameter C_S_AXIS_CC_USER_WIDTH bound to: 33 - type: integer 
	Parameter C_S_KEEP_WIDTH bound to: 4 - type: integer 
	Parameter C_M_KEEP_WIDTH bound to: 4 - type: integer 
	Parameter C_XDMA_NUM_CHNL bound to: 1 - type: integer 
	Parameter RECV_IDLE bound to: 1'b0 
	Parameter RECV_BUSY bound to: 1'b1 
INFO: [Synth 8-6155] done synthesizing module 'xdma_app' (21#1) [C:/Users/yongj/Desktop/softmc_ddr4/hw/boards/ML605/project_1/project_1.srcs/sources_1/new/xdma_app.v:57]
WARNING: [Synth 8-689] width (32) of port connection 'return_app_instr' does not match port width (1) of module 'xdma_app' [C:/Users/yongj/Desktop/softmc_ddr4/hw/boards/ML605/project_1/project_1.srcs/sources_1/new/xilinx_dma_pcie_ep.sv:337]
INFO: [Synth 8-6155] done synthesizing module 'xilinx_dma_pcie_ep' (22#1) [C:/Users/yongj/Desktop/softmc_ddr4/hw/boards/ML605/project_1/project_1.srcs/sources_1/new/xilinx_dma_pcie_ep.sv:57]
INFO: [Synth 8-6155] done synthesizing module 'softMC_top' (23#1) [C:/Users/yongj/Desktop/softmc_ddr4/hw/boards/ML605/softMC_top.v:5]
---------------------------------------------------------------------------------
Finished RTL Elaboration : Time (s): cpu = 00:00:05 ; elapsed = 00:00:05 . Memory (MB): peak = 4898.746 ; gain = 296.352
---------------------------------------------------------------------------------
---------------------------------------------------------------------------------
Start Handling Custom Attributes
---------------------------------------------------------------------------------
---------------------------------------------------------------------------------
Finished Handling Custom Attributes : Time (s): cpu = 00:00:05 ; elapsed = 00:00:06 . Memory (MB): peak = 4922.637 ; gain = 320.242
---------------------------------------------------------------------------------
---------------------------------------------------------------------------------
Finished RTL Optimization Phase 1 : Time (s): cpu = 00:00:05 ; elapsed = 00:00:06 . Memory (MB): peak = 4922.637 ; gain = 320.242
---------------------------------------------------------------------------------
INFO: [Project 1-454] Reading design checkpoint 'c:/Users/yongj/Desktop/softmc_ddr4/hw/boards/ML605/project_1/project_1.srcs/sources_1/ip/ddr4_0_2/ddr4_0.dcp' for cell 'u_ddr4_0'
INFO: [Project 1-454] Reading design checkpoint 'C:/Users/yongj/Desktop/softmc_ddr4/hw/boards/ML605/project_1/.Xil/Vivado-17916-DESKTOP-ILOVGO9/instr_fifo/instr_fifo.dcp' for cell 'i_softmc/i_instr0_fifo'
INFO: [Project 1-454] Reading design checkpoint 'c:/Users/yongj/Desktop/softmc_ddr4/hw/boards/ML605/project_1/project_1.srcs/sources_1/ip/rdback_fifo/rdback_fifo.dcp' for cell 'i_softmc/i_rdback_fifo'
INFO: [Project 1-454] Reading design checkpoint 'C:/Users/yongj/Desktop/softmc_ddr4/hw/boards/ML605/project_1/.Xil/Vivado-17916-DESKTOP-ILOVGO9/xdma_0/xdma_0.dcp' for cell 'EP/xdma_0_i'
Netlist sorting complete. Time (s): cpu = 00:00:02 ; elapsed = 00:00:02 . Memory (MB): peak = 4966.605 ; gain = 0.000
INFO: [Netlist 29-17] Analyzing 1187 Unisim elements for replacement
INFO: [Netlist 29-28] Unisim Transformation completed in 1 CPU seconds
INFO: [Project 1-479] Netlist was created with Vivado 2020.2
INFO: [Project 1-570] Preparing netlist for logic optimization

Processing XDC Constraints
Initializing timing engine
Parsing XDC File [c:/Users/yongj/Desktop/softmc_ddr4/hw/boards/ML605/project_1/project_1.srcs/sources_1/ip/xdma_0/ip_0/ip_0/synth/xdma_0_pcie3_ip_gt.xdc] for cell 'EP/xdma_0_i/inst/pcie3_ip_i/inst/xdma_0_pcie3_ip_gt_top_i/gt_wizard.gtwizard_top_i/xdma_0_pcie3_ip_gt_i/inst'
Finished Parsing XDC File [c:/Users/yongj/Desktop/softmc_ddr4/hw/boards/ML605/project_1/project_1.srcs/sources_1/ip/xdma_0/ip_0/ip_0/synth/xdma_0_pcie3_ip_gt.xdc] for cell 'EP/xdma_0_i/inst/pcie3_ip_i/inst/xdma_0_pcie3_ip_gt_top_i/gt_wizard.gtwizard_top_i/xdma_0_pcie3_ip_gt_i/inst'
INFO: [Project 1-236] Implementation specific constraints were found while reading constraint file [c:/Users/yongj/Desktop/softmc_ddr4/hw/boards/ML605/project_1/project_1.srcs/sources_1/ip/xdma_0/ip_0/ip_0/synth/xdma_0_pcie3_ip_gt.xdc]. These constraints will be ignored for synthesis but will be used in implementation. Impacted constraints are listed in the file [.Xil/softMC_top_propImpl.xdc].
Resolution: To avoid this warning, move constraints listed in [.Xil/softMC_top_propImpl.xdc] to another XDC file and exclude this new file from synthesis with the used_in_synthesis property (File Properties dialog in GUI) and re-run elaboration/synthesis.
Parsing XDC File [c:/Users/yongj/Desktop/softmc_ddr4/hw/boards/ML605/project_1/project_1.srcs/sources_1/ip/xdma_0/ip_0/source/xdma_0_pcie3_ip-PCIE_X0Y0.xdc] for cell 'EP/xdma_0_i/inst/pcie3_ip_i/inst'
Finished Parsing XDC File [c:/Users/yongj/Desktop/softmc_ddr4/hw/boards/ML605/project_1/project_1.srcs/sources_1/ip/xdma_0/ip_0/source/xdma_0_pcie3_ip-PCIE_X0Y0.xdc] for cell 'EP/xdma_0_i/inst/pcie3_ip_i/inst'
INFO: [Project 1-236] Implementation specific constraints were found while reading constraint file [c:/Users/yongj/Desktop/softmc_ddr4/hw/boards/ML605/project_1/project_1.srcs/sources_1/ip/xdma_0/ip_0/source/xdma_0_pcie3_ip-PCIE_X0Y0.xdc]. These constraints will be ignored for synthesis but will be used in implementation. Impacted constraints are listed in the file [.Xil/softMC_top_propImpl.xdc].
Resolution: To avoid this warning, move constraints listed in [.Xil/softMC_top_propImpl.xdc] to another XDC file and exclude this new file from synthesis with the used_in_synthesis property (File Properties dialog in GUI) and re-run elaboration/synthesis.
Parsing XDC File [c:/Users/yongj/Desktop/softmc_ddr4/hw/boards/ML605/project_1/project_1.srcs/sources_1/ip/xdma_0/xdma_0_board.xdc] for cell 'EP/xdma_0_i/inst'
Finished Parsing XDC File [c:/Users/yongj/Desktop/softmc_ddr4/hw/boards/ML605/project_1/project_1.srcs/sources_1/ip/xdma_0/xdma_0_board.xdc] for cell 'EP/xdma_0_i/inst'
Parsing XDC File [c:/Users/yongj/Desktop/softmc_ddr4/hw/boards/ML605/project_1/project_1.srcs/sources_1/ip/xdma_0/source/xdma_0_pcie3_us_ip.xdc] for cell 'EP/xdma_0_i/inst'
Finished Parsing XDC File [c:/Users/yongj/Desktop/softmc_ddr4/hw/boards/ML605/project_1/project_1.srcs/sources_1/ip/xdma_0/source/xdma_0_pcie3_us_ip.xdc] for cell 'EP/xdma_0_i/inst'
Parsing XDC File [c:/Users/yongj/Desktop/softmc_ddr4/hw/boards/ML605/project_1/project_1.srcs/sources_1/ip/ddr4_0_2/bd_0/ip/ip_0/bd_9054_microblaze_I_0.xdc] for cell 'u_ddr4_0/inst/u_ddr_cal_riu/mcs0/inst/microblaze_I/U0'
Finished Parsing XDC File [c:/Users/yongj/Desktop/softmc_ddr4/hw/boards/ML605/project_1/project_1.srcs/sources_1/ip/ddr4_0_2/bd_0/ip/ip_0/bd_9054_microblaze_I_0.xdc] for cell 'u_ddr4_0/inst/u_ddr_cal_riu/mcs0/inst/microblaze_I/U0'
INFO: [Project 1-236] Implementation specific constraints were found while reading constraint file [c:/Users/yongj/Desktop/softmc_ddr4/hw/boards/ML605/project_1/project_1.srcs/sources_1/ip/ddr4_0_2/bd_0/ip/ip_0/bd_9054_microblaze_I_0.xdc]. These constraints will be ignored for synthesis but will be used in implementation. Impacted constraints are listed in the file [.Xil/softMC_top_propImpl.xdc].
Resolution: To avoid this warning, move constraints listed in [.Xil/softMC_top_propImpl.xdc] to another XDC file and exclude this new file from synthesis with the used_in_synthesis property (File Properties dialog in GUI) and re-run elaboration/synthesis.
Parsing XDC File [c:/Users/yongj/Desktop/softmc_ddr4/hw/boards/ML605/project_1/project_1.srcs/sources_1/ip/ddr4_0_2/bd_0/ip/ip_1/bd_9054_rst_0_0_board.xdc] for cell 'u_ddr4_0/inst/u_ddr_cal_riu/mcs0/inst/rst_0/U0'
Finished Parsing XDC File [c:/Users/yongj/Desktop/softmc_ddr4/hw/boards/ML605/project_1/project_1.srcs/sources_1/ip/ddr4_0_2/bd_0/ip/ip_1/bd_9054_rst_0_0_board.xdc] for cell 'u_ddr4_0/inst/u_ddr_cal_riu/mcs0/inst/rst_0/U0'
Parsing XDC File [c:/Users/yongj/Desktop/softmc_ddr4/hw/boards/ML605/project_1/project_1.srcs/sources_1/ip/ddr4_0_2/bd_0/ip/ip_1/bd_9054_rst_0_0.xdc] for cell 'u_ddr4_0/inst/u_ddr_cal_riu/mcs0/inst/rst_0/U0'
Finished Parsing XDC File [c:/Users/yongj/Desktop/softmc_ddr4/hw/boards/ML605/project_1/project_1.srcs/sources_1/ip/ddr4_0_2/bd_0/ip/ip_1/bd_9054_rst_0_0.xdc] for cell 'u_ddr4_0/inst/u_ddr_cal_riu/mcs0/inst/rst_0/U0'
Parsing XDC File [c:/Users/yongj/Desktop/softmc_ddr4/hw/boards/ML605/project_1/project_1.srcs/sources_1/ip/ddr4_0_2/bd_0/ip/ip_2/bd_9054_ilmb_0.xdc] for cell 'u_ddr4_0/inst/u_ddr_cal_riu/mcs0/inst/ilmb/U0'
Finished Parsing XDC File [c:/Users/yongj/Desktop/softmc_ddr4/hw/boards/ML605/project_1/project_1.srcs/sources_1/ip/ddr4_0_2/bd_0/ip/ip_2/bd_9054_ilmb_0.xdc] for cell 'u_ddr4_0/inst/u_ddr_cal_riu/mcs0/inst/ilmb/U0'
Parsing XDC File [c:/Users/yongj/Desktop/softmc_ddr4/hw/boards/ML605/project_1/project_1.srcs/sources_1/ip/ddr4_0_2/bd_0/ip/ip_3/bd_9054_dlmb_0.xdc] for cell 'u_ddr4_0/inst/u_ddr_cal_riu/mcs0/inst/dlmb/U0'
Finished Parsing XDC File [c:/Users/yongj/Desktop/softmc_ddr4/hw/boards/ML605/project_1/project_1.srcs/sources_1/ip/ddr4_0_2/bd_0/ip/ip_3/bd_9054_dlmb_0.xdc] for cell 'u_ddr4_0/inst/u_ddr_cal_riu/mcs0/inst/dlmb/U0'
Parsing XDC File [c:/Users/yongj/Desktop/softmc_ddr4/hw/boards/ML605/project_1/project_1.srcs/sources_1/ip/ddr4_0_2/bd_0/ip/ip_10/bd_9054_iomodule_0_0_board.xdc] for cell 'u_ddr4_0/inst/u_ddr_cal_riu/mcs0/inst/iomodule_0/U0'
Finished Parsing XDC File [c:/Users/yongj/Desktop/softmc_ddr4/hw/boards/ML605/project_1/project_1.srcs/sources_1/ip/ddr4_0_2/bd_0/ip/ip_10/bd_9054_iomodule_0_0_board.xdc] for cell 'u_ddr4_0/inst/u_ddr_cal_riu/mcs0/inst/iomodule_0/U0'
Parsing XDC File [c:/Users/yongj/Desktop/softmc_ddr4/hw/boards/ML605/project_1/project_1.srcs/sources_1/ip/ddr4_0_2/ip_0/ddr4_0_microblaze_mcs_board.xdc] for cell 'u_ddr4_0/inst/u_ddr_cal_riu/mcs0/inst'
Finished Parsing XDC File [c:/Users/yongj/Desktop/softmc_ddr4/hw/boards/ML605/project_1/project_1.srcs/sources_1/ip/ddr4_0_2/ip_0/ddr4_0_microblaze_mcs_board.xdc] for cell 'u_ddr4_0/inst/u_ddr_cal_riu/mcs0/inst'
Parsing XDC File [c:/Users/yongj/Desktop/softmc_ddr4/hw/boards/ML605/project_1/project_1.srcs/sources_1/ip/ddr4_0_2/par/ddr4_0.xdc] for cell 'u_ddr4_0/inst'
WARNING: [Designutils 20-1567] Use of 'set_false_path' with '-hold' is not supported by synthesis. The constraint will not be passed to synthesis. [c:/Users/yongj/Desktop/softmc_ddr4/hw/boards/ML605/project_1/project_1.srcs/sources_1/ip/ddr4_0_2/par/ddr4_0.xdc:257]
WARNING: [Designutils 20-1567] Use of 'set_false_path' with '-hold' is not supported by synthesis. The constraint will not be passed to synthesis. [c:/Users/yongj/Desktop/softmc_ddr4/hw/boards/ML605/project_1/project_1.srcs/sources_1/ip/ddr4_0_2/par/ddr4_0.xdc:258]
Finished Parsing XDC File [c:/Users/yongj/Desktop/softmc_ddr4/hw/boards/ML605/project_1/project_1.srcs/sources_1/ip/ddr4_0_2/par/ddr4_0.xdc] for cell 'u_ddr4_0/inst'
INFO: [Project 1-236] Implementation specific constraints were found while reading constraint file [c:/Users/yongj/Desktop/softmc_ddr4/hw/boards/ML605/project_1/project_1.srcs/sources_1/ip/ddr4_0_2/par/ddr4_0.xdc]. These constraints will be ignored for synthesis but will be used in implementation. Impacted constraints are listed in the file [.Xil/softMC_top_propImpl.xdc].
Resolution: To avoid this warning, move constraints listed in [.Xil/softMC_top_propImpl.xdc] to another XDC file and exclude this new file from synthesis with the used_in_synthesis property (File Properties dialog in GUI) and re-run elaboration/synthesis.
Parsing XDC File [c:/Users/yongj/Desktop/softmc_ddr4/hw/boards/ML605/project_1/project_1.srcs/sources_1/ip/rdback_fifo/rdback_fifo.xdc] for cell 'i_softmc/i_rdback_fifo/U0'
Finished Parsing XDC File [c:/Users/yongj/Desktop/softmc_ddr4/hw/boards/ML605/project_1/project_1.srcs/sources_1/ip/rdback_fifo/rdback_fifo.xdc] for cell 'i_softmc/i_rdback_fifo/U0'
Parsing XDC File [c:/Users/yongj/Desktop/softmc_ddr4/hw/boards/ML605/project_1/project_1.srcs/sources_1/ip/instr_fifo/instr_fifo.xdc] for cell 'i_softmc/i_instr0_fifo/U0'
Finished Parsing XDC File [c:/Users/yongj/Desktop/softmc_ddr4/hw/boards/ML605/project_1/project_1.srcs/sources_1/ip/instr_fifo/instr_fifo.xdc] for cell 'i_softmc/i_instr0_fifo/U0'
Parsing XDC File [c:/Users/yongj/Desktop/softmc_ddr4/hw/boards/ML605/project_1/project_1.srcs/sources_1/ip/instr_fifo/instr_fifo.xdc] for cell 'i_softmc/i_instr1_fifo/U0'
Finished Parsing XDC File [c:/Users/yongj/Desktop/softmc_ddr4/hw/boards/ML605/project_1/project_1.srcs/sources_1/ip/instr_fifo/instr_fifo.xdc] for cell 'i_softmc/i_instr1_fifo/U0'
INFO: [Timing 38-2] Deriving generated clocks
Parsing XDC File [C:/Users/yongj/Desktop/softmc_ddr4/hw/boards/ML605/project_1/project_1.srcs/constrs_1/imports/xusps3_config/xusps3_pinout.xdc]
WARNING: [Constraints 18-619] A clock with name 'c0_sys_clk_p' already exists, overwriting the previous clock with the same name. [C:/Users/yongj/Desktop/softmc_ddr4/hw/boards/ML605/project_1/project_1.srcs/constrs_1/imports/xusps3_config/xusps3_pinout.xdc:47]
Finished Parsing XDC File [C:/Users/yongj/Desktop/softmc_ddr4/hw/boards/ML605/project_1/project_1.srcs/constrs_1/imports/xusps3_config/xusps3_pinout.xdc]
Parsing XDC File [c:/Users/yongj/Desktop/softmc_ddr4/hw/boards/ML605/project_1/project_1.srcs/sources_1/ip/ddr4_0_2/ddr4_0_board.xdc] for cell 'u_ddr4_0/inst'
Finished Parsing XDC File [c:/Users/yongj/Desktop/softmc_ddr4/hw/boards/ML605/project_1/project_1.srcs/sources_1/ip/ddr4_0_2/ddr4_0_board.xdc] for cell 'u_ddr4_0/inst'
INFO: [Project 1-236] Implementation specific constraints were found while reading constraint file [D:/Xilinx/Vivado/2020.2/data/ip/xpm/xpm_cdc/tcl/xpm_cdc_single.tcl]. These constraints will be ignored for synthesis but will be used in implementation. Impacted constraints are listed in the file [.Xil/softMC_top_propImpl.xdc].
Resolution: To avoid this warning, move constraints listed in [.Xil/softMC_top_propImpl.xdc] to another XDC file and exclude this new file from synthesis with the used_in_synthesis property (File Properties dialog in GUI) and re-run elaboration/synthesis.
INFO: [Project 1-1715] 2 XPM XDC files have been applied to the design.
Completed Processing XDC Constraints

Netlist sorting complete. Time (s): cpu = 00:00:00 ; elapsed = 00:00:00.026 . Memory (MB): peak = 5329.832 ; gain = 0.000
INFO: [Project 1-111] Unisim Transformation Summary:
  A total of 360 instances were transformed.
  DSP48E1 => DSP48E2 (DSP_ALU, DSP_A_B_DATA, DSP_C_DATA, DSP_MULTIPLIER, DSP_M_DATA, DSP_OUTPUT, DSP_PREADD, DSP_PREADD_DATA): 3 instances
  IBUF => IBUF_ANALOG: 1 instance 
  IBUFDS => IBUFDS (DIFFINBUF, IBUFCTRL): 1 instance 
  IOBUFDS => IOBUFDS (DIFFINBUF, IBUFCTRL, INV, OBUFT(x2)): 8 instances
  IOBUFE3 => IOBUFE3 (IBUFCTRL, INBUF, OBUFT_DCIEN): 72 instances
  LUT6_2 => LUT6_2 (LUT5, LUT6): 31 instances
  OBUFDS => OBUFDS_DUAL_BUF (INV, OBUF(x2)): 1 instance 
  RAM16X1D => RAM32X1D (RAMD32(x2)): 33 instances
  RAM32M => RAM32M (RAMD32(x6), RAMS32(x2)): 16 instances
  RAM32M16 => RAM32M16 (RAMD32(x14), RAMS32(x2)): 175 instances
  RAM32X1D => RAM32X1D (RAMD32(x2)): 10 instances
  RAM64X1S => RAM64X1S (RAMS64E): 9 instances

RTL Elaboration Complete:  : Time (s): cpu = 00:00:45 ; elapsed = 00:00:35 . Memory (MB): peak = 5572.586 ; gain = 970.191
68 Infos, 27 Warnings, 0 Critical Warnings and 0 Errors encountered.
synth_design completed successfully
synth_design: Time (s): cpu = 00:00:45 ; elapsed = 00:00:35 . Memory (MB): peak = 5572.586 ; gain = 970.191
reset_run synth_1
launch_runs impl_1 -to_step write_bitstream -jobs 8
INFO: [Vivado 12-4149] The synthesis checkpoint for IP 'C:/Users/yongj/Desktop/softmc_ddr4/hw/boards/ML605/project_1/project_1.srcs/sources_1/ip/xdma_0/xdma_0.xci' is already up-to-date
[Fri Jul 23 17:11:58 2021] Launched synth_1...
Run output will be captured here: C:/Users/yongj/Desktop/softmc_ddr4/hw/boards/ML605/project_1/project_1.runs/synth_1/runme.log
[Fri Jul 23 17:11:58 2021] Launched impl_1...
Run output will be captured here: C:/Users/yongj/Desktop/softmc_ddr4/hw/boards/ML605/project_1/project_1.runs/impl_1/runme.log
set_property PROBES.FILE {C:/Users/yongj/Desktop/softmc_ddr4/hw/boards/ML605/project_1/project_1.runs/impl_1/softMC_top.ltx} [get_hw_devices xcvu095_0]
set_property FULL_PROBES.FILE {C:/Users/yongj/Desktop/softmc_ddr4/hw/boards/ML605/project_1/project_1.runs/impl_1/softMC_top.ltx} [get_hw_devices xcvu095_0]
set_property PROGRAM.FILE {C:/Users/yongj/Desktop/softmc_ddr4/hw/boards/ML605/project_1/project_1.runs/impl_1/softMC_top.bit} [get_hw_devices xcvu095_0]
program_hw_devices [get_hw_devices xcvu095_0]
INFO: [Labtools 27-3164] End of startup status: HIGH
program_hw_devices: Time (s): cpu = 00:00:18 ; elapsed = 00:00:18 . Memory (MB): peak = 5695.828 ; gain = 0.000
refresh_hw_device [lindex [get_hw_devices xcvu095_0] 0]
WARNING: [Labtools 27-3089] Calibration is still in-progress.
INFO: [Labtools 27-2302] Device xcvu095 (JTAG device index = 0) is programmed with a design that has 1 MIG core(s).
INFO: [Labtools 27-3143] Calibration status change detected, refreshing MIG_1
open_run synth_1 -name synth_1
Design is defaulting to impl run constrset: constrs_1
Design is defaulting to synth run part: xcvu095-ffvb2104-2-e
INFO: [Project 1-454] Reading design checkpoint 'c:/Users/yongj/Desktop/softmc_ddr4/hw/boards/ML605/project_1/project_1.srcs/sources_1/ip/ddr4_0_2/ddr4_0.dcp' for cell 'u_ddr4_0'
INFO: [Project 1-454] Reading design checkpoint 'C:/Users/yongj/Desktop/softmc_ddr4/hw/boards/ML605/project_1/.Xil/Vivado-17916-DESKTOP-ILOVGO9/xdma_0/xdma_0.dcp' for cell 'EP/xdma_0_i'
INFO: [Project 1-454] Reading design checkpoint 'C:/Users/yongj/Desktop/softmc_ddr4/hw/boards/ML605/project_1/.Xil/Vivado-17916-DESKTOP-ILOVGO9/instr_fifo/instr_fifo.dcp' for cell 'i_softmc/i_instr0_fifo'
INFO: [Project 1-454] Reading design checkpoint 'c:/Users/yongj/Desktop/softmc_ddr4/hw/boards/ML605/project_1/project_1.srcs/sources_1/ip/rdback_fifo/rdback_fifo.dcp' for cell 'i_softmc/i_rdback_fifo'
Netlist sorting complete. Time (s): cpu = 00:00:02 ; elapsed = 00:00:02 . Memory (MB): peak = 5798.582 ; gain = 0.000
INFO: [Netlist 29-17] Analyzing 1195 Unisim elements for replacement
INFO: [Netlist 29-28] Unisim Transformation completed in 1 CPU seconds
INFO: [Project 1-479] Netlist was created with Vivado 2020.2
INFO: [Project 1-570] Preparing netlist for logic optimization
INFO: [Chipscope 16-324] Core: u_ddr4_0 UUID: 3fd6d934-2c58-576c-8b83-36d6fdf59d81 
Parsing XDC File [c:/Users/yongj/Desktop/softmc_ddr4/hw/boards/ML605/project_1/project_1.srcs/sources_1/ip/xdma_0/ip_0/ip_0/synth/xdma_0_pcie3_ip_gt.xdc] for cell 'EP/xdma_0_i/inst/pcie3_ip_i/inst/xdma_0_pcie3_ip_gt_top_i/gt_wizard.gtwizard_top_i/xdma_0_pcie3_ip_gt_i/inst'
Finished Parsing XDC File [c:/Users/yongj/Desktop/softmc_ddr4/hw/boards/ML605/project_1/project_1.srcs/sources_1/ip/xdma_0/ip_0/ip_0/synth/xdma_0_pcie3_ip_gt.xdc] for cell 'EP/xdma_0_i/inst/pcie3_ip_i/inst/xdma_0_pcie3_ip_gt_top_i/gt_wizard.gtwizard_top_i/xdma_0_pcie3_ip_gt_i/inst'
Parsing XDC File [c:/Users/yongj/Desktop/softmc_ddr4/hw/boards/ML605/project_1/project_1.srcs/sources_1/ip/xdma_0/ip_0/source/xdma_0_pcie3_ip-PCIE_X0Y0.xdc] for cell 'EP/xdma_0_i/inst/pcie3_ip_i/inst'
WARNING: [Vivado_Tcl 4-921] Waiver ID 'CDC-1' -to list should not be empty. [c:/Users/yongj/Desktop/softmc_ddr4/hw/boards/ML605/project_1/project_1.srcs/sources_1/ip/xdma_0/ip_0/source/xdma_0_pcie3_ip-PCIE_X0Y0.xdc:200]
Finished Parsing XDC File [c:/Users/yongj/Desktop/softmc_ddr4/hw/boards/ML605/project_1/project_1.srcs/sources_1/ip/xdma_0/ip_0/source/xdma_0_pcie3_ip-PCIE_X0Y0.xdc] for cell 'EP/xdma_0_i/inst/pcie3_ip_i/inst'
Parsing XDC File [c:/Users/yongj/Desktop/softmc_ddr4/hw/boards/ML605/project_1/project_1.srcs/sources_1/ip/xdma_0/xdma_0_board.xdc] for cell 'EP/xdma_0_i/inst'
Finished Parsing XDC File [c:/Users/yongj/Desktop/softmc_ddr4/hw/boards/ML605/project_1/project_1.srcs/sources_1/ip/xdma_0/xdma_0_board.xdc] for cell 'EP/xdma_0_i/inst'
Parsing XDC File [c:/Users/yongj/Desktop/softmc_ddr4/hw/boards/ML605/project_1/project_1.srcs/sources_1/ip/xdma_0/source/xdma_0_pcie3_us_ip.xdc] for cell 'EP/xdma_0_i/inst'
Finished Parsing XDC File [c:/Users/yongj/Desktop/softmc_ddr4/hw/boards/ML605/project_1/project_1.srcs/sources_1/ip/xdma_0/source/xdma_0_pcie3_us_ip.xdc] for cell 'EP/xdma_0_i/inst'
Parsing XDC File [c:/Users/yongj/Desktop/softmc_ddr4/hw/boards/ML605/project_1/project_1.srcs/sources_1/ip/ddr4_0_2/bd_0/ip/ip_0/bd_9054_microblaze_I_0.xdc] for cell 'u_ddr4_0/inst/u_ddr_cal_riu/mcs0/inst/microblaze_I/U0'
Finished Parsing XDC File [c:/Users/yongj/Desktop/softmc_ddr4/hw/boards/ML605/project_1/project_1.srcs/sources_1/ip/ddr4_0_2/bd_0/ip/ip_0/bd_9054_microblaze_I_0.xdc] for cell 'u_ddr4_0/inst/u_ddr_cal_riu/mcs0/inst/microblaze_I/U0'
Parsing XDC File [c:/Users/yongj/Desktop/softmc_ddr4/hw/boards/ML605/project_1/project_1.srcs/sources_1/ip/ddr4_0_2/bd_0/ip/ip_1/bd_9054_rst_0_0_board.xdc] for cell 'u_ddr4_0/inst/u_ddr_cal_riu/mcs0/inst/rst_0/U0'
Finished Parsing XDC File [c:/Users/yongj/Desktop/softmc_ddr4/hw/boards/ML605/project_1/project_1.srcs/sources_1/ip/ddr4_0_2/bd_0/ip/ip_1/bd_9054_rst_0_0_board.xdc] for cell 'u_ddr4_0/inst/u_ddr_cal_riu/mcs0/inst/rst_0/U0'
Parsing XDC File [c:/Users/yongj/Desktop/softmc_ddr4/hw/boards/ML605/project_1/project_1.srcs/sources_1/ip/ddr4_0_2/bd_0/ip/ip_1/bd_9054_rst_0_0.xdc] for cell 'u_ddr4_0/inst/u_ddr_cal_riu/mcs0/inst/rst_0/U0'
Finished Parsing XDC File [c:/Users/yongj/Desktop/softmc_ddr4/hw/boards/ML605/project_1/project_1.srcs/sources_1/ip/ddr4_0_2/bd_0/ip/ip_1/bd_9054_rst_0_0.xdc] for cell 'u_ddr4_0/inst/u_ddr_cal_riu/mcs0/inst/rst_0/U0'
Parsing XDC File [c:/Users/yongj/Desktop/softmc_ddr4/hw/boards/ML605/project_1/project_1.srcs/sources_1/ip/ddr4_0_2/bd_0/ip/ip_2/bd_9054_ilmb_0.xdc] for cell 'u_ddr4_0/inst/u_ddr_cal_riu/mcs0/inst/ilmb/U0'
Finished Parsing XDC File [c:/Users/yongj/Desktop/softmc_ddr4/hw/boards/ML605/project_1/project_1.srcs/sources_1/ip/ddr4_0_2/bd_0/ip/ip_2/bd_9054_ilmb_0.xdc] for cell 'u_ddr4_0/inst/u_ddr_cal_riu/mcs0/inst/ilmb/U0'
Parsing XDC File [c:/Users/yongj/Desktop/softmc_ddr4/hw/boards/ML605/project_1/project_1.srcs/sources_1/ip/ddr4_0_2/bd_0/ip/ip_3/bd_9054_dlmb_0.xdc] for cell 'u_ddr4_0/inst/u_ddr_cal_riu/mcs0/inst/dlmb/U0'
Finished Parsing XDC File [c:/Users/yongj/Desktop/softmc_ddr4/hw/boards/ML605/project_1/project_1.srcs/sources_1/ip/ddr4_0_2/bd_0/ip/ip_3/bd_9054_dlmb_0.xdc] for cell 'u_ddr4_0/inst/u_ddr_cal_riu/mcs0/inst/dlmb/U0'
Parsing XDC File [c:/Users/yongj/Desktop/softmc_ddr4/hw/boards/ML605/project_1/project_1.srcs/sources_1/ip/ddr4_0_2/bd_0/ip/ip_10/bd_9054_iomodule_0_0_board.xdc] for cell 'u_ddr4_0/inst/u_ddr_cal_riu/mcs0/inst/iomodule_0/U0'
Finished Parsing XDC File [c:/Users/yongj/Desktop/softmc_ddr4/hw/boards/ML605/project_1/project_1.srcs/sources_1/ip/ddr4_0_2/bd_0/ip/ip_10/bd_9054_iomodule_0_0_board.xdc] for cell 'u_ddr4_0/inst/u_ddr_cal_riu/mcs0/inst/iomodule_0/U0'
Parsing XDC File [c:/Users/yongj/Desktop/softmc_ddr4/hw/boards/ML605/project_1/project_1.srcs/sources_1/ip/ddr4_0_2/ip_0/ddr4_0_microblaze_mcs_board.xdc] for cell 'u_ddr4_0/inst/u_ddr_cal_riu/mcs0/inst'
Finished Parsing XDC File [c:/Users/yongj/Desktop/softmc_ddr4/hw/boards/ML605/project_1/project_1.srcs/sources_1/ip/ddr4_0_2/ip_0/ddr4_0_microblaze_mcs_board.xdc] for cell 'u_ddr4_0/inst/u_ddr_cal_riu/mcs0/inst'
Parsing XDC File [c:/Users/yongj/Desktop/softmc_ddr4/hw/boards/ML605/project_1/project_1.srcs/sources_1/ip/ddr4_0_2/par/ddr4_0.xdc] for cell 'u_ddr4_0/inst'
Finished Parsing XDC File [c:/Users/yongj/Desktop/softmc_ddr4/hw/boards/ML605/project_1/project_1.srcs/sources_1/ip/ddr4_0_2/par/ddr4_0.xdc] for cell 'u_ddr4_0/inst'
Parsing XDC File [c:/Users/yongj/Desktop/softmc_ddr4/hw/boards/ML605/project_1/project_1.srcs/sources_1/ip/rdback_fifo/rdback_fifo.xdc] for cell 'i_softmc/i_rdback_fifo/U0'
Finished Parsing XDC File [c:/Users/yongj/Desktop/softmc_ddr4/hw/boards/ML605/project_1/project_1.srcs/sources_1/ip/rdback_fifo/rdback_fifo.xdc] for cell 'i_softmc/i_rdback_fifo/U0'
Parsing XDC File [c:/Users/yongj/Desktop/softmc_ddr4/hw/boards/ML605/project_1/project_1.srcs/sources_1/ip/instr_fifo/instr_fifo.xdc] for cell 'i_softmc/i_instr0_fifo/U0'
Finished Parsing XDC File [c:/Users/yongj/Desktop/softmc_ddr4/hw/boards/ML605/project_1/project_1.srcs/sources_1/ip/instr_fifo/instr_fifo.xdc] for cell 'i_softmc/i_instr0_fifo/U0'
Parsing XDC File [c:/Users/yongj/Desktop/softmc_ddr4/hw/boards/ML605/project_1/project_1.srcs/sources_1/ip/instr_fifo/instr_fifo.xdc] for cell 'i_softmc/i_instr1_fifo/U0'
Finished Parsing XDC File [c:/Users/yongj/Desktop/softmc_ddr4/hw/boards/ML605/project_1/project_1.srcs/sources_1/ip/instr_fifo/instr_fifo.xdc] for cell 'i_softmc/i_instr1_fifo/U0'
Parsing XDC File [C:/Users/yongj/Desktop/softmc_ddr4/hw/boards/ML605/project_1/project_1.srcs/constrs_1/imports/xusps3_config/xusps3_pinout.xdc]
WARNING: [Constraints 18-619] A clock with name 'c0_sys_clk_p' already exists, overwriting the previous clock with the same name. [C:/Users/yongj/Desktop/softmc_ddr4/hw/boards/ML605/project_1/project_1.srcs/constrs_1/imports/xusps3_config/xusps3_pinout.xdc:47]
Finished Parsing XDC File [C:/Users/yongj/Desktop/softmc_ddr4/hw/boards/ML605/project_1/project_1.srcs/constrs_1/imports/xusps3_config/xusps3_pinout.xdc]
Parsing XDC File [c:/Users/yongj/Desktop/softmc_ddr4/hw/boards/ML605/project_1/project_1.srcs/sources_1/ip/ddr4_0_2/ddr4_0_board.xdc] for cell 'u_ddr4_0/inst'
Finished Parsing XDC File [c:/Users/yongj/Desktop/softmc_ddr4/hw/boards/ML605/project_1/project_1.srcs/sources_1/ip/ddr4_0_2/ddr4_0_board.xdc] for cell 'u_ddr4_0/inst'
INFO: [Project 1-1715] 2 XPM XDC files have been applied to the design.
INFO: [Opt 31-138] Pushed 0 inverter(s) to 0 load pin(s).
Generating merged BMM file for the design top 'ddr4_0'...
INFO: [Memdata 28-144] Successfully populated the BRAM INIT strings from the following elf files: c:/Users/yongj/Desktop/softmc_ddr4/hw/boards/ML605/project_1/project_1.srcs/sources_1/ip/ddr4_0_2/sw/calibration_0/Debug/calibration_ddr.elf 
INFO: [Project 1-1687] 4 scoped IP constraints or related sub-commands were skipped due to synthesis logic optimizations usually triggered by constant connectivity or unconnected output pins. To review the skipped constraints and messages, run the command 'set_param netlist.IPMsgFiltering false' before opening the design.
Netlist sorting complete. Time (s): cpu = 00:00:00 ; elapsed = 00:00:00.027 . Memory (MB): peak = 6101.289 ; gain = 0.000
INFO: [Project 1-111] Unisim Transformation Summary:
  A total of 361 instances were transformed.
  DSP48E1 => DSP48E2 (DSP_ALU, DSP_A_B_DATA, DSP_C_DATA, DSP_MULTIPLIER, DSP_M_DATA, DSP_OUTPUT, DSP_PREADD, DSP_PREADD_DATA): 3 instances
  IBUF => IBUF (IBUFCTRL, INBUF): 1 instance 
  IBUF => IBUF_ANALOG: 1 instance 
  IBUFDS => IBUFDS (DIFFINBUF, IBUFCTRL): 1 instance 
  IOBUFDS => IOBUFDS (DIFFINBUF, IBUFCTRL, INV, OBUFT(x2)): 8 instances
  IOBUFE3 => IOBUFE3 (IBUFCTRL, INBUF, OBUFT_DCIEN): 72 instances
  LUT6_2 => LUT6_2 (LUT5, LUT6): 31 instances
  OBUFDS => OBUFDS_DUAL_BUF (INV, OBUF(x2)): 1 instance 
  RAM16X1D => RAM32X1D (RAMD32(x2)): 33 instances
  RAM32M => RAM32M (RAMD32(x6), RAMS32(x2)): 16 instances
  RAM32M16 => RAM32M16 (RAMD32(x14), RAMS32(x2)): 175 instances
  RAM32X1D => RAM32X1D (RAMD32(x2)): 10 instances
  RAM64X1S => RAM64X1S (RAMS64E): 9 instances

open_run: Time (s): cpu = 00:00:44 ; elapsed = 00:00:39 . Memory (MB): peak = 6353.383 ; gain = 631.113
close_design
reset_run synth_1
launch_runs impl_1 -to_step write_bitstream -jobs 8
INFO: [Vivado 12-4149] The synthesis checkpoint for IP 'C:/Users/yongj/Desktop/softmc_ddr4/hw/boards/ML605/project_1/project_1.srcs/sources_1/ip/xdma_0/xdma_0.xci' is already up-to-date
[Fri Jul 23 18:17:05 2021] Launched synth_1...
Run output will be captured here: C:/Users/yongj/Desktop/softmc_ddr4/hw/boards/ML605/project_1/project_1.runs/synth_1/runme.log
[Fri Jul 23 18:17:05 2021] Launched impl_1...
Run output will be captured here: C:/Users/yongj/Desktop/softmc_ddr4/hw/boards/ML605/project_1/project_1.runs/impl_1/runme.log
close_design
exit
INFO: [Common 17-206] Exiting Vivado at Fri Jul 23 19:22:38 2021...
