#-----------------------------------------------------------
# Vivado v2020.2 (64-bit)
# SW Build 3064766 on Wed Nov 18 09:12:45 MST 2020
# IP Build 3064653 on Wed Nov 18 14:17:31 MST 2020
# Start of session at: Thu Jun 24 14:39:10 2021
# Process ID: 20724
# Current directory: C:/Users/yongj/Desktop/softmc_ddr4/hw/boards/ML605/project_1
# Command line: vivado.exe -gui_launcher_event rodinguilauncherevent21188 C:\Users\yongj\Desktop\softmc_ddr4\hw\boards\ML605\project_1\project_1.xpr
# Log file: C:/Users/yongj/Desktop/softmc_ddr4/hw/boards/ML605/project_1/vivado.log
# Journal file: C:/Users/yongj/Desktop/softmc_ddr4/hw/boards/ML605/project_1\vivado.jou
#-----------------------------------------------------------
start_gui
open_project C:/Users/yongj/Desktop/softmc_ddr4/hw/boards/ML605/project_1/project_1.xpr
INFO: [Project 1-313] Project file moved from 'C:/Users/yongj/Desktop/SoftMC-master_schematic_0622/SoftMC-master_schematic/SoftMC-master/hw/boards/ML605/project_1' since last save.
WARNING: [filemgmt 56-2] Board Part Repository Path: Could not find the directory 'C:/AppData/Roaming/Xilinx/Vivado/2019.2/xhub/board_store', nor could it be found using path 'C:/Users/yongj/AppData/Roaming/Xilinx/Vivado/2019.2/xhub/board_store'.
Scanning sources...
Finished scanning sources
INFO: [IP_Flow 19-234] Refreshing IP repositories
INFO: [IP_Flow 19-1704] No user IP repositories specified
INFO: [IP_Flow 19-2313] Loaded Vivado IP repository 'D:/Xilinx/Vivado/2020.2/data/ip'.
open_project: Time (s): cpu = 00:00:16 ; elapsed = 00:00:25 . Memory (MB): peak = 1075.375 ; gain = 0.000
exit
INFO: [Common 17-206] Exiting Vivado at Thu Jun 24 14:41:07 2021...
