#-----------------------------------------------------------
# Vivado v2020.2 (64-bit)
# SW Build 3064766 on Wed Nov 18 09:12:45 MST 2020
# IP Build 3064653 on Wed Nov 18 14:17:31 MST 2020
# Start of session at: Sat Jul 24 14:13:17 2021
# Process ID: 28004
# Current directory: C:/Users/yongj/Desktop/softmc_ddr4/hw/boards/ML605/project_1
# Command line: vivado.exe -gui_launcher_event rodinguilauncherevent29504 C:\Users\yongj\Desktop\softmc_ddr4\hw\boards\ML605\project_1\project_1.xpr
# Log file: C:/Users/yongj/Desktop/softmc_ddr4/hw/boards/ML605/project_1/vivado.log
# Journal file: C:/Users/yongj/Desktop/softmc_ddr4/hw/boards/ML605/project_1\vivado.jou
#-----------------------------------------------------------
start_gui
open_project C:/Users/yongj/Desktop/softmc_ddr4/hw/boards/ML605/project_1/project_1.xpr
WARNING: [filemgmt 56-3] Board Part Repository Path: Could not find the directory 'C:/AppData/Roaming/Xilinx/Vivado/2019.2/xhub/board_store'.
Scanning sources...
Finished scanning sources
INFO: [IP_Flow 19-234] Refreshing IP repositories
INFO: [IP_Flow 19-1704] No user IP repositories specified
INFO: [IP_Flow 19-2313] Loaded Vivado IP repository 'D:/Xilinx/Vivado/2020.2/data/ip'.
open_project: Time (s): cpu = 00:00:17 ; elapsed = 00:00:14 . Memory (MB): peak = 1305.949 ; gain = 0.000
open_hw_manager
connect_hw_server -allow_non_jtag
INFO: [Labtools 27-2285] Connecting to hw_server url TCP:localhost:3121
INFO: [Labtools 27-3415] Connecting to cs_server url TCP:localhost:3042
INFO: [Labtools 27-3414] Connected to existing cs_server.
open_hw_target
INFO: [Labtoolstcl 44-466] Opening hw_target localhost:3121/xilinx_tcf/Xilinx/00000000000000
set_property PROGRAM.FILE {C:/Users/yongj/Desktop/softmc_ddr4/hw/boards/ML605/project_1/project_1.runs/impl_1/softMC_top.bit} [get_hw_devices xcvu095_0]
set_property PROBES.FILE {C:/Users/yongj/Desktop/softmc_ddr4/hw/boards/ML605/project_1/project_1.runs/impl_1/softMC_top.ltx} [get_hw_devices xcvu095_0]
set_property FULL_PROBES.FILE {C:/Users/yongj/Desktop/softmc_ddr4/hw/boards/ML605/project_1/project_1.runs/impl_1/softMC_top.ltx} [get_hw_devices xcvu095_0]
current_hw_device [get_hw_devices xcvu095_0]
refresh_hw_device [lindex [get_hw_devices xcvu095_0] 0]
INFO: [Labtools 27-1435] Device xcvu095 (JTAG device index = 0) is not programmed (DONE status = 0).
set_property PROBES.FILE {C:/Users/yongj/Desktop/softmc_ddr4/hw/boards/ML605/project_1/project_1.runs/impl_1/softMC_top.ltx} [get_hw_devices xcvu095_0]
set_property FULL_PROBES.FILE {C:/Users/yongj/Desktop/softmc_ddr4/hw/boards/ML605/project_1/project_1.runs/impl_1/softMC_top.ltx} [get_hw_devices xcvu095_0]
set_property PROGRAM.FILE {C:/Users/yongj/Desktop/softmc_ddr4/hw/boards/ML605/project_1/project_1.runs/impl_1/softMC_top.bit} [get_hw_devices xcvu095_0]
program_hw_devices [get_hw_devices xcvu095_0]
INFO: [Labtools 27-3164] End of startup status: HIGH
program_hw_devices: Time (s): cpu = 00:00:19 ; elapsed = 00:00:19 . Memory (MB): peak = 2705.090 ; gain = 0.000
refresh_hw_device [lindex [get_hw_devices xcvu095_0] 0]
WARNING: [Labtools 27-3089] Calibration is still in-progress.
INFO: [Labtools 27-2302] Device xcvu095 (JTAG device index = 0) is programmed with a design that has 1 MIG core(s).
WARNING: [Labtools 27-3410] Calibration Failed.
Resolution: For further debugging information, please refer to the Debug Guide that can be found from the following URL - https://www.xilinx.com/support/answers/68937.html
INFO: [Labtools 27-3143] Calibration status change detected, refreshing MIG_1
ERROR: [Labtoolstcl 44-513] HW Target shutdown. Closing target: localhost:3121/xilinx_tcf/Xilinx/00000000000000
INFO: [Labtoolstcl 44-466] Opening hw_target localhost:3121/xilinx_tcf/Xilinx/00000000000000
INFO: [Labtools 27-1435] Device xcvu095 (JTAG device index = 0) is not programmed (DONE status = 0).
WARNING: [Labtoolstcl 44-129] No matching hw_ila_data was found.
set_property PROBES.FILE {C:/Users/yongj/Desktop/softmc_ddr4/hw/boards/ML605/project_1/project_1.runs/impl_1/softMC_top.ltx} [get_hw_devices xcvu095_0]
set_property FULL_PROBES.FILE {C:/Users/yongj/Desktop/softmc_ddr4/hw/boards/ML605/project_1/project_1.runs/impl_1/softMC_top.ltx} [get_hw_devices xcvu095_0]
set_property PROGRAM.FILE {C:/Users/yongj/Desktop/softmc_ddr4/hw/boards/ML605/project_1/project_1.runs/impl_1/softMC_top.bit} [get_hw_devices xcvu095_0]
program_hw_devices [get_hw_devices xcvu095_0]
INFO: [Labtools 27-3164] End of startup status: HIGH
program_hw_devices: Time (s): cpu = 00:00:18 ; elapsed = 00:00:18 . Memory (MB): peak = 2750.156 ; gain = 0.000
refresh_hw_device [lindex [get_hw_devices xcvu095_0] 0]
WARNING: [Labtools 27-3089] Calibration is still in-progress.
INFO: [Labtools 27-2302] Device xcvu095 (JTAG device index = 0) is programmed with a design that has 1 MIG core(s).
WARNING: [Labtools 27-3410] Calibration Failed.
Resolution: For further debugging information, please refer to the Debug Guide that can be found from the following URL - https://www.xilinx.com/support/answers/68937.html
INFO: [Labtools 27-3143] Calibration status change detected, refreshing MIG_1
ERROR: [Labtoolstcl 44-513] HW Target shutdown. Closing target: localhost:3121/xilinx_tcf/Xilinx/00000000000000
exit
INFO: [Common 17-206] Exiting Vivado at Sat Jul 24 14:17:16 2021...
