#-----------------------------------------------------------
# Vivado v2020.2 (64-bit)
# SW Build 3064766 on Wed Nov 18 09:12:45 MST 2020
# IP Build 3064653 on Wed Nov 18 14:17:31 MST 2020
# Start of session at: Thu Jul 22 23:11:33 2021
# Process ID: 18952
# Current directory: C:/Users/yongj/Desktop/softmc_ddr4/hw/boards/ML605/project_1
# Command line: vivado.exe -gui_launcher_event rodinguilauncherevent10988 C:\Users\yongj\Desktop\softmc_ddr4\hw\boards\ML605\project_1\project_1.xpr
# Log file: C:/Users/yongj/Desktop/softmc_ddr4/hw/boards/ML605/project_1/vivado.log
# Journal file: C:/Users/yongj/Desktop/softmc_ddr4/hw/boards/ML605/project_1\vivado.jou
#-----------------------------------------------------------
start_gui
open_project C:/Users/yongj/Desktop/softmc_ddr4/hw/boards/ML605/project_1/project_1.xpr
WARNING: [filemgmt 56-3] Board Part Repository Path: Could not find the directory 'C:/AppData/Roaming/Xilinx/Vivado/2019.2/xhub/board_store'.
Scanning sources...
Finished scanning sources
INFO: [IP_Flow 19-234] Refreshing IP repositories
INFO: [IP_Flow 19-1704] No user IP repositories specified
INFO: [IP_Flow 19-2313] Loaded Vivado IP repository 'D:/Xilinx/Vivado/2020.2/data/ip'.
open_project: Time (s): cpu = 00:00:17 ; elapsed = 00:00:12 . Memory (MB): peak = 1108.719 ; gain = 0.000
reset_run synth_1
launch_runs synth_1 -jobs 8
INFO: [Vivado 12-4149] The synthesis checkpoint for IP 'C:/Users/yongj/Desktop/softmc_ddr4/hw/boards/ML605/project_1/project_1.srcs/sources_1/ip/xdma_0/xdma_0.xci' is already up-to-date
[Thu Jul 22 23:16:00 2021] Launched synth_1...
Run output will be captured here: C:/Users/yongj/Desktop/softmc_ddr4/hw/boards/ML605/project_1/project_1.runs/synth_1/runme.log
open_run synth_1 -name synth_1
Design is defaulting to impl run constrset: constrs_1
Design is defaulting to synth run part: xcvu095-ffvb2104-2-e
INFO: [Device 21-403] Loading part xcvu095-ffvb2104-2-e
INFO: [Project 1-454] Reading design checkpoint 'c:/Users/yongj/Desktop/softmc_ddr4/hw/boards/ML605/project_1/project_1.srcs/sources_1/ip/ddr4_0_2/ddr4_0.dcp' for cell 'u_ddr4_0'
INFO: [Project 1-454] Reading design checkpoint 'C:/Users/yongj/Desktop/softmc_ddr4/hw/boards/ML605/project_1/.Xil/Vivado-18952-DESKTOP-ILOVGO9/instr_fifo/instr_fifo.dcp' for cell 'i_softmc/i_instr0_fifo'
INFO: [Project 1-454] Reading design checkpoint 'c:/Users/yongj/Desktop/softmc_ddr4/hw/boards/ML605/project_1/project_1.srcs/sources_1/ip/rdback_fifo/rdback_fifo.dcp' for cell 'i_softmc/i_rdback_fifo'
Netlist sorting complete. Time (s): cpu = 00:00:01 ; elapsed = 00:00:01 . Memory (MB): peak = 1884.461 ; gain = 0.000
INFO: [Netlist 29-17] Analyzing 555 Unisim elements for replacement
INFO: [Netlist 29-28] Unisim Transformation completed in 0 CPU seconds
INFO: [Project 1-479] Netlist was created with Vivado 2020.2
INFO: [Project 1-570] Preparing netlist for logic optimization
INFO: [Chipscope 16-324] Core: u_ddr4_0 UUID: 3fd6d934-2c58-576c-8b83-36d6fdf59d81 
CRITICAL WARNING: [Designutils 20-1280] Could not find module 'xdma_0_pcie3_ip_gt'. The XDC file c:/Users/yongj/Desktop/softmc_ddr4/hw/boards/ML605/project_1/project_1.srcs/sources_1/ip/xdma_0/ip_0/ip_0/synth/xdma_0_pcie3_ip_gt.xdc will not be read for any cell of this module.
CRITICAL WARNING: [Designutils 20-1280] Could not find module 'xdma_0_pcie3_ip'. The XDC file c:/Users/yongj/Desktop/softmc_ddr4/hw/boards/ML605/project_1/project_1.srcs/sources_1/ip/xdma_0/ip_0/source/xdma_0_pcie3_ip-PCIE_X0Y0.xdc will not be read for any cell of this module.
CRITICAL WARNING: [Designutils 20-1280] Could not find module 'xdma_0'. The XDC file c:/Users/yongj/Desktop/softmc_ddr4/hw/boards/ML605/project_1/project_1.srcs/sources_1/ip/xdma_0/xdma_0_board.xdc will not be read for any cell of this module.
CRITICAL WARNING: [Designutils 20-1280] Could not find module 'xdma_0'. The XDC file c:/Users/yongj/Desktop/softmc_ddr4/hw/boards/ML605/project_1/project_1.srcs/sources_1/ip/xdma_0/source/xdma_0_pcie3_us_ip.xdc will not be read for any cell of this module.
Parsing XDC File [c:/Users/yongj/Desktop/softmc_ddr4/hw/boards/ML605/project_1/project_1.srcs/sources_1/ip/ddr4_0_2/bd_0/ip/ip_0/bd_9054_microblaze_I_0.xdc] for cell 'u_ddr4_0/inst/u_ddr_cal_riu/mcs0/inst/microblaze_I/U0'
Finished Parsing XDC File [c:/Users/yongj/Desktop/softmc_ddr4/hw/boards/ML605/project_1/project_1.srcs/sources_1/ip/ddr4_0_2/bd_0/ip/ip_0/bd_9054_microblaze_I_0.xdc] for cell 'u_ddr4_0/inst/u_ddr_cal_riu/mcs0/inst/microblaze_I/U0'
Parsing XDC File [c:/Users/yongj/Desktop/softmc_ddr4/hw/boards/ML605/project_1/project_1.srcs/sources_1/ip/ddr4_0_2/bd_0/ip/ip_1/bd_9054_rst_0_0_board.xdc] for cell 'u_ddr4_0/inst/u_ddr_cal_riu/mcs0/inst/rst_0/U0'
Finished Parsing XDC File [c:/Users/yongj/Desktop/softmc_ddr4/hw/boards/ML605/project_1/project_1.srcs/sources_1/ip/ddr4_0_2/bd_0/ip/ip_1/bd_9054_rst_0_0_board.xdc] for cell 'u_ddr4_0/inst/u_ddr_cal_riu/mcs0/inst/rst_0/U0'
Parsing XDC File [c:/Users/yongj/Desktop/softmc_ddr4/hw/boards/ML605/project_1/project_1.srcs/sources_1/ip/ddr4_0_2/bd_0/ip/ip_1/bd_9054_rst_0_0.xdc] for cell 'u_ddr4_0/inst/u_ddr_cal_riu/mcs0/inst/rst_0/U0'
Finished Parsing XDC File [c:/Users/yongj/Desktop/softmc_ddr4/hw/boards/ML605/project_1/project_1.srcs/sources_1/ip/ddr4_0_2/bd_0/ip/ip_1/bd_9054_rst_0_0.xdc] for cell 'u_ddr4_0/inst/u_ddr_cal_riu/mcs0/inst/rst_0/U0'
Parsing XDC File [c:/Users/yongj/Desktop/softmc_ddr4/hw/boards/ML605/project_1/project_1.srcs/sources_1/ip/ddr4_0_2/bd_0/ip/ip_2/bd_9054_ilmb_0.xdc] for cell 'u_ddr4_0/inst/u_ddr_cal_riu/mcs0/inst/ilmb/U0'
Finished Parsing XDC File [c:/Users/yongj/Desktop/softmc_ddr4/hw/boards/ML605/project_1/project_1.srcs/sources_1/ip/ddr4_0_2/bd_0/ip/ip_2/bd_9054_ilmb_0.xdc] for cell 'u_ddr4_0/inst/u_ddr_cal_riu/mcs0/inst/ilmb/U0'
Parsing XDC File [c:/Users/yongj/Desktop/softmc_ddr4/hw/boards/ML605/project_1/project_1.srcs/sources_1/ip/ddr4_0_2/bd_0/ip/ip_3/bd_9054_dlmb_0.xdc] for cell 'u_ddr4_0/inst/u_ddr_cal_riu/mcs0/inst/dlmb/U0'
Finished Parsing XDC File [c:/Users/yongj/Desktop/softmc_ddr4/hw/boards/ML605/project_1/project_1.srcs/sources_1/ip/ddr4_0_2/bd_0/ip/ip_3/bd_9054_dlmb_0.xdc] for cell 'u_ddr4_0/inst/u_ddr_cal_riu/mcs0/inst/dlmb/U0'
Parsing XDC File [c:/Users/yongj/Desktop/softmc_ddr4/hw/boards/ML605/project_1/project_1.srcs/sources_1/ip/ddr4_0_2/bd_0/ip/ip_10/bd_9054_iomodule_0_0_board.xdc] for cell 'u_ddr4_0/inst/u_ddr_cal_riu/mcs0/inst/iomodule_0/U0'
Finished Parsing XDC File [c:/Users/yongj/Desktop/softmc_ddr4/hw/boards/ML605/project_1/project_1.srcs/sources_1/ip/ddr4_0_2/bd_0/ip/ip_10/bd_9054_iomodule_0_0_board.xdc] for cell 'u_ddr4_0/inst/u_ddr_cal_riu/mcs0/inst/iomodule_0/U0'
Parsing XDC File [c:/Users/yongj/Desktop/softmc_ddr4/hw/boards/ML605/project_1/project_1.srcs/sources_1/ip/ddr4_0_2/ip_0/ddr4_0_microblaze_mcs_board.xdc] for cell 'u_ddr4_0/inst/u_ddr_cal_riu/mcs0/inst'
Finished Parsing XDC File [c:/Users/yongj/Desktop/softmc_ddr4/hw/boards/ML605/project_1/project_1.srcs/sources_1/ip/ddr4_0_2/ip_0/ddr4_0_microblaze_mcs_board.xdc] for cell 'u_ddr4_0/inst/u_ddr_cal_riu/mcs0/inst'
Parsing XDC File [c:/Users/yongj/Desktop/softmc_ddr4/hw/boards/ML605/project_1/project_1.srcs/sources_1/ip/ddr4_0_2/par/ddr4_0.xdc] for cell 'u_ddr4_0/inst'
Finished Parsing XDC File [c:/Users/yongj/Desktop/softmc_ddr4/hw/boards/ML605/project_1/project_1.srcs/sources_1/ip/ddr4_0_2/par/ddr4_0.xdc] for cell 'u_ddr4_0/inst'
Parsing XDC File [c:/Users/yongj/Desktop/softmc_ddr4/hw/boards/ML605/project_1/project_1.srcs/sources_1/ip/rdback_fifo/rdback_fifo.xdc] for cell 'i_softmc/i_rdback_fifo/U0'
Finished Parsing XDC File [c:/Users/yongj/Desktop/softmc_ddr4/hw/boards/ML605/project_1/project_1.srcs/sources_1/ip/rdback_fifo/rdback_fifo.xdc] for cell 'i_softmc/i_rdback_fifo/U0'
Parsing XDC File [c:/Users/yongj/Desktop/softmc_ddr4/hw/boards/ML605/project_1/project_1.srcs/sources_1/ip/instr_fifo/instr_fifo.xdc] for cell 'i_softmc/i_instr0_fifo/U0'
Finished Parsing XDC File [c:/Users/yongj/Desktop/softmc_ddr4/hw/boards/ML605/project_1/project_1.srcs/sources_1/ip/instr_fifo/instr_fifo.xdc] for cell 'i_softmc/i_instr0_fifo/U0'
Parsing XDC File [c:/Users/yongj/Desktop/softmc_ddr4/hw/boards/ML605/project_1/project_1.srcs/sources_1/ip/instr_fifo/instr_fifo.xdc] for cell 'i_softmc/i_instr1_fifo/U0'
Finished Parsing XDC File [c:/Users/yongj/Desktop/softmc_ddr4/hw/boards/ML605/project_1/project_1.srcs/sources_1/ip/instr_fifo/instr_fifo.xdc] for cell 'i_softmc/i_instr1_fifo/U0'
Parsing XDC File [C:/Users/yongj/Desktop/softmc_ddr4/hw/boards/ML605/project_1/project_1.srcs/constrs_1/imports/xusps3_config/xusps3_pinout.xdc]
WARNING: [Constraints 18-619] A clock with name 'c0_sys_clk_p' already exists, overwriting the previous clock with the same name. [C:/Users/yongj/Desktop/softmc_ddr4/hw/boards/ML605/project_1/project_1.srcs/constrs_1/imports/xusps3_config/xusps3_pinout.xdc:47]
WARNING: [Vivado 12-584] No ports matched 'pci_exp_rxn[0]'. [C:/Users/yongj/Desktop/softmc_ddr4/hw/boards/ML605/project_1/project_1.srcs/constrs_1/imports/xusps3_config/xusps3_pinout.xdc:508]
CRITICAL WARNING: [Common 17-55] 'set_property' expects at least one object. [C:/Users/yongj/Desktop/softmc_ddr4/hw/boards/ML605/project_1/project_1.srcs/constrs_1/imports/xusps3_config/xusps3_pinout.xdc:508]
Resolution: If [get_<value>] was used to populate the object, check to make sure this command returns at least one valid object.
WARNING: [Vivado 12-584] No ports matched 'pci_exp_rxn[1]'. [C:/Users/yongj/Desktop/softmc_ddr4/hw/boards/ML605/project_1/project_1.srcs/constrs_1/imports/xusps3_config/xusps3_pinout.xdc:509]
CRITICAL WARNING: [Common 17-55] 'set_property' expects at least one object. [C:/Users/yongj/Desktop/softmc_ddr4/hw/boards/ML605/project_1/project_1.srcs/constrs_1/imports/xusps3_config/xusps3_pinout.xdc:509]
Resolution: If [get_<value>] was used to populate the object, check to make sure this command returns at least one valid object.
WARNING: [Vivado 12-584] No ports matched 'pci_exp_rxn[2]'. [C:/Users/yongj/Desktop/softmc_ddr4/hw/boards/ML605/project_1/project_1.srcs/constrs_1/imports/xusps3_config/xusps3_pinout.xdc:510]
CRITICAL WARNING: [Common 17-55] 'set_property' expects at least one object. [C:/Users/yongj/Desktop/softmc_ddr4/hw/boards/ML605/project_1/project_1.srcs/constrs_1/imports/xusps3_config/xusps3_pinout.xdc:510]
Resolution: If [get_<value>] was used to populate the object, check to make sure this command returns at least one valid object.
WARNING: [Vivado 12-584] No ports matched 'pci_exp_rxn[3]'. [C:/Users/yongj/Desktop/softmc_ddr4/hw/boards/ML605/project_1/project_1.srcs/constrs_1/imports/xusps3_config/xusps3_pinout.xdc:511]
CRITICAL WARNING: [Common 17-55] 'set_property' expects at least one object. [C:/Users/yongj/Desktop/softmc_ddr4/hw/boards/ML605/project_1/project_1.srcs/constrs_1/imports/xusps3_config/xusps3_pinout.xdc:511]
Resolution: If [get_<value>] was used to populate the object, check to make sure this command returns at least one valid object.
WARNING: [Vivado 12-584] No ports matched 'pci_exp_rxn[4]'. [C:/Users/yongj/Desktop/softmc_ddr4/hw/boards/ML605/project_1/project_1.srcs/constrs_1/imports/xusps3_config/xusps3_pinout.xdc:512]
CRITICAL WARNING: [Common 17-55] 'set_property' expects at least one object. [C:/Users/yongj/Desktop/softmc_ddr4/hw/boards/ML605/project_1/project_1.srcs/constrs_1/imports/xusps3_config/xusps3_pinout.xdc:512]
Resolution: If [get_<value>] was used to populate the object, check to make sure this command returns at least one valid object.
WARNING: [Vivado 12-584] No ports matched 'pci_exp_rxn[5]'. [C:/Users/yongj/Desktop/softmc_ddr4/hw/boards/ML605/project_1/project_1.srcs/constrs_1/imports/xusps3_config/xusps3_pinout.xdc:513]
CRITICAL WARNING: [Common 17-55] 'set_property' expects at least one object. [C:/Users/yongj/Desktop/softmc_ddr4/hw/boards/ML605/project_1/project_1.srcs/constrs_1/imports/xusps3_config/xusps3_pinout.xdc:513]
Resolution: If [get_<value>] was used to populate the object, check to make sure this command returns at least one valid object.
WARNING: [Vivado 12-584] No ports matched 'pci_exp_rxn[6]'. [C:/Users/yongj/Desktop/softmc_ddr4/hw/boards/ML605/project_1/project_1.srcs/constrs_1/imports/xusps3_config/xusps3_pinout.xdc:514]
CRITICAL WARNING: [Common 17-55] 'set_property' expects at least one object. [C:/Users/yongj/Desktop/softmc_ddr4/hw/boards/ML605/project_1/project_1.srcs/constrs_1/imports/xusps3_config/xusps3_pinout.xdc:514]
Resolution: If [get_<value>] was used to populate the object, check to make sure this command returns at least one valid object.
WARNING: [Vivado 12-584] No ports matched 'pci_exp_rxn[7]'. [C:/Users/yongj/Desktop/softmc_ddr4/hw/boards/ML605/project_1/project_1.srcs/constrs_1/imports/xusps3_config/xusps3_pinout.xdc:515]
CRITICAL WARNING: [Common 17-55] 'set_property' expects at least one object. [C:/Users/yongj/Desktop/softmc_ddr4/hw/boards/ML605/project_1/project_1.srcs/constrs_1/imports/xusps3_config/xusps3_pinout.xdc:515]
Resolution: If [get_<value>] was used to populate the object, check to make sure this command returns at least one valid object.
WARNING: [Vivado 12-584] No ports matched 'pci_exp_rxp[0]'. [C:/Users/yongj/Desktop/softmc_ddr4/hw/boards/ML605/project_1/project_1.srcs/constrs_1/imports/xusps3_config/xusps3_pinout.xdc:516]
CRITICAL WARNING: [Common 17-55] 'set_property' expects at least one object. [C:/Users/yongj/Desktop/softmc_ddr4/hw/boards/ML605/project_1/project_1.srcs/constrs_1/imports/xusps3_config/xusps3_pinout.xdc:516]
Resolution: If [get_<value>] was used to populate the object, check to make sure this command returns at least one valid object.
WARNING: [Vivado 12-584] No ports matched 'pci_exp_rxp[1]'. [C:/Users/yongj/Desktop/softmc_ddr4/hw/boards/ML605/project_1/project_1.srcs/constrs_1/imports/xusps3_config/xusps3_pinout.xdc:517]
CRITICAL WARNING: [Common 17-55] 'set_property' expects at least one object. [C:/Users/yongj/Desktop/softmc_ddr4/hw/boards/ML605/project_1/project_1.srcs/constrs_1/imports/xusps3_config/xusps3_pinout.xdc:517]
Resolution: If [get_<value>] was used to populate the object, check to make sure this command returns at least one valid object.
WARNING: [Vivado 12-584] No ports matched 'pci_exp_rxp[2]'. [C:/Users/yongj/Desktop/softmc_ddr4/hw/boards/ML605/project_1/project_1.srcs/constrs_1/imports/xusps3_config/xusps3_pinout.xdc:518]
CRITICAL WARNING: [Common 17-55] 'set_property' expects at least one object. [C:/Users/yongj/Desktop/softmc_ddr4/hw/boards/ML605/project_1/project_1.srcs/constrs_1/imports/xusps3_config/xusps3_pinout.xdc:518]
Resolution: If [get_<value>] was used to populate the object, check to make sure this command returns at least one valid object.
WARNING: [Vivado 12-584] No ports matched 'pci_exp_rxp[3]'. [C:/Users/yongj/Desktop/softmc_ddr4/hw/boards/ML605/project_1/project_1.srcs/constrs_1/imports/xusps3_config/xusps3_pinout.xdc:519]
CRITICAL WARNING: [Common 17-55] 'set_property' expects at least one object. [C:/Users/yongj/Desktop/softmc_ddr4/hw/boards/ML605/project_1/project_1.srcs/constrs_1/imports/xusps3_config/xusps3_pinout.xdc:519]
Resolution: If [get_<value>] was used to populate the object, check to make sure this command returns at least one valid object.
WARNING: [Vivado 12-584] No ports matched 'pci_exp_rxp[4]'. [C:/Users/yongj/Desktop/softmc_ddr4/hw/boards/ML605/project_1/project_1.srcs/constrs_1/imports/xusps3_config/xusps3_pinout.xdc:520]
CRITICAL WARNING: [Common 17-55] 'set_property' expects at least one object. [C:/Users/yongj/Desktop/softmc_ddr4/hw/boards/ML605/project_1/project_1.srcs/constrs_1/imports/xusps3_config/xusps3_pinout.xdc:520]
Resolution: If [get_<value>] was used to populate the object, check to make sure this command returns at least one valid object.
WARNING: [Vivado 12-584] No ports matched 'pci_exp_rxp[5]'. [C:/Users/yongj/Desktop/softmc_ddr4/hw/boards/ML605/project_1/project_1.srcs/constrs_1/imports/xusps3_config/xusps3_pinout.xdc:521]
CRITICAL WARNING: [Common 17-55] 'set_property' expects at least one object. [C:/Users/yongj/Desktop/softmc_ddr4/hw/boards/ML605/project_1/project_1.srcs/constrs_1/imports/xusps3_config/xusps3_pinout.xdc:521]
Resolution: If [get_<value>] was used to populate the object, check to make sure this command returns at least one valid object.
WARNING: [Vivado 12-584] No ports matched 'pci_exp_rxp[6]'. [C:/Users/yongj/Desktop/softmc_ddr4/hw/boards/ML605/project_1/project_1.srcs/constrs_1/imports/xusps3_config/xusps3_pinout.xdc:522]
CRITICAL WARNING: [Common 17-55] 'set_property' expects at least one object. [C:/Users/yongj/Desktop/softmc_ddr4/hw/boards/ML605/project_1/project_1.srcs/constrs_1/imports/xusps3_config/xusps3_pinout.xdc:522]
Resolution: If [get_<value>] was used to populate the object, check to make sure this command returns at least one valid object.
WARNING: [Vivado 12-584] No ports matched 'pci_exp_rxp[7]'. [C:/Users/yongj/Desktop/softmc_ddr4/hw/boards/ML605/project_1/project_1.srcs/constrs_1/imports/xusps3_config/xusps3_pinout.xdc:523]
CRITICAL WARNING: [Common 17-55] 'set_property' expects at least one object. [C:/Users/yongj/Desktop/softmc_ddr4/hw/boards/ML605/project_1/project_1.srcs/constrs_1/imports/xusps3_config/xusps3_pinout.xdc:523]
Resolution: If [get_<value>] was used to populate the object, check to make sure this command returns at least one valid object.
WARNING: [Vivado 12-584] No ports matched 'pci_exp_txn[0]'. [C:/Users/yongj/Desktop/softmc_ddr4/hw/boards/ML605/project_1/project_1.srcs/constrs_1/imports/xusps3_config/xusps3_pinout.xdc:524]
CRITICAL WARNING: [Common 17-55] 'set_property' expects at least one object. [C:/Users/yongj/Desktop/softmc_ddr4/hw/boards/ML605/project_1/project_1.srcs/constrs_1/imports/xusps3_config/xusps3_pinout.xdc:524]
Resolution: If [get_<value>] was used to populate the object, check to make sure this command returns at least one valid object.
WARNING: [Vivado 12-584] No ports matched 'pci_exp_txn[1]'. [C:/Users/yongj/Desktop/softmc_ddr4/hw/boards/ML605/project_1/project_1.srcs/constrs_1/imports/xusps3_config/xusps3_pinout.xdc:525]
CRITICAL WARNING: [Common 17-55] 'set_property' expects at least one object. [C:/Users/yongj/Desktop/softmc_ddr4/hw/boards/ML605/project_1/project_1.srcs/constrs_1/imports/xusps3_config/xusps3_pinout.xdc:525]
Resolution: If [get_<value>] was used to populate the object, check to make sure this command returns at least one valid object.
WARNING: [Vivado 12-584] No ports matched 'pci_exp_txn[2]'. [C:/Users/yongj/Desktop/softmc_ddr4/hw/boards/ML605/project_1/project_1.srcs/constrs_1/imports/xusps3_config/xusps3_pinout.xdc:526]
CRITICAL WARNING: [Common 17-55] 'set_property' expects at least one object. [C:/Users/yongj/Desktop/softmc_ddr4/hw/boards/ML605/project_1/project_1.srcs/constrs_1/imports/xusps3_config/xusps3_pinout.xdc:526]
Resolution: If [get_<value>] was used to populate the object, check to make sure this command returns at least one valid object.
WARNING: [Vivado 12-584] No ports matched 'pci_exp_txn[3]'. [C:/Users/yongj/Desktop/softmc_ddr4/hw/boards/ML605/project_1/project_1.srcs/constrs_1/imports/xusps3_config/xusps3_pinout.xdc:527]
CRITICAL WARNING: [Common 17-55] 'set_property' expects at least one object. [C:/Users/yongj/Desktop/softmc_ddr4/hw/boards/ML605/project_1/project_1.srcs/constrs_1/imports/xusps3_config/xusps3_pinout.xdc:527]
Resolution: If [get_<value>] was used to populate the object, check to make sure this command returns at least one valid object.
WARNING: [Vivado 12-584] No ports matched 'pci_exp_txn[4]'. [C:/Users/yongj/Desktop/softmc_ddr4/hw/boards/ML605/project_1/project_1.srcs/constrs_1/imports/xusps3_config/xusps3_pinout.xdc:528]
CRITICAL WARNING: [Common 17-55] 'set_property' expects at least one object. [C:/Users/yongj/Desktop/softmc_ddr4/hw/boards/ML605/project_1/project_1.srcs/constrs_1/imports/xusps3_config/xusps3_pinout.xdc:528]
Resolution: If [get_<value>] was used to populate the object, check to make sure this command returns at least one valid object.
WARNING: [Vivado 12-584] No ports matched 'pci_exp_txn[5]'. [C:/Users/yongj/Desktop/softmc_ddr4/hw/boards/ML605/project_1/project_1.srcs/constrs_1/imports/xusps3_config/xusps3_pinout.xdc:529]
CRITICAL WARNING: [Common 17-55] 'set_property' expects at least one object. [C:/Users/yongj/Desktop/softmc_ddr4/hw/boards/ML605/project_1/project_1.srcs/constrs_1/imports/xusps3_config/xusps3_pinout.xdc:529]
Resolution: If [get_<value>] was used to populate the object, check to make sure this command returns at least one valid object.
WARNING: [Vivado 12-584] No ports matched 'pci_exp_txn[6]'. [C:/Users/yongj/Desktop/softmc_ddr4/hw/boards/ML605/project_1/project_1.srcs/constrs_1/imports/xusps3_config/xusps3_pinout.xdc:530]
CRITICAL WARNING: [Common 17-55] 'set_property' expects at least one object. [C:/Users/yongj/Desktop/softmc_ddr4/hw/boards/ML605/project_1/project_1.srcs/constrs_1/imports/xusps3_config/xusps3_pinout.xdc:530]
Resolution: If [get_<value>] was used to populate the object, check to make sure this command returns at least one valid object.
WARNING: [Vivado 12-584] No ports matched 'pci_exp_txn[7]'. [C:/Users/yongj/Desktop/softmc_ddr4/hw/boards/ML605/project_1/project_1.srcs/constrs_1/imports/xusps3_config/xusps3_pinout.xdc:531]
CRITICAL WARNING: [Common 17-55] 'set_property' expects at least one object. [C:/Users/yongj/Desktop/softmc_ddr4/hw/boards/ML605/project_1/project_1.srcs/constrs_1/imports/xusps3_config/xusps3_pinout.xdc:531]
Resolution: If [get_<value>] was used to populate the object, check to make sure this command returns at least one valid object.
WARNING: [Vivado 12-584] No ports matched 'pci_exp_txp[0]'. [C:/Users/yongj/Desktop/softmc_ddr4/hw/boards/ML605/project_1/project_1.srcs/constrs_1/imports/xusps3_config/xusps3_pinout.xdc:532]
CRITICAL WARNING: [Common 17-55] 'set_property' expects at least one object. [C:/Users/yongj/Desktop/softmc_ddr4/hw/boards/ML605/project_1/project_1.srcs/constrs_1/imports/xusps3_config/xusps3_pinout.xdc:532]
Resolution: If [get_<value>] was used to populate the object, check to make sure this command returns at least one valid object.
WARNING: [Vivado 12-584] No ports matched 'pci_exp_txp[1]'. [C:/Users/yongj/Desktop/softmc_ddr4/hw/boards/ML605/project_1/project_1.srcs/constrs_1/imports/xusps3_config/xusps3_pinout.xdc:533]
CRITICAL WARNING: [Common 17-55] 'set_property' expects at least one object. [C:/Users/yongj/Desktop/softmc_ddr4/hw/boards/ML605/project_1/project_1.srcs/constrs_1/imports/xusps3_config/xusps3_pinout.xdc:533]
Resolution: If [get_<value>] was used to populate the object, check to make sure this command returns at least one valid object.
WARNING: [Vivado 12-584] No ports matched 'pci_exp_txp[2]'. [C:/Users/yongj/Desktop/softmc_ddr4/hw/boards/ML605/project_1/project_1.srcs/constrs_1/imports/xusps3_config/xusps3_pinout.xdc:534]
CRITICAL WARNING: [Common 17-55] 'set_property' expects at least one object. [C:/Users/yongj/Desktop/softmc_ddr4/hw/boards/ML605/project_1/project_1.srcs/constrs_1/imports/xusps3_config/xusps3_pinout.xdc:534]
Resolution: If [get_<value>] was used to populate the object, check to make sure this command returns at least one valid object.
WARNING: [Vivado 12-584] No ports matched 'pci_exp_txp[3]'. [C:/Users/yongj/Desktop/softmc_ddr4/hw/boards/ML605/project_1/project_1.srcs/constrs_1/imports/xusps3_config/xusps3_pinout.xdc:535]
CRITICAL WARNING: [Common 17-55] 'set_property' expects at least one object. [C:/Users/yongj/Desktop/softmc_ddr4/hw/boards/ML605/project_1/project_1.srcs/constrs_1/imports/xusps3_config/xusps3_pinout.xdc:535]
Resolution: If [get_<value>] was used to populate the object, check to make sure this command returns at least one valid object.
WARNING: [Vivado 12-584] No ports matched 'pci_exp_txp[4]'. [C:/Users/yongj/Desktop/softmc_ddr4/hw/boards/ML605/project_1/project_1.srcs/constrs_1/imports/xusps3_config/xusps3_pinout.xdc:536]
CRITICAL WARNING: [Common 17-55] 'set_property' expects at least one object. [C:/Users/yongj/Desktop/softmc_ddr4/hw/boards/ML605/project_1/project_1.srcs/constrs_1/imports/xusps3_config/xusps3_pinout.xdc:536]
Resolution: If [get_<value>] was used to populate the object, check to make sure this command returns at least one valid object.
WARNING: [Vivado 12-584] No ports matched 'pci_exp_txp[5]'. [C:/Users/yongj/Desktop/softmc_ddr4/hw/boards/ML605/project_1/project_1.srcs/constrs_1/imports/xusps3_config/xusps3_pinout.xdc:537]
CRITICAL WARNING: [Common 17-55] 'set_property' expects at least one object. [C:/Users/yongj/Desktop/softmc_ddr4/hw/boards/ML605/project_1/project_1.srcs/constrs_1/imports/xusps3_config/xusps3_pinout.xdc:537]
Resolution: If [get_<value>] was used to populate the object, check to make sure this command returns at least one valid object.
WARNING: [Vivado 12-584] No ports matched 'pci_exp_txp[6]'. [C:/Users/yongj/Desktop/softmc_ddr4/hw/boards/ML605/project_1/project_1.srcs/constrs_1/imports/xusps3_config/xusps3_pinout.xdc:538]
CRITICAL WARNING: [Common 17-55] 'set_property' expects at least one object. [C:/Users/yongj/Desktop/softmc_ddr4/hw/boards/ML605/project_1/project_1.srcs/constrs_1/imports/xusps3_config/xusps3_pinout.xdc:538]
Resolution: If [get_<value>] was used to populate the object, check to make sure this command returns at least one valid object.
WARNING: [Vivado 12-584] No ports matched 'pci_exp_txp[7]'. [C:/Users/yongj/Desktop/softmc_ddr4/hw/boards/ML605/project_1/project_1.srcs/constrs_1/imports/xusps3_config/xusps3_pinout.xdc:539]
CRITICAL WARNING: [Common 17-55] 'set_property' expects at least one object. [C:/Users/yongj/Desktop/softmc_ddr4/hw/boards/ML605/project_1/project_1.srcs/constrs_1/imports/xusps3_config/xusps3_pinout.xdc:539]
Resolution: If [get_<value>] was used to populate the object, check to make sure this command returns at least one valid object.
Finished Parsing XDC File [C:/Users/yongj/Desktop/softmc_ddr4/hw/boards/ML605/project_1/project_1.srcs/constrs_1/imports/xusps3_config/xusps3_pinout.xdc]
Parsing XDC File [c:/Users/yongj/Desktop/softmc_ddr4/hw/boards/ML605/project_1/project_1.srcs/sources_1/ip/ddr4_0_2/ddr4_0_board.xdc] for cell 'u_ddr4_0/inst'
Finished Parsing XDC File [c:/Users/yongj/Desktop/softmc_ddr4/hw/boards/ML605/project_1/project_1.srcs/sources_1/ip/ddr4_0_2/ddr4_0_board.xdc] for cell 'u_ddr4_0/inst'
INFO: [Opt 31-138] Pushed 0 inverter(s) to 0 load pin(s).
Generating merged BMM file for the design top 'ddr4_0'...
INFO: [Memdata 28-144] Successfully populated the BRAM INIT strings from the following elf files: c:/Users/yongj/Desktop/softmc_ddr4/hw/boards/ML605/project_1/project_1.srcs/sources_1/ip/ddr4_0_2/sw/calibration_0/Debug/calibration_ddr.elf 
Netlist sorting complete. Time (s): cpu = 00:00:00 ; elapsed = 00:00:00.013 . Memory (MB): peak = 2083.199 ; gain = 0.000
INFO: [Project 1-111] Unisim Transformation Summary:
  A total of 168 instances were transformed.
  DSP48E1 => DSP48E2 (DSP_ALU, DSP_A_B_DATA, DSP_C_DATA, DSP_MULTIPLIER, DSP_M_DATA, DSP_OUTPUT, DSP_PREADD, DSP_PREADD_DATA): 3 instances
  IBUF => IBUF (IBUFCTRL, INBUF): 36 instances
  IBUFDS => IBUFDS (DIFFINBUF, IBUFCTRL): 1 instance 
  IOBUFDS => IOBUFDS (DIFFINBUF, IBUFCTRL, INV, OBUFT(x2)): 8 instances
  IOBUFE3 => IOBUFE3 (IBUFCTRL, INBUF, OBUFT_DCIEN): 72 instances
  LUT6_2 => LUT6_2 (LUT5, LUT6): 31 instances
  OBUFDS => OBUFDS_DUAL_BUF (INV, OBUF(x2)): 1 instance 
  RAM32M => RAM32M (RAMD32(x6), RAMS32(x2)): 16 instances

open_run: Time (s): cpu = 00:00:41 ; elapsed = 00:00:29 . Memory (MB): peak = 2460.066 ; gain = 1334.477
reset_run synth_1
launch_runs impl_1 -to_step write_bitstream -jobs 8
INFO: [Vivado 12-4149] The synthesis checkpoint for IP 'C:/Users/yongj/Desktop/softmc_ddr4/hw/boards/ML605/project_1/project_1.srcs/sources_1/ip/xdma_0/xdma_0.xci' is already up-to-date
WARNING: [Project 1-478] Design 'synth_1' is stale and will not be used when launching 'impl_1'
[Thu Jul 22 23:20:35 2021] Launched synth_1...
Run output will be captured here: C:/Users/yongj/Desktop/softmc_ddr4/hw/boards/ML605/project_1/project_1.runs/synth_1/runme.log
[Thu Jul 22 23:20:35 2021] Launched impl_1...
Run output will be captured here: C:/Users/yongj/Desktop/softmc_ddr4/hw/boards/ML605/project_1/project_1.runs/impl_1/runme.log
reset_run synth_1
launch_runs impl_1 -to_step write_bitstream -jobs 8
INFO: [Vivado 12-4149] The synthesis checkpoint for IP 'C:/Users/yongj/Desktop/softmc_ddr4/hw/boards/ML605/project_1/project_1.srcs/sources_1/ip/xdma_0/xdma_0.xci' is already up-to-date
WARNING: [Project 1-478] Design 'synth_1' is stale and will not be used when launching 'impl_1'
[Thu Jul 22 23:26:11 2021] Launched synth_1...
Run output will be captured here: C:/Users/yongj/Desktop/softmc_ddr4/hw/boards/ML605/project_1/project_1.runs/synth_1/runme.log
[Thu Jul 22 23:26:11 2021] Launched impl_1...
Run output will be captured here: C:/Users/yongj/Desktop/softmc_ddr4/hw/boards/ML605/project_1/project_1.runs/impl_1/runme.log
open_hw_manager
connect_hw_server -allow_non_jtag
INFO: [Labtools 27-2285] Connecting to hw_server url TCP:localhost:3121
INFO: [Labtools 27-2222] Launching hw_server...
INFO: [Labtools 27-2221] Launch Output:

****** Xilinx hw_server v2020.2
  **** Build date : Nov 18 2020 at 10:01:48
    ** Copyright 1986-2020 Xilinx, Inc. All Rights Reserved.


INFO: [Labtools 27-3415] Connecting to cs_server url TCP:localhost:3042
INFO: [Labtools 27-3417] Launching cs_server...
INFO: [Labtools 27-2221] Launch Output:


******** Xilinx cs_server v2020.2
  ****** Build date   : Nov 04 2020-06:02:56
    **** Build number : 2020.2.1604437376
      ** Copyright 2017-2020 Xilinx, Inc. All Rights Reserved.



connect_hw_server: Time (s): cpu = 00:00:02 ; elapsed = 00:00:20 . Memory (MB): peak = 3950.270 ; gain = 0.000
open_hw_target
INFO: [Labtoolstcl 44-466] Opening hw_target localhost:3121/xilinx_tcf/Xilinx/00000000000000
set_property PROGRAM.FILE {C:/Users/yongj/Desktop/softmc_ddr4/hw/boards/ML605/project_1/project_1.runs/impl_1/softMC_top.bit} [get_hw_devices xcvu095_0]
set_property PROBES.FILE {C:/Users/yongj/Desktop/softmc_ddr4/hw/boards/ML605/project_1/project_1.runs/impl_1/softMC_top.ltx} [get_hw_devices xcvu095_0]
set_property FULL_PROBES.FILE {C:/Users/yongj/Desktop/softmc_ddr4/hw/boards/ML605/project_1/project_1.runs/impl_1/softMC_top.ltx} [get_hw_devices xcvu095_0]
current_hw_device [get_hw_devices xcvu095_0]
refresh_hw_device [lindex [get_hw_devices xcvu095_0] 0]
CRITICAL WARNING: [Xicom 50-46] One or more detected MIG version registers have empty values: MIG properties will not be built.
Parameter Map Version: 0, Error Map Version: 0, Calibration Map Version: 0, Warning Map Version: 0
INFO: [Labtools 27-2302] Device xcvu095 (JTAG device index = 0) is programmed with a design that has 1 MIG core(s).
set_property PROBES.FILE {C:/Users/yongj/Desktop/softmc_ddr4/hw/boards/ML605/project_1/project_1.runs/impl_1/softMC_top.ltx} [get_hw_devices xcvu095_0]
set_property FULL_PROBES.FILE {C:/Users/yongj/Desktop/softmc_ddr4/hw/boards/ML605/project_1/project_1.runs/impl_1/softMC_top.ltx} [get_hw_devices xcvu095_0]
set_property PROGRAM.FILE {C:/Users/yongj/Desktop/softmc_ddr4/hw/boards/ML605/project_1/project_1.runs/impl_1/softMC_top.bit} [get_hw_devices xcvu095_0]
program_hw_devices [get_hw_devices xcvu095_0]
INFO: [Labtools 27-3164] End of startup status: HIGH
program_hw_devices: Time (s): cpu = 00:00:19 ; elapsed = 00:00:18 . Memory (MB): peak = 4840.500 ; gain = 0.000
refresh_hw_device [lindex [get_hw_devices xcvu095_0] 0]
CRITICAL WARNING: [Xicom 50-46] One or more detected MIG version registers have empty values: MIG properties will not be built.
Parameter Map Version: 0, Error Map Version: 0, Calibration Map Version: 0, Warning Map Version: 0
INFO: [Labtools 27-2302] Device xcvu095 (JTAG device index = 0) is programmed with a design that has 1 MIG core(s).
close_hw_manager
reset_run synth_1
launch_runs impl_1 -to_step write_bitstream -jobs 8
INFO: [Vivado 12-4149] The synthesis checkpoint for IP 'C:/Users/yongj/Desktop/softmc_ddr4/hw/boards/ML605/project_1/project_1.srcs/sources_1/ip/xdma_0/xdma_0.xci' is already up-to-date
WARNING: [Project 1-478] Design 'synth_1' is stale and will not be used when launching 'impl_1'
[Thu Jul 22 23:59:34 2021] Launched synth_1...
Run output will be captured here: C:/Users/yongj/Desktop/softmc_ddr4/hw/boards/ML605/project_1/project_1.runs/synth_1/runme.log
[Thu Jul 22 23:59:34 2021] Launched impl_1...
Run output will be captured here: C:/Users/yongj/Desktop/softmc_ddr4/hw/boards/ML605/project_1/project_1.runs/impl_1/runme.log
exit
INFO: [Common 17-206] Exiting Vivado at Fri Jul 23 00:20:34 2021...
