#-----------------------------------------------------------
# Vivado v2020.2 (64-bit)
# SW Build 3064766 on Wed Nov 18 09:12:45 MST 2020
# IP Build 3064653 on Wed Nov 18 14:17:31 MST 2020
# Start of session at: Mon Jul  5 16:29:30 2021
# Process ID: 13680
# Current directory: C:/Users/yongj/Desktop/softmc_ddr4/hw/boards/ML605/project_1
# Command line: vivado.exe -gui_launcher_event rodinguilauncherevent30208 C:\Users\yongj\Desktop\softmc_ddr4\hw\boards\ML605\project_1\project_1.xpr
# Log file: C:/Users/yongj/Desktop/softmc_ddr4/hw/boards/ML605/project_1/vivado.log
# Journal file: C:/Users/yongj/Desktop/softmc_ddr4/hw/boards/ML605/project_1\vivado.jou
#-----------------------------------------------------------
start_gui
open_project C:/Users/yongj/Desktop/softmc_ddr4/hw/boards/ML605/project_1/project_1.xpr
WARNING: [filemgmt 56-3] Board Part Repository Path: Could not find the directory 'C:/AppData/Roaming/Xilinx/Vivado/2019.2/xhub/board_store'.
Scanning sources...
Finished scanning sources
INFO: [IP_Flow 19-234] Refreshing IP repositories
INFO: [IP_Flow 19-1704] No user IP repositories specified
INFO: [IP_Flow 19-2313] Loaded Vivado IP repository 'D:/Xilinx/Vivado/2020.2/data/ip'.
open_project: Time (s): cpu = 00:00:15 ; elapsed = 00:00:10 . Memory (MB): peak = 1302.316 ; gain = 0.000
synth_design -rtl -rtl_skip_mlo -name rtl_1
Command: synth_design -rtl -rtl_skip_mlo -name rtl_1
Starting synth_design
Using part: xcvu095-ffvb1760-1-i
Top: softMC_top
INFO: [Device 21-403] Loading part xcvu095-ffvb1760-1-i
WARNING: [Synth 8-2507] parameter declaration becomes local in pcie_clocking_v6 with formal parameter declaration list [C:/Users/yongj/Desktop/softmc_ddr4/hw/boards/ML605/ipcore_dir/riffa/pcie_clocking_v6.v:86]
WARNING: [Synth 8-6901] identifier 'wPayloadData' is used before its declaration [C:/Users/yongj/Desktop/softmc_ddr4/hw/boards/ML605/ipcore_dir/riffa/tx_port_monitor_64.v:112]
WARNING: [Synth 8-6901] identifier 'wPayloadData' is used before its declaration [C:/Users/yongj/Desktop/softmc_ddr4/hw/boards/ML605/ipcore_dir/riffa/tx_port_monitor_32.v:114]
WARNING: [Synth 8-6901] identifier 'wPayloadData' is used before its declaration [C:/Users/yongj/Desktop/softmc_ddr4/hw/boards/ML605/ipcore_dir/riffa/tx_port_monitor_128.v:112]
WARNING: [Synth 8-6901] identifier 'wPackedSgTxDone' is used before its declaration [C:/Users/yongj/Desktop/softmc_ddr4/hw/boards/ML605/ipcore_dir/riffa/rx_port_64.v:125]
WARNING: [Synth 8-6901] identifier 'wPackedSgTxErr' is used before its declaration [C:/Users/yongj/Desktop/softmc_ddr4/hw/boards/ML605/ipcore_dir/riffa/rx_port_64.v:125]
WARNING: [Synth 8-6901] identifier 'wPackedSgTxDone' is used before its declaration [C:/Users/yongj/Desktop/softmc_ddr4/hw/boards/ML605/ipcore_dir/riffa/rx_port_32.v:125]
WARNING: [Synth 8-6901] identifier 'wPackedSgTxErr' is used before its declaration [C:/Users/yongj/Desktop/softmc_ddr4/hw/boards/ML605/ipcore_dir/riffa/rx_port_32.v:125]
WARNING: [Synth 8-6901] identifier 'wPackedSgTxDone' is used before its declaration [C:/Users/yongj/Desktop/softmc_ddr4/hw/boards/ML605/ipcore_dir/riffa/rx_port_128.v:125]
WARNING: [Synth 8-6901] identifier 'wPackedSgTxErr' is used before its declaration [C:/Users/yongj/Desktop/softmc_ddr4/hw/boards/ML605/ipcore_dir/riffa/rx_port_128.v:125]
WARNING: [Synth 8-6901] identifier 'instr0_disp_en' is used before its declaration [C:/Users/yongj/Desktop/softmc_ddr4/hw/boards/ML605/iseq_dispatcher.v:77]
WARNING: [Synth 8-6901] identifier 'instr1_disp_en' is used before its declaration [C:/Users/yongj/Desktop/softmc_ddr4/hw/boards/ML605/iseq_dispatcher.v:77]
---------------------------------------------------------------------------------
Starting RTL Elaboration : Time (s): cpu = 00:00:04 ; elapsed = 00:00:04 . Memory (MB): peak = 1989.930 ; gain = 238.020
---------------------------------------------------------------------------------
INFO: [Synth 8-6157] synthesizing module 'softMC_top' [C:/Users/yongj/Desktop/softmc_ddr4/hw/boards/ML605/softMC_top.v:5]
	Parameter TCQ bound to: 100 - type: integer 
	Parameter tCK bound to: 2500 - type: integer 
	Parameter nCK_PER_CLK bound to: 2 - type: integer 
	Parameter REFCLK_FREQ bound to: 200.000000 - type: double 
	Parameter DRAM_TYPE bound to: DDR3 - type: string 
	Parameter RST_ACT_LOW bound to: 0 - type: integer 
	Parameter INPUT_CLK_TYPE bound to: DIFFERENTIAL - type: string 
	Parameter CLKFBOUT_MULT_F bound to: 6 - type: integer 
	Parameter DIVCLK_DIVIDE bound to: 1 - type: integer 
	Parameter CLKOUT_DIVIDE bound to: 3 - type: integer 
	Parameter SLOT_0_CONFIG bound to: 8'b00000001 
	Parameter SLOT_1_CONFIG bound to: 8'b00000000 
	Parameter BANK_WIDTH bound to: 2 - type: integer 
	Parameter CK_WIDTH bound to: 2 - type: integer 
	Parameter COL_WIDTH bound to: 10 - type: integer 
	Parameter nCS_PER_RANK bound to: 1 - type: integer 
	Parameter DQ_CNT_WIDTH bound to: 6 - type: integer 
	Parameter DQ_WIDTH bound to: 64 - type: integer 
	Parameter DM_WIDTH bound to: 4 - type: integer 
	Parameter DQS_CNT_WIDTH bound to: 3 - type: integer 
	Parameter DQS_WIDTH bound to: 8 - type: integer 
	Parameter DRAM_WIDTH bound to: 8 - type: integer 
	Parameter ROW_WIDTH bound to: 17 - type: integer 
	Parameter RANK_WIDTH bound to: 1 - type: integer 
	Parameter CS_WIDTH bound to: 1 - type: integer 
	Parameter CKE_WIDTH bound to: 1 - type: integer 
	Parameter CAL_WIDTH bound to: HALF - type: string 
	Parameter CALIB_ROW_ADD bound to: 16'b0000000000000000 
	Parameter CALIB_COL_ADD bound to: 12'b000000000000 
	Parameter CALIB_BA_ADD bound to: 3'b000 
	Parameter AL bound to: 0 - type: string 
	Parameter BURST_MODE bound to: 8 - type: string 
	Parameter BURST_TYPE bound to: SEQ - type: string 
	Parameter nAL bound to: 0 - type: integer 
	Parameter nCL bound to: 5 - type: integer 
	Parameter nCWL bound to: 10 - type: integer 
	Parameter tRFC bound to: 110000 - type: integer 
	Parameter OUTPUT_DRV bound to: HIGH - type: string 
	Parameter REG_CTRL bound to: OFF - type: string 
	Parameter RTT_NOM bound to: 60 - type: string 
	Parameter RTT_WR bound to: OFF - type: string 
	Parameter WRLVL bound to: ON - type: string 
	Parameter PHASE_DETECT bound to: ON - type: string 
	Parameter PD_TAP_REQ bound to: 0 - type: integer 
	Parameter PD_MSB_SEL bound to: 8 - type: integer 
	Parameter PD_DQS0_ONLY bound to: ON - type: string 
	Parameter PD_LHC_WIDTH bound to: 16 - type: integer 
	Parameter PD_CALIB_MODE bound to: PARALLEL - type: string 
	Parameter IBUF_LPWR_MODE bound to: OFF - type: string 
	Parameter IODELAY_HP_MODE bound to: ON - type: string 
	Parameter IODELAY_GRP bound to: IODELAY_MIG - type: string 
	Parameter nDQS_COL0 bound to: 3 - type: integer 
	Parameter nDQS_COL1 bound to: 5 - type: integer 
	Parameter nDQS_COL2 bound to: 0 - type: integer 
	Parameter nDQS_COL3 bound to: 0 - type: integer 
	Parameter DQS_LOC_COL0 bound to: 24'b000000100000000100000000 
	Parameter DQS_LOC_COL1 bound to: 40'b0000011100000110000001010000010000000011 
	Parameter DQS_LOC_COL2 bound to: 0 - type: integer 
	Parameter DQS_LOC_COL3 bound to: 0 - type: integer 
	Parameter USE_DM_PORT bound to: 0 - type: integer 
	Parameter SIM_BYPASS_INIT_CAL bound to: NONE - type: string 
	Parameter SIM_INIT_OPTION bound to: NONE - type: string 
	Parameter SIM_CAL_OPTION bound to: NONE - type: string 
	Parameter DEBUG_PORT bound to: OFF - type: string 
	Parameter SIMULATION bound to: OFF - type: string 
	Parameter SYSCLK_PERIOD bound to: 5000 - type: integer 
	Parameter MMCM_ADV_BANDWIDTH bound to: OPTIMIZED - type: string 
INFO: [Synth 8-6157] synthesizing module 'ddr4_0' [C:/Users/yongj/Desktop/softmc_ddr4/hw/boards/ML605/project_1/.Xil/Vivado-13680-DESKTOP-ILOVGO9/realtime/ddr4_0_stub.v:6]
INFO: [Synth 8-6155] done synthesizing module 'ddr4_0' (1#1) [C:/Users/yongj/Desktop/softmc_ddr4/hw/boards/ML605/project_1/.Xil/Vivado-13680-DESKTOP-ILOVGO9/realtime/ddr4_0_stub.v:6]
INFO: [Synth 8-6157] synthesizing module 'softMC' [C:/Users/yongj/Desktop/softmc_ddr4/hw/boards/ML605/softMC.v:6]
	Parameter TCQ bound to: 100 - type: integer 
	Parameter tCK bound to: 2500 - type: integer 
	Parameter nCK_PER_CLK bound to: 2 - type: integer 
	Parameter RANK_WIDTH bound to: 1 - type: integer 
	Parameter ROW_WIDTH bound to: 17 - type: integer 
	Parameter BANK_WIDTH bound to: 2 - type: integer 
	Parameter CKE_WIDTH bound to: 1 - type: integer 
	Parameter CS_WIDTH bound to: 1 - type: integer 
	Parameter nCS_PER_RANK bound to: 1 - type: integer 
	Parameter DQ_WIDTH bound to: 64 - type: integer 
	Parameter MAINT_PRESCALER_PERIOD bound to: 200000 - type: integer 
INFO: [Synth 8-6157] synthesizing module 'maint_ctrl_top' [C:/Users/yongj/Desktop/softmc_ddr4/hw/boards/ML605/maint_ctrl.v:4]
	Parameter RANK_WIDTH bound to: 1 - type: integer 
	Parameter TCQ bound to: 100 - type: integer 
	Parameter tCK bound to: 2500 - type: integer 
	Parameter nCK_PER_CLK bound to: 2 - type: integer 
	Parameter MAINT_PRESCALER_PERIOD bound to: 200000 - type: integer 
INFO: [Synth 8-6157] synthesizing module 'maint_ctrl' [C:/Users/yongj/Desktop/softmc_ddr4/hw/boards/ML605/maint_ctrl.v:73]
	Parameter TCQ bound to: 100 - type: integer 
	Parameter tCK bound to: 2500 - type: integer 
	Parameter nCK_PER_CLK bound to: 2 - type: integer 
	Parameter MAINT_PRESCALER_PERIOD bound to: 200000 - type: integer 
	Parameter MAINT_PRESCALER_DIV bound to: 40 - type: integer 
	Parameter MAINT_PRESCALER_WIDTH bound to: 6 - type: integer 
	Parameter ONE bound to: 1 - type: integer 
INFO: [Synth 8-6155] done synthesizing module 'maint_ctrl' (2#1) [C:/Users/yongj/Desktop/softmc_ddr4/hw/boards/ML605/maint_ctrl.v:73]
INFO: [Synth 8-6157] synthesizing module 'periodic_rd_ctrl' [C:/Users/yongj/Desktop/softmc_ddr4/hw/boards/ML605/maint_ctrl.v:119]
	Parameter tCK bound to: 2500 - type: integer 
	Parameter nCK_PER_CLK bound to: 2 - type: integer 
	Parameter TCQ bound to: 100 - type: integer 
	Parameter MAINT_PRESCALER_PERIOD bound to: 200000 - type: integer 
	Parameter tPRDI bound to: 1000000 - type: integer 
	Parameter PERIODIC_RD_TIMER_DIV bound to: 5 - type: integer 
	Parameter PERIODIC_RD_TIMER_WIDTH bound to: 3 - type: integer 
	Parameter ONE bound to: 1 - type: integer 
INFO: [Synth 8-6155] done synthesizing module 'periodic_rd_ctrl' (3#1) [C:/Users/yongj/Desktop/softmc_ddr4/hw/boards/ML605/maint_ctrl.v:119]
INFO: [Synth 8-6157] synthesizing module 'zq_calib_ctrl' [C:/Users/yongj/Desktop/softmc_ddr4/hw/boards/ML605/maint_ctrl.v:175]
	Parameter TCQ bound to: 100 - type: integer 
	Parameter MAINT_PRESCALER_PERIOD bound to: 200000 - type: integer 
	Parameter MAINT_PRESCALER_PERIOD_NS bound to: 200 - type: integer 
	Parameter tZQI bound to: 128000000 - type: integer 
	Parameter ZQ_TIMER_DIV bound to: 640000 - type: integer 
	Parameter ZQ_TIMER_WIDTH bound to: 20 - type: integer 
	Parameter ONE bound to: 1 - type: integer 
WARNING: [Synth 8-567] referenced signal 'zq_cntrl.zq_tick' should be on the sensitivity list [C:/Users/yongj/Desktop/softmc_ddr4/hw/boards/ML605/maint_ctrl.v:209]
INFO: [Synth 8-6155] done synthesizing module 'zq_calib_ctrl' (4#1) [C:/Users/yongj/Desktop/softmc_ddr4/hw/boards/ML605/maint_ctrl.v:175]
INFO: [Synth 8-6157] synthesizing module 'autoref_ctrl' [C:/Users/yongj/Desktop/softmc_ddr4/hw/boards/ML605/maint_ctrl.v:242]
	Parameter TCQ bound to: 100 - type: integer 
	Parameter ONE bound to: 1 - type: integer 
INFO: [Synth 8-6155] done synthesizing module 'autoref_ctrl' (5#1) [C:/Users/yongj/Desktop/softmc_ddr4/hw/boards/ML605/maint_ctrl.v:242]
INFO: [Synth 8-6155] done synthesizing module 'maint_ctrl_top' (6#1) [C:/Users/yongj/Desktop/softmc_ddr4/hw/boards/ML605/maint_ctrl.v:4]
INFO: [Synth 8-6157] synthesizing module 'maint_handler' [C:/Users/yongj/Desktop/softmc_ddr4/hw/boards/ML605/maint_handler.v:5]
	Parameter CS_WIDTH bound to: 1 - type: integer 
	Parameter HIGH bound to: 1'b1 
	Parameter LOW bound to: 1'b0 
	Parameter PR_RD_IO bound to: 4'b0000 
	Parameter PR_RD_PRE bound to: 4'b0001 
	Parameter PR_RD_WAIT_PRE bound to: 4'b0010 
	Parameter PR_RD_ACT bound to: 4'b0011 
	Parameter PR_RD_WAIT_ACT bound to: 4'b0100 
	Parameter PR_RD_READ bound to: 4'b0101 
	Parameter PR_RD_WAIT_READ bound to: 4'b0110 
	Parameter PR_RD_PRE2 bound to: 4'b0111 
	Parameter PR_RD_WAIT_PRE2 bound to: 4'b1000 
	Parameter PR_RD_WR_IO bound to: 4'b1001 
	Parameter MAINT_FIN bound to: 4'b1010 
	Parameter ZQ_PRE bound to: 4'b0000 
	Parameter ZQ_WAIT_PRE bound to: 4'b0001 
	Parameter ZQ_ZQ bound to: 4'b0010 
	Parameter ZQ_WAIT_ZQ bound to: 4'b0011 
	Parameter AREF_PRE bound to: 4'b0000 
	Parameter AREF_WAIT_PRE bound to: 4'b0001 
	Parameter AREF_REF bound to: 4'b0010 
	Parameter AREF_WAIT_REF bound to: 4'b0011 
WARNING: [Synth 8-693] zero replication count - replication ignored [C:/Users/yongj/Desktop/softmc_ddr4/hw/boards/ML605/maint_handler.v:112]
WARNING: [Synth 8-693] zero replication count - replication ignored [C:/Users/yongj/Desktop/softmc_ddr4/hw/boards/ML605/maint_handler.v:134]
WARNING: [Synth 8-693] zero replication count - replication ignored [C:/Users/yongj/Desktop/softmc_ddr4/hw/boards/ML605/maint_handler.v:156]
WARNING: [Synth 8-693] zero replication count - replication ignored [C:/Users/yongj/Desktop/softmc_ddr4/hw/boards/ML605/maint_handler.v:177]
INFO: [Synth 8-155] case statement is not full and has no default [C:/Users/yongj/Desktop/softmc_ddr4/hw/boards/ML605/maint_handler.v:97]
WARNING: [Synth 8-693] zero replication count - replication ignored [C:/Users/yongj/Desktop/softmc_ddr4/hw/boards/ML605/maint_handler.v:217]
WARNING: [Synth 8-693] zero replication count - replication ignored [C:/Users/yongj/Desktop/softmc_ddr4/hw/boards/ML605/maint_handler.v:239]
INFO: [Synth 8-155] case statement is not full and has no default [C:/Users/yongj/Desktop/softmc_ddr4/hw/boards/ML605/maint_handler.v:212]
WARNING: [Synth 8-693] zero replication count - replication ignored [C:/Users/yongj/Desktop/softmc_ddr4/hw/boards/ML605/maint_handler.v:272]
WARNING: [Synth 8-693] zero replication count - replication ignored [C:/Users/yongj/Desktop/softmc_ddr4/hw/boards/ML605/maint_handler.v:294]
INFO: [Synth 8-155] case statement is not full and has no default [C:/Users/yongj/Desktop/softmc_ddr4/hw/boards/ML605/maint_handler.v:267]
INFO: [Synth 8-6155] done synthesizing module 'maint_handler' (7#1) [C:/Users/yongj/Desktop/softmc_ddr4/hw/boards/ML605/maint_handler.v:5]
INFO: [Synth 8-6157] synthesizing module 'autoref_config' [C:/Users/yongj/Desktop/softmc_ddr4/hw/boards/ML605/autoref_config.v:4]
INFO: [Synth 8-6155] done synthesizing module 'autoref_config' (8#1) [C:/Users/yongj/Desktop/softmc_ddr4/hw/boards/ML605/autoref_config.v:4]
INFO: [Synth 8-6157] synthesizing module 'instr_receiver' [C:/Users/yongj/Desktop/softmc_ddr4/hw/boards/ML605/instr_receiver.v:5]
	Parameter STATE_IDLE bound to: 2'b00 
	Parameter STATE_APP bound to: 2'b01 
	Parameter STATE_MAINT bound to: 2'b10 
INFO: [Synth 8-155] case statement is not full and has no default [C:/Users/yongj/Desktop/softmc_ddr4/hw/boards/ML605/instr_receiver.v:52]
INFO: [Synth 8-6155] done synthesizing module 'instr_receiver' (9#1) [C:/Users/yongj/Desktop/softmc_ddr4/hw/boards/ML605/instr_receiver.v:5]
INFO: [Synth 8-6157] synthesizing module 'instr_fifo' [C:/Users/yongj/Desktop/softmc_ddr4/hw/boards/ML605/project_1/.Xil/Vivado-13680-DESKTOP-ILOVGO9/realtime/instr_fifo_stub.v:6]
INFO: [Synth 8-6155] done synthesizing module 'instr_fifo' (10#1) [C:/Users/yongj/Desktop/softmc_ddr4/hw/boards/ML605/project_1/.Xil/Vivado-13680-DESKTOP-ILOVGO9/realtime/instr_fifo_stub.v:6]
WARNING: [Synth 8-7071] port 'wr_rst_busy' of module 'instr_fifo' is unconnected for instance 'i_instr0_fifo' [C:/Users/yongj/Desktop/softmc_ddr4/hw/boards/ML605/softMC.v:177]
WARNING: [Synth 8-7071] port 'rd_rst_busy' of module 'instr_fifo' is unconnected for instance 'i_instr0_fifo' [C:/Users/yongj/Desktop/softmc_ddr4/hw/boards/ML605/softMC.v:177]
WARNING: [Synth 8-7023] instance 'i_instr0_fifo' of module 'instr_fifo' has 10 connections declared, but only 8 given [C:/Users/yongj/Desktop/softmc_ddr4/hw/boards/ML605/softMC.v:177]
WARNING: [Synth 8-7071] port 'wr_rst_busy' of module 'instr_fifo' is unconnected for instance 'i_instr1_fifo' [C:/Users/yongj/Desktop/softmc_ddr4/hw/boards/ML605/softMC.v:188]
WARNING: [Synth 8-7071] port 'rd_rst_busy' of module 'instr_fifo' is unconnected for instance 'i_instr1_fifo' [C:/Users/yongj/Desktop/softmc_ddr4/hw/boards/ML605/softMC.v:188]
WARNING: [Synth 8-7023] instance 'i_instr1_fifo' of module 'instr_fifo' has 10 connections declared, but only 8 given [C:/Users/yongj/Desktop/softmc_ddr4/hw/boards/ML605/softMC.v:188]
INFO: [Synth 8-6157] synthesizing module 'iseq_dispatcher' [C:/Users/yongj/Desktop/softmc_ddr4/hw/boards/ML605/iseq_dispatcher.v:3]
	Parameter ROW_WIDTH bound to: 17 - type: integer 
	Parameter BANK_WIDTH bound to: 2 - type: integer 
	Parameter CKE_WIDTH bound to: 1 - type: integer 
	Parameter CS_WIDTH bound to: 1 - type: integer 
	Parameter nCS_PER_RANK bound to: 1 - type: integer 
	Parameter DQ_WIDTH bound to: 64 - type: integer 
INFO: [Synth 8-6157] synthesizing module 'pipe_reg' [C:/Users/yongj/Desktop/softmc_ddr4/hw/boards/ML605/pipe_reg.v:3]
	Parameter WIDTH bound to: 32 - type: integer 
INFO: [Synth 8-6155] done synthesizing module 'pipe_reg' (11#1) [C:/Users/yongj/Desktop/softmc_ddr4/hw/boards/ML605/pipe_reg.v:3]
INFO: [Synth 8-6157] synthesizing module 'instr_dispatcher' [C:/Users/yongj/Desktop/softmc_ddr4/hw/boards/ML605/instr_dispatcher.v:5]
	Parameter ROW_WIDTH bound to: 17 - type: integer 
	Parameter BANK_WIDTH bound to: 2 - type: integer 
	Parameter CKE_WIDTH bound to: 1 - type: integer 
	Parameter RANK_WIDTH bound to: 1 - type: integer 
	Parameter CS_WIDTH bound to: 1 - type: integer 
	Parameter nCS_PER_RANK bound to: 1 - type: integer 
	Parameter DQ_WIDTH bound to: 64 - type: integer 
	Parameter ONE bound to: 1 - type: integer 
	Parameter TWO bound to: 2 - type: integer 
	Parameter HIGH bound to: 1'b1 
	Parameter LOW bound to: 1'b0 
INFO: [Synth 8-155] case statement is not full and has no default [C:/Users/yongj/Desktop/softmc_ddr4/hw/boards/ML605/instr_dispatcher.v:188]
INFO: [Synth 8-155] case statement is not full and has no default [C:/Users/yongj/Desktop/softmc_ddr4/hw/boards/ML605/instr_dispatcher.v:255]
INFO: [Synth 8-6157] synthesizing module 'instr_decoder' [C:/Users/yongj/Desktop/softmc_ddr4/hw/boards/ML605/instr_decoder.v:5]
	Parameter ROW_WIDTH bound to: 17 - type: integer 
	Parameter BANK_WIDTH bound to: 2 - type: integer 
	Parameter CS_WIDTH bound to: 1 - type: integer 
	Parameter LOW bound to: 1'b0 
	Parameter HIGH bound to: 1'b1 
	Parameter tmp_slot bound to: 136'b1111111111111111111111111111111111111111111111111111111111111111111111111111111111111111111111111111111111111111111111111111111111111111 
WARNING: [Synth 8-6090] variable 'dfi_address' is written by both blocking and non-blocking assignments, entire logic could be removed [C:/Users/yongj/Desktop/softmc_ddr4/hw/boards/ML605/instr_decoder.v:54]
WARNING: [Synth 8-6090] variable 'dfi_address' is written by both blocking and non-blocking assignments, entire logic could be removed [C:/Users/yongj/Desktop/softmc_ddr4/hw/boards/ML605/instr_decoder.v:55]
WARNING: [Synth 8-6090] variable 'dfi_address' is written by both blocking and non-blocking assignments, entire logic could be removed [C:/Users/yongj/Desktop/softmc_ddr4/hw/boards/ML605/instr_decoder.v:56]
WARNING: [Synth 8-6090] variable 'dfi_address' is written by both blocking and non-blocking assignments, entire logic could be removed [C:/Users/yongj/Desktop/softmc_ddr4/hw/boards/ML605/instr_decoder.v:63]
WARNING: [Synth 8-6090] variable 'dfi_address' is written by both blocking and non-blocking assignments, entire logic could be removed [C:/Users/yongj/Desktop/softmc_ddr4/hw/boards/ML605/instr_decoder.v:64]
WARNING: [Synth 8-6090] variable 'dfi_address' is written by both blocking and non-blocking assignments, entire logic could be removed [C:/Users/yongj/Desktop/softmc_ddr4/hw/boards/ML605/instr_decoder.v:65]
WARNING: [Synth 8-6090] variable 'dfi_address' is written by both blocking and non-blocking assignments, entire logic could be removed [C:/Users/yongj/Desktop/softmc_ddr4/hw/boards/ML605/instr_decoder.v:66]
WARNING: [Synth 8-6090] variable 'dfi_address' is written by both blocking and non-blocking assignments, entire logic could be removed [C:/Users/yongj/Desktop/softmc_ddr4/hw/boards/ML605/instr_decoder.v:67]
WARNING: [Synth 8-6090] variable 'dfi_address' is written by both blocking and non-blocking assignments, entire logic could be removed [C:/Users/yongj/Desktop/softmc_ddr4/hw/boards/ML605/instr_decoder.v:68]
WARNING: [Synth 8-6090] variable 'dfi_address' is written by both blocking and non-blocking assignments, entire logic could be removed [C:/Users/yongj/Desktop/softmc_ddr4/hw/boards/ML605/instr_decoder.v:69]
WARNING: [Synth 8-6090] variable 'dfi_address' is written by both blocking and non-blocking assignments, entire logic could be removed [C:/Users/yongj/Desktop/softmc_ddr4/hw/boards/ML605/instr_decoder.v:70]
WARNING: [Synth 8-6090] variable 'dfi_address' is written by both blocking and non-blocking assignments, entire logic could be removed [C:/Users/yongj/Desktop/softmc_ddr4/hw/boards/ML605/instr_decoder.v:63]
WARNING: [Synth 8-6090] variable 'dfi_address' is written by both blocking and non-blocking assignments, entire logic could be removed [C:/Users/yongj/Desktop/softmc_ddr4/hw/boards/ML605/instr_decoder.v:64]
WARNING: [Synth 8-6090] variable 'dfi_address' is written by both blocking and non-blocking assignments, entire logic could be removed [C:/Users/yongj/Desktop/softmc_ddr4/hw/boards/ML605/instr_decoder.v:65]
WARNING: [Synth 8-6090] variable 'dfi_address' is written by both blocking and non-blocking assignments, entire logic could be removed [C:/Users/yongj/Desktop/softmc_ddr4/hw/boards/ML605/instr_decoder.v:66]
WARNING: [Synth 8-6090] variable 'dfi_address' is written by both blocking and non-blocking assignments, entire logic could be removed [C:/Users/yongj/Desktop/softmc_ddr4/hw/boards/ML605/instr_decoder.v:67]
WARNING: [Synth 8-6090] variable 'dfi_address' is written by both blocking and non-blocking assignments, entire logic could be removed [C:/Users/yongj/Desktop/softmc_ddr4/hw/boards/ML605/instr_decoder.v:68]
WARNING: [Synth 8-6090] variable 'dfi_address' is written by both blocking and non-blocking assignments, entire logic could be removed [C:/Users/yongj/Desktop/softmc_ddr4/hw/boards/ML605/instr_decoder.v:69]
WARNING: [Synth 8-6090] variable 'dfi_address' is written by both blocking and non-blocking assignments, entire logic could be removed [C:/Users/yongj/Desktop/softmc_ddr4/hw/boards/ML605/instr_decoder.v:70]
WARNING: [Synth 8-6090] variable 'dfi_address' is written by both blocking and non-blocking assignments, entire logic could be removed [C:/Users/yongj/Desktop/softmc_ddr4/hw/boards/ML605/instr_decoder.v:63]
WARNING: [Synth 8-6090] variable 'dfi_address' is written by both blocking and non-blocking assignments, entire logic could be removed [C:/Users/yongj/Desktop/softmc_ddr4/hw/boards/ML605/instr_decoder.v:64]
WARNING: [Synth 8-6090] variable 'dfi_address' is written by both blocking and non-blocking assignments, entire logic could be removed [C:/Users/yongj/Desktop/softmc_ddr4/hw/boards/ML605/instr_decoder.v:65]
WARNING: [Synth 8-6090] variable 'dfi_address' is written by both blocking and non-blocking assignments, entire logic could be removed [C:/Users/yongj/Desktop/softmc_ddr4/hw/boards/ML605/instr_decoder.v:66]
WARNING: [Synth 8-6090] variable 'dfi_address' is written by both blocking and non-blocking assignments, entire logic could be removed [C:/Users/yongj/Desktop/softmc_ddr4/hw/boards/ML605/instr_decoder.v:67]
WARNING: [Synth 8-6090] variable 'dfi_address' is written by both blocking and non-blocking assignments, entire logic could be removed [C:/Users/yongj/Desktop/softmc_ddr4/hw/boards/ML605/instr_decoder.v:68]
WARNING: [Synth 8-6090] variable 'dfi_address' is written by both blocking and non-blocking assignments, entire logic could be removed [C:/Users/yongj/Desktop/softmc_ddr4/hw/boards/ML605/instr_decoder.v:69]
WARNING: [Synth 8-6090] variable 'dfi_address' is written by both blocking and non-blocking assignments, entire logic could be removed [C:/Users/yongj/Desktop/softmc_ddr4/hw/boards/ML605/instr_decoder.v:70]
WARNING: [Synth 8-6090] variable 'dfi_address' is written by both blocking and non-blocking assignments, entire logic could be removed [C:/Users/yongj/Desktop/softmc_ddr4/hw/boards/ML605/instr_decoder.v:63]
WARNING: [Synth 8-6090] variable 'dfi_address' is written by both blocking and non-blocking assignments, entire logic could be removed [C:/Users/yongj/Desktop/softmc_ddr4/hw/boards/ML605/instr_decoder.v:64]
WARNING: [Synth 8-6090] variable 'dfi_address' is written by both blocking and non-blocking assignments, entire logic could be removed [C:/Users/yongj/Desktop/softmc_ddr4/hw/boards/ML605/instr_decoder.v:65]
WARNING: [Synth 8-6090] variable 'dfi_address' is written by both blocking and non-blocking assignments, entire logic could be removed [C:/Users/yongj/Desktop/softmc_ddr4/hw/boards/ML605/instr_decoder.v:66]
WARNING: [Synth 8-6090] variable 'dfi_address' is written by both blocking and non-blocking assignments, entire logic could be removed [C:/Users/yongj/Desktop/softmc_ddr4/hw/boards/ML605/instr_decoder.v:67]
WARNING: [Synth 8-6090] variable 'dfi_address' is written by both blocking and non-blocking assignments, entire logic could be removed [C:/Users/yongj/Desktop/softmc_ddr4/hw/boards/ML605/instr_decoder.v:68]
WARNING: [Synth 8-6090] variable 'dfi_address' is written by both blocking and non-blocking assignments, entire logic could be removed [C:/Users/yongj/Desktop/softmc_ddr4/hw/boards/ML605/instr_decoder.v:69]
WARNING: [Synth 8-6090] variable 'dfi_address' is written by both blocking and non-blocking assignments, entire logic could be removed [C:/Users/yongj/Desktop/softmc_ddr4/hw/boards/ML605/instr_decoder.v:70]
WARNING: [Synth 8-6090] variable 'dfi_address' is written by both blocking and non-blocking assignments, entire logic could be removed [C:/Users/yongj/Desktop/softmc_ddr4/hw/boards/ML605/instr_decoder.v:63]
WARNING: [Synth 8-6090] variable 'dfi_address' is written by both blocking and non-blocking assignments, entire logic could be removed [C:/Users/yongj/Desktop/softmc_ddr4/hw/boards/ML605/instr_decoder.v:64]
WARNING: [Synth 8-6090] variable 'dfi_address' is written by both blocking and non-blocking assignments, entire logic could be removed [C:/Users/yongj/Desktop/softmc_ddr4/hw/boards/ML605/instr_decoder.v:65]
WARNING: [Synth 8-6090] variable 'dfi_address' is written by both blocking and non-blocking assignments, entire logic could be removed [C:/Users/yongj/Desktop/softmc_ddr4/hw/boards/ML605/instr_decoder.v:66]
WARNING: [Synth 8-6090] variable 'dfi_address' is written by both blocking and non-blocking assignments, entire logic could be removed [C:/Users/yongj/Desktop/softmc_ddr4/hw/boards/ML605/instr_decoder.v:67]
WARNING: [Synth 8-6090] variable 'dfi_address' is written by both blocking and non-blocking assignments, entire logic could be removed [C:/Users/yongj/Desktop/softmc_ddr4/hw/boards/ML605/instr_decoder.v:68]
WARNING: [Synth 8-6090] variable 'dfi_address' is written by both blocking and non-blocking assignments, entire logic could be removed [C:/Users/yongj/Desktop/softmc_ddr4/hw/boards/ML605/instr_decoder.v:69]
WARNING: [Synth 8-6090] variable 'dfi_address' is written by both blocking and non-blocking assignments, entire logic could be removed [C:/Users/yongj/Desktop/softmc_ddr4/hw/boards/ML605/instr_decoder.v:70]
WARNING: [Synth 8-6090] variable 'dfi_address' is written by both blocking and non-blocking assignments, entire logic could be removed [C:/Users/yongj/Desktop/softmc_ddr4/hw/boards/ML605/instr_decoder.v:63]
WARNING: [Synth 8-6090] variable 'dfi_address' is written by both blocking and non-blocking assignments, entire logic could be removed [C:/Users/yongj/Desktop/softmc_ddr4/hw/boards/ML605/instr_decoder.v:64]
WARNING: [Synth 8-6090] variable 'dfi_address' is written by both blocking and non-blocking assignments, entire logic could be removed [C:/Users/yongj/Desktop/softmc_ddr4/hw/boards/ML605/instr_decoder.v:65]
WARNING: [Synth 8-6090] variable 'dfi_address' is written by both blocking and non-blocking assignments, entire logic could be removed [C:/Users/yongj/Desktop/softmc_ddr4/hw/boards/ML605/instr_decoder.v:66]
WARNING: [Synth 8-6090] variable 'dfi_address' is written by both blocking and non-blocking assignments, entire logic could be removed [C:/Users/yongj/Desktop/softmc_ddr4/hw/boards/ML605/instr_decoder.v:67]
WARNING: [Synth 8-6090] variable 'dfi_address' is written by both blocking and non-blocking assignments, entire logic could be removed [C:/Users/yongj/Desktop/softmc_ddr4/hw/boards/ML605/instr_decoder.v:68]
WARNING: [Synth 8-6090] variable 'dfi_address' is written by both blocking and non-blocking assignments, entire logic could be removed [C:/Users/yongj/Desktop/softmc_ddr4/hw/boards/ML605/instr_decoder.v:69]
WARNING: [Synth 8-6090] variable 'dfi_address' is written by both blocking and non-blocking assignments, entire logic could be removed [C:/Users/yongj/Desktop/softmc_ddr4/hw/boards/ML605/instr_decoder.v:70]
WARNING: [Synth 8-6090] variable 'dfi_address' is written by both blocking and non-blocking assignments, entire logic could be removed [C:/Users/yongj/Desktop/softmc_ddr4/hw/boards/ML605/instr_decoder.v:63]
WARNING: [Synth 8-6090] variable 'dfi_address' is written by both blocking and non-blocking assignments, entire logic could be removed [C:/Users/yongj/Desktop/softmc_ddr4/hw/boards/ML605/instr_decoder.v:64]
WARNING: [Synth 8-6090] variable 'dfi_address' is written by both blocking and non-blocking assignments, entire logic could be removed [C:/Users/yongj/Desktop/softmc_ddr4/hw/boards/ML605/instr_decoder.v:65]
WARNING: [Synth 8-6090] variable 'dfi_address' is written by both blocking and non-blocking assignments, entire logic could be removed [C:/Users/yongj/Desktop/softmc_ddr4/hw/boards/ML605/instr_decoder.v:66]
WARNING: [Synth 8-6090] variable 'dfi_address' is written by both blocking and non-blocking assignments, entire logic could be removed [C:/Users/yongj/Desktop/softmc_ddr4/hw/boards/ML605/instr_decoder.v:67]
WARNING: [Synth 8-6090] variable 'dfi_address' is written by both blocking and non-blocking assignments, entire logic could be removed [C:/Users/yongj/Desktop/softmc_ddr4/hw/boards/ML605/instr_decoder.v:68]
WARNING: [Synth 8-6090] variable 'dfi_address' is written by both blocking and non-blocking assignments, entire logic could be removed [C:/Users/yongj/Desktop/softmc_ddr4/hw/boards/ML605/instr_decoder.v:69]
WARNING: [Synth 8-6090] variable 'dfi_address' is written by both blocking and non-blocking assignments, entire logic could be removed [C:/Users/yongj/Desktop/softmc_ddr4/hw/boards/ML605/instr_decoder.v:70]
WARNING: [Synth 8-6090] variable 'dfi_address' is written by both blocking and non-blocking assignments, entire logic could be removed [C:/Users/yongj/Desktop/softmc_ddr4/hw/boards/ML605/instr_decoder.v:63]
WARNING: [Synth 8-6090] variable 'dfi_address' is written by both blocking and non-blocking assignments, entire logic could be removed [C:/Users/yongj/Desktop/softmc_ddr4/hw/boards/ML605/instr_decoder.v:64]
WARNING: [Synth 8-6090] variable 'dfi_address' is written by both blocking and non-blocking assignments, entire logic could be removed [C:/Users/yongj/Desktop/softmc_ddr4/hw/boards/ML605/instr_decoder.v:65]
WARNING: [Synth 8-6090] variable 'dfi_address' is written by both blocking and non-blocking assignments, entire logic could be removed [C:/Users/yongj/Desktop/softmc_ddr4/hw/boards/ML605/instr_decoder.v:66]
WARNING: [Synth 8-6090] variable 'dfi_address' is written by both blocking and non-blocking assignments, entire logic could be removed [C:/Users/yongj/Desktop/softmc_ddr4/hw/boards/ML605/instr_decoder.v:67]
WARNING: [Synth 8-6090] variable 'dfi_address' is written by both blocking and non-blocking assignments, entire logic could be removed [C:/Users/yongj/Desktop/softmc_ddr4/hw/boards/ML605/instr_decoder.v:68]
WARNING: [Synth 8-6090] variable 'dfi_address' is written by both blocking and non-blocking assignments, entire logic could be removed [C:/Users/yongj/Desktop/softmc_ddr4/hw/boards/ML605/instr_decoder.v:69]
WARNING: [Synth 8-6090] variable 'dfi_address' is written by both blocking and non-blocking assignments, entire logic could be removed [C:/Users/yongj/Desktop/softmc_ddr4/hw/boards/ML605/instr_decoder.v:70]
WARNING: [Synth 8-6090] variable 'dfi_address' is written by both blocking and non-blocking assignments, entire logic could be removed [C:/Users/yongj/Desktop/softmc_ddr4/hw/boards/ML605/instr_decoder.v:63]
WARNING: [Synth 8-6090] variable 'dfi_address' is written by both blocking and non-blocking assignments, entire logic could be removed [C:/Users/yongj/Desktop/softmc_ddr4/hw/boards/ML605/instr_decoder.v:64]
WARNING: [Synth 8-6090] variable 'dfi_address' is written by both blocking and non-blocking assignments, entire logic could be removed [C:/Users/yongj/Desktop/softmc_ddr4/hw/boards/ML605/instr_decoder.v:65]
WARNING: [Synth 8-6090] variable 'dfi_address' is written by both blocking and non-blocking assignments, entire logic could be removed [C:/Users/yongj/Desktop/softmc_ddr4/hw/boards/ML605/instr_decoder.v:66]
WARNING: [Synth 8-6090] variable 'dfi_address' is written by both blocking and non-blocking assignments, entire logic could be removed [C:/Users/yongj/Desktop/softmc_ddr4/hw/boards/ML605/instr_decoder.v:67]
WARNING: [Synth 8-6090] variable 'dfi_address' is written by both blocking and non-blocking assignments, entire logic could be removed [C:/Users/yongj/Desktop/softmc_ddr4/hw/boards/ML605/instr_decoder.v:68]
WARNING: [Synth 8-6090] variable 'dfi_address' is written by both blocking and non-blocking assignments, entire logic could be removed [C:/Users/yongj/Desktop/softmc_ddr4/hw/boards/ML605/instr_decoder.v:69]
WARNING: [Synth 8-6090] variable 'dfi_address' is written by both blocking and non-blocking assignments, entire logic could be removed [C:/Users/yongj/Desktop/softmc_ddr4/hw/boards/ML605/instr_decoder.v:70]
WARNING: [Synth 8-6090] variable 'dfi_address' is written by both blocking and non-blocking assignments, entire logic could be removed [C:/Users/yongj/Desktop/softmc_ddr4/hw/boards/ML605/instr_decoder.v:63]
WARNING: [Synth 8-6090] variable 'dfi_address' is written by both blocking and non-blocking assignments, entire logic could be removed [C:/Users/yongj/Desktop/softmc_ddr4/hw/boards/ML605/instr_decoder.v:64]
WARNING: [Synth 8-6090] variable 'dfi_address' is written by both blocking and non-blocking assignments, entire logic could be removed [C:/Users/yongj/Desktop/softmc_ddr4/hw/boards/ML605/instr_decoder.v:65]
WARNING: [Synth 8-6090] variable 'dfi_address' is written by both blocking and non-blocking assignments, entire logic could be removed [C:/Users/yongj/Desktop/softmc_ddr4/hw/boards/ML605/instr_decoder.v:66]
WARNING: [Synth 8-6090] variable 'dfi_address' is written by both blocking and non-blocking assignments, entire logic could be removed [C:/Users/yongj/Desktop/softmc_ddr4/hw/boards/ML605/instr_decoder.v:67]
WARNING: [Synth 8-6090] variable 'dfi_address' is written by both blocking and non-blocking assignments, entire logic could be removed [C:/Users/yongj/Desktop/softmc_ddr4/hw/boards/ML605/instr_decoder.v:68]
WARNING: [Synth 8-6090] variable 'dfi_address' is written by both blocking and non-blocking assignments, entire logic could be removed [C:/Users/yongj/Desktop/softmc_ddr4/hw/boards/ML605/instr_decoder.v:69]
WARNING: [Synth 8-6090] variable 'dfi_address' is written by both blocking and non-blocking assignments, entire logic could be removed [C:/Users/yongj/Desktop/softmc_ddr4/hw/boards/ML605/instr_decoder.v:70]
WARNING: [Synth 8-6090] variable 'dfi_address' is written by both blocking and non-blocking assignments, entire logic could be removed [C:/Users/yongj/Desktop/softmc_ddr4/hw/boards/ML605/instr_decoder.v:63]
WARNING: [Synth 8-6090] variable 'dfi_address' is written by both blocking and non-blocking assignments, entire logic could be removed [C:/Users/yongj/Desktop/softmc_ddr4/hw/boards/ML605/instr_decoder.v:64]
WARNING: [Synth 8-6090] variable 'dfi_address' is written by both blocking and non-blocking assignments, entire logic could be removed [C:/Users/yongj/Desktop/softmc_ddr4/hw/boards/ML605/instr_decoder.v:65]
WARNING: [Synth 8-6090] variable 'dfi_address' is written by both blocking and non-blocking assignments, entire logic could be removed [C:/Users/yongj/Desktop/softmc_ddr4/hw/boards/ML605/instr_decoder.v:66]
WARNING: [Synth 8-6090] variable 'dfi_address' is written by both blocking and non-blocking assignments, entire logic could be removed [C:/Users/yongj/Desktop/softmc_ddr4/hw/boards/ML605/instr_decoder.v:67]
WARNING: [Synth 8-6090] variable 'dfi_address' is written by both blocking and non-blocking assignments, entire logic could be removed [C:/Users/yongj/Desktop/softmc_ddr4/hw/boards/ML605/instr_decoder.v:68]
WARNING: [Synth 8-6090] variable 'dfi_address' is written by both blocking and non-blocking assignments, entire logic could be removed [C:/Users/yongj/Desktop/softmc_ddr4/hw/boards/ML605/instr_decoder.v:69]
WARNING: [Synth 8-6090] variable 'dfi_address' is written by both blocking and non-blocking assignments, entire logic could be removed [C:/Users/yongj/Desktop/softmc_ddr4/hw/boards/ML605/instr_decoder.v:70]
WARNING: [Synth 8-6090] variable 'dfi_address' is written by both blocking and non-blocking assignments, entire logic could be removed [C:/Users/yongj/Desktop/softmc_ddr4/hw/boards/ML605/instr_decoder.v:63]
WARNING: [Synth 8-6090] variable 'dfi_address' is written by both blocking and non-blocking assignments, entire logic could be removed [C:/Users/yongj/Desktop/softmc_ddr4/hw/boards/ML605/instr_decoder.v:64]
WARNING: [Synth 8-6090] variable 'dfi_address' is written by both blocking and non-blocking assignments, entire logic could be removed [C:/Users/yongj/Desktop/softmc_ddr4/hw/boards/ML605/instr_decoder.v:65]
WARNING: [Synth 8-6090] variable 'dfi_address' is written by both blocking and non-blocking assignments, entire logic could be removed [C:/Users/yongj/Desktop/softmc_ddr4/hw/boards/ML605/instr_decoder.v:66]
WARNING: [Synth 8-6090] variable 'dfi_address' is written by both blocking and non-blocking assignments, entire logic could be removed [C:/Users/yongj/Desktop/softmc_ddr4/hw/boards/ML605/instr_decoder.v:67]
WARNING: [Synth 8-6090] variable 'dfi_address' is written by both blocking and non-blocking assignments, entire logic could be removed [C:/Users/yongj/Desktop/softmc_ddr4/hw/boards/ML605/instr_decoder.v:68]
WARNING: [Synth 8-6090] variable 'dfi_address' is written by both blocking and non-blocking assignments, entire logic could be removed [C:/Users/yongj/Desktop/softmc_ddr4/hw/boards/ML605/instr_decoder.v:69]
WARNING: [Synth 8-6090] variable 'dfi_address' is written by both blocking and non-blocking assignments, entire logic could be removed [C:/Users/yongj/Desktop/softmc_ddr4/hw/boards/ML605/instr_decoder.v:70]
WARNING: [Synth 8-6090] variable 'dfi_address' is written by both blocking and non-blocking assignments, entire logic could be removed [C:/Users/yongj/Desktop/softmc_ddr4/hw/boards/ML605/instr_decoder.v:63]
INFO: [Common 17-14] Message 'Synth 8-6090' appears 100 times and further instances of the messages will be disabled. Use the Tcl command set_msg_config to change the current settings.
INFO: [Synth 8-6155] done synthesizing module 'instr_decoder' (12#1) [C:/Users/yongj/Desktop/softmc_ddr4/hw/boards/ML605/instr_decoder.v:5]
WARNING: [Synth 8-689] width (17) of port connection 'dfi_address' does not match port width (136) of module 'instr_decoder' [C:/Users/yongj/Desktop/softmc_ddr4/hw/boards/ML605/instr_dispatcher.v:337]
WARNING: [Synth 8-689] width (2) of port connection 'dfi_bank' does not match port width (16) of module 'instr_decoder' [C:/Users/yongj/Desktop/softmc_ddr4/hw/boards/ML605/instr_dispatcher.v:338]
WARNING: [Synth 8-689] width (1) of port connection 'dfi_cs_n' does not match port width (8) of module 'instr_decoder' [C:/Users/yongj/Desktop/softmc_ddr4/hw/boards/ML605/instr_dispatcher.v:340]
WARNING: [Synth 8-7071] port 'mc_ACT_n' of module 'instr_decoder' is unconnected for instance 'i_instr_dec1' [C:/Users/yongj/Desktop/softmc_ddr4/hw/boards/ML605/instr_dispatcher.v:333]
WARNING: [Synth 8-7071] port 'mcRdCAS' of module 'instr_decoder' is unconnected for instance 'i_instr_dec1' [C:/Users/yongj/Desktop/softmc_ddr4/hw/boards/ML605/instr_dispatcher.v:333]
WARNING: [Synth 8-7071] port 'mcWrCAS' of module 'instr_decoder' is unconnected for instance 'i_instr_dec1' [C:/Users/yongj/Desktop/softmc_ddr4/hw/boards/ML605/instr_dispatcher.v:333]
WARNING: [Synth 8-7023] instance 'i_instr_dec1' of module 'instr_decoder' has 11 connections declared, but only 8 given [C:/Users/yongj/Desktop/softmc_ddr4/hw/boards/ML605/instr_dispatcher.v:333]
INFO: [Synth 8-6155] done synthesizing module 'instr_dispatcher' (13#1) [C:/Users/yongj/Desktop/softmc_ddr4/hw/boards/ML605/instr_dispatcher.v:5]
INFO: [Synth 8-6155] done synthesizing module 'iseq_dispatcher' (14#1) [C:/Users/yongj/Desktop/softmc_ddr4/hw/boards/ML605/iseq_dispatcher.v:3]
INFO: [Synth 8-6157] synthesizing module 'rdback_fifo' [C:/Users/yongj/Desktop/softmc_ddr4/hw/boards/ML605/project_1/.Xil/Vivado-13680-DESKTOP-ILOVGO9/realtime/rdback_fifo_stub.v:6]
INFO: [Synth 8-6155] done synthesizing module 'rdback_fifo' (15#1) [C:/Users/yongj/Desktop/softmc_ddr4/hw/boards/ML605/project_1/.Xil/Vivado-13680-DESKTOP-ILOVGO9/realtime/rdback_fifo_stub.v:6]
WARNING: [Synth 8-7071] port 'wr_rst_busy' of module 'rdback_fifo' is unconnected for instance 'i_rdback_fifo' [C:/Users/yongj/Desktop/softmc_ddr4/hw/boards/ML605/softMC.v:271]
WARNING: [Synth 8-7071] port 'rd_rst_busy' of module 'rdback_fifo' is unconnected for instance 'i_rdback_fifo' [C:/Users/yongj/Desktop/softmc_ddr4/hw/boards/ML605/softMC.v:271]
WARNING: [Synth 8-7023] instance 'i_rdback_fifo' of module 'rdback_fifo' has 11 connections declared, but only 9 given [C:/Users/yongj/Desktop/softmc_ddr4/hw/boards/ML605/softMC.v:271]
INFO: [Synth 8-6157] synthesizing module 'read_capturer' [C:/Users/yongj/Desktop/softmc_ddr4/hw/boards/ML605/read_capturer.v:3]
	Parameter DQ_WIDTH bound to: 64 - type: integer 
INFO: [Synth 8-6155] done synthesizing module 'read_capturer' (16#1) [C:/Users/yongj/Desktop/softmc_ddr4/hw/boards/ML605/read_capturer.v:3]
INFO: [Synth 8-6155] done synthesizing module 'softMC' (17#1) [C:/Users/yongj/Desktop/softmc_ddr4/hw/boards/ML605/softMC.v:6]
WARNING: [Synth 8-7071] port 'iq_full' of module 'softMC' is unconnected for instance 'i_softmc' [C:/Users/yongj/Desktop/softmc_ddr4/hw/boards/ML605/softMC_top.v:530]
WARNING: [Synth 8-7023] instance 'i_softmc' of module 'softMC' has 44 connections declared, but only 43 given [C:/Users/yongj/Desktop/softmc_ddr4/hw/boards/ML605/softMC_top.v:530]
INFO: [Synth 8-6155] done synthesizing module 'softMC_top' (18#1) [C:/Users/yongj/Desktop/softmc_ddr4/hw/boards/ML605/softMC_top.v:5]
---------------------------------------------------------------------------------
Finished RTL Elaboration : Time (s): cpu = 00:00:05 ; elapsed = 00:00:05 . Memory (MB): peak = 2064.441 ; gain = 312.531
---------------------------------------------------------------------------------
---------------------------------------------------------------------------------
Start Handling Custom Attributes
---------------------------------------------------------------------------------
---------------------------------------------------------------------------------
Finished Handling Custom Attributes : Time (s): cpu = 00:00:06 ; elapsed = 00:00:06 . Memory (MB): peak = 2082.363 ; gain = 330.453
---------------------------------------------------------------------------------
---------------------------------------------------------------------------------
Finished RTL Optimization Phase 1 : Time (s): cpu = 00:00:06 ; elapsed = 00:00:06 . Memory (MB): peak = 2082.363 ; gain = 330.453
---------------------------------------------------------------------------------
INFO: [Project 1-454] Reading design checkpoint 'c:/Users/yongj/Desktop/softmc_ddr4/hw/boards/ML605/project_1/project_1.srcs/sources_1/ip/ddr4_0_2/ddr4_0.dcp' for cell 'u_ddr4_0'
INFO: [Project 1-454] Reading design checkpoint 'C:/Users/yongj/Desktop/softmc_ddr4/hw/boards/ML605/project_1/.Xil/Vivado-13680-DESKTOP-ILOVGO9/instr_fifo/instr_fifo.dcp' for cell 'i_softmc/i_instr0_fifo'
INFO: [Project 1-454] Reading design checkpoint 'c:/Users/yongj/Desktop/softmc_ddr4/hw/boards/ML605/project_1/project_1.srcs/sources_1/ip/rdback_fifo/rdback_fifo.dcp' for cell 'i_softmc/i_rdback_fifo'
Netlist sorting complete. Time (s): cpu = 00:00:01 ; elapsed = 00:00:01 . Memory (MB): peak = 2116.023 ; gain = 0.000
INFO: [Netlist 29-17] Analyzing 522 Unisim elements for replacement
INFO: [Netlist 29-28] Unisim Transformation completed in 0 CPU seconds
INFO: [Project 1-479] Netlist was created with Vivado 2020.2
INFO: [Project 1-570] Preparing netlist for logic optimization

Processing XDC Constraints
Initializing timing engine
Parsing XDC File [c:/Users/yongj/Desktop/softmc_ddr4/hw/boards/ML605/project_1/project_1.srcs/sources_1/ip/ddr4_0_2/bd_0/ip/ip_0/bd_9054_microblaze_I_0.xdc] for cell 'u_ddr4_0/inst/u_ddr_cal_riu/mcs0/inst/microblaze_I/U0'
Finished Parsing XDC File [c:/Users/yongj/Desktop/softmc_ddr4/hw/boards/ML605/project_1/project_1.srcs/sources_1/ip/ddr4_0_2/bd_0/ip/ip_0/bd_9054_microblaze_I_0.xdc] for cell 'u_ddr4_0/inst/u_ddr_cal_riu/mcs0/inst/microblaze_I/U0'
INFO: [Project 1-236] Implementation specific constraints were found while reading constraint file [c:/Users/yongj/Desktop/softmc_ddr4/hw/boards/ML605/project_1/project_1.srcs/sources_1/ip/ddr4_0_2/bd_0/ip/ip_0/bd_9054_microblaze_I_0.xdc]. These constraints will be ignored for synthesis but will be used in implementation. Impacted constraints are listed in the file [.Xil/softMC_top_propImpl.xdc].
Resolution: To avoid this warning, move constraints listed in [.Xil/softMC_top_propImpl.xdc] to another XDC file and exclude this new file from synthesis with the used_in_synthesis property (File Properties dialog in GUI) and re-run elaboration/synthesis.
Parsing XDC File [c:/Users/yongj/Desktop/softmc_ddr4/hw/boards/ML605/project_1/project_1.srcs/sources_1/ip/ddr4_0_2/bd_0/ip/ip_1/bd_9054_rst_0_0_board.xdc] for cell 'u_ddr4_0/inst/u_ddr_cal_riu/mcs0/inst/rst_0/U0'
Finished Parsing XDC File [c:/Users/yongj/Desktop/softmc_ddr4/hw/boards/ML605/project_1/project_1.srcs/sources_1/ip/ddr4_0_2/bd_0/ip/ip_1/bd_9054_rst_0_0_board.xdc] for cell 'u_ddr4_0/inst/u_ddr_cal_riu/mcs0/inst/rst_0/U0'
Parsing XDC File [c:/Users/yongj/Desktop/softmc_ddr4/hw/boards/ML605/project_1/project_1.srcs/sources_1/ip/ddr4_0_2/bd_0/ip/ip_1/bd_9054_rst_0_0.xdc] for cell 'u_ddr4_0/inst/u_ddr_cal_riu/mcs0/inst/rst_0/U0'
Finished Parsing XDC File [c:/Users/yongj/Desktop/softmc_ddr4/hw/boards/ML605/project_1/project_1.srcs/sources_1/ip/ddr4_0_2/bd_0/ip/ip_1/bd_9054_rst_0_0.xdc] for cell 'u_ddr4_0/inst/u_ddr_cal_riu/mcs0/inst/rst_0/U0'
Parsing XDC File [c:/Users/yongj/Desktop/softmc_ddr4/hw/boards/ML605/project_1/project_1.srcs/sources_1/ip/ddr4_0_2/bd_0/ip/ip_2/bd_9054_ilmb_0.xdc] for cell 'u_ddr4_0/inst/u_ddr_cal_riu/mcs0/inst/ilmb/U0'
Finished Parsing XDC File [c:/Users/yongj/Desktop/softmc_ddr4/hw/boards/ML605/project_1/project_1.srcs/sources_1/ip/ddr4_0_2/bd_0/ip/ip_2/bd_9054_ilmb_0.xdc] for cell 'u_ddr4_0/inst/u_ddr_cal_riu/mcs0/inst/ilmb/U0'
Parsing XDC File [c:/Users/yongj/Desktop/softmc_ddr4/hw/boards/ML605/project_1/project_1.srcs/sources_1/ip/ddr4_0_2/bd_0/ip/ip_3/bd_9054_dlmb_0.xdc] for cell 'u_ddr4_0/inst/u_ddr_cal_riu/mcs0/inst/dlmb/U0'
Finished Parsing XDC File [c:/Users/yongj/Desktop/softmc_ddr4/hw/boards/ML605/project_1/project_1.srcs/sources_1/ip/ddr4_0_2/bd_0/ip/ip_3/bd_9054_dlmb_0.xdc] for cell 'u_ddr4_0/inst/u_ddr_cal_riu/mcs0/inst/dlmb/U0'
Parsing XDC File [c:/Users/yongj/Desktop/softmc_ddr4/hw/boards/ML605/project_1/project_1.srcs/sources_1/ip/ddr4_0_2/bd_0/ip/ip_10/bd_9054_iomodule_0_0_board.xdc] for cell 'u_ddr4_0/inst/u_ddr_cal_riu/mcs0/inst/iomodule_0/U0'
Finished Parsing XDC File [c:/Users/yongj/Desktop/softmc_ddr4/hw/boards/ML605/project_1/project_1.srcs/sources_1/ip/ddr4_0_2/bd_0/ip/ip_10/bd_9054_iomodule_0_0_board.xdc] for cell 'u_ddr4_0/inst/u_ddr_cal_riu/mcs0/inst/iomodule_0/U0'
Parsing XDC File [c:/Users/yongj/Desktop/softmc_ddr4/hw/boards/ML605/project_1/project_1.srcs/sources_1/ip/ddr4_0_2/ip_0/ddr4_0_microblaze_mcs_board.xdc] for cell 'u_ddr4_0/inst/u_ddr_cal_riu/mcs0/inst'
Finished Parsing XDC File [c:/Users/yongj/Desktop/softmc_ddr4/hw/boards/ML605/project_1/project_1.srcs/sources_1/ip/ddr4_0_2/ip_0/ddr4_0_microblaze_mcs_board.xdc] for cell 'u_ddr4_0/inst/u_ddr_cal_riu/mcs0/inst'
Parsing XDC File [c:/Users/yongj/Desktop/softmc_ddr4/hw/boards/ML605/project_1/project_1.srcs/sources_1/ip/ddr4_0_2/par/ddr4_0.xdc] for cell 'u_ddr4_0/inst'
WARNING: [Designutils 20-1567] Use of 'set_false_path' with '-hold' is not supported by synthesis. The constraint will not be passed to synthesis. [c:/Users/yongj/Desktop/softmc_ddr4/hw/boards/ML605/project_1/project_1.srcs/sources_1/ip/ddr4_0_2/par/ddr4_0.xdc:257]
WARNING: [Designutils 20-1567] Use of 'set_false_path' with '-hold' is not supported by synthesis. The constraint will not be passed to synthesis. [c:/Users/yongj/Desktop/softmc_ddr4/hw/boards/ML605/project_1/project_1.srcs/sources_1/ip/ddr4_0_2/par/ddr4_0.xdc:258]
Finished Parsing XDC File [c:/Users/yongj/Desktop/softmc_ddr4/hw/boards/ML605/project_1/project_1.srcs/sources_1/ip/ddr4_0_2/par/ddr4_0.xdc] for cell 'u_ddr4_0/inst'
INFO: [Project 1-236] Implementation specific constraints were found while reading constraint file [c:/Users/yongj/Desktop/softmc_ddr4/hw/boards/ML605/project_1/project_1.srcs/sources_1/ip/ddr4_0_2/par/ddr4_0.xdc]. These constraints will be ignored for synthesis but will be used in implementation. Impacted constraints are listed in the file [.Xil/softMC_top_propImpl.xdc].
Resolution: To avoid this warning, move constraints listed in [.Xil/softMC_top_propImpl.xdc] to another XDC file and exclude this new file from synthesis with the used_in_synthesis property (File Properties dialog in GUI) and re-run elaboration/synthesis.
Parsing XDC File [c:/Users/yongj/Desktop/softmc_ddr4/hw/boards/ML605/project_1/project_1.srcs/sources_1/ip/instr_fifo/instr_fifo.xdc] for cell 'i_softmc/i_instr0_fifo/U0'
Finished Parsing XDC File [c:/Users/yongj/Desktop/softmc_ddr4/hw/boards/ML605/project_1/project_1.srcs/sources_1/ip/instr_fifo/instr_fifo.xdc] for cell 'i_softmc/i_instr0_fifo/U0'
Parsing XDC File [c:/Users/yongj/Desktop/softmc_ddr4/hw/boards/ML605/project_1/project_1.srcs/sources_1/ip/instr_fifo/instr_fifo.xdc] for cell 'i_softmc/i_instr1_fifo/U0'
Finished Parsing XDC File [c:/Users/yongj/Desktop/softmc_ddr4/hw/boards/ML605/project_1/project_1.srcs/sources_1/ip/instr_fifo/instr_fifo.xdc] for cell 'i_softmc/i_instr1_fifo/U0'
Parsing XDC File [c:/Users/yongj/Desktop/softmc_ddr4/hw/boards/ML605/project_1/project_1.srcs/sources_1/ip/rdback_fifo/rdback_fifo.xdc] for cell 'i_softmc/i_rdback_fifo/U0'
Finished Parsing XDC File [c:/Users/yongj/Desktop/softmc_ddr4/hw/boards/ML605/project_1/project_1.srcs/sources_1/ip/rdback_fifo/rdback_fifo.xdc] for cell 'i_softmc/i_rdback_fifo/U0'
INFO: [Timing 38-2] Deriving generated clocks
Parsing XDC File [c:/Users/yongj/Desktop/softmc_ddr4/hw/boards/ML605/project_1/project_1.srcs/sources_1/ip/ddr4_0_2/ddr4_0_board.xdc] for cell 'u_ddr4_0/inst'
Finished Parsing XDC File [c:/Users/yongj/Desktop/softmc_ddr4/hw/boards/ML605/project_1/project_1.srcs/sources_1/ip/ddr4_0_2/ddr4_0_board.xdc] for cell 'u_ddr4_0/inst'
Completed Processing XDC Constraints

Netlist sorting complete. Time (s): cpu = 00:00:00 ; elapsed = 00:00:00.013 . Memory (MB): peak = 2330.949 ; gain = 0.000
INFO: [Project 1-111] Unisim Transformation Summary:
  A total of 132 instances were transformed.
  DSP48E1 => DSP48E2 (DSP_ALU, DSP_A_B_DATA, DSP_C_DATA, DSP_MULTIPLIER, DSP_M_DATA, DSP_OUTPUT, DSP_PREADD, DSP_PREADD_DATA): 3 instances
  IBUFDS => IBUFDS (DIFFINBUF, IBUFCTRL): 1 instance 
  IOBUFDS => IOBUFDS (DIFFINBUF, IBUFCTRL, INV, OBUFT(x2)): 8 instances
  IOBUFE3 => IOBUFE3 (IBUFCTRL, INBUF, OBUFT_DCIEN): 72 instances
  LUT6_2 => LUT6_2 (LUT5, LUT6): 31 instances
  OBUFDS => OBUFDS_DUAL_BUF (INV, OBUF(x2)): 1 instance 
  RAM32M => RAM32M (RAMD32(x6), RAMS32(x2)): 16 instances

RTL Elaboration Complete:  : Time (s): cpu = 00:00:35 ; elapsed = 00:00:22 . Memory (MB): peak = 2698.914 ; gain = 947.004
55 Infos, 141 Warnings, 0 Critical Warnings and 0 Errors encountered.
synth_design completed successfully
synth_design: Time (s): cpu = 00:00:43 ; elapsed = 00:00:32 . Memory (MB): peak = 2698.914 ; gain = 1396.598
launch_simulation
Command: launch_simulation 
boost::filesystem::remove:           : "C:/Users/yongj/Desktop/softmc_ddr4/hw/boards/ML605/project_1/project_1.sim/sim_1/behav/xsim/simulate.log"
launch_simulation
Command: launch_simulation 
boost::filesystem::remove:           : "C:/Users/yongj/Desktop/softmc_ddr4/hw/boards/ML605/project_1/project_1.sim/sim_1/behav/xsim/simulate.log"
launch_simulation
Command: launch_simulation 
boost::filesystem::remove:           : "C:/Users/yongj/Desktop/softmc_ddr4/hw/boards/ML605/project_1/project_1.sim/sim_1/behav/xsim/simulate.log"
launch_simulation
Command: launch_simulation 
boost::filesystem::remove:           : "C:/Users/yongj/Desktop/softmc_ddr4/hw/boards/ML605/project_1/project_1.sim/sim_1/behav/xsim/simulate.log"
exit
INFO: [Common 17-206] Exiting Vivado at Mon Jul  5 16:33:42 2021...
