Copyright 1986-2020 Xilinx, Inc. All Rights Reserved.
-----------------------------------------------------------------------------------------------------------------
| Tool Version : Vivado v.2020.2 (win64) Build 3064766 Wed Nov 18 09:12:45 MST 2020
| Date         : Thu Jul 29 18:29:03 2021
| Host         : DESKTOP-ILOVGO9 running 64-bit major release  (build 9200)
| Command      : report_utilization -file softMC_top_utilization_placed.rpt -pb softMC_top_utilization_placed.pb
| Design       : softMC_top
| Device       : xcvu095ffvb2104-2
| Design State : Fully Placed
-----------------------------------------------------------------------------------------------------------------

Utilization Design Information

Table of Contents
-----------------
1. CLB Logic
1.1 Summary of Registers by Type
2. CLB Logic Distribution
3. BLOCKRAM
4. ARITHMETIC
5. I/O
6. CLOCK
7. ADVANCED
8. CONFIGURATION
9. Primitives
10. Black Boxes
11. Instantiated Netlists

1. CLB Logic
------------

+----------------------------+-------+-------+-----------+-------+
|          Site Type         |  Used | Fixed | Available | Util% |
+----------------------------+-------+-------+-----------+-------+
| CLB LUTs                   | 18220 |     0 |    537600 |  3.39 |
|   LUT as Logic             | 16727 |     0 |    537600 |  3.11 |
|   LUT as Memory            |  1493 |     0 |     76800 |  1.94 |
|     LUT as Distributed RAM |  1419 |     0 |           |       |
|     LUT as Shift Register  |    74 |     0 |           |       |
| CLB Registers              | 24592 |     0 |   1075200 |  2.29 |
|   Register as Flip Flop    | 24591 |     0 |   1075200 |  2.29 |
|   Register as Latch        |     0 |     0 |   1075200 |  0.00 |
|   Register as AND/OR       |     1 |     0 |   1075200 | <0.01 |
| CARRY8                     |   319 |     0 |     67200 |  0.47 |
| F7 Muxes                   |   365 |     0 |    268800 |  0.14 |
| F8 Muxes                   |     7 |     0 |    134400 | <0.01 |
| F9 Muxes                   |     0 |     0 |     67200 |  0.00 |
+----------------------------+-------+-------+-----------+-------+


1.1 Summary of Registers by Type
--------------------------------

+-------+--------------+-------------+--------------+
| Total | Clock Enable | Synchronous | Asynchronous |
+-------+--------------+-------------+--------------+
| 1     |            _ |           - |            - |
| 0     |            _ |           - |          Set |
| 0     |            _ |           - |        Reset |
| 0     |            _ |         Set |            - |
| 0     |            _ |       Reset |            - |
| 0     |          Yes |           - |            - |
| 70    |          Yes |           - |          Set |
| 255   |          Yes |           - |        Reset |
| 672   |          Yes |         Set |            - |
| 23594 |          Yes |       Reset |            - |
+-------+--------------+-------------+--------------+


2. CLB Logic Distribution
-------------------------

+--------------------------------------------+-------+-------+-----------+-------+
|                  Site Type                 |  Used | Fixed | Available | Util% |
+--------------------------------------------+-------+-------+-----------+-------+
| CLB                                        |  4111 |     0 |     67200 |  6.12 |
|   CLBL                                     |  3545 |     0 |           |       |
|   CLBM                                     |   566 |     0 |           |       |
| LUT as Logic                               | 16727 |     0 |    537600 |  3.11 |
|   using O5 output only                     |   351 |       |           |       |
|   using O6 output only                     | 12157 |       |           |       |
|   using O5 and O6                          |  4219 |       |           |       |
| LUT as Memory                              |  1493 |     0 |     76800 |  1.94 |
|   LUT as Distributed RAM                   |  1419 |     0 |           |       |
|     using O5 output only                   |     0 |       |           |       |
|     using O6 output only                   |    23 |       |           |       |
|     using O5 and O6                        |  1396 |       |           |       |
|   LUT as Shift Register                    |    74 |     0 |           |       |
|     using O5 output only                   |     0 |       |           |       |
|     using O6 output only                   |    24 |       |           |       |
|     using O5 and O6                        |    50 |       |           |       |
| CLB Registers                              | 24592 |     0 |   1075200 |  2.29 |
|   Register driven from within the CLB      | 13490 |       |           |       |
|   Register driven from outside the CLB     | 11102 |       |           |       |
|     LUT in front of the register is unused |  8271 |       |           |       |
|     LUT in front of the register is used   |  2831 |       |           |       |
| Unique Control Sets                        |   794 |       |    134400 |  0.59 |
+--------------------------------------------+-------+-------+-----------+-------+
* * Note: Available Control Sets calculated as Slices * 2, Review the Control Sets Report for more information regarding control sets.


3. BLOCKRAM
-----------

+-------------------+------+-------+-----------+-------+
|     Site Type     | Used | Fixed | Available | Util% |
+-------------------+------+-------+-----------+-------+
| Block RAM Tile    |   47 |     0 |      1728 |  2.72 |
|   RAMB36/FIFO*    |   40 |     2 |      1728 |  2.31 |
|     RAMB36E2 only |   40 |       |           |       |
|   RAMB18          |   14 |     8 |      3456 |  0.41 |
|     RAMB18E2 only |   14 |       |           |       |
+-------------------+------+-------+-----------+-------+
* Note: Each Block RAM Tile only has one FIFO logic available and therefore can accommodate only one FIFO36E2 or one FIFO18E2. However, if a FIFO18E2 occupies a Block RAM Tile, that tile can still accommodate a RAMB18E2


4. ARITHMETIC
-------------

+----------------+------+-------+-----------+-------+
|    Site Type   | Used | Fixed | Available | Util% |
+----------------+------+-------+-----------+-------+
| DSPs           |    3 |     0 |       768 |  0.39 |
|   DSP48E2 only |    3 |       |           |       |
+----------------+------+-------+-----------+-------+


5. I/O
------

+------------------+------+-------+-----------+-------+
|     Site Type    | Used | Fixed | Available | Util% |
+------------------+------+-------+-----------+-------+
| Bonded IOB       |  123 |   123 |       702 | 17.52 |
| HPIOB            |  118 |   118 |       650 | 18.15 |
|   INPUT          |    3 |       |           |       |
|   OUTPUT         |   27 |       |           |       |
|   BIDIR          |   88 |       |           |       |
| HRIO             |    5 |     5 |        52 |  9.62 |
|   INPUT          |    1 |       |           |       |
|   OUTPUT         |    4 |       |           |       |
|   BIDIR          |    0 |       |           |       |
| HPIOBDIFFINBUF   |    9 |     9 |       360 |  2.50 |
|   DIFFINBUF      |    9 |     9 |           |       |
| HPIOBDIFFOUTBUF  |    0 |     0 |       360 |  0.00 |
| HRIODIFFINBUF    |    0 |     0 |        24 |  0.00 |
| HRIODIFFOUTBUF   |    0 |     0 |        24 |  0.00 |
| BITSLICE_CONTROL |   22 |     0 |       128 | 17.19 |
| BITSLICE_RX_TX   |  105 |   105 |       832 | 12.62 |
|   RXTX_BITSLICE  |  105 |   105 |           |       |
| BITSLICE_TX      |   22 |     0 |       128 | 17.19 |
| RIU_OR           |   11 |     0 |        64 | 17.19 |
+------------------+------+-------+-----------+-------+


6. CLOCK
--------

+----------------------+------+-------+-----------+-------+
|       Site Type      | Used | Fixed | Available | Util% |
+----------------------+------+-------+-----------+-------+
| GLOBAL CLOCK BUFFERs |   10 |     0 |       960 |  1.04 |
|   BUFGCE             |    5 |     0 |       384 |  1.30 |
|   BUFGCE_DIV         |    0 |     0 |        64 |  0.00 |
|   BUFG_GT            |    5 |     0 |       384 |  1.30 |
|   BUFGCTRL*          |    0 |     0 |       128 |  0.00 |
| PLLE3_ADV            |    3 |     0 |        32 |  9.38 |
| MMCME3_ADV           |    1 |     1 |        16 |  6.25 |
+----------------------+------+-------+-----------+-------+
* Note: Each used BUFGCTRL counts as two GLOBAL CLOCK BUFFERs. This table does not include global clocking resources, only buffer cell usage. See the Clock Utilization Report (report_clock_utilization) for detailed accounting of global clocking resource availability.


7. ADVANCED
-----------

+-----------------+------+-------+-----------+-------+
|    Site Type    | Used | Fixed | Available | Util% |
+-----------------+------+-------+-----------+-------+
| CMAC            |    0 |     0 |         4 |  0.00 |
| GTHE3_CHANNEL   |    8 |     8 |        32 | 25.00 |
| GTHE3_COMMON    |    0 |     0 |         8 |  0.00 |
| GTYE3_CHANNEL   |    0 |     0 |        32 |  0.00 |
| GTYE3_COMMON    |    0 |     0 |         8 |  0.00 |
| IBUFDS_GTE3     |    1 |     1 |        32 |  3.13 |
| ILKN            |    0 |     0 |         6 |  0.00 |
| OBUFDS_GTE3     |    0 |     0 |        32 |  0.00 |
| OBUFDS_GTE3_ADV |    0 |     0 |        32 |  0.00 |
| PCIE_3_1        |    1 |     1 |         4 | 25.00 |
| SYSMONE1        |    0 |     0 |         1 |  0.00 |
+-----------------+------+-------+-----------+-------+


8. CONFIGURATION
----------------

+-------------+------+-------+-----------+-------+
|  Site Type  | Used | Fixed | Available | Util% |
+-------------+------+-------+-----------+-------+
| BSCANE2     |    1 |     0 |         4 | 25.00 |
| DNA_PORTE2  |    0 |     0 |         1 |  0.00 |
| EFUSE_USR   |    0 |     0 |         1 |  0.00 |
| FRAME_ECCE3 |    0 |     0 |         1 |  0.00 |
| ICAPE3      |    0 |     0 |         2 |  0.00 |
| MASTER_JTAG |    0 |     0 |         1 |  0.00 |
| STARTUPE3   |    0 |     0 |         1 |  0.00 |
+-------------+------+-------+-----------+-------+


9. Primitives
-------------

+------------------+-------+---------------------+
|     Ref Name     |  Used | Functional Category |
+------------------+-------+---------------------+
| FDRE             | 23594 |            Register |
| LUT6             |  6415 |                 CLB |
| LUT3             |  4454 |                 CLB |
| LUT4             |  4067 |                 CLB |
| LUT5             |  3716 |                 CLB |
| RAMD32           |  2450 |                 CLB |
| LUT2             |  1903 |                 CLB |
| FDSE             |   672 |            Register |
| LUT1             |   391 |                 CLB |
| MUXF7            |   365 |                 CLB |
| RAMS32           |   356 |                 CLB |
| CARRY8           |   319 |                 CLB |
| FDCE             |   255 |            Register |
| SRL16E           |   123 |                 CLB |
| RXTX_BITSLICE    |   105 |                 I/O |
| IBUFCTRL         |    82 |              Others |
| INBUF            |    73 |                 I/O |
| OBUFT_DCIEN      |    72 |                 I/O |
| FDPE             |    70 |            Register |
| RAMB36E2         |    40 |            BLOCKRAM |
| OBUF             |    30 |                 I/O |
| TX_BITSLICE_TRI  |    22 |                 I/O |
| BITSLICE_CONTROL |    22 |                 I/O |
| OBUFT            |    17 |                 I/O |
| RAMB18E2         |    14 |            BLOCKRAM |
| RIU_OR           |    11 |                 I/O |
| RAMS64E          |     9 |                 CLB |
| INV              |     9 |                 CLB |
| DIFFINBUF        |     9 |                 I/O |
| HPIO_VREF        |     8 |                 I/O |
| GTHE3_CHANNEL    |     8 |            Advanced |
| MUXF8            |     7 |                 CLB |
| BUFG_GT          |     5 |               Clock |
| BUFGCE           |     5 |               Clock |
| PLLE3_ADV        |     3 |               Clock |
| DSP48E2          |     3 |          Arithmetic |
| BUFG_GT_SYNC     |     2 |               Clock |
| SRLC32E          |     1 |                 CLB |
| PCIE_3_1         |     1 |            Advanced |
| MMCME3_ADV       |     1 |               Clock |
| IBUF_ANALOG      |     1 |                 I/O |
| IBUFDS_GTE3      |     1 |            Advanced |
| BSCANE2          |     1 |       Configuration |
| AND2B1L          |     1 |              Others |
+------------------+-------+---------------------+


10. Black Boxes
---------------

+----------+------+
| Ref Name | Used |
+----------+------+


11. Instantiated Netlists
-------------------------

+-------------+------+
|   Ref Name  | Used |
+-------------+------+
| xdma_0      |    1 |
| rdback_fifo |    1 |
| ddr4_0_phy  |    1 |
| ddr4_0      |    1 |
| dbg_hub     |    1 |
+-------------+------+


