Copyright 1986-2020 Xilinx, Inc. All Rights Reserved.
---------------------------------------------------------------------------------------------
| Tool Version      : Vivado v.2020.2 (win64) Build 3064766 Wed Nov 18 09:12:45 MST 2020
| Date              : Fri Jul 23 15:27:33 2021
| Host              : DESKTOP-ILOVGO9 running 64-bit major release  (build 9200)
| Command           : report_clock_utilization -file softMC_top_clock_utilization_routed.rpt
| Design            : softMC_top
| Device            : xcvu095-ffvb2104
| Speed File        : -2  PRODUCTION 1.26 12-04-2018
| Temperature Grade : E
| Design State      : Routed
---------------------------------------------------------------------------------------------

Clock Utilization Report

Table of Contents
-----------------
1. Clock Primitive Utilization
2. Global Clock Resources
3. Global Clock Source Details
4. Clock Regions : Clock Primitives
5. Clock Regions : Load Primitives
6. Clock Regions : Global Clock Summary
7. Clock Regions : Routing Resource Utilization
8. Device Cell Placement Summary for Global Clock g0
9. Device Cell Placement Summary for Global Clock g1
10. Device Cell Placement Summary for Global Clock g2
11. Device Cell Placement Summary for Global Clock g3
12. Device Cell Placement Summary for Global Clock g4
13. Device Cell Placement Summary for Global Clock g5
14. Device Cell Placement Summary for Global Clock g6
15. Device Cell Placement Summary for Global Clock g7
16. Device Cell Placement Summary for Global Clock g8
17. Device Cell Placement Summary for Global Clock g9
18. Clock Region Cell Placement per Global Clock: Region X2Y0
19. Clock Region Cell Placement per Global Clock: Region X3Y0
20. Clock Region Cell Placement per Global Clock: Region X4Y0
21. Clock Region Cell Placement per Global Clock: Region X3Y1
22. Clock Region Cell Placement per Global Clock: Region X4Y1
23. Clock Region Cell Placement per Global Clock: Region X2Y2
24. Clock Region Cell Placement per Global Clock: Region X3Y2
25. Clock Region Cell Placement per Global Clock: Region X3Y3

1. Clock Primitive Utilization
------------------------------

+------------+------+-----------+-----+--------------+--------+
| Type       | Used | Available | LOC | Clock Region | Pblock |
+------------+------+-----------+-----+--------------+--------+
| BUFGCE     |    5 |       384 |   0 |            0 |      0 |
| BUFGCE_DIV |    0 |        64 |   0 |            0 |      0 |
| BUFGCTRL   |    0 |       128 |   0 |            0 |      0 |
| BUFG_GT    |    5 |       384 |   0 |            0 |      0 |
| MMCM       |    1 |        16 |   1 |            0 |      0 |
| PLL        |    3 |        32 |   0 |            0 |      3 |
+------------+------+-----------+-----+--------------+--------+


2. Global Clock Resources
-------------------------

+-----------+-----------+-----------------+------------+---------------+--------------+------+-------------------+-------------------+-------------+-----------------+--------------+--------------------------------------------------------------------------------------------+---------------------------------------------------------------------------------------+---------------------------------------------------------------------------------+
| Global Id | Source Id | Driver Type/Pin | Constraint | Site          | Clock Region | Root | Clock Delay Group | Load Clock Region | Clock Loads | Non-Clock Loads | Clock Period | Clock                                                                                      | Driver Pin                                                                            | Net                                                                             |
+-----------+-----------+-----------------+------------+---------------+--------------+------+-------------------+-------------------+-------------+-----------------+--------------+--------------------------------------------------------------------------------------------+---------------------------------------------------------------------------------------+---------------------------------------------------------------------------------+
| g0        | src0      | BUFG_GT/O       | None       | BUFG_GT_X1Y47 | X4Y1         | X3Y0 |                   |                 5 |       12705 |               0 |        8.000 | axi_aclk                                                                                   | EP/xdma_0_i/inst/pcie3_ip_i/inst/xdma_0_pcie3_ip_gt_top_i/phy_clk_i/bufg_gt_userclk/O | EP/xdma_0_i/inst/pcie3_ip_i/inst/xdma_0_pcie3_ip_gt_top_i/phy_clk_i/CLK_USERCLK |
| g1        | src0      | BUFG_GT/O       | None       | BUFG_GT_X1Y36 | X4Y1         | X3Y0 |                   |                 2 |        1112 |               0 |        8.000 | pipe_clk                                                                                   | EP/xdma_0_i/inst/pcie3_ip_i/inst/xdma_0_pcie3_ip_gt_top_i/phy_clk_i/bufg_gt_pclk/O    | EP/xdma_0_i/inst/pcie3_ip_i/inst/xdma_0_pcie3_ip_gt_top_i/phy_clk_i/CLK_PCLK    |
| g2        | src0      | BUFG_GT/O       | None       | BUFG_GT_X1Y37 | X4Y1         | X3Y0 |                   |                 1 |          33 |               0 |        4.000 | txoutclk_out[0]                                                                            | EP/xdma_0_i/inst/pcie3_ip_i/inst/xdma_0_pcie3_ip_gt_top_i/phy_clk_i/bufg_gt_coreclk/O | EP/xdma_0_i/inst/pcie3_ip_i/inst/xdma_0_pcie3_ip_gt_top_i/phy_clk_i/CLK_CORECLK |
| g3        | src0      | BUFG_GT/O       | None       | BUFG_GT_X1Y29 | X4Y1         | X4Y0 |                   |                 1 |           1 |               0 |        8.000 | mcap_clk                                                                                   | EP/xdma_0_i/inst/pcie3_ip_i/inst/xdma_0_pcie3_ip_gt_top_i/bufg_mcap_clk/O             | EP/xdma_0_i/inst/pcie3_ip_i/inst/xdma_0_pcie3_ip_gt_top_i/MCAPCLK               |
| g4        | src1      | BUFGCE/O        | None       | BUFGCE_X1Y50  | X3Y2         | X3Y2 |                   |                 4 |       11165 |               3 |        4.284 | mmcm_clkout0                                                                               | u_ddr4_0/inst/u_ddr4_infrastructure/u_bufg_divClk/O                                   | u_ddr4_0/inst/u_ddr4_infrastructure/input_rst_mmcm_reg_0                        |
| g5        | src2      | BUFGCE/O        | None       | BUFGCE_X1Y48  | X3Y2         | X3Y2 |                   |                 3 |        1609 |               0 |        8.568 | mmcm_clkout6                                                                               | u_ddr4_0/inst/u_ddr4_infrastructure/u_bufg_riuClk/O                                   | u_ddr4_0/inst/u_ddr4_infrastructure/CLK                                         |
| g6        | src3      | BUFGCE/O        | None       | BUFGCE_X1Y51  | X3Y2         | X3Y2 |                   |                 1 |         550 |               0 |       17.136 | mmcm_clkout5                                                                               | u_ddr4_0/inst/u_ddr4_infrastructure/u_bufg_dbg_clk/O                                  | u_ddr4_0/inst/u_ddr4_infrastructure/dbg_clk                                     |
| g7        | src4      | BUFGCE/O        | None       | BUFGCE_X1Y31  | X3Y1         | X3Y1 |                   |                 3 |         460 |               0 |       33.000 | dbg_hub/inst/BSCANID.u_xsdbm_id/SWITCH_N_EXT_BSCAN.bscan_inst/SERIES7_BSCAN.bscan_inst/TCK | dbg_hub/inst/BSCANID.u_xsdbm_id/SWITCH_N_EXT_BSCAN.u_bufg_icon_tck/O                  | dbg_hub/inst/BSCANID.u_xsdbm_id/itck_i                                          |
| g8        | src5      | BUFG_GT/O       | None       | BUFG_GT_X1Y30 | X4Y1         | X4Y0 |                   |                 2 |         285 |               0 |       10.000 | sys_clk_p                                                                                  | EP/xdma_0_i/inst/pcie3_ip_i/inst/bufg_gt_sysclk/O                                     | EP/xdma_0_i/inst/pcie3_ip_i/inst/bufg_gt_sysclk_n_0                             |
| g9        | src6      | BUFGCE/O        | None       | BUFGCE_X1Y49  | X3Y2         | X3Y1 |                   |                 1 |          17 |               0 |        9.996 | c0_sys_clk_p                                                                               | u_ddr4_0/inst/u_ddr4_infrastructure/u_bufg_inst/O                                     | u_ddr4_0/inst/u_ddr4_infrastructure/sys_clk_in_bufg                             |
+-----------+-----------+-----------------+------------+---------------+--------------+------+-------------------+-------------------+-------------+-----------------+--------------+--------------------------------------------------------------------------------------------+---------------------------------------------------------------------------------------+---------------------------------------------------------------------------------+
* Clock Loads column represents the clock pin loads (pin count)
** Non-Clock Loads column represents the non-clock pin loads (pin count)


3. Global Clock Source Details
------------------------------

+-----------+-----------+------------------------+--------------------+--------------------+--------------+-------------+-----------------+---------------------+--------------------------------------------------------------------------------------------+-----------------------------------------------------------------------------------------------------------------------------------------------------------------------------------------------------------------------------------------------------------------------------------------------------------------------------------------------------------------+----------------------------------------------------------------------------------------------------------------------------------------------------------------------------------------------------------------------------------------------------------------------------------------------------+
| Source Id | Global Id | Driver Type/Pin        | Constraint         | Site               | Clock Region | Clock Loads | Non-Clock Loads | Source Clock Period | Source Clock                                                                               | Driver Pin                                                                                                                                                                                                                                                                                                                                                      | Net                                                                                                                                                                                                                                                                                                |
+-----------+-----------+------------------------+--------------------+--------------------+--------------+-------------+-----------------+---------------------+--------------------------------------------------------------------------------------------+-----------------------------------------------------------------------------------------------------------------------------------------------------------------------------------------------------------------------------------------------------------------------------------------------------------------------------------------------------------------+----------------------------------------------------------------------------------------------------------------------------------------------------------------------------------------------------------------------------------------------------------------------------------------------------+
| src0      | g0        | GTHE3_CHANNEL/TXOUTCLK | GTHE3_CHANNEL_X0Y7 | GTHE3_CHANNEL_X0Y7 | X4Y1         |           5 |               0 |               4.000 | txoutclk_out[0]                                                                            | EP/xdma_0_i/inst/pcie3_ip_i/inst/xdma_0_pcie3_ip_gt_top_i/gt_wizard.gtwizard_top_i/xdma_0_pcie3_ip_gt_i/inst/gen_gtwizard_gthe3_top.xdma_0_pcie3_ip_gt_gtwizard_gthe3_inst/gen_gtwizard_gthe3.gen_channel_container[1].gen_enabled_channel.gthe3_channel_wrapper_inst/channel_inst/gthe3_channel_gen.gen_gthe3_channel_inst[3].GTHE3_CHANNEL_PRIM_INST/TXOUTCLK | EP/xdma_0_i/inst/pcie3_ip_i/inst/xdma_0_pcie3_ip_gt_top_i/gt_wizard.gtwizard_top_i/xdma_0_pcie3_ip_gt_i/inst/gen_gtwizard_gthe3_top.xdma_0_pcie3_ip_gt_gtwizard_gthe3_inst/gen_gtwizard_gthe3.gen_channel_container[1].gen_enabled_channel.gthe3_channel_wrapper_inst/channel_inst/txoutclk_out[0] |
| src0      | g1        | GTHE3_CHANNEL/TXOUTCLK | GTHE3_CHANNEL_X0Y7 | GTHE3_CHANNEL_X0Y7 | X4Y1         |           5 |               0 |               4.000 | txoutclk_out[0]                                                                            | EP/xdma_0_i/inst/pcie3_ip_i/inst/xdma_0_pcie3_ip_gt_top_i/gt_wizard.gtwizard_top_i/xdma_0_pcie3_ip_gt_i/inst/gen_gtwizard_gthe3_top.xdma_0_pcie3_ip_gt_gtwizard_gthe3_inst/gen_gtwizard_gthe3.gen_channel_container[1].gen_enabled_channel.gthe3_channel_wrapper_inst/channel_inst/gthe3_channel_gen.gen_gthe3_channel_inst[3].GTHE3_CHANNEL_PRIM_INST/TXOUTCLK | EP/xdma_0_i/inst/pcie3_ip_i/inst/xdma_0_pcie3_ip_gt_top_i/gt_wizard.gtwizard_top_i/xdma_0_pcie3_ip_gt_i/inst/gen_gtwizard_gthe3_top.xdma_0_pcie3_ip_gt_gtwizard_gthe3_inst/gen_gtwizard_gthe3.gen_channel_container[1].gen_enabled_channel.gthe3_channel_wrapper_inst/channel_inst/txoutclk_out[0] |
| src0      | g2        | GTHE3_CHANNEL/TXOUTCLK | GTHE3_CHANNEL_X0Y7 | GTHE3_CHANNEL_X0Y7 | X4Y1         |           5 |               0 |               4.000 | txoutclk_out[0]                                                                            | EP/xdma_0_i/inst/pcie3_ip_i/inst/xdma_0_pcie3_ip_gt_top_i/gt_wizard.gtwizard_top_i/xdma_0_pcie3_ip_gt_i/inst/gen_gtwizard_gthe3_top.xdma_0_pcie3_ip_gt_gtwizard_gthe3_inst/gen_gtwizard_gthe3.gen_channel_container[1].gen_enabled_channel.gthe3_channel_wrapper_inst/channel_inst/gthe3_channel_gen.gen_gthe3_channel_inst[3].GTHE3_CHANNEL_PRIM_INST/TXOUTCLK | EP/xdma_0_i/inst/pcie3_ip_i/inst/xdma_0_pcie3_ip_gt_top_i/gt_wizard.gtwizard_top_i/xdma_0_pcie3_ip_gt_i/inst/gen_gtwizard_gthe3_top.xdma_0_pcie3_ip_gt_gtwizard_gthe3_inst/gen_gtwizard_gthe3.gen_channel_container[1].gen_enabled_channel.gthe3_channel_wrapper_inst/channel_inst/txoutclk_out[0] |
| src0      | g3        | GTHE3_CHANNEL/TXOUTCLK | GTHE3_CHANNEL_X0Y7 | GTHE3_CHANNEL_X0Y7 | X4Y1         |           5 |               0 |               4.000 | txoutclk_out[0]                                                                            | EP/xdma_0_i/inst/pcie3_ip_i/inst/xdma_0_pcie3_ip_gt_top_i/gt_wizard.gtwizard_top_i/xdma_0_pcie3_ip_gt_i/inst/gen_gtwizard_gthe3_top.xdma_0_pcie3_ip_gt_gtwizard_gthe3_inst/gen_gtwizard_gthe3.gen_channel_container[1].gen_enabled_channel.gthe3_channel_wrapper_inst/channel_inst/gthe3_channel_gen.gen_gthe3_channel_inst[3].GTHE3_CHANNEL_PRIM_INST/TXOUTCLK | EP/xdma_0_i/inst/pcie3_ip_i/inst/xdma_0_pcie3_ip_gt_top_i/gt_wizard.gtwizard_top_i/xdma_0_pcie3_ip_gt_i/inst/gen_gtwizard_gthe3_top.xdma_0_pcie3_ip_gt_gtwizard_gthe3_inst/gen_gtwizard_gthe3.gen_channel_container[1].gen_enabled_channel.gthe3_channel_wrapper_inst/channel_inst/txoutclk_out[0] |
| src1      | g4        | MMCME3_ADV/CLKOUT0     | MMCME3_ADV_X1Y2    | MMCME3_ADV_X1Y2    | X3Y2         |           1 |               0 |               4.284 | mmcm_clkout0                                                                               | u_ddr4_0/inst/u_ddr4_infrastructure/gen_mmcme3.u_mmcme_adv_inst/CLKOUT0                                                                                                                                                                                                                                                                                         | u_ddr4_0/inst/u_ddr4_infrastructure/mmcm_clkout0                                                                                                                                                                                                                                                   |
| src2      | g5        | MMCME3_ADV/CLKOUT6     | MMCME3_ADV_X1Y2    | MMCME3_ADV_X1Y2    | X3Y2         |           1 |               0 |               8.568 | mmcm_clkout6                                                                               | u_ddr4_0/inst/u_ddr4_infrastructure/gen_mmcme3.u_mmcme_adv_inst/CLKOUT6                                                                                                                                                                                                                                                                                         | u_ddr4_0/inst/u_ddr4_infrastructure/mmcm_clkout6                                                                                                                                                                                                                                                   |
| src3      | g6        | MMCME3_ADV/CLKOUT5     | MMCME3_ADV_X1Y2    | MMCME3_ADV_X1Y2    | X3Y2         |           1 |               0 |              17.136 | mmcm_clkout5                                                                               | u_ddr4_0/inst/u_ddr4_infrastructure/gen_mmcme3.u_mmcme_adv_inst/CLKOUT5                                                                                                                                                                                                                                                                                         | u_ddr4_0/inst/u_ddr4_infrastructure/mmcm_clkout5                                                                                                                                                                                                                                                   |
| src4      | g7        | BSCANE2/TCK            | None               | CONFIG_SITE_X0Y0   | X4Y1         |           1 |               0 |              33.000 | dbg_hub/inst/BSCANID.u_xsdbm_id/SWITCH_N_EXT_BSCAN.bscan_inst/SERIES7_BSCAN.bscan_inst/TCK | dbg_hub/inst/BSCANID.u_xsdbm_id/SWITCH_N_EXT_BSCAN.bscan_inst/SERIES7_BSCAN.bscan_inst/TCK                                                                                                                                                                                                                                                                      | dbg_hub/inst/BSCANID.u_xsdbm_id/SWITCH_N_EXT_BSCAN.bscan_inst/tck_bs                                                                                                                                                                                                                               |
| src5      | g8        | IBUFDS_GTE3/ODIV2      | GTHE3_COMMON_X0Y1  | GTHE3_COMMON_X0Y1  | X4Y1         |           2 |               0 |              10.000 | sys_clk_p                                                                                  | EP/refclk_ibuf/ODIV2                                                                                                                                                                                                                                                                                                                                            | EP/sys_clk                                                                                                                                                                                                                                                                                         |
| src6      | g9        | IBUFCTRL/O             | IOB_X1Y125         | IOB_X1Y125         | X3Y2         |           1 |               1 |               9.996 | c0_sys_clk_p                                                                               | u_ddr4_0/inst/u_mig_ddr4_phy/inst/u_ddr4_phy_pll/diff_input_clk.u_ibufg_sys_clk/IBUFCTRL_INST/O                                                                                                                                                                                                                                                                 | u_ddr4_0/inst/u_mig_ddr4_phy/inst/u_ddr4_phy_pll/diff_input_clk.u_ibufg_sys_clk/O                                                                                                                                                                                                                  |
+-----------+-----------+------------------------+--------------------+--------------------+--------------+-------------+-----------------+---------------------+--------------------------------------------------------------------------------------------+-----------------------------------------------------------------------------------------------------------------------------------------------------------------------------------------------------------------------------------------------------------------------------------------------------------------------------------------------------------------+----------------------------------------------------------------------------------------------------------------------------------------------------------------------------------------------------------------------------------------------------------------------------------------------------+
* Clock Loads column represents the clock pin loads (pin count)
** Non-Clock Loads column represents the non-clock pin loads (pin count)


4. Clock Regions : Clock Primitives
-----------------------------------

+-------------------+---------------+---------------+---------------+---------------+---------------+---------------+---------------+
|                   |  Global Clock |     BUFGCE    |   BUFGCE_DIV  |    BUFGCTRL   |    BUFG_GT    |      MMCM     |      PLL      |
+-------------------+-------+-------+-------+-------+-------+-------+-------+-------+-------+-------+-------+-------+-------+-------+
| Clock Region Name | Used  | Avail | Used  | Avail | Used  | Avail | Used  | Avail | Used  | Avail | Used  | Avail | Used  | Avail |
+-------------------+-------+-------+-------+-------+-------+-------+-------+-------+-------+-------+-------+-------+-------+-------+
| X0Y0              |     0 |    24 |     0 |     0 |     0 |     0 |     0 |     0 |     0 |    24 |     0 |     0 |     0 |     0 |
| X1Y0              |     0 |    24 |     0 |     0 |     0 |     0 |     0 |     0 |     0 |     0 |     0 |     0 |     0 |     0 |
| X2Y0              |     1 |    24 |     0 |    24 |     0 |     4 |     0 |     8 |     0 |     0 |     0 |     1 |     0 |     2 |
| X3Y0              |     4 |    24 |     0 |    24 |     0 |     4 |     0 |     8 |     0 |     0 |     0 |     1 |     0 |     2 |
| X4Y0              |     5 |    24 |     0 |     0 |     0 |     0 |     0 |     0 |     0 |    24 |     0 |     0 |     0 |     0 |
| X0Y1              |     0 |    24 |     0 |     0 |     0 |     0 |     0 |     0 |     0 |    24 |     0 |     0 |     0 |     0 |
| X1Y1              |     0 |    24 |     0 |     0 |     0 |     0 |     0 |     0 |     0 |     0 |     0 |     0 |     0 |     0 |
| X2Y1              |     0 |    24 |     0 |    24 |     0 |     4 |     0 |     8 |     0 |     0 |     0 |     1 |     0 |     2 |
| X3Y1              |     7 |    24 |     1 |    24 |     0 |     4 |     0 |     8 |     0 |     0 |     0 |     1 |     0 |     2 |
| X4Y1              |     4 |    24 |     0 |     0 |     0 |     0 |     0 |     0 |     5 |    24 |     0 |     0 |     0 |     0 |
| X0Y2              |     0 |    24 |     0 |     0 |     0 |     0 |     0 |     0 |     0 |    24 |     0 |     0 |     0 |     0 |
| X1Y2              |     0 |    24 |     0 |     0 |     0 |     0 |     0 |     0 |     0 |     0 |     0 |     0 |     0 |     0 |
| X2Y2              |     1 |    24 |     0 |    24 |     0 |     4 |     0 |     8 |     0 |     0 |     0 |     1 |     0 |     2 |
| X3Y2              |     6 |    24 |     4 |    24 |     0 |     4 |     0 |     8 |     0 |     0 |     1 |     1 |     0 |     2 |
| X4Y2              |     0 |    24 |     0 |     0 |     0 |     0 |     0 |     0 |     0 |    24 |     0 |     0 |     0 |     0 |
| X0Y3              |     0 |    24 |     0 |     0 |     0 |     0 |     0 |     0 |     0 |    24 |     0 |     0 |     0 |     0 |
| X1Y3              |     0 |    24 |     0 |     0 |     0 |     0 |     0 |     0 |     0 |     0 |     0 |     0 |     0 |     0 |
| X2Y3              |     0 |    24 |     0 |    24 |     0 |     4 |     0 |     8 |     0 |     0 |     0 |     1 |     0 |     2 |
| X3Y3              |     3 |    24 |     0 |    24 |     0 |     4 |     0 |     8 |     0 |     0 |     0 |     1 |     0 |     2 |
| X4Y3              |     0 |    24 |     0 |     0 |     0 |     0 |     0 |     0 |     0 |    24 |     0 |     0 |     0 |     0 |
| X0Y4              |     0 |    24 |     0 |     0 |     0 |     0 |     0 |     0 |     0 |    24 |     0 |     0 |     0 |     0 |
| X1Y4              |     0 |    24 |     0 |     0 |     0 |     0 |     0 |     0 |     0 |     0 |     0 |     0 |     0 |     0 |
| X2Y4              |     0 |    24 |     0 |    24 |     0 |     4 |     0 |     8 |     0 |     0 |     0 |     1 |     0 |     2 |
| X3Y4              |     0 |    24 |     0 |    24 |     0 |     4 |     0 |     8 |     0 |     0 |     0 |     1 |     0 |     2 |
| X4Y4              |     0 |    24 |     0 |     0 |     0 |     0 |     0 |     0 |     0 |    24 |     0 |     0 |     0 |     0 |
| X0Y5              |     0 |    24 |     0 |     0 |     0 |     0 |     0 |     0 |     0 |    24 |     0 |     0 |     0 |     0 |
| X1Y5              |     0 |    24 |     0 |     0 |     0 |     0 |     0 |     0 |     0 |     0 |     0 |     0 |     0 |     0 |
| X2Y5              |     0 |    24 |     0 |    24 |     0 |     4 |     0 |     8 |     0 |     0 |     0 |     1 |     0 |     2 |
| X3Y5              |     0 |    24 |     0 |    24 |     0 |     4 |     0 |     8 |     0 |     0 |     0 |     1 |     0 |     2 |
| X4Y5              |     0 |    24 |     0 |     0 |     0 |     0 |     0 |     0 |     0 |    24 |     0 |     0 |     0 |     0 |
| X0Y6              |     0 |    24 |     0 |     0 |     0 |     0 |     0 |     0 |     0 |    24 |     0 |     0 |     0 |     0 |
| X1Y6              |     0 |    24 |     0 |     0 |     0 |     0 |     0 |     0 |     0 |     0 |     0 |     0 |     0 |     0 |
| X2Y6              |     0 |    24 |     0 |    24 |     0 |     4 |     0 |     8 |     0 |     0 |     0 |     1 |     0 |     2 |
| X3Y6              |     0 |    24 |     0 |    24 |     0 |     4 |     0 |     8 |     0 |     0 |     0 |     1 |     0 |     2 |
| X4Y6              |     0 |    24 |     0 |     0 |     0 |     0 |     0 |     0 |     0 |    24 |     0 |     0 |     0 |     0 |
| X0Y7              |     0 |    24 |     0 |     0 |     0 |     0 |     0 |     0 |     0 |    24 |     0 |     0 |     0 |     0 |
| X1Y7              |     0 |    24 |     0 |     0 |     0 |     0 |     0 |     0 |     0 |     0 |     0 |     0 |     0 |     0 |
| X2Y7              |     0 |    24 |     0 |    24 |     0 |     4 |     0 |     8 |     0 |     0 |     0 |     1 |     0 |     2 |
| X3Y7              |     0 |    24 |     0 |    24 |     0 |     4 |     0 |     8 |     0 |     0 |     0 |     1 |     0 |     2 |
| X4Y7              |     0 |    24 |     0 |     0 |     0 |     0 |     0 |     0 |     0 |    24 |     0 |     0 |     0 |     0 |
+-------------------+-------+-------+-------+-------+-------+-------+-------+-------+-------+-------+-------+-------+-------+-------+
* Global Clock column represents track count; while other columns represents cell counts


5. Clock Regions : Load Primitives
----------------------------------

+-------------------+------------------+------------------+------------------+------------------+------------------+------------------+------------------+
|                   |   Global Clock   |        FF        |      LUTRAM      |  Block RAM (18K) |        DSP       |        GT        |      HARD IP     |
+-------------------+--------+---------+--------+---------+--------+---------+--------+---------+--------+---------+--------+---------+--------+---------+
| Clock Region Name | Used   | Avail   | Used   | Avail   | Used   | Avail   | Used   | Avail   | Used   | Avail   | Used   | Avail   | Used   | Avail   |
+-------------------+--------+---------+--------+---------+--------+---------+--------+---------+--------+---------+--------+---------+--------+---------+
| X0Y0              |      0 |      24 |      0 |   24000 |      0 |    1440 |      0 |      72 |      0 |      24 |      0 |       4 |      0 |       1 |
| X1Y0              |      0 |      24 |      0 |   29760 |      0 |    2400 |      0 |      96 |      0 |      24 |      0 |       0 |      0 |       0 |
| X2Y0              |      1 |      24 |     22 |   28800 |      0 |    1920 |      0 |      96 |      0 |      24 |      0 |       0 |      0 |       0 |
| X3Y0              |      4 |      24 |   3205 |   28800 |      4 |    1920 |     16 |      96 |      0 |      24 |      0 |       0 |      0 |       0 |
| X4Y0              |      5 |      24 |   7362 |   23040 |      4 |    1920 |     30 |      72 |      0 |       0 |      4 |       4 |      1 |       1 |
| X0Y1              |      0 |      24 |      0 |   24000 |      0 |    1440 |      0 |      72 |      0 |      24 |      0 |       4 |      0 |       1 |
| X1Y1              |      0 |      24 |      0 |   29760 |      0 |    2400 |      0 |      96 |      0 |      24 |      0 |       0 |      0 |       0 |
| X2Y1              |      0 |      24 |      0 |   28800 |      0 |    1920 |      0 |      96 |      0 |      24 |      0 |       0 |      0 |       0 |
| X3Y1              |      7 |      24 |   9389 |   28800 |     69 |    1920 |     56 |      96 |      3 |      24 |      0 |       0 |      0 |       0 |
| X4Y1              |      4 |      24 |   2449 |   23040 |      0 |    1920 |      4 |      72 |      0 |       0 |      4 |       4 |      0 |       0 |
| X0Y2              |      0 |      24 |      0 |   24000 |      0 |    1440 |      0 |      72 |      0 |      24 |      0 |       4 |      0 |       1 |
| X1Y2              |      0 |      24 |      0 |   29760 |      0 |    2400 |      0 |      96 |      0 |      24 |      0 |       0 |      0 |       0 |
| X2Y2              |      1 |      24 |      1 |   28800 |      0 |    1920 |      0 |      96 |      0 |      24 |      0 |       0 |      0 |       0 |
| X3Y2              |      6 |      24 |   3841 |   28800 |     49 |    1920 |     28 |      96 |      0 |      24 |      0 |       0 |      0 |       0 |
| X4Y2              |      0 |      24 |      0 |   23040 |      0 |    1920 |      0 |      72 |      0 |       0 |      0 |       4 |      0 |       0 |
| X0Y3              |      0 |      24 |      0 |   24000 |      0 |    1440 |      0 |      72 |      0 |      24 |      0 |       4 |      0 |       1 |
| X1Y3              |      0 |      24 |      0 |   29760 |      0 |    2400 |      0 |      96 |      0 |      24 |      0 |       0 |      0 |       0 |
| X2Y3              |      0 |      24 |      0 |   28800 |      0 |    1920 |      0 |      96 |      0 |      24 |      0 |       0 |      0 |       0 |
| X3Y3              |      3 |      24 |    976 |   28800 |      0 |    1920 |      0 |      96 |      0 |      24 |      0 |       0 |      0 |       0 |
| X4Y3              |      0 |      24 |      0 |   23040 |      0 |    1920 |      0 |      72 |      0 |       0 |      0 |       4 |      0 |       1 |
| X0Y4              |      0 |      24 |      0 |   24000 |      0 |    1440 |      0 |      72 |      0 |      24 |      0 |       4 |      0 |       1 |
| X1Y4              |      0 |      24 |      0 |   29760 |      0 |    2400 |      0 |      96 |      0 |      24 |      0 |       0 |      0 |       0 |
| X2Y4              |      0 |      24 |      0 |   28800 |      0 |    1920 |      0 |      96 |      0 |      24 |      0 |       0 |      0 |       0 |
| X3Y4              |      0 |      24 |      0 |   28800 |      0 |    1920 |      0 |      96 |      0 |      24 |      0 |       0 |      0 |       0 |
| X4Y4              |      0 |      24 |      0 |   23040 |      0 |    1920 |      0 |      72 |      0 |       0 |      0 |       4 |      0 |       1 |
| X0Y5              |      0 |      24 |      0 |   24000 |      0 |    1440 |      0 |      72 |      0 |      24 |      0 |       4 |      0 |       1 |
| X1Y5              |      0 |      24 |      0 |   29760 |      0 |    2400 |      0 |      96 |      0 |      24 |      0 |       0 |      0 |       0 |
| X2Y5              |      0 |      24 |      0 |   28800 |      0 |    1920 |      0 |      96 |      0 |      24 |      0 |       0 |      0 |       0 |
| X3Y5              |      0 |      24 |      0 |   28800 |      0 |    1920 |      0 |      96 |      0 |      24 |      0 |       0 |      0 |       0 |
| X4Y5              |      0 |      24 |      0 |   23040 |      0 |    1920 |      0 |      72 |      0 |       0 |      0 |       4 |      0 |       1 |
| X0Y6              |      0 |      24 |      0 |   24000 |      0 |    1440 |      0 |      72 |      0 |      24 |      0 |       4 |      0 |       1 |
| X1Y6              |      0 |      24 |      0 |   29760 |      0 |    2400 |      0 |      96 |      0 |      24 |      0 |       0 |      0 |       0 |
| X2Y6              |      0 |      24 |      0 |   28800 |      0 |    1920 |      0 |      96 |      0 |      24 |      0 |       0 |      0 |       0 |
| X3Y6              |      0 |      24 |      0 |   28800 |      0 |    1920 |      0 |      96 |      0 |      24 |      0 |       0 |      0 |       0 |
| X4Y6              |      0 |      24 |      0 |   23040 |      0 |    1920 |      0 |      72 |      0 |       0 |      0 |       4 |      0 |       1 |
| X0Y7              |      0 |      24 |      0 |   24000 |      0 |    1440 |      0 |      72 |      0 |      24 |      0 |       4 |      0 |       1 |
| X1Y7              |      0 |      24 |      0 |   29760 |      0 |    2400 |      0 |      96 |      0 |      24 |      0 |       0 |      0 |       0 |
| X2Y7              |      0 |      24 |      0 |   28800 |      0 |    1920 |      0 |      96 |      0 |      24 |      0 |       0 |      0 |       0 |
| X3Y7              |      0 |      24 |      0 |   28800 |      0 |    1920 |      0 |      96 |      0 |      24 |      0 |       0 |      0 |       0 |
| X4Y7              |      0 |      24 |      0 |   23040 |      0 |    1920 |      0 |      72 |      0 |       0 |      0 |       4 |      0 |       1 |
+-------------------+--------+---------+--------+---------+--------+---------+--------+---------+--------+---------+--------+---------+--------+---------+
* Global Clock column represents track count; while other columns represents cell counts


6. Clock Regions : Global Clock Summary
---------------------------------------

All Modules
+----+----+----+----+----+----+
|    | X0 | X1 | X2 | X3 | X4 |
+----+----+----+----+----+----+
| Y7 |  0 |  0 |  0 |  0 |  0 |
| Y6 |  0 |  0 |  0 |  0 |  0 |
| Y5 |  0 |  0 |  0 |  0 |  0 |
| Y4 |  0 |  0 |  0 |  0 |  0 |
| Y3 |  0 |  0 |  0 |  2 |  0 |
| Y2 |  0 |  0 |  1 |  5 |  0 |
| Y1 |  0 |  0 |  0 |  7 |  6 |
| Y0 |  0 |  0 |  1 |  3 |  5 |
+----+----+----+----+----+----+


7. Clock Regions : Routing Resource Utilization
-----------------------------------------------

All Modules
+-------------------+----------------------+----------------------+----------------------+----------------------+
|                   |        HROUTES       |        HDISTRS       |        VROUTES       |        VDISTRS       |
+-------------------+------+-------+-------+------+-------+-------+------+-------+-------+------+-------+-------+
| Clock Region Name | Used | Avail | Util% | Used | Avail | Util% | Used | Avail | Util% | Used | Avail | Util% |
+-------------------+------+-------+-------+------+-------+-------+------+-------+-------+------+-------+-------+
| X0Y0              |    0 |    24 |  0.00 |    0 |    24 |  0.00 |    0 |    24 |  0.00 |    0 |    24 |  0.00 |
| X1Y0              |    0 |    24 |  0.00 |    0 |    24 |  0.00 |    0 |    24 |  0.00 |    0 |    24 |  0.00 |
| X2Y0              |    0 |    24 |  0.00 |    1 |    24 |  4.17 |    0 |    24 |  0.00 |    0 |    24 |  0.00 |
| X3Y0              |    0 |    24 |  0.00 |    4 |    24 | 16.67 |    3 |    24 | 12.50 |    3 |    24 | 12.50 |
| X4Y0              |    0 |    24 |  0.00 |    5 |    24 | 20.83 |    2 |    24 |  8.33 |    2 |    24 |  8.33 |
| X0Y1              |    0 |    24 |  0.00 |    0 |    24 |  0.00 |    0 |    24 |  0.00 |    0 |    24 |  0.00 |
| X1Y1              |    0 |    24 |  0.00 |    0 |    24 |  0.00 |    0 |    24 |  0.00 |    0 |    24 |  0.00 |
| X2Y1              |    0 |    24 |  0.00 |    0 |    24 |  0.00 |    0 |    24 |  0.00 |    0 |    24 |  0.00 |
| X3Y1              |    3 |    24 | 12.50 |    7 |    24 | 29.17 |    4 |    24 | 16.67 |    4 |    24 | 16.67 |
| X4Y1              |   10 |    24 | 41.67 |    4 |    24 | 16.67 |    2 |    24 |  8.33 |    0 |    24 |  0.00 |
| X0Y2              |    0 |    24 |  0.00 |    0 |    24 |  0.00 |    0 |    24 |  0.00 |    0 |    24 |  0.00 |
| X1Y2              |    0 |    24 |  0.00 |    0 |    24 |  0.00 |    0 |    24 |  0.00 |    0 |    24 |  0.00 |
| X2Y2              |    0 |    24 |  0.00 |    1 |    24 |  4.17 |    0 |    24 |  0.00 |    0 |    24 |  0.00 |
| X3Y2              |    1 |    24 |  4.17 |    6 |    24 | 25.00 |    1 |    24 |  4.17 |    2 |    24 |  8.33 |
| X4Y2              |    0 |    24 |  0.00 |    0 |    24 |  0.00 |    0 |    24 |  0.00 |    0 |    24 |  0.00 |
| X0Y3              |    0 |    24 |  0.00 |    0 |    24 |  0.00 |    0 |    24 |  0.00 |    0 |    24 |  0.00 |
| X1Y3              |    0 |    24 |  0.00 |    0 |    24 |  0.00 |    0 |    24 |  0.00 |    0 |    24 |  0.00 |
| X2Y3              |    0 |    24 |  0.00 |    0 |    24 |  0.00 |    0 |    24 |  0.00 |    0 |    24 |  0.00 |
| X3Y3              |    0 |    24 |  0.00 |    3 |    24 | 12.50 |    0 |    24 |  0.00 |    0 |    24 |  0.00 |
| X4Y3              |    0 |    24 |  0.00 |    0 |    24 |  0.00 |    0 |    24 |  0.00 |    0 |    24 |  0.00 |
| X0Y4              |    0 |    24 |  0.00 |    0 |    24 |  0.00 |    0 |    24 |  0.00 |    0 |    24 |  0.00 |
| X1Y4              |    0 |    24 |  0.00 |    0 |    24 |  0.00 |    0 |    24 |  0.00 |    0 |    24 |  0.00 |
| X2Y4              |    0 |    24 |  0.00 |    0 |    24 |  0.00 |    0 |    24 |  0.00 |    0 |    24 |  0.00 |
| X3Y4              |    0 |    24 |  0.00 |    0 |    24 |  0.00 |    0 |    24 |  0.00 |    0 |    24 |  0.00 |
| X4Y4              |    0 |    24 |  0.00 |    0 |    24 |  0.00 |    0 |    24 |  0.00 |    0 |    24 |  0.00 |
| X0Y5              |    0 |    24 |  0.00 |    0 |    24 |  0.00 |    0 |    24 |  0.00 |    0 |    24 |  0.00 |
| X1Y5              |    0 |    24 |  0.00 |    0 |    24 |  0.00 |    0 |    24 |  0.00 |    0 |    24 |  0.00 |
| X2Y5              |    0 |    24 |  0.00 |    0 |    24 |  0.00 |    0 |    24 |  0.00 |    0 |    24 |  0.00 |
| X3Y5              |    0 |    24 |  0.00 |    0 |    24 |  0.00 |    0 |    24 |  0.00 |    0 |    24 |  0.00 |
| X4Y5              |    0 |    24 |  0.00 |    0 |    24 |  0.00 |    0 |    24 |  0.00 |    0 |    24 |  0.00 |
| X0Y6              |    0 |    24 |  0.00 |    0 |    24 |  0.00 |    0 |    24 |  0.00 |    0 |    24 |  0.00 |
| X1Y6              |    0 |    24 |  0.00 |    0 |    24 |  0.00 |    0 |    24 |  0.00 |    0 |    24 |  0.00 |
| X2Y6              |    0 |    24 |  0.00 |    0 |    24 |  0.00 |    0 |    24 |  0.00 |    0 |    24 |  0.00 |
| X3Y6              |    0 |    24 |  0.00 |    0 |    24 |  0.00 |    0 |    24 |  0.00 |    0 |    24 |  0.00 |
| X4Y6              |    0 |    24 |  0.00 |    0 |    24 |  0.00 |    0 |    24 |  0.00 |    0 |    24 |  0.00 |
| X0Y7              |    0 |    24 |  0.00 |    0 |    24 |  0.00 |    0 |    24 |  0.00 |    0 |    24 |  0.00 |
| X1Y7              |    0 |    24 |  0.00 |    0 |    24 |  0.00 |    0 |    24 |  0.00 |    0 |    24 |  0.00 |
| X2Y7              |    0 |    24 |  0.00 |    0 |    24 |  0.00 |    0 |    24 |  0.00 |    0 |    24 |  0.00 |
| X3Y7              |    0 |    24 |  0.00 |    0 |    24 |  0.00 |    0 |    24 |  0.00 |    0 |    24 |  0.00 |
| X4Y7              |    0 |    24 |  0.00 |    0 |    24 |  0.00 |    0 |    24 |  0.00 |    0 |    24 |  0.00 |
+-------------------+------+-------+-------+------+-------+-------+------+-------+-------+------+-------+-------+


8. Device Cell Placement Summary for Global Clock g0
----------------------------------------------------

+-----------+-----------------+-------------------+----------+-------------+---------------+----------+-------------+----------+----------------+----------+---------------------------------------------------------------------------------+
| Global Id | Driver Type/Pin | Driver Region (D) | Clock    | Period (ns) | Waveform (ns) | Root (R) | Slice Loads | IO Loads | Clocking Loads | GT Loads | Net                                                                             |
+-----------+-----------------+-------------------+----------+-------------+---------------+----------+-------------+----------+----------------+----------+---------------------------------------------------------------------------------+
| g0        | BUFG_GT/O       | X4Y1              | axi_aclk |       8.000 | {0.000 4.000} | X3Y0     |       12475 |        0 |              0 |        0 | EP/xdma_0_i/inst/pcie3_ip_i/inst/xdma_0_pcie3_ip_gt_top_i/phy_clk_i/CLK_USERCLK |
+-----------+-----------------+-------------------+----------+-------------+---------------+----------+-------------+----------+----------------+----------+---------------------------------------------------------------------------------+
* Slice Loads column represents load cell count of all cell types other than IO, GT and clock resources
** IO Loads column represents load cell count of IO types
*** Clocking Loads column represents load cell count that are clock resources (global clock buffer, MMCM, PLL, etc)
**** GT Loads column represents load cell count of GT types


+----+----+----+-----+----------+-----------+-----------------------+
|    | X0 | X1 | X2  | X3       | X4        | HORIZONTAL PROG DELAY |
+----+----+----+-----+----------+-----------+-----------------------+
| Y7 |  0 |  0 |   0 |        0 |         0 |                     0 |
| Y6 |  0 |  0 |   0 |        0 |         0 |                     0 |
| Y5 |  0 |  0 |   0 |        0 |         0 |                     0 |
| Y4 |  0 |  0 |   0 |        0 |         0 |                     0 |
| Y3 |  0 |  0 |   0 |        0 |         0 |                     0 |
| Y2 |  0 |  0 |   0 |        0 |         0 |                     0 |
| Y1 |  0 |  0 |   0 |      920 |  (D) 2290 |                     0 |
| Y0 |  0 |  0 |  22 | (R) 3217 |      6026 |                     0 |
+----+----+----+-----+----------+-----------+-----------------------+


9. Device Cell Placement Summary for Global Clock g1
----------------------------------------------------

+-----------+-----------------+-------------------+----------+-------------+---------------+----------+-------------+----------+----------------+----------+------------------------------------------------------------------------------+
| Global Id | Driver Type/Pin | Driver Region (D) | Clock    | Period (ns) | Waveform (ns) | Root (R) | Slice Loads | IO Loads | Clocking Loads | GT Loads | Net                                                                          |
+-----------+-----------------+-------------------+----------+-------------+---------------+----------+-------------+----------+----------------+----------+------------------------------------------------------------------------------+
| g1        | BUFG_GT/O       | X4Y1              | pipe_clk |       8.000 | {0.000 4.000} | X3Y0     |        1080 |        0 |              0 |        8 | EP/xdma_0_i/inst/pcie3_ip_i/inst/xdma_0_pcie3_ip_gt_top_i/phy_clk_i/CLK_PCLK |
+-----------+-----------------+-------------------+----------+-------------+---------------+----------+-------------+----------+----------------+----------+------------------------------------------------------------------------------+
* Slice Loads column represents load cell count of all cell types other than IO, GT and clock resources
** IO Loads column represents load cell count of IO types
*** Clocking Loads column represents load cell count that are clock resources (global clock buffer, MMCM, PLL, etc)
**** GT Loads column represents load cell count of GT types


+----+----+----+----+-------+--------+-----------------------+
|    | X0 | X1 | X2 | X3    | X4     | HORIZONTAL PROG DELAY |
+----+----+----+----+-------+--------+-----------------------+
| Y7 |  0 |  0 |  0 |     0 |      0 |                     0 |
| Y6 |  0 |  0 |  0 |     0 |      0 |                     0 |
| Y5 |  0 |  0 |  0 |     0 |      0 |                     0 |
| Y4 |  0 |  0 |  0 |     0 |      0 |                     0 |
| Y3 |  0 |  0 |  0 |     0 |      0 |                     0 |
| Y2 |  0 |  0 |  0 |     0 |      0 |                     0 |
| Y1 |  0 |  0 |  0 |     0 |  (D) 4 |                     0 |
| Y0 |  0 |  0 |  0 | (R) 0 |   1084 |                     0 |
+----+----+----+----+-------+--------+-----------------------+


10. Device Cell Placement Summary for Global Clock g2
-----------------------------------------------------

+-----------+-----------------+-------------------+-----------------+-------------+---------------+----------+-------------+----------+----------------+----------+---------------------------------------------------------------------------------+
| Global Id | Driver Type/Pin | Driver Region (D) | Clock           | Period (ns) | Waveform (ns) | Root (R) | Slice Loads | IO Loads | Clocking Loads | GT Loads | Net                                                                             |
+-----------+-----------------+-------------------+-----------------+-------------+---------------+----------+-------------+----------+----------------+----------+---------------------------------------------------------------------------------+
| g2        | BUFG_GT/O       | X4Y1              | txoutclk_out[0] |       4.000 | {0.000 2.000} | X3Y0     |          15 |        0 |              0 |        0 | EP/xdma_0_i/inst/pcie3_ip_i/inst/xdma_0_pcie3_ip_gt_top_i/phy_clk_i/CLK_CORECLK |
+-----------+-----------------+-------------------+-----------------+-------------+---------------+----------+-------------+----------+----------------+----------+---------------------------------------------------------------------------------+
* Slice Loads column represents load cell count of all cell types other than IO, GT and clock resources
** IO Loads column represents load cell count of IO types
*** Clocking Loads column represents load cell count that are clock resources (global clock buffer, MMCM, PLL, etc)
**** GT Loads column represents load cell count of GT types


+----+----+----+----+-------+--------+-----------------------+
|    | X0 | X1 | X2 | X3    | X4     | HORIZONTAL PROG DELAY |
+----+----+----+----+-------+--------+-----------------------+
| Y7 |  0 |  0 |  0 |     0 |      0 |                     0 |
| Y6 |  0 |  0 |  0 |     0 |      0 |                     0 |
| Y5 |  0 |  0 |  0 |     0 |      0 |                     0 |
| Y4 |  0 |  0 |  0 |     0 |      0 |                     0 |
| Y3 |  0 |  0 |  0 |     0 |      0 |                     0 |
| Y2 |  0 |  0 |  0 |     0 |      0 |                     0 |
| Y1 |  0 |  0 |  0 |     0 |  (D) 0 |                     0 |
| Y0 |  0 |  0 |  0 | (R) 0 |     15 |                     0 |
+----+----+----+----+-------+--------+-----------------------+


11. Device Cell Placement Summary for Global Clock g3
-----------------------------------------------------

+-----------+-----------------+-------------------+----------+-------------+---------------+----------+-------------+----------+----------------+----------+-------------------------------------------------------------------+
| Global Id | Driver Type/Pin | Driver Region (D) | Clock    | Period (ns) | Waveform (ns) | Root (R) | Slice Loads | IO Loads | Clocking Loads | GT Loads | Net                                                               |
+-----------+-----------------+-------------------+----------+-------------+---------------+----------+-------------+----------+----------------+----------+-------------------------------------------------------------------+
| g3        | BUFG_GT/O       | X4Y1              | mcap_clk |       8.000 | {0.000 4.000} | X4Y0     |           1 |        0 |              0 |        0 | EP/xdma_0_i/inst/pcie3_ip_i/inst/xdma_0_pcie3_ip_gt_top_i/MCAPCLK |
+-----------+-----------------+-------------------+----------+-------------+---------------+----------+-------------+----------+----------------+----------+-------------------------------------------------------------------+
* Slice Loads column represents load cell count of all cell types other than IO, GT and clock resources
** IO Loads column represents load cell count of IO types
*** Clocking Loads column represents load cell count that are clock resources (global clock buffer, MMCM, PLL, etc)
**** GT Loads column represents load cell count of GT types


+----+----+----+----+----+--------+-----------------------+
|    | X0 | X1 | X2 | X3 | X4     | HORIZONTAL PROG DELAY |
+----+----+----+----+----+--------+-----------------------+
| Y7 |  0 |  0 |  0 |  0 |      0 |                     0 |
| Y6 |  0 |  0 |  0 |  0 |      0 |                     0 |
| Y5 |  0 |  0 |  0 |  0 |      0 |                     0 |
| Y4 |  0 |  0 |  0 |  0 |      0 |                     0 |
| Y3 |  0 |  0 |  0 |  0 |      0 |                     0 |
| Y2 |  0 |  0 |  0 |  0 |      0 |                     0 |
| Y1 |  0 |  0 |  0 |  0 |  (D) 0 |                     0 |
| Y0 |  0 |  0 |  0 |  0 |  (R) 1 |                     0 |
+----+----+----+----+----+--------+-----------------------+


12. Device Cell Placement Summary for Global Clock g4
-----------------------------------------------------

+-----------+-----------------+-------------------+--------------+-------------+---------------+----------+-------------+----------+----------------+----------+----------------------------------------------------------+
| Global Id | Driver Type/Pin | Driver Region (D) | Clock        | Period (ns) | Waveform (ns) | Root (R) | Slice Loads | IO Loads | Clocking Loads | GT Loads | Net                                                      |
+-----------+-----------------+-------------------+--------------+-------------+---------------+----------+-------------+----------+----------------+----------+----------------------------------------------------------+
| g4        | BUFGCE/O        | X3Y2              | mmcm_clkout0 |       4.284 | {0.000 2.142} | X3Y2     |       11147 |        0 |              3 |        0 | u_ddr4_0/inst/u_ddr4_infrastructure/input_rst_mmcm_reg_0 |
+-----------+-----------------+-------------------+--------------+-------------+---------------+----------+-------------+----------+----------------+----------+----------------------------------------------------------+
* Slice Loads column represents load cell count of all cell types other than IO, GT and clock resources
** IO Loads column represents load cell count of IO types
*** Clocking Loads column represents load cell count that are clock resources (global clock buffer, MMCM, PLL, etc)
**** GT Loads column represents load cell count of GT types


+----+----+----+----+--------------+------+-----------------------+
|    | X0 | X1 | X2 | X3           | X4   | HORIZONTAL PROG DELAY |
+----+----+----+----+--------------+------+-----------------------+
| Y7 |  0 |  0 |  0 |            0 |    0 |                     0 |
| Y6 |  0 |  0 |  0 |            0 |    0 |                     0 |
| Y5 |  0 |  0 |  0 |            0 |    0 |                     0 |
| Y4 |  0 |  0 |  0 |            0 |    0 |                     0 |
| Y3 |  0 |  0 |  0 |          932 |    0 |                     1 |
| Y2 |  0 |  0 |  0 | (R) (D) 2267 |    0 |                     1 |
| Y1 |  0 |  0 |  0 |         7790 |  161 |                     0 |
| Y0 |  0 |  0 |  0 |            0 |    0 |                     0 |
+----+----+----+----+--------------+------+-----------------------+


13. Device Cell Placement Summary for Global Clock g5
-----------------------------------------------------

+-----------+-----------------+-------------------+--------------+-------------+---------------+----------+-------------+----------+----------------+----------+-----------------------------------------+
| Global Id | Driver Type/Pin | Driver Region (D) | Clock        | Period (ns) | Waveform (ns) | Root (R) | Slice Loads | IO Loads | Clocking Loads | GT Loads | Net                                     |
+-----------+-----------------+-------------------+--------------+-------------+---------------+----------+-------------+----------+----------------+----------+-----------------------------------------+
| g5        | BUFGCE/O        | X3Y2              | mmcm_clkout6 |       8.568 | {0.000 4.284} | X3Y2     |        1569 |        0 |              0 |        0 | u_ddr4_0/inst/u_ddr4_infrastructure/CLK |
+-----------+-----------------+-------------------+--------------+-------------+---------------+----------+-------------+----------+----------------+----------+-----------------------------------------+
* Slice Loads column represents load cell count of all cell types other than IO, GT and clock resources
** IO Loads column represents load cell count of IO types
*** Clocking Loads column represents load cell count that are clock resources (global clock buffer, MMCM, PLL, etc)
**** GT Loads column represents load cell count of GT types


+----+----+----+----+-------------+----+-----------------------+
|    | X0 | X1 | X2 | X3          | X4 | HORIZONTAL PROG DELAY |
+----+----+----+----+-------------+----+-----------------------+
| Y7 |  0 |  0 |  0 |           0 |  0 |                     0 |
| Y6 |  0 |  0 |  0 |           0 |  0 |                     0 |
| Y5 |  0 |  0 |  0 |           0 |  0 |                     0 |
| Y4 |  0 |  0 |  0 |           0 |  0 |                     0 |
| Y3 |  0 |  0 |  0 |          93 |  0 |                     0 |
| Y2 |  0 |  0 |  0 | (R) (D) 679 |  0 |                     0 |
| Y1 |  0 |  0 |  0 |         797 |  0 |                     0 |
| Y0 |  0 |  0 |  0 |           0 |  0 |                     0 |
+----+----+----+----+-------------+----+-----------------------+


14. Device Cell Placement Summary for Global Clock g6
-----------------------------------------------------

+-----------+-----------------+-------------------+--------------+-------------+---------------+----------+-------------+----------+----------------+----------+---------------------------------------------+
| Global Id | Driver Type/Pin | Driver Region (D) | Clock        | Period (ns) | Waveform (ns) | Root (R) | Slice Loads | IO Loads | Clocking Loads | GT Loads | Net                                         |
+-----------+-----------------+-------------------+--------------+-------------+---------------+----------+-------------+----------+----------------+----------+---------------------------------------------+
| g6        | BUFGCE/O        | X3Y2              | mmcm_clkout5 |      17.136 | {0.000 8.568} | X3Y2     |         548 |        0 |              0 |        0 | u_ddr4_0/inst/u_ddr4_infrastructure/dbg_clk |
+-----------+-----------------+-------------------+--------------+-------------+---------------+----------+-------------+----------+----------------+----------+---------------------------------------------+
* Slice Loads column represents load cell count of all cell types other than IO, GT and clock resources
** IO Loads column represents load cell count of IO types
*** Clocking Loads column represents load cell count that are clock resources (global clock buffer, MMCM, PLL, etc)
**** GT Loads column represents load cell count of GT types


+----+----+----+----+-------------+----+-----------------------+
|    | X0 | X1 | X2 | X3          | X4 | HORIZONTAL PROG DELAY |
+----+----+----+----+-------------+----+-----------------------+
| Y7 |  0 |  0 |  0 |           0 |  0 |                     0 |
| Y6 |  0 |  0 |  0 |           0 |  0 |                     0 |
| Y5 |  0 |  0 |  0 |           0 |  0 |                     0 |
| Y4 |  0 |  0 |  0 |           0 |  0 |                     0 |
| Y3 |  0 |  0 |  0 |           0 |  0 |                     0 |
| Y2 |  0 |  0 |  0 | (R) (D) 548 |  0 |                     0 |
| Y1 |  0 |  0 |  0 |           0 |  0 |                     0 |
| Y0 |  0 |  0 |  0 |           0 |  0 |                     0 |
+----+----+----+----+-------------+----+-----------------------+


15. Device Cell Placement Summary for Global Clock g7
-----------------------------------------------------

+-----------+-----------------+-------------------+--------------------------------------------------------------------------------------------+-------------+----------------+----------+-------------+----------+----------------+----------+----------------------------------------+
| Global Id | Driver Type/Pin | Driver Region (D) | Clock                                                                                      | Period (ns) | Waveform (ns)  | Root (R) | Slice Loads | IO Loads | Clocking Loads | GT Loads | Net                                    |
+-----------+-----------------+-------------------+--------------------------------------------------------------------------------------------+-------------+----------------+----------+-------------+----------+----------------+----------+----------------------------------------+
| g7        | BUFGCE/O        | X3Y1              | dbg_hub/inst/BSCANID.u_xsdbm_id/SWITCH_N_EXT_BSCAN.bscan_inst/SERIES7_BSCAN.bscan_inst/TCK |      33.000 | {0.000 16.500} | X3Y1     |         458 |        0 |              0 |        0 | dbg_hub/inst/BSCANID.u_xsdbm_id/itck_i |
+-----------+-----------------+-------------------+--------------------------------------------------------------------------------------------+-------------+----------------+----------+-------------+----------+----------------+----------+----------------------------------------+
* Slice Loads column represents load cell count of all cell types other than IO, GT and clock resources
** IO Loads column represents load cell count of IO types
*** Clocking Loads column represents load cell count that are clock resources (global clock buffer, MMCM, PLL, etc)
**** GT Loads column represents load cell count of GT types


+----+----+----+----+------------+----+-----------------------+
|    | X0 | X1 | X2 | X3         | X4 | HORIZONTAL PROG DELAY |
+----+----+----+----+------------+----+-----------------------+
| Y7 |  0 |  0 |  0 |          0 |  0 |                     0 |
| Y6 |  0 |  0 |  0 |          0 |  0 |                     0 |
| Y5 |  0 |  0 |  0 |          0 |  0 |                     0 |
| Y4 |  0 |  0 |  0 |          0 |  0 |                     0 |
| Y3 |  0 |  0 |  0 |          0 |  0 |                     0 |
| Y2 |  0 |  0 |  1 |        442 |  0 |                     0 |
| Y1 |  0 |  0 |  0 | (R) (D) 15 |  0 |                     0 |
| Y0 |  0 |  0 |  0 |          0 |  0 |                     0 |
+----+----+----+----+------------+----+-----------------------+


16. Device Cell Placement Summary for Global Clock g8
-----------------------------------------------------

+-----------+-----------------+-------------------+-----------+-------------+---------------+----------+-------------+----------+----------------+----------+-----------------------------------------------------+
| Global Id | Driver Type/Pin | Driver Region (D) | Clock     | Period (ns) | Waveform (ns) | Root (R) | Slice Loads | IO Loads | Clocking Loads | GT Loads | Net                                                 |
+-----------+-----------------+-------------------+-----------+-------------+---------------+----------+-------------+----------+----------------+----------+-----------------------------------------------------+
| g8        | BUFG_GT/O       | X4Y1              | sys_clk_p |      10.000 | {0.000 5.000} | X4Y0     |         269 |        0 |              0 |        8 | EP/xdma_0_i/inst/pcie3_ip_i/inst/bufg_gt_sysclk_n_0 |
+-----------+-----------------+-------------------+-----------+-------------+---------------+----------+-------------+----------+----------------+----------+-----------------------------------------------------+
* Slice Loads column represents load cell count of all cell types other than IO, GT and clock resources
** IO Loads column represents load cell count of IO types
*** Clocking Loads column represents load cell count that are clock resources (global clock buffer, MMCM, PLL, etc)
**** GT Loads column represents load cell count of GT types


+----+----+----+----+----+---------+-----------------------+
|    | X0 | X1 | X2 | X3 | X4      | HORIZONTAL PROG DELAY |
+----+----+----+----+----+---------+-----------------------+
| Y7 |  0 |  0 |  0 |  0 |       0 |                     0 |
| Y6 |  0 |  0 |  0 |  0 |       0 |                     0 |
| Y5 |  0 |  0 |  0 |  0 |       0 |                     0 |
| Y4 |  0 |  0 |  0 |  0 |       0 |                     0 |
| Y3 |  0 |  0 |  0 |  0 |       0 |                     0 |
| Y2 |  0 |  0 |  0 |  0 |       0 |                     0 |
| Y1 |  0 |  0 |  0 |  0 |   (D) 4 |                     0 |
| Y0 |  0 |  0 |  0 |  0 | (R) 273 |                     0 |
+----+----+----+----+----+---------+-----------------------+


17. Device Cell Placement Summary for Global Clock g9
-----------------------------------------------------

+-----------+-----------------+-------------------+--------------+-------------+---------------+----------+-------------+----------+----------------+----------+-----------------------------------------------------+
| Global Id | Driver Type/Pin | Driver Region (D) | Clock        | Period (ns) | Waveform (ns) | Root (R) | Slice Loads | IO Loads | Clocking Loads | GT Loads | Net                                                 |
+-----------+-----------------+-------------------+--------------+-------------+---------------+----------+-------------+----------+----------------+----------+-----------------------------------------------------+
| g9        | BUFGCE/O        | X3Y2              | c0_sys_clk_p |       9.996 | {0.000 4.998} | X3Y1     |          17 |        0 |              0 |        0 | u_ddr4_0/inst/u_ddr4_infrastructure/sys_clk_in_bufg |
+-----------+-----------------+-------------------+--------------+-------------+---------------+----------+-------------+----------+----------------+----------+-----------------------------------------------------+
* Slice Loads column represents load cell count of all cell types other than IO, GT and clock resources
** IO Loads column represents load cell count of IO types
*** Clocking Loads column represents load cell count that are clock resources (global clock buffer, MMCM, PLL, etc)
**** GT Loads column represents load cell count of GT types


+----+----+----+----+--------+----+-----------------------+
|    | X0 | X1 | X2 | X3     | X4 | HORIZONTAL PROG DELAY |
+----+----+----+----+--------+----+-----------------------+
| Y7 |  0 |  0 |  0 |      0 |  0 |                     0 |
| Y6 |  0 |  0 |  0 |      0 |  0 |                     0 |
| Y5 |  0 |  0 |  0 |      0 |  0 |                     0 |
| Y4 |  0 |  0 |  0 |      0 |  0 |                     0 |
| Y3 |  0 |  0 |  0 |      0 |  0 |                     0 |
| Y2 |  0 |  0 |  0 |  (D) 0 |  0 |                     0 |
| Y1 |  0 |  0 |  0 | (R) 17 |  0 |                     0 |
| Y0 |  0 |  0 |  0 |      0 |  0 |                     0 |
+----+----+----+----+--------+----+-----------------------+


18. Clock Region Cell Placement per Global Clock: Region X2Y0
-------------------------------------------------------------

+-----------+-------+-----------------+------------+-------------+-----------------+----+--------+------+-----+----+------+-----+---------+---------------------------------------------------------------------------------+
| Global Id | Track | Driver Type/Pin | Constraint | Clock Loads | Non-Clock Loads | FF | LUTRAM | RAMB | DSP | GT | MMCM | PLL | Hard IP | Net                                                                             |
+-----------+-------+-----------------+------------+-------------+-----------------+----+--------+------+-----+----+------+-----+---------+---------------------------------------------------------------------------------+
| g0        | 23    | BUFG_GT/O       | None       |          22 |               0 | 22 |      0 |    0 |   0 |  0 |    0 |   0 |       0 | EP/xdma_0_i/inst/pcie3_ip_i/inst/xdma_0_pcie3_ip_gt_top_i/phy_clk_i/CLK_USERCLK |
+-----------+-------+-----------------+------------+-------------+-----------------+----+--------+------+-----+----+------+-----+---------+---------------------------------------------------------------------------------+
* Clock Loads column represents the clock pin loads (pin count)
** Non-Clock Loads column represents the non-clock pin loads (pin count)
*** Columns FF, LUTRAM, RAMB through 'Hard IP' represents load cell counts


19. Clock Region Cell Placement per Global Clock: Region X3Y0
-------------------------------------------------------------

+-----------+-------+-----------------+------------+-------------+-----------------+------+--------+------+-----+----+------+-----+---------+---------------------------------------------------------------------------------+
| Global Id | Track | Driver Type/Pin | Constraint | Clock Loads | Non-Clock Loads | FF   | LUTRAM | RAMB | DSP | GT | MMCM | PLL | Hard IP | Net                                                                             |
+-----------+-------+-----------------+------------+-------------+-----------------+------+--------+------+-----+----+------+-----+---------+---------------------------------------------------------------------------------+
| g0        | 23    | BUFG_GT/O       | None       |        3217 |               0 | 3205 |      4 |    8 |   0 |  0 |    0 |   0 |       0 | EP/xdma_0_i/inst/pcie3_ip_i/inst/xdma_0_pcie3_ip_gt_top_i/phy_clk_i/CLK_USERCLK |
| g1+       | 12    | BUFG_GT/O       | None       |           0 |               0 |    0 |      0 |    0 |   0 |  0 |    0 |   0 |       0 | EP/xdma_0_i/inst/pcie3_ip_i/inst/xdma_0_pcie3_ip_gt_top_i/phy_clk_i/CLK_PCLK    |
| g2+       | 13    | BUFG_GT/O       | None       |           0 |               0 |    0 |      0 |    0 |   0 |  0 |    0 |   0 |       0 | EP/xdma_0_i/inst/pcie3_ip_i/inst/xdma_0_pcie3_ip_gt_top_i/phy_clk_i/CLK_CORECLK |
+-----------+-------+-----------------+------------+-------------+-----------------+------+--------+------+-----+----+------+-----+---------+---------------------------------------------------------------------------------+
* Clock Loads column represents the clock pin loads (pin count)
** Non-Clock Loads column represents the non-clock pin loads (pin count)
*** Columns FF, LUTRAM, RAMB through 'Hard IP' represents load cell counts
**** In Global Id column, sympbol '+' indicates that global clock was used only to route through the clock region.


20. Clock Region Cell Placement per Global Clock: Region X4Y0
-------------------------------------------------------------

+-----------+-------+-----------------+------------+-------------+-----------------+------+--------+------+-----+----+------+-----+---------+---------------------------------------------------------------------------------+
| Global Id | Track | Driver Type/Pin | Constraint | Clock Loads | Non-Clock Loads | FF   | LUTRAM | RAMB | DSP | GT | MMCM | PLL | Hard IP | Net                                                                             |
+-----------+-------+-----------------+------------+-------------+-----------------+------+--------+------+-----+----+------+-----+---------+---------------------------------------------------------------------------------+
| g0        | 23    | BUFG_GT/O       | None       |        6026 |               0 | 6018 |      0 |    7 |   0 |  0 |    0 |   0 |       1 | EP/xdma_0_i/inst/pcie3_ip_i/inst/xdma_0_pcie3_ip_gt_top_i/phy_clk_i/CLK_USERCLK |
| g1        | 12    | BUFG_GT/O       | None       |        1084 |               0 | 1079 |      0 |    0 |   0 |  4 |    0 |   0 |       1 | EP/xdma_0_i/inst/pcie3_ip_i/inst/xdma_0_pcie3_ip_gt_top_i/phy_clk_i/CLK_PCLK    |
| g8        | 6     | BUFG_GT/O       | None       |         273 |               0 |  265 |      4 |    0 |   0 |  4 |    0 |   0 |       0 | EP/xdma_0_i/inst/pcie3_ip_i/inst/bufg_gt_sysclk_n_0                             |
| g2        | 13    | BUFG_GT/O       | None       |          15 |               0 |    0 |      0 |   14 |   0 |  0 |    0 |   0 |       1 | EP/xdma_0_i/inst/pcie3_ip_i/inst/xdma_0_pcie3_ip_gt_top_i/phy_clk_i/CLK_CORECLK |
| g3        | 5     | BUFG_GT/O       | None       |           1 |               0 |    0 |      0 |    0 |   0 |  0 |    0 |   0 |       1 | EP/xdma_0_i/inst/pcie3_ip_i/inst/xdma_0_pcie3_ip_gt_top_i/MCAPCLK               |
+-----------+-------+-----------------+------------+-------------+-----------------+------+--------+------+-----+----+------+-----+---------+---------------------------------------------------------------------------------+
* Clock Loads column represents the clock pin loads (pin count)
** Non-Clock Loads column represents the non-clock pin loads (pin count)
*** Columns FF, LUTRAM, RAMB through 'Hard IP' represents load cell counts


21. Clock Region Cell Placement per Global Clock: Region X3Y1
-------------------------------------------------------------

+-----------+-------+-----------------+------------+-------------+-----------------+------+--------+------+-----+----+------+-----+---------+---------------------------------------------------------------------------------+
| Global Id | Track | Driver Type/Pin | Constraint | Clock Loads | Non-Clock Loads | FF   | LUTRAM | RAMB | DSP | GT | MMCM | PLL | Hard IP | Net                                                                             |
+-----------+-------+-----------------+------------+-------------+-----------------+------+--------+------+-----+----+------+-----+---------+---------------------------------------------------------------------------------+
| g0        | 23    | BUFG_GT/O       | None       |         920 |               0 |  887 |     33 |    0 |   0 |  0 |    0 |   0 |       0 | EP/xdma_0_i/inst/pcie3_ip_i/inst/xdma_0_pcie3_ip_gt_top_i/phy_clk_i/CLK_USERCLK |
| g4        | 2     | BUFGCE/O        | None       |        7789 |               1 | 7730 |      1 |   18 |   0 |  0 |    0 |   1 |       0 | u_ddr4_0/inst/u_ddr4_infrastructure/input_rst_mmcm_reg_0                        |
| g5        | 0     | BUFGCE/O        | None       |         797 |               0 |  740 |     35 |   11 |   3 |  0 |    0 |   0 |       0 | u_ddr4_0/inst/u_ddr4_infrastructure/CLK                                         |
| g1+       | 12    | BUFG_GT/O       | None       |           0 |               0 |    0 |      0 |    0 |   0 |  0 |    0 |   0 |       0 | EP/xdma_0_i/inst/pcie3_ip_i/inst/xdma_0_pcie3_ip_gt_top_i/phy_clk_i/CLK_PCLK    |
| g7        | 7     | BUFGCE/O        | None       |          15 |               0 |   15 |      0 |    0 |   0 |  0 |    0 |   0 |       0 | dbg_hub/inst/BSCANID.u_xsdbm_id/itck_i                                          |
| g2+       | 13    | BUFG_GT/O       | None       |           0 |               0 |    0 |      0 |    0 |   0 |  0 |    0 |   0 |       0 | EP/xdma_0_i/inst/pcie3_ip_i/inst/xdma_0_pcie3_ip_gt_top_i/phy_clk_i/CLK_CORECLK |
| g9        | 1     | BUFGCE/O        | None       |          17 |               0 |   17 |      0 |    0 |   0 |  0 |    0 |   0 |       0 | u_ddr4_0/inst/u_ddr4_infrastructure/sys_clk_in_bufg                             |
+-----------+-------+-----------------+------------+-------------+-----------------+------+--------+------+-----+----+------+-----+---------+---------------------------------------------------------------------------------+
* Clock Loads column represents the clock pin loads (pin count)
** Non-Clock Loads column represents the non-clock pin loads (pin count)
*** Columns FF, LUTRAM, RAMB through 'Hard IP' represents load cell counts
**** In Global Id column, sympbol '+' indicates that global clock was used only to route through the clock region.


22. Clock Region Cell Placement per Global Clock: Region X4Y1
-------------------------------------------------------------

+-----------+-------+-----------------+------------+-------------+-----------------+------+--------+------+-----+----+------+-----+---------+---------------------------------------------------------------------------------+
| Global Id | Track | Driver Type/Pin | Constraint | Clock Loads | Non-Clock Loads | FF   | LUTRAM | RAMB | DSP | GT | MMCM | PLL | Hard IP | Net                                                                             |
+-----------+-------+-----------------+------------+-------------+-----------------+------+--------+------+-----+----+------+-----+---------+---------------------------------------------------------------------------------+
| g0        | 23    | BUFG_GT/O       | None       |        2290 |               0 | 2288 |      0 |    2 |   0 |  0 |    0 |   0 |       0 | EP/xdma_0_i/inst/pcie3_ip_i/inst/xdma_0_pcie3_ip_gt_top_i/phy_clk_i/CLK_USERCLK |
| g4        | 2     | BUFGCE/O        | None       |         161 |               0 |  161 |      0 |    0 |   0 |  0 |    0 |   0 |       0 | u_ddr4_0/inst/u_ddr4_infrastructure/input_rst_mmcm_reg_0                        |
| g1        | 12    | BUFG_GT/O       | None       |           4 |               0 |    0 |      0 |    0 |   0 |  4 |    0 |   0 |       0 | EP/xdma_0_i/inst/pcie3_ip_i/inst/xdma_0_pcie3_ip_gt_top_i/phy_clk_i/CLK_PCLK    |
| g8        | 6     | BUFG_GT/O       | None       |           4 |               0 |    0 |      0 |    0 |   0 |  4 |    0 |   0 |       0 | EP/xdma_0_i/inst/pcie3_ip_i/inst/bufg_gt_sysclk_n_0                             |
| g2+       | 13    | BUFG_GT/O       | None       |           0 |               0 |    0 |      0 |    0 |   0 |  0 |    0 |   0 |       0 | EP/xdma_0_i/inst/pcie3_ip_i/inst/xdma_0_pcie3_ip_gt_top_i/phy_clk_i/CLK_CORECLK |
| g3+       | 5     | BUFG_GT/O       | None       |           0 |               0 |    0 |      0 |    0 |   0 |  0 |    0 |   0 |       0 | EP/xdma_0_i/inst/pcie3_ip_i/inst/xdma_0_pcie3_ip_gt_top_i/MCAPCLK               |
+-----------+-------+-----------------+------------+-------------+-----------------+------+--------+------+-----+----+------+-----+---------+---------------------------------------------------------------------------------+
* Clock Loads column represents the clock pin loads (pin count)
** Non-Clock Loads column represents the non-clock pin loads (pin count)
*** Columns FF, LUTRAM, RAMB through 'Hard IP' represents load cell counts
**** In Global Id column, sympbol '+' indicates that global clock was used only to route through the clock region.


23. Clock Region Cell Placement per Global Clock: Region X2Y2
-------------------------------------------------------------

+-----------+-------+-----------------+------------+-------------+-----------------+----+--------+------+-----+----+------+-----+---------+----------------------------------------+
| Global Id | Track | Driver Type/Pin | Constraint | Clock Loads | Non-Clock Loads | FF | LUTRAM | RAMB | DSP | GT | MMCM | PLL | Hard IP | Net                                    |
+-----------+-------+-----------------+------------+-------------+-----------------+----+--------+------+-----+----+------+-----+---------+----------------------------------------+
| g7        | 7     | BUFGCE/O        | None       |           1 |               0 |  1 |      0 |    0 |   0 |  0 |    0 |   0 |       0 | dbg_hub/inst/BSCANID.u_xsdbm_id/itck_i |
+-----------+-------+-----------------+------------+-------------+-----------------+----+--------+------+-----+----+------+-----+---------+----------------------------------------+
* Clock Loads column represents the clock pin loads (pin count)
** Non-Clock Loads column represents the non-clock pin loads (pin count)
*** Columns FF, LUTRAM, RAMB through 'Hard IP' represents load cell counts


24. Clock Region Cell Placement per Global Clock: Region X3Y2
-------------------------------------------------------------

+-----------+-------+-----------------+------------+-------------+-----------------+------+--------+------+-----+----+------+-----+---------+----------------------------------------------------------+
| Global Id | Track | Driver Type/Pin | Constraint | Clock Loads | Non-Clock Loads | FF   | LUTRAM | RAMB | DSP | GT | MMCM | PLL | Hard IP | Net                                                      |
+-----------+-------+-----------------+------------+-------------+-----------------+------+--------+------+-----+----+------+-----+---------+----------------------------------------------------------+
| g4        | 2     | BUFGCE/O        | None       |        2266 |               1 | 2238 |      2 |    1 |   0 |  0 |    0 |   1 |       0 | u_ddr4_0/inst/u_ddr4_infrastructure/input_rst_mmcm_reg_0 |
| g5        | 0     | BUFGCE/O        | None       |         679 |               0 |  613 |     47 |   13 |   0 |  0 |    0 |   0 |       0 | u_ddr4_0/inst/u_ddr4_infrastructure/CLK                  |
| g6        | 3     | BUFGCE/O        | None       |         548 |               0 |  548 |      0 |    0 |   0 |  0 |    0 |   0 |       0 | u_ddr4_0/inst/u_ddr4_infrastructure/dbg_clk              |
| g7        | 7     | BUFGCE/O        | None       |         442 |               0 |  442 |      0 |    0 |   0 |  0 |    0 |   0 |       0 | dbg_hub/inst/BSCANID.u_xsdbm_id/itck_i                   |
| g9+       | 1     | BUFGCE/O        | None       |           0 |               0 |    0 |      0 |    0 |   0 |  0 |    0 |   0 |       0 | u_ddr4_0/inst/u_ddr4_infrastructure/sys_clk_in_bufg      |
+-----------+-------+-----------------+------------+-------------+-----------------+------+--------+------+-----+----+------+-----+---------+----------------------------------------------------------+
* Clock Loads column represents the clock pin loads (pin count)
** Non-Clock Loads column represents the non-clock pin loads (pin count)
*** Columns FF, LUTRAM, RAMB through 'Hard IP' represents load cell counts
**** In Global Id column, sympbol '+' indicates that global clock was used only to route through the clock region.


25. Clock Region Cell Placement per Global Clock: Region X3Y3
-------------------------------------------------------------

+-----------+-------+-----------------+------------+-------------+-----------------+-----+--------+------+-----+----+------+-----+---------+----------------------------------------------------------+
| Global Id | Track | Driver Type/Pin | Constraint | Clock Loads | Non-Clock Loads | FF  | LUTRAM | RAMB | DSP | GT | MMCM | PLL | Hard IP | Net                                                      |
+-----------+-------+-----------------+------------+-------------+-----------------+-----+--------+------+-----+----+------+-----+---------+----------------------------------------------------------+
| g4        | 2     | BUFGCE/O        | None       |         931 |               1 | 891 |      0 |    0 |   0 |  0 |    0 |   1 |       0 | u_ddr4_0/inst/u_ddr4_infrastructure/input_rst_mmcm_reg_0 |
| g5        | 0     | BUFGCE/O        | None       |          93 |               0 |  85 |      0 |    0 |   0 |  0 |    0 |   0 |       0 | u_ddr4_0/inst/u_ddr4_infrastructure/CLK                  |
+-----------+-------+-----------------+------------+-------------+-----------------+-----+--------+------+-----+----+------+-----+---------+----------------------------------------------------------+
* Clock Loads column represents the clock pin loads (pin count)
** Non-Clock Loads column represents the non-clock pin loads (pin count)
*** Columns FF, LUTRAM, RAMB through 'Hard IP' represents load cell counts


