Copyright 1986-2020 Xilinx, Inc. All Rights Reserved.
----------------------------------------------------------------------------------------------------------------------------------------------------
| Tool Version     : Vivado v.2020.2 (win64) Build 3064766 Wed Nov 18 09:12:45 MST 2020
| Date             : Tue Jul 13 20:45:50 2021
| Host             : DESKTOP-ILOVGO9 running 64-bit major release  (build 9200)
| Command          : report_power -file softMC_top_power_routed.rpt -pb softMC_top_power_summary_routed.pb -rpx softMC_top_power_routed.rpx
| Design           : softMC_top
| Device           : xcvu095-ffvb2104-2-e
| Design State     : routed
| Grade            : extended
| Process          : typical
| Characterization : Production
----------------------------------------------------------------------------------------------------------------------------------------------------

Power Report

Table of Contents
-----------------
1. Summary
1.1 On-Chip Components
1.2 Power Supply Summary
1.3 Confidence Level
2. Settings
2.1 Environment
2.2 Clock Constraints
3. Detailed Reports
3.1 By Hierarchy

1. Summary
----------

+--------------------------+--------------+
| Total On-Chip Power (W)  | 2.102        |
| Design Power Budget (W)  | Unspecified* |
| Power Budget Margin (W)  | NA           |
| Dynamic (W)              | 1.183        |
| Device Static (W)        | 0.919        |
| Effective TJA (C/W)      | 0.8          |
| Max Ambient (C)          | 98.3         |
| Junction Temperature (C) | 26.7         |
| Confidence Level         | Low          |
| Setting File             | ---          |
| Simulation Activity File | ---          |
| Design Nets Matched      | NA           |
+--------------------------+--------------+
* Specify Design Power Budget using, set_operating_conditions -design_power_budget <value in Watts>


1.1 On-Chip Components
----------------------

+--------------------------+-----------+----------+-----------+-----------------+
| On-Chip                  | Power (W) | Used     | Available | Utilization (%) |
+--------------------------+-----------+----------+-----------+-----------------+
| Clocks                   |     0.093 |       13 |       --- |             --- |
| CLB Logic                |     0.009 |    25087 |       --- |             --- |
|   LUT as Logic           |     0.007 |     8304 |    537600 |            1.54 |
|   Register               |    <0.001 |    12412 |   1075200 |            1.15 |
|   LUT as Distributed RAM |    <0.001 |       96 |     76800 |            0.13 |
|   LUT as Shift Register  |    <0.001 |       50 |     76800 |            0.07 |
|   CARRY8                 |    <0.001 |       63 |     67200 |            0.09 |
|   F7/F8 Muxes            |    <0.001 |      297 |    537600 |            0.06 |
|   Others                 |    <0.001 |     1105 |       --- |             --- |
| Signals                  |     0.018 |    37447 |       --- |             --- |
| Block RAM                |     0.028 |     27.5 |      1728 |            1.59 |
| MMCM                     |     0.123 |        1 |        16 |            6.25 |
| PLL                      |     0.212 |        3 |       --- |             --- |
| DSPs                     |    <0.001 |        3 |       768 |            0.39 |
| I/O                      |     0.700 |      136 |       702 |           19.37 |
| Static Power             |     0.919 |          |           |                 |
| Total                    |     2.102 |          |           |                 |
+--------------------------+-----------+----------+-----------+-----------------+


1.2 Power Supply Summary
------------------------

+------------+-------------+-----------+-------------+------------+-------------+-------------+------------+
| Source     | Voltage (V) | Total (A) | Dynamic (A) | Static (A) | Powerup (A) | Budget (A)  | Margin (A) |
+------------+-------------+-----------+-------------+------------+-------------+-------------+------------+
| Vccint     |       0.950 |     0.489 |       0.162 |      0.326 |       NA    | Unspecified | NA         |
| Vccaux     |       1.800 |     0.355 |       0.182 |      0.172 |       NA    | Unspecified | NA         |
| Vccaux_io  |       1.800 |     0.259 |       0.138 |      0.122 |       NA    | Unspecified | NA         |
| Vccint_io  |       0.950 |     0.354 |       0.328 |      0.026 |       NA    | Unspecified | NA         |
| Vcco33     |       3.300 |     0.000 |       0.000 |      0.000 |       NA    | Unspecified | NA         |
| Vcco25     |       2.500 |     0.000 |       0.000 |      0.000 |       NA    | Unspecified | NA         |
| Vcco18     |       1.800 |     0.000 |       0.000 |      0.000 |       NA    | Unspecified | NA         |
| Vcco15     |       1.500 |     0.000 |       0.000 |      0.000 |       NA    | Unspecified | NA         |
| Vcco135    |       1.350 |     0.000 |       0.000 |      0.000 |       NA    | Unspecified | NA         |
| Vcco12     |       1.200 |     0.117 |       0.117 |      0.000 |       NA    | Unspecified | NA         |
| Vcco10     |       1.000 |     0.000 |       0.000 |      0.000 |       NA    | Unspecified | NA         |
| Vccbram    |       0.950 |     0.032 |       0.001 |      0.031 |       NA    | Unspecified | NA         |
| MGTAVcc    |       1.000 |     0.000 |       0.000 |      0.000 |       NA    | Unspecified | NA         |
| MGTAVtt    |       1.200 |     0.000 |       0.000 |      0.000 |       NA    | Unspecified | NA         |
| MGTVccaux  |       1.800 |     0.000 |       0.000 |      0.000 |       NA    | Unspecified | NA         |
| Vccadc     |       1.800 |     0.014 |       0.000 |      0.014 |       NA    | Unspecified | NA         |
| MGTYVccaux |       1.800 |     0.000 |       0.000 |      0.000 |       NA    | Unspecified | NA         |
| MGTYAVcc   |       1.000 |     0.000 |       0.000 |      0.000 |       NA    | Unspecified | NA         |
| MGTYAVtt   |       1.200 |     0.000 |       0.000 |      0.000 |       NA    | Unspecified | NA         |
+------------+-------------+-----------+-------------+------------+-------------+-------------+------------+


1.3 Confidence Level
--------------------

+-----------------------------+------------+--------------------------------------------------------+------------------------------------------------------------------------------------------------------------+
| User Input Data             | Confidence | Details                                                | Action                                                                                                     |
+-----------------------------+------------+--------------------------------------------------------+------------------------------------------------------------------------------------------------------------+
| Design implementation state | High       | Design is routed                                       |                                                                                                            |
| Clock nodes activity        | High       | User specified more than 95% of clocks                 |                                                                                                            |
| I/O nodes activity          | Low        | More than 75% of inputs are missing user specification | Provide missing input activity with simulation results or by editing the "By Resource Type -> I/Os" view   |
| Internal nodes activity     | Medium     | User specified less than 25% of internal nodes         | Provide missing internal nodes activity with simulation results or by editing the "By Resource Type" views |
| Device models               | High       | Device models are Production                           |                                                                                                            |
|                             |            |                                                        |                                                                                                            |
| Overall confidence level    | Low        |                                                        |                                                                                                            |
+-----------------------------+------------+--------------------------------------------------------+------------------------------------------------------------------------------------------------------------+


2. Settings
-----------

2.1 Environment
---------------

+-----------------------+--------------------------+
| Ambient Temp (C)      | 25.0                     |
| ThetaJA (C/W)         | 0.8                      |
| Airflow (LFM)         | 250                      |
| Heat Sink             | medium (Medium Profile)  |
| ThetaSA (C/W)         | 1.2                      |
| Board Selection       | medium (10"x10")         |
| # of Board Layers     | 12to15 (12 to 15 Layers) |
| Board Temperature (C) | 25.0                     |
+-----------------------+--------------------------+


2.2 Clock Constraints
---------------------

+--------------------------------------------------------------------------------------------+------------------------------------------------------------------------------------------------------------------------------------------------------------------------------------+-----------------+
| Clock                                                                                      | Domain                                                                                                                                                                             | Constraint (ns) |
+--------------------------------------------------------------------------------------------+------------------------------------------------------------------------------------------------------------------------------------------------------------------------------------+-----------------+
| c0_sys_clk_p                                                                               | c0_sys_clk_p                                                                                                                                                                       |            10.0 |
| dbg_hub/inst/BSCANID.u_xsdbm_id/SWITCH_N_EXT_BSCAN.bscan_inst/SERIES7_BSCAN.bscan_inst/TCK | dbg_hub/inst/BSCANID.u_xsdbm_id/SWITCH_N_EXT_BSCAN.bscan_inst/tck_bs                                                                                                               |            33.0 |
| mmcm_clkout0                                                                               | u_ddr4_0/inst/u_ddr4_infrastructure/mmcm_clkout0                                                                                                                                   |             4.3 |
| mmcm_clkout5                                                                               | u_ddr4_0/inst/u_ddr4_infrastructure/mmcm_clkout5                                                                                                                                   |            17.1 |
| mmcm_clkout6                                                                               | u_ddr4_0/inst/u_ddr4_infrastructure/mmcm_clkout6                                                                                                                                   |             8.6 |
| pll_clk[0]                                                                                 | u_ddr4_0/inst/u_mig_ddr4_phy/inst/u_ddr4_phy_pll/pll_clk[0]                                                                                                                        |             0.5 |
| pll_clk[0]_DIV                                                                             | u_ddr4_0/inst/u_mig_ddr4_phy/inst/generate_block1.u_ddr_xiphy/byte_num[0].xiphy_byte_wrapper.u_xiphy_byte_wrapper/I_CONTROL[0].GEN_I_CONTROL.u_xiphy_control/TX_BIT_CTRL_OUT0[26]  |             4.3 |
| pll_clk[0]_DIV                                                                             | u_ddr4_0/inst/u_mig_ddr4_phy/inst/generate_block1.u_ddr_xiphy/byte_num[0].xiphy_byte_wrapper.u_xiphy_byte_wrapper/I_CONTROL[0].GEN_I_CONTROL.u_xiphy_control/TX_BIT_CTRL_OUT2[26]  |             4.3 |
| pll_clk[0]_DIV                                                                             | u_ddr4_0/inst/u_mig_ddr4_phy/inst/generate_block1.u_ddr_xiphy/byte_num[0].xiphy_byte_wrapper.u_xiphy_byte_wrapper/I_CONTROL[0].GEN_I_CONTROL.u_xiphy_control/TX_BIT_CTRL_OUT3[26]  |             4.3 |
| pll_clk[0]_DIV                                                                             | u_ddr4_0/inst/u_mig_ddr4_phy/inst/generate_block1.u_ddr_xiphy/byte_num[0].xiphy_byte_wrapper.u_xiphy_byte_wrapper/I_CONTROL[0].GEN_I_CONTROL.u_xiphy_control/TX_BIT_CTRL_OUT4[26]  |             4.3 |
| pll_clk[0]_DIV                                                                             | u_ddr4_0/inst/u_mig_ddr4_phy/inst/generate_block1.u_ddr_xiphy/byte_num[0].xiphy_byte_wrapper.u_xiphy_byte_wrapper/I_CONTROL[0].GEN_I_CONTROL.u_xiphy_control/TX_BIT_CTRL_OUT5[26]  |             4.3 |
| pll_clk[0]_DIV                                                                             | u_ddr4_0/inst/u_mig_ddr4_phy/inst/generate_block1.u_ddr_xiphy/byte_num[0].xiphy_byte_wrapper.u_xiphy_byte_wrapper/I_CONTROL[1].GEN_I_CONTROL.u_xiphy_control/TX_BIT_CTRL_OUT0[26]  |             4.3 |
| pll_clk[0]_DIV                                                                             | u_ddr4_0/inst/u_mig_ddr4_phy/inst/generate_block1.u_ddr_xiphy/byte_num[0].xiphy_byte_wrapper.u_xiphy_byte_wrapper/I_CONTROL[1].GEN_I_CONTROL.u_xiphy_control/TX_BIT_CTRL_OUT2[26]  |             4.3 |
| pll_clk[0]_DIV                                                                             | u_ddr4_0/inst/u_mig_ddr4_phy/inst/generate_block1.u_ddr_xiphy/byte_num[0].xiphy_byte_wrapper.u_xiphy_byte_wrapper/I_CONTROL[1].GEN_I_CONTROL.u_xiphy_control/TX_BIT_CTRL_OUT3[26]  |             4.3 |
| pll_clk[0]_DIV                                                                             | u_ddr4_0/inst/u_mig_ddr4_phy/inst/generate_block1.u_ddr_xiphy/byte_num[0].xiphy_byte_wrapper.u_xiphy_byte_wrapper/I_CONTROL[1].GEN_I_CONTROL.u_xiphy_control/TX_BIT_CTRL_OUT4[26]  |             4.3 |
| pll_clk[0]_DIV                                                                             | u_ddr4_0/inst/u_mig_ddr4_phy/inst/generate_block1.u_ddr_xiphy/byte_num[0].xiphy_byte_wrapper.u_xiphy_byte_wrapper/I_CONTROL[1].GEN_I_CONTROL.u_xiphy_control/TX_BIT_CTRL_OUT5[26]  |             4.3 |
| pll_clk[0]_DIV                                                                             | u_ddr4_0/inst/u_mig_ddr4_phy/inst/generate_block1.u_ddr_xiphy/byte_num[1].xiphy_byte_wrapper.u_xiphy_byte_wrapper/I_CONTROL[0].GEN_I_CONTROL.u_xiphy_control/TX_BIT_CTRL_OUT0[26]  |             4.3 |
| pll_clk[0]_DIV                                                                             | u_ddr4_0/inst/u_mig_ddr4_phy/inst/generate_block1.u_ddr_xiphy/byte_num[1].xiphy_byte_wrapper.u_xiphy_byte_wrapper/I_CONTROL[0].GEN_I_CONTROL.u_xiphy_control/TX_BIT_CTRL_OUT2[26]  |             4.3 |
| pll_clk[0]_DIV                                                                             | u_ddr4_0/inst/u_mig_ddr4_phy/inst/generate_block1.u_ddr_xiphy/byte_num[1].xiphy_byte_wrapper.u_xiphy_byte_wrapper/I_CONTROL[0].GEN_I_CONTROL.u_xiphy_control/TX_BIT_CTRL_OUT3[26]  |             4.3 |
| pll_clk[0]_DIV                                                                             | u_ddr4_0/inst/u_mig_ddr4_phy/inst/generate_block1.u_ddr_xiphy/byte_num[1].xiphy_byte_wrapper.u_xiphy_byte_wrapper/I_CONTROL[0].GEN_I_CONTROL.u_xiphy_control/TX_BIT_CTRL_OUT4[26]  |             4.3 |
| pll_clk[0]_DIV                                                                             | u_ddr4_0/inst/u_mig_ddr4_phy/inst/generate_block1.u_ddr_xiphy/byte_num[1].xiphy_byte_wrapper.u_xiphy_byte_wrapper/I_CONTROL[0].GEN_I_CONTROL.u_xiphy_control/TX_BIT_CTRL_OUT5[26]  |             4.3 |
| pll_clk[0]_DIV                                                                             | u_ddr4_0/inst/u_mig_ddr4_phy/inst/generate_block1.u_ddr_xiphy/byte_num[1].xiphy_byte_wrapper.u_xiphy_byte_wrapper/I_CONTROL[1].GEN_I_CONTROL.u_xiphy_control/TX_BIT_CTRL_OUT0[26]  |             4.3 |
| pll_clk[0]_DIV                                                                             | u_ddr4_0/inst/u_mig_ddr4_phy/inst/generate_block1.u_ddr_xiphy/byte_num[1].xiphy_byte_wrapper.u_xiphy_byte_wrapper/I_CONTROL[1].GEN_I_CONTROL.u_xiphy_control/TX_BIT_CTRL_OUT2[26]  |             4.3 |
| pll_clk[0]_DIV                                                                             | u_ddr4_0/inst/u_mig_ddr4_phy/inst/generate_block1.u_ddr_xiphy/byte_num[1].xiphy_byte_wrapper.u_xiphy_byte_wrapper/I_CONTROL[1].GEN_I_CONTROL.u_xiphy_control/TX_BIT_CTRL_OUT3[26]  |             4.3 |
| pll_clk[0]_DIV                                                                             | u_ddr4_0/inst/u_mig_ddr4_phy/inst/generate_block1.u_ddr_xiphy/byte_num[1].xiphy_byte_wrapper.u_xiphy_byte_wrapper/I_CONTROL[1].GEN_I_CONTROL.u_xiphy_control/TX_BIT_CTRL_OUT4[26]  |             4.3 |
| pll_clk[0]_DIV                                                                             | u_ddr4_0/inst/u_mig_ddr4_phy/inst/generate_block1.u_ddr_xiphy/byte_num[1].xiphy_byte_wrapper.u_xiphy_byte_wrapper/I_CONTROL[1].GEN_I_CONTROL.u_xiphy_control/TX_BIT_CTRL_OUT5[26]  |             4.3 |
| pll_clk[0]_DIV                                                                             | u_ddr4_0/inst/u_mig_ddr4_phy/inst/generate_block1.u_ddr_xiphy/byte_num[2].xiphy_byte_wrapper.u_xiphy_byte_wrapper/I_CONTROL[0].GEN_I_CONTROL.u_xiphy_control/TX_BIT_CTRL_OUT0[26]  |             4.3 |
| pll_clk[0]_DIV                                                                             | u_ddr4_0/inst/u_mig_ddr4_phy/inst/generate_block1.u_ddr_xiphy/byte_num[2].xiphy_byte_wrapper.u_xiphy_byte_wrapper/I_CONTROL[0].GEN_I_CONTROL.u_xiphy_control/TX_BIT_CTRL_OUT2[26]  |             4.3 |
| pll_clk[0]_DIV                                                                             | u_ddr4_0/inst/u_mig_ddr4_phy/inst/generate_block1.u_ddr_xiphy/byte_num[2].xiphy_byte_wrapper.u_xiphy_byte_wrapper/I_CONTROL[0].GEN_I_CONTROL.u_xiphy_control/TX_BIT_CTRL_OUT3[26]  |             4.3 |
| pll_clk[0]_DIV                                                                             | u_ddr4_0/inst/u_mig_ddr4_phy/inst/generate_block1.u_ddr_xiphy/byte_num[2].xiphy_byte_wrapper.u_xiphy_byte_wrapper/I_CONTROL[0].GEN_I_CONTROL.u_xiphy_control/TX_BIT_CTRL_OUT4[26]  |             4.3 |
| pll_clk[0]_DIV                                                                             | u_ddr4_0/inst/u_mig_ddr4_phy/inst/generate_block1.u_ddr_xiphy/byte_num[2].xiphy_byte_wrapper.u_xiphy_byte_wrapper/I_CONTROL[0].GEN_I_CONTROL.u_xiphy_control/TX_BIT_CTRL_OUT5[26]  |             4.3 |
| pll_clk[0]_DIV                                                                             | u_ddr4_0/inst/u_mig_ddr4_phy/inst/generate_block1.u_ddr_xiphy/byte_num[2].xiphy_byte_wrapper.u_xiphy_byte_wrapper/I_CONTROL[1].GEN_I_CONTROL.u_xiphy_control/TX_BIT_CTRL_OUT0[26]  |             4.3 |
| pll_clk[0]_DIV                                                                             | u_ddr4_0/inst/u_mig_ddr4_phy/inst/generate_block1.u_ddr_xiphy/byte_num[2].xiphy_byte_wrapper.u_xiphy_byte_wrapper/I_CONTROL[1].GEN_I_CONTROL.u_xiphy_control/TX_BIT_CTRL_OUT2[26]  |             4.3 |
| pll_clk[0]_DIV                                                                             | u_ddr4_0/inst/u_mig_ddr4_phy/inst/generate_block1.u_ddr_xiphy/byte_num[2].xiphy_byte_wrapper.u_xiphy_byte_wrapper/I_CONTROL[1].GEN_I_CONTROL.u_xiphy_control/TX_BIT_CTRL_OUT3[26]  |             4.3 |
| pll_clk[0]_DIV                                                                             | u_ddr4_0/inst/u_mig_ddr4_phy/inst/generate_block1.u_ddr_xiphy/byte_num[2].xiphy_byte_wrapper.u_xiphy_byte_wrapper/I_CONTROL[1].GEN_I_CONTROL.u_xiphy_control/TX_BIT_CTRL_OUT4[26]  |             4.3 |
| pll_clk[0]_DIV                                                                             | u_ddr4_0/inst/u_mig_ddr4_phy/inst/generate_block1.u_ddr_xiphy/byte_num[2].xiphy_byte_wrapper.u_xiphy_byte_wrapper/I_CONTROL[1].GEN_I_CONTROL.u_xiphy_control/TX_BIT_CTRL_OUT5[26]  |             4.3 |
| pll_clk[0]_DIV                                                                             | u_ddr4_0/inst/u_mig_ddr4_phy/inst/generate_block1.u_ddr_xiphy/byte_num[3].xiphy_byte_wrapper.u_xiphy_byte_wrapper/I_CONTROL[0].GEN_I_CONTROL.u_xiphy_control/TX_BIT_CTRL_OUT0[26]  |             4.3 |
| pll_clk[0]_DIV                                                                             | u_ddr4_0/inst/u_mig_ddr4_phy/inst/generate_block1.u_ddr_xiphy/byte_num[3].xiphy_byte_wrapper.u_xiphy_byte_wrapper/I_CONTROL[0].GEN_I_CONTROL.u_xiphy_control/TX_BIT_CTRL_OUT2[26]  |             4.3 |
| pll_clk[0]_DIV                                                                             | u_ddr4_0/inst/u_mig_ddr4_phy/inst/generate_block1.u_ddr_xiphy/byte_num[3].xiphy_byte_wrapper.u_xiphy_byte_wrapper/I_CONTROL[0].GEN_I_CONTROL.u_xiphy_control/TX_BIT_CTRL_OUT3[26]  |             4.3 |
| pll_clk[0]_DIV                                                                             | u_ddr4_0/inst/u_mig_ddr4_phy/inst/generate_block1.u_ddr_xiphy/byte_num[3].xiphy_byte_wrapper.u_xiphy_byte_wrapper/I_CONTROL[0].GEN_I_CONTROL.u_xiphy_control/TX_BIT_CTRL_OUT4[26]  |             4.3 |
| pll_clk[0]_DIV                                                                             | u_ddr4_0/inst/u_mig_ddr4_phy/inst/generate_block1.u_ddr_xiphy/byte_num[3].xiphy_byte_wrapper.u_xiphy_byte_wrapper/I_CONTROL[0].GEN_I_CONTROL.u_xiphy_control/TX_BIT_CTRL_OUT5[26]  |             4.3 |
| pll_clk[0]_DIV                                                                             | u_ddr4_0/inst/u_mig_ddr4_phy/inst/generate_block1.u_ddr_xiphy/byte_num[3].xiphy_byte_wrapper.u_xiphy_byte_wrapper/I_CONTROL[1].GEN_I_CONTROL.u_xiphy_control/TX_BIT_CTRL_OUT0[26]  |             4.3 |
| pll_clk[0]_DIV                                                                             | u_ddr4_0/inst/u_mig_ddr4_phy/inst/generate_block1.u_ddr_xiphy/byte_num[3].xiphy_byte_wrapper.u_xiphy_byte_wrapper/I_CONTROL[1].GEN_I_CONTROL.u_xiphy_control/TX_BIT_CTRL_OUT2[26]  |             4.3 |
| pll_clk[0]_DIV                                                                             | u_ddr4_0/inst/u_mig_ddr4_phy/inst/generate_block1.u_ddr_xiphy/byte_num[3].xiphy_byte_wrapper.u_xiphy_byte_wrapper/I_CONTROL[1].GEN_I_CONTROL.u_xiphy_control/TX_BIT_CTRL_OUT3[26]  |             4.3 |
| pll_clk[0]_DIV                                                                             | u_ddr4_0/inst/u_mig_ddr4_phy/inst/generate_block1.u_ddr_xiphy/byte_num[3].xiphy_byte_wrapper.u_xiphy_byte_wrapper/I_CONTROL[1].GEN_I_CONTROL.u_xiphy_control/TX_BIT_CTRL_OUT4[26]  |             4.3 |
| pll_clk[0]_DIV                                                                             | u_ddr4_0/inst/u_mig_ddr4_phy/inst/generate_block1.u_ddr_xiphy/byte_num[3].xiphy_byte_wrapper.u_xiphy_byte_wrapper/I_CONTROL[1].GEN_I_CONTROL.u_xiphy_control/TX_BIT_CTRL_OUT5[26]  |             4.3 |
| pll_clk[1]                                                                                 | u_ddr4_0/inst/u_mig_ddr4_phy/inst/u_ddr4_phy_pll/pll_clk[1]                                                                                                                        |             0.5 |
| pll_clk[1]_DIV                                                                             | u_ddr4_0/inst/u_mig_ddr4_phy/inst/generate_block1.u_ddr_xiphy/byte_num[5].xiphy_byte_wrapper.u_xiphy_byte_wrapper/I_CONTROL[0].GEN_I_CONTROL.u_xiphy_control/TX_BIT_CTRL_OUT3[26]  |             4.3 |
| pll_clk[1]_DIV                                                                             | u_ddr4_0/inst/u_mig_ddr4_phy/inst/generate_block1.u_ddr_xiphy/byte_num[5].xiphy_byte_wrapper.u_xiphy_byte_wrapper/I_CONTROL[0].GEN_I_CONTROL.u_xiphy_control/TX_BIT_CTRL_OUT5[26]  |             4.3 |
| pll_clk[1]_DIV                                                                             | u_ddr4_0/inst/u_mig_ddr4_phy/inst/generate_block1.u_ddr_xiphy/byte_num[5].xiphy_byte_wrapper.u_xiphy_byte_wrapper/I_CONTROL[1].GEN_I_CONTROL.u_xiphy_control/TX_BIT_CTRL_OUT1[26]  |             4.3 |
| pll_clk[1]_DIV                                                                             | u_ddr4_0/inst/u_mig_ddr4_phy/inst/generate_block1.u_ddr_xiphy/byte_num[5].xiphy_byte_wrapper.u_xiphy_byte_wrapper/I_CONTROL[1].GEN_I_CONTROL.u_xiphy_control/TX_BIT_CTRL_OUT6[26]  |             4.3 |
| pll_clk[1]_DIV                                                                             | u_ddr4_0/inst/u_mig_ddr4_phy/inst/generate_block1.u_ddr_xiphy/byte_num[6].xiphy_byte_wrapper.u_xiphy_byte_wrapper/I_CONTROL[0].GEN_I_CONTROL.u_xiphy_control/TX_BIT_CTRL_OUT0[26]  |             4.3 |
| pll_clk[1]_DIV                                                                             | u_ddr4_0/inst/u_mig_ddr4_phy/inst/generate_block1.u_ddr_xiphy/byte_num[6].xiphy_byte_wrapper.u_xiphy_byte_wrapper/I_CONTROL[0].GEN_I_CONTROL.u_xiphy_control/TX_BIT_CTRL_OUT1[26]  |             4.3 |
| pll_clk[1]_DIV                                                                             | u_ddr4_0/inst/u_mig_ddr4_phy/inst/generate_block1.u_ddr_xiphy/byte_num[6].xiphy_byte_wrapper.u_xiphy_byte_wrapper/I_CONTROL[0].GEN_I_CONTROL.u_xiphy_control/TX_BIT_CTRL_OUT2[26]  |             4.3 |
| pll_clk[1]_DIV                                                                             | u_ddr4_0/inst/u_mig_ddr4_phy/inst/generate_block1.u_ddr_xiphy/byte_num[6].xiphy_byte_wrapper.u_xiphy_byte_wrapper/I_CONTROL[0].GEN_I_CONTROL.u_xiphy_control/TX_BIT_CTRL_OUT4[26]  |             4.3 |
| pll_clk[1]_DIV                                                                             | u_ddr4_0/inst/u_mig_ddr4_phy/inst/generate_block1.u_ddr_xiphy/byte_num[6].xiphy_byte_wrapper.u_xiphy_byte_wrapper/I_CONTROL[0].GEN_I_CONTROL.u_xiphy_control/TX_BIT_CTRL_OUT5[26]  |             4.3 |
| pll_clk[1]_DIV                                                                             | u_ddr4_0/inst/u_mig_ddr4_phy/inst/generate_block1.u_ddr_xiphy/byte_num[6].xiphy_byte_wrapper.u_xiphy_byte_wrapper/I_CONTROL[1].GEN_I_CONTROL.u_xiphy_control/TX_BIT_CTRL_OUT0[26]  |             4.3 |
| pll_clk[1]_DIV                                                                             | u_ddr4_0/inst/u_mig_ddr4_phy/inst/generate_block1.u_ddr_xiphy/byte_num[6].xiphy_byte_wrapper.u_xiphy_byte_wrapper/I_CONTROL[1].GEN_I_CONTROL.u_xiphy_control/TX_BIT_CTRL_OUT2[26]  |             4.3 |
| pll_clk[1]_DIV                                                                             | u_ddr4_0/inst/u_mig_ddr4_phy/inst/generate_block1.u_ddr_xiphy/byte_num[6].xiphy_byte_wrapper.u_xiphy_byte_wrapper/I_CONTROL[1].GEN_I_CONTROL.u_xiphy_control/TX_BIT_CTRL_OUT3[26]  |             4.3 |
| pll_clk[1]_DIV                                                                             | u_ddr4_0/inst/u_mig_ddr4_phy/inst/generate_block1.u_ddr_xiphy/byte_num[6].xiphy_byte_wrapper.u_xiphy_byte_wrapper/I_CONTROL[1].GEN_I_CONTROL.u_xiphy_control/TX_BIT_CTRL_OUT4[26]  |             4.3 |
| pll_clk[1]_DIV                                                                             | u_ddr4_0/inst/u_mig_ddr4_phy/inst/generate_block1.u_ddr_xiphy/byte_num[6].xiphy_byte_wrapper.u_xiphy_byte_wrapper/I_CONTROL[1].GEN_I_CONTROL.u_xiphy_control/TX_BIT_CTRL_OUT5[26]  |             4.3 |
| pll_clk[1]_DIV                                                                             | u_ddr4_0/inst/u_mig_ddr4_phy/inst/generate_block1.u_ddr_xiphy/byte_num[6].xiphy_byte_wrapper.u_xiphy_byte_wrapper/I_CONTROL[1].GEN_I_CONTROL.u_xiphy_control/TX_BIT_CTRL_OUT6[26]  |             4.3 |
| pll_clk[1]_DIV                                                                             | u_ddr4_0/inst/u_mig_ddr4_phy/inst/generate_block1.u_ddr_xiphy/byte_num[7].xiphy_byte_wrapper.u_xiphy_byte_wrapper/I_CONTROL[0].GEN_I_CONTROL.u_xiphy_control/TX_BIT_CTRL_OUT0[26]  |             4.3 |
| pll_clk[1]_DIV                                                                             | u_ddr4_0/inst/u_mig_ddr4_phy/inst/generate_block1.u_ddr_xiphy/byte_num[7].xiphy_byte_wrapper.u_xiphy_byte_wrapper/I_CONTROL[0].GEN_I_CONTROL.u_xiphy_control/TX_BIT_CTRL_OUT1[26]  |             4.3 |
| pll_clk[1]_DIV                                                                             | u_ddr4_0/inst/u_mig_ddr4_phy/inst/generate_block1.u_ddr_xiphy/byte_num[7].xiphy_byte_wrapper.u_xiphy_byte_wrapper/I_CONTROL[0].GEN_I_CONTROL.u_xiphy_control/TX_BIT_CTRL_OUT2[26]  |             4.3 |
| pll_clk[1]_DIV                                                                             | u_ddr4_0/inst/u_mig_ddr4_phy/inst/generate_block1.u_ddr_xiphy/byte_num[7].xiphy_byte_wrapper.u_xiphy_byte_wrapper/I_CONTROL[0].GEN_I_CONTROL.u_xiphy_control/TX_BIT_CTRL_OUT3[26]  |             4.3 |
| pll_clk[1]_DIV                                                                             | u_ddr4_0/inst/u_mig_ddr4_phy/inst/generate_block1.u_ddr_xiphy/byte_num[7].xiphy_byte_wrapper.u_xiphy_byte_wrapper/I_CONTROL[0].GEN_I_CONTROL.u_xiphy_control/TX_BIT_CTRL_OUT4[26]  |             4.3 |
| pll_clk[1]_DIV                                                                             | u_ddr4_0/inst/u_mig_ddr4_phy/inst/generate_block1.u_ddr_xiphy/byte_num[7].xiphy_byte_wrapper.u_xiphy_byte_wrapper/I_CONTROL[0].GEN_I_CONTROL.u_xiphy_control/TX_BIT_CTRL_OUT5[26]  |             4.3 |
| pll_clk[1]_DIV                                                                             | u_ddr4_0/inst/u_mig_ddr4_phy/inst/generate_block1.u_ddr_xiphy/byte_num[7].xiphy_byte_wrapper.u_xiphy_byte_wrapper/I_CONTROL[1].GEN_I_CONTROL.u_xiphy_control/TX_BIT_CTRL_OUT2[26]  |             4.3 |
| pll_clk[1]_DIV                                                                             | u_ddr4_0/inst/u_mig_ddr4_phy/inst/generate_block1.u_ddr_xiphy/byte_num[7].xiphy_byte_wrapper.u_xiphy_byte_wrapper/I_CONTROL[1].GEN_I_CONTROL.u_xiphy_control/TX_BIT_CTRL_OUT3[26]  |             4.3 |
| pll_clk[1]_DIV                                                                             | u_ddr4_0/inst/u_mig_ddr4_phy/inst/generate_block1.u_ddr_xiphy/byte_num[7].xiphy_byte_wrapper.u_xiphy_byte_wrapper/I_CONTROL[1].GEN_I_CONTROL.u_xiphy_control/TX_BIT_CTRL_OUT4[26]  |             4.3 |
| pll_clk[1]_DIV                                                                             | u_ddr4_0/inst/u_mig_ddr4_phy/inst/generate_block1.u_ddr_xiphy/byte_num[7].xiphy_byte_wrapper.u_xiphy_byte_wrapper/I_CONTROL[1].GEN_I_CONTROL.u_xiphy_control/TX_BIT_CTRL_OUT5[26]  |             4.3 |
| pll_clk[2]                                                                                 | u_ddr4_0/inst/u_mig_ddr4_phy/inst/u_ddr4_phy_pll/pll_clk[2]                                                                                                                        |             0.5 |
| pll_clk[2]_DIV                                                                             | u_ddr4_0/inst/u_mig_ddr4_phy/inst/generate_block1.u_ddr_xiphy/byte_num[10].xiphy_byte_wrapper.u_xiphy_byte_wrapper/I_CONTROL[0].GEN_I_CONTROL.u_xiphy_control/TX_BIT_CTRL_OUT0[26] |             4.3 |
| pll_clk[2]_DIV                                                                             | u_ddr4_0/inst/u_mig_ddr4_phy/inst/generate_block1.u_ddr_xiphy/byte_num[10].xiphy_byte_wrapper.u_xiphy_byte_wrapper/I_CONTROL[0].GEN_I_CONTROL.u_xiphy_control/TX_BIT_CTRL_OUT2[26] |             4.3 |
| pll_clk[2]_DIV                                                                             | u_ddr4_0/inst/u_mig_ddr4_phy/inst/generate_block1.u_ddr_xiphy/byte_num[10].xiphy_byte_wrapper.u_xiphy_byte_wrapper/I_CONTROL[0].GEN_I_CONTROL.u_xiphy_control/TX_BIT_CTRL_OUT3[26] |             4.3 |
| pll_clk[2]_DIV                                                                             | u_ddr4_0/inst/u_mig_ddr4_phy/inst/generate_block1.u_ddr_xiphy/byte_num[10].xiphy_byte_wrapper.u_xiphy_byte_wrapper/I_CONTROL[0].GEN_I_CONTROL.u_xiphy_control/TX_BIT_CTRL_OUT4[26] |             4.3 |
| pll_clk[2]_DIV                                                                             | u_ddr4_0/inst/u_mig_ddr4_phy/inst/generate_block1.u_ddr_xiphy/byte_num[10].xiphy_byte_wrapper.u_xiphy_byte_wrapper/I_CONTROL[0].GEN_I_CONTROL.u_xiphy_control/TX_BIT_CTRL_OUT5[26] |             4.3 |
| pll_clk[2]_DIV                                                                             | u_ddr4_0/inst/u_mig_ddr4_phy/inst/generate_block1.u_ddr_xiphy/byte_num[10].xiphy_byte_wrapper.u_xiphy_byte_wrapper/I_CONTROL[1].GEN_I_CONTROL.u_xiphy_control/TX_BIT_CTRL_OUT0[26] |             4.3 |
| pll_clk[2]_DIV                                                                             | u_ddr4_0/inst/u_mig_ddr4_phy/inst/generate_block1.u_ddr_xiphy/byte_num[10].xiphy_byte_wrapper.u_xiphy_byte_wrapper/I_CONTROL[1].GEN_I_CONTROL.u_xiphy_control/TX_BIT_CTRL_OUT2[26] |             4.3 |
| pll_clk[2]_DIV                                                                             | u_ddr4_0/inst/u_mig_ddr4_phy/inst/generate_block1.u_ddr_xiphy/byte_num[10].xiphy_byte_wrapper.u_xiphy_byte_wrapper/I_CONTROL[1].GEN_I_CONTROL.u_xiphy_control/TX_BIT_CTRL_OUT3[26] |             4.3 |
| pll_clk[2]_DIV                                                                             | u_ddr4_0/inst/u_mig_ddr4_phy/inst/generate_block1.u_ddr_xiphy/byte_num[10].xiphy_byte_wrapper.u_xiphy_byte_wrapper/I_CONTROL[1].GEN_I_CONTROL.u_xiphy_control/TX_BIT_CTRL_OUT4[26] |             4.3 |
| pll_clk[2]_DIV                                                                             | u_ddr4_0/inst/u_mig_ddr4_phy/inst/generate_block1.u_ddr_xiphy/byte_num[10].xiphy_byte_wrapper.u_xiphy_byte_wrapper/I_CONTROL[1].GEN_I_CONTROL.u_xiphy_control/TX_BIT_CTRL_OUT5[26] |             4.3 |
| pll_clk[2]_DIV                                                                             | u_ddr4_0/inst/u_mig_ddr4_phy/inst/generate_block1.u_ddr_xiphy/byte_num[11].xiphy_byte_wrapper.u_xiphy_byte_wrapper/I_CONTROL[0].GEN_I_CONTROL.u_xiphy_control/TX_BIT_CTRL_OUT0[26] |             4.3 |
| pll_clk[2]_DIV                                                                             | u_ddr4_0/inst/u_mig_ddr4_phy/inst/generate_block1.u_ddr_xiphy/byte_num[11].xiphy_byte_wrapper.u_xiphy_byte_wrapper/I_CONTROL[0].GEN_I_CONTROL.u_xiphy_control/TX_BIT_CTRL_OUT2[26] |             4.3 |
| pll_clk[2]_DIV                                                                             | u_ddr4_0/inst/u_mig_ddr4_phy/inst/generate_block1.u_ddr_xiphy/byte_num[11].xiphy_byte_wrapper.u_xiphy_byte_wrapper/I_CONTROL[0].GEN_I_CONTROL.u_xiphy_control/TX_BIT_CTRL_OUT3[26] |             4.3 |
| pll_clk[2]_DIV                                                                             | u_ddr4_0/inst/u_mig_ddr4_phy/inst/generate_block1.u_ddr_xiphy/byte_num[11].xiphy_byte_wrapper.u_xiphy_byte_wrapper/I_CONTROL[0].GEN_I_CONTROL.u_xiphy_control/TX_BIT_CTRL_OUT4[26] |             4.3 |
| pll_clk[2]_DIV                                                                             | u_ddr4_0/inst/u_mig_ddr4_phy/inst/generate_block1.u_ddr_xiphy/byte_num[11].xiphy_byte_wrapper.u_xiphy_byte_wrapper/I_CONTROL[0].GEN_I_CONTROL.u_xiphy_control/TX_BIT_CTRL_OUT5[26] |             4.3 |
| pll_clk[2]_DIV                                                                             | u_ddr4_0/inst/u_mig_ddr4_phy/inst/generate_block1.u_ddr_xiphy/byte_num[11].xiphy_byte_wrapper.u_xiphy_byte_wrapper/I_CONTROL[1].GEN_I_CONTROL.u_xiphy_control/TX_BIT_CTRL_OUT0[26] |             4.3 |
| pll_clk[2]_DIV                                                                             | u_ddr4_0/inst/u_mig_ddr4_phy/inst/generate_block1.u_ddr_xiphy/byte_num[11].xiphy_byte_wrapper.u_xiphy_byte_wrapper/I_CONTROL[1].GEN_I_CONTROL.u_xiphy_control/TX_BIT_CTRL_OUT2[26] |             4.3 |
| pll_clk[2]_DIV                                                                             | u_ddr4_0/inst/u_mig_ddr4_phy/inst/generate_block1.u_ddr_xiphy/byte_num[11].xiphy_byte_wrapper.u_xiphy_byte_wrapper/I_CONTROL[1].GEN_I_CONTROL.u_xiphy_control/TX_BIT_CTRL_OUT3[26] |             4.3 |
| pll_clk[2]_DIV                                                                             | u_ddr4_0/inst/u_mig_ddr4_phy/inst/generate_block1.u_ddr_xiphy/byte_num[11].xiphy_byte_wrapper.u_xiphy_byte_wrapper/I_CONTROL[1].GEN_I_CONTROL.u_xiphy_control/TX_BIT_CTRL_OUT4[26] |             4.3 |
| pll_clk[2]_DIV                                                                             | u_ddr4_0/inst/u_mig_ddr4_phy/inst/generate_block1.u_ddr_xiphy/byte_num[11].xiphy_byte_wrapper.u_xiphy_byte_wrapper/I_CONTROL[1].GEN_I_CONTROL.u_xiphy_control/TX_BIT_CTRL_OUT5[26] |             4.3 |
| pll_clk[2]_DIV                                                                             | u_ddr4_0/inst/u_mig_ddr4_phy/inst/generate_block1.u_ddr_xiphy/byte_num[8].xiphy_byte_wrapper.u_xiphy_byte_wrapper/I_CONTROL[0].GEN_I_CONTROL.u_xiphy_control/TX_BIT_CTRL_OUT0[26]  |             4.3 |
| pll_clk[2]_DIV                                                                             | u_ddr4_0/inst/u_mig_ddr4_phy/inst/generate_block1.u_ddr_xiphy/byte_num[8].xiphy_byte_wrapper.u_xiphy_byte_wrapper/I_CONTROL[0].GEN_I_CONTROL.u_xiphy_control/TX_BIT_CTRL_OUT2[26]  |             4.3 |
| pll_clk[2]_DIV                                                                             | u_ddr4_0/inst/u_mig_ddr4_phy/inst/generate_block1.u_ddr_xiphy/byte_num[8].xiphy_byte_wrapper.u_xiphy_byte_wrapper/I_CONTROL[0].GEN_I_CONTROL.u_xiphy_control/TX_BIT_CTRL_OUT3[26]  |             4.3 |
| pll_clk[2]_DIV                                                                             | u_ddr4_0/inst/u_mig_ddr4_phy/inst/generate_block1.u_ddr_xiphy/byte_num[8].xiphy_byte_wrapper.u_xiphy_byte_wrapper/I_CONTROL[0].GEN_I_CONTROL.u_xiphy_control/TX_BIT_CTRL_OUT4[26]  |             4.3 |
| pll_clk[2]_DIV                                                                             | u_ddr4_0/inst/u_mig_ddr4_phy/inst/generate_block1.u_ddr_xiphy/byte_num[8].xiphy_byte_wrapper.u_xiphy_byte_wrapper/I_CONTROL[0].GEN_I_CONTROL.u_xiphy_control/TX_BIT_CTRL_OUT5[26]  |             4.3 |
| pll_clk[2]_DIV                                                                             | u_ddr4_0/inst/u_mig_ddr4_phy/inst/generate_block1.u_ddr_xiphy/byte_num[8].xiphy_byte_wrapper.u_xiphy_byte_wrapper/I_CONTROL[1].GEN_I_CONTROL.u_xiphy_control/TX_BIT_CTRL_OUT0[26]  |             4.3 |
| pll_clk[2]_DIV                                                                             | u_ddr4_0/inst/u_mig_ddr4_phy/inst/generate_block1.u_ddr_xiphy/byte_num[8].xiphy_byte_wrapper.u_xiphy_byte_wrapper/I_CONTROL[1].GEN_I_CONTROL.u_xiphy_control/TX_BIT_CTRL_OUT2[26]  |             4.3 |
| pll_clk[2]_DIV                                                                             | u_ddr4_0/inst/u_mig_ddr4_phy/inst/generate_block1.u_ddr_xiphy/byte_num[8].xiphy_byte_wrapper.u_xiphy_byte_wrapper/I_CONTROL[1].GEN_I_CONTROL.u_xiphy_control/TX_BIT_CTRL_OUT3[26]  |             4.3 |
| pll_clk[2]_DIV                                                                             | u_ddr4_0/inst/u_mig_ddr4_phy/inst/generate_block1.u_ddr_xiphy/byte_num[8].xiphy_byte_wrapper.u_xiphy_byte_wrapper/I_CONTROL[1].GEN_I_CONTROL.u_xiphy_control/TX_BIT_CTRL_OUT4[26]  |             4.3 |
| pll_clk[2]_DIV                                                                             | u_ddr4_0/inst/u_mig_ddr4_phy/inst/generate_block1.u_ddr_xiphy/byte_num[8].xiphy_byte_wrapper.u_xiphy_byte_wrapper/I_CONTROL[1].GEN_I_CONTROL.u_xiphy_control/TX_BIT_CTRL_OUT5[26]  |             4.3 |
| pll_clk[2]_DIV                                                                             | u_ddr4_0/inst/u_mig_ddr4_phy/inst/generate_block1.u_ddr_xiphy/byte_num[9].xiphy_byte_wrapper.u_xiphy_byte_wrapper/I_CONTROL[0].GEN_I_CONTROL.u_xiphy_control/TX_BIT_CTRL_OUT0[26]  |             4.3 |
| pll_clk[2]_DIV                                                                             | u_ddr4_0/inst/u_mig_ddr4_phy/inst/generate_block1.u_ddr_xiphy/byte_num[9].xiphy_byte_wrapper.u_xiphy_byte_wrapper/I_CONTROL[0].GEN_I_CONTROL.u_xiphy_control/TX_BIT_CTRL_OUT2[26]  |             4.3 |
| pll_clk[2]_DIV                                                                             | u_ddr4_0/inst/u_mig_ddr4_phy/inst/generate_block1.u_ddr_xiphy/byte_num[9].xiphy_byte_wrapper.u_xiphy_byte_wrapper/I_CONTROL[0].GEN_I_CONTROL.u_xiphy_control/TX_BIT_CTRL_OUT3[26]  |             4.3 |
| pll_clk[2]_DIV                                                                             | u_ddr4_0/inst/u_mig_ddr4_phy/inst/generate_block1.u_ddr_xiphy/byte_num[9].xiphy_byte_wrapper.u_xiphy_byte_wrapper/I_CONTROL[0].GEN_I_CONTROL.u_xiphy_control/TX_BIT_CTRL_OUT4[26]  |             4.3 |
| pll_clk[2]_DIV                                                                             | u_ddr4_0/inst/u_mig_ddr4_phy/inst/generate_block1.u_ddr_xiphy/byte_num[9].xiphy_byte_wrapper.u_xiphy_byte_wrapper/I_CONTROL[0].GEN_I_CONTROL.u_xiphy_control/TX_BIT_CTRL_OUT5[26]  |             4.3 |
| pll_clk[2]_DIV                                                                             | u_ddr4_0/inst/u_mig_ddr4_phy/inst/generate_block1.u_ddr_xiphy/byte_num[9].xiphy_byte_wrapper.u_xiphy_byte_wrapper/I_CONTROL[1].GEN_I_CONTROL.u_xiphy_control/TX_BIT_CTRL_OUT0[26]  |             4.3 |
| pll_clk[2]_DIV                                                                             | u_ddr4_0/inst/u_mig_ddr4_phy/inst/generate_block1.u_ddr_xiphy/byte_num[9].xiphy_byte_wrapper.u_xiphy_byte_wrapper/I_CONTROL[1].GEN_I_CONTROL.u_xiphy_control/TX_BIT_CTRL_OUT2[26]  |             4.3 |
| pll_clk[2]_DIV                                                                             | u_ddr4_0/inst/u_mig_ddr4_phy/inst/generate_block1.u_ddr_xiphy/byte_num[9].xiphy_byte_wrapper.u_xiphy_byte_wrapper/I_CONTROL[1].GEN_I_CONTROL.u_xiphy_control/TX_BIT_CTRL_OUT3[26]  |             4.3 |
| pll_clk[2]_DIV                                                                             | u_ddr4_0/inst/u_mig_ddr4_phy/inst/generate_block1.u_ddr_xiphy/byte_num[9].xiphy_byte_wrapper.u_xiphy_byte_wrapper/I_CONTROL[1].GEN_I_CONTROL.u_xiphy_control/TX_BIT_CTRL_OUT4[26]  |             4.3 |
| pll_clk[2]_DIV                                                                             | u_ddr4_0/inst/u_mig_ddr4_phy/inst/generate_block1.u_ddr_xiphy/byte_num[9].xiphy_byte_wrapper.u_xiphy_byte_wrapper/I_CONTROL[1].GEN_I_CONTROL.u_xiphy_control/TX_BIT_CTRL_OUT5[26]  |             4.3 |
+--------------------------------------------------------------------------------------------+------------------------------------------------------------------------------------------------------------------------------------------------------------------------------------+-----------------+


3. Detailed Reports
-------------------

3.1 By Hierarchy
----------------

+-----------------------------+-----------+
| Name                        | Power (W) |
+-----------------------------+-----------+
| softMC_top                  |     1.183 |
|   dbg_hub                   |     0.003 |
|     inst                    |     0.003 |
|       BSCANID.u_xsdbm_id    |     0.003 |
|   i_softmc                  |     0.010 |
|     i_instr0_fifo           |     0.005 |
|       U0                    |     0.005 |
|     i_instr1_fifo           |     0.001 |
|       U0                    |     0.001 |
|     i_iseq_disp             |     0.002 |
|   u_ddr4_0                  |     1.170 |
|     inst                    |     1.170 |
|       u_ddr4_infrastructure |     0.125 |
|       u_ddr_cal_riu         |     0.040 |
|       u_ddr_cal_top         |     0.081 |
|       u_io_write_data_sync  |     0.001 |
|       u_mig_ddr4_phy        |     0.920 |
+-----------------------------+-----------+


