#-----------------------------------------------------------
# Vivado v2020.2 (64-bit)
# SW Build 3064766 on Wed Nov 18 09:12:45 MST 2020
# IP Build 3064653 on Wed Nov 18 14:17:31 MST 2020
# Start of session at: Tue Jul 20 14:19:35 2021
# Process ID: 1356
# Current directory: C:/Users/yongj/Desktop/softmc_ddr4/hw/boards/ML605/ddr4_1_ex
# Command line: vivado.exe -gui_launcher_event rodinguilauncherevent22196 C:\Users\yongj\Desktop\softmc_ddr4\hw\boards\ML605\ddr4_1_ex\ddr4_1_ex.xpr
# Log file: C:/Users/yongj/Desktop/softmc_ddr4/hw/boards/ML605/ddr4_1_ex/vivado.log
# Journal file: C:/Users/yongj/Desktop/softmc_ddr4/hw/boards/ML605/ddr4_1_ex\vivado.jou
#-----------------------------------------------------------
start_gui
open_project C:/Users/yongj/Desktop/softmc_ddr4/hw/boards/ML605/ddr4_1_ex/ddr4_1_ex.xpr
Scanning sources...
Finished scanning sources
INFO: [IP_Flow 19-234] Refreshing IP repositories
INFO: [IP_Flow 19-1704] No user IP repositories specified
INFO: [IP_Flow 19-2313] Loaded Vivado IP repository 'D:/Xilinx/Vivado/2020.2/data/ip'.
open_project: Time (s): cpu = 00:00:13 ; elapsed = 00:00:07 . Memory (MB): peak = 1107.496 ; gain = 0.000
update_compile_order -fileset sources_1
INFO: [Device 21-403] Loading part xcvu095-ffva2104-1-i
set_property part xcvu095-ffvb2104-2-e [current_project]
WARNING: [IP_Flow 19-2162] IP 'ddr4_1' is locked:
* Current project part 'xcvu095-ffvb2104-2-e' and the part 'xcvu095-ffva2104-1-i' used to customize the IP 'ddr4_1' do not match. * IP 'ddr4_1' contains one or more locked subcores.
report_ip_status -name ip_status 
upgrade_ip -vlnv xilinx.com:ip:ddr4:2.2 [get_ips  ddr4_1] -log ip_upgrade.log
Upgrading 'ddr4_1'
INFO: [Device 21-403] Loading part xcvu095-ffvb2104-2-e
WARNING: [IP_Flow 19-1721] During upgrade of 'ddr4_1':
INFO: upgrade from same called

INFO: [IP_Flow 19-3420] Updated ddr4_1 to use current project options
INFO: [IP_Flow 19-1686] Generating 'Instantiation Template' target for IP 'ddr4_1'...
INFO: [Coretcl 2-1525] Wrote upgrade log to 'C:/Users/yongj/Desktop/softmc_ddr4/hw/boards/ML605/ddr4_1_ex/ip_upgrade.log'.
upgrade_ip: Time (s): cpu = 00:00:21 ; elapsed = 00:00:26 . Memory (MB): peak = 2231.145 ; gain = 239.047
export_ip_user_files -of_objects [get_ips ddr4_1] -no_script -sync -force -quiet
generate_target all [get_files  C:/Users/yongj/Desktop/softmc_ddr4/hw/boards/ML605/ddr4_1_ex/ddr4_1_ex.srcs/sources_1/ip/ddr4_1/ddr4_1.xci]
INFO: [IP_Flow 19-1686] Generating 'Synthesis' target for IP 'ddr4_1'...
INFO: [IP_Flow 19-1686] Generating 'Simulation' target for IP 'ddr4_1'...
INFO: [IP_Flow 19-1686] Generating 'Implementation' target for IP 'ddr4_1'...
INFO: [IP_Flow 19-1686] Generating 'Change Log' target for IP 'ddr4_1'...
Exporting to file c:/Users/yongj/Desktop/softmc_ddr4/hw/boards/ML605/ddr4_1_ex/ddr4_1_ex.gen/sources_1/ip/ddr4_1/bd_0/hw_handoff/ddr4_1_microblaze_mcs.hwh
Generated Block Design Tcl file c:/Users/yongj/Desktop/softmc_ddr4/hw/boards/ML605/ddr4_1_ex/ddr4_1_ex.gen/sources_1/ip/ddr4_1/bd_0/hw_handoff/ddr4_1_microblaze_mcs_bd.tcl
Generated Hardware Definition File c:/Users/yongj/Desktop/softmc_ddr4/hw/boards/ML605/ddr4_1_ex/ddr4_1_ex.gen/sources_1/ip/ddr4_1/bd_0/synth/ddr4_1_microblaze_mcs.hwdef
generate_target: Time (s): cpu = 00:00:06 ; elapsed = 00:00:09 . Memory (MB): peak = 2248.301 ; gain = 17.156
catch { config_ip_cache -export [get_ips -all ddr4_1] }
export_ip_user_files -of_objects [get_files C:/Users/yongj/Desktop/softmc_ddr4/hw/boards/ML605/ddr4_1_ex/ddr4_1_ex.srcs/sources_1/ip/ddr4_1/ddr4_1.xci] -no_script -sync -force -quiet
create_ip_run [get_files -of_objects [get_fileset sources_1] C:/Users/yongj/Desktop/softmc_ddr4/hw/boards/ML605/ddr4_1_ex/ddr4_1_ex.srcs/sources_1/ip/ddr4_1/ddr4_1.xci]
launch_runs ddr4_1_synth_1 -jobs 6
[Tue Jul 20 14:32:06 2021] Launched ddr4_1_synth_1...
Run output will be captured here: C:/Users/yongj/Desktop/softmc_ddr4/hw/boards/ML605/ddr4_1_ex/ddr4_1_ex.runs/ddr4_1_synth_1/runme.log
export_simulation -of_objects [get_files C:/Users/yongj/Desktop/softmc_ddr4/hw/boards/ML605/ddr4_1_ex/ddr4_1_ex.srcs/sources_1/ip/ddr4_1/ddr4_1.xci] -directory C:/Users/yongj/Desktop/softmc_ddr4/hw/boards/ML605/ddr4_1_ex/ddr4_1_ex.ip_user_files/sim_scripts -ip_user_files_dir C:/Users/yongj/Desktop/softmc_ddr4/hw/boards/ML605/ddr4_1_ex/ddr4_1_ex.ip_user_files -ipstatic_source_dir C:/Users/yongj/Desktop/softmc_ddr4/hw/boards/ML605/ddr4_1_ex/ddr4_1_ex.ip_user_files/ipstatic -lib_map_path [list {modelsim=C:/Users/yongj/Desktop/softmc_ddr4/hw/boards/ML605/ddr4_1_ex/ddr4_1_ex.cache/compile_simlib/modelsim} {questa=C:/Users/yongj/Desktop/softmc_ddr4/hw/boards/ML605/ddr4_1_ex/ddr4_1_ex.cache/compile_simlib/questa} {riviera=C:/Users/yongj/Desktop/softmc_ddr4/hw/boards/ML605/ddr4_1_ex/ddr4_1_ex.cache/compile_simlib/riviera} {activehdl=C:/Users/yongj/Desktop/softmc_ddr4/hw/boards/ML605/ddr4_1_ex/ddr4_1_ex.cache/compile_simlib/activehdl}] -use_ip_compiled_libs -force -quiet
exit
INFO: [Common 17-206] Exiting Vivado at Tue Jul 20 16:06:30 2021...
