#-----------------------------------------------------------
# Vivado v2020.2 (64-bit)
# SW Build 3064766 on Wed Nov 18 09:12:45 MST 2020
# IP Build 3064653 on Wed Nov 18 14:17:31 MST 2020
# Start of session at: Wed Jun 23 15:11:48 2021
# Process ID: 3712
# Current directory: c:/Users/yongj/Desktop/SoftMC-master_schematic_0622/SoftMC-master_schematic/SoftMC-master/hw/boards/ML605/ddr4_1_ex
# Command line: vivado.exe -notrace -source c:/Users/yongj/Desktop/SoftMC-master_schematic_0622/SoftMC-master_schematic/SoftMC-master/hw/boards/ML605/ddr4_0_ex/ddr4_0_ex.gen/sources_1/ip/ddr4_1/ddr4_1_ex.tcl
# Log file: c:/Users/yongj/Desktop/SoftMC-master_schematic_0622/SoftMC-master_schematic/SoftMC-master/hw/boards/ML605/ddr4_1_ex/vivado.log
# Journal file: c:/Users/yongj/Desktop/SoftMC-master_schematic_0622/SoftMC-master_schematic/SoftMC-master/hw/boards/ML605/ddr4_1_ex\vivado.jou
#-----------------------------------------------------------
start_gui
source c:/Users/yongj/Desktop/SoftMC-master_schematic_0622/SoftMC-master_schematic/SoftMC-master/hw/boards/ML605/ddr4_0_ex/ddr4_0_ex.gen/sources_1/ip/ddr4_1/ddr4_1_ex.tcl -notrace
INFO: [open_example_project] Creating new example project...
INFO: [ProjectBase 1-489] The host OS only allows 260 characters in a normal path. The project is stored in a path with more than 80 characters. If you experience issues with IP, Block Designs, or files not being found, please consider moving the project to a location with a shorter path. Alternately consider using the OS subst command to map part of the path to a drive letter.
Current project path is 'c:/Users/yongj/Desktop/SoftMC-master_schematic_0622/SoftMC-master_schematic/SoftMC-master/hw/boards/ML605/ddr4_1_ex'
INFO: [IP_Flow 19-234] Refreshing IP repositories
INFO: [IP_Flow 19-1704] No user IP repositories specified
INFO: [IP_Flow 19-2313] Loaded Vivado IP repository 'D:/Xilinx/Vivado/2020.2/data/ip'.
create_project: Time (s): cpu = 00:00:16 ; elapsed = 00:00:08 . Memory (MB): peak = 1088.918 ; gain = 0.000
INFO: [open_example_project] Importing original IP ...
INFO: [open_example_project] Generating the example project IP ...
INFO: [IP_Flow 19-1706] Not generating 'Instantiation Template' target for IP 'ddr4_1'. Target already exists and is up to date.
INFO: [IP_Flow 19-1706] Not generating 'Synthesis' target for IP 'ddr4_1'. Target already exists and is up to date.
INFO: [IP_Flow 19-1706] Not generating 'Simulation' target for IP 'ddr4_1'. Target already exists and is up to date.
INFO: [IP_Flow 19-1706] Not generating 'Implementation' target for IP 'ddr4_1'. Target already exists and is up to date.
INFO: [BD 41-1637] Generated targets are already up-to-date for block design 'bd_9c58' - hence not re-generating.
INFO: [open_example_project] Adding example synthesis HDL files ...
INFO: [open_example_project] Adding example XDC files ...
INFO: [open_example_project] Adding simulation HDL files ...
INFO: [open_example_project] Sourcing example extension scripts ...
INFO: [open_example_project] Sourcing extension script: example_design_post_process.tcl
Post processing the example_design
INFO: [open_example_project] Rebuilding all the top level IPs ...
INFO: [exportsim-Tcl-35] Exporting simulation files for "XSIM" (Xilinx Vivado Simulator)...
INFO: [exportsim-Tcl-29] Script generated: 'C:/Users/yongj/Desktop/SoftMC-master_schematic_0622/SoftMC-master_schematic/SoftMC-master/hw/boards/ML605/ddr4_1_ex/ddr4_1_ex.ip_user_files/sim_scripts/ddr4_1/xsim/ddr4_1.sh'
INFO: [SIM-utils-43] Exported 'C:/Users/yongj/Desktop/SoftMC-master_schematic_0622/SoftMC-master_schematic/SoftMC-master/hw/boards/ML605/ddr4_1_ex/ddr4_1_ex.ip_user_files/sim_scripts/ddr4_1/xsim/sim_ddr_v2_0.h'
INFO: [SIM-utils-43] Exported 'C:/Users/yongj/Desktop/SoftMC-master_schematic_0622/SoftMC-master_schematic/SoftMC-master/hw/boards/ML605/ddr4_1_ex/ddr4_1_ex.ip_user_files/sim_scripts/ddr4_1/xsim/ddr4_1_sc.h'
INFO: [SIM-utils-43] Exported 'C:/Users/yongj/Desktop/SoftMC-master_schematic_0622/SoftMC-master_schematic/SoftMC-master/hw/boards/ML605/ddr4_1_ex/ddr4_1_ex.ip_user_files/sim_scripts/ddr4_1/xsim/ddr4_1.h'
Generating merged BMM file for the design top 'sim_tb_top'...
Generating merged BMM file for the design top 'sim_tb_top'...
INFO: [exportsim-Tcl-35] Exporting simulation files for "MODELSIM" (Mentor Graphics ModelSim Simulator)...
INFO: [exportsim-Tcl-29] Script generated: 'C:/Users/yongj/Desktop/SoftMC-master_schematic_0622/SoftMC-master_schematic/SoftMC-master/hw/boards/ML605/ddr4_1_ex/ddr4_1_ex.ip_user_files/sim_scripts/ddr4_1/modelsim/ddr4_1.sh'
INFO: [SIM-utils-43] Exported 'C:/Users/yongj/Desktop/SoftMC-master_schematic_0622/SoftMC-master_schematic/SoftMC-master/hw/boards/ML605/ddr4_1_ex/ddr4_1_ex.ip_user_files/sim_scripts/ddr4_1/modelsim/sim_ddr_v2_0.h'
INFO: [SIM-utils-43] Exported 'C:/Users/yongj/Desktop/SoftMC-master_schematic_0622/SoftMC-master_schematic/SoftMC-master/hw/boards/ML605/ddr4_1_ex/ddr4_1_ex.ip_user_files/sim_scripts/ddr4_1/modelsim/ddr4_1_sc.h'
INFO: [SIM-utils-43] Exported 'C:/Users/yongj/Desktop/SoftMC-master_schematic_0622/SoftMC-master_schematic/SoftMC-master/hw/boards/ML605/ddr4_1_ex/ddr4_1_ex.ip_user_files/sim_scripts/ddr4_1/modelsim/ddr4_1.h'
INFO: [exportsim-Tcl-35] Exporting simulation files for "QUESTA" (Mentor Graphics Questa Advanced Simulator)...
INFO: [exportsim-Tcl-29] Script generated: 'C:/Users/yongj/Desktop/SoftMC-master_schematic_0622/SoftMC-master_schematic/SoftMC-master/hw/boards/ML605/ddr4_1_ex/ddr4_1_ex.ip_user_files/sim_scripts/ddr4_1/questa/ddr4_1.sh'
INFO: [SIM-utils-43] Exported 'C:/Users/yongj/Desktop/SoftMC-master_schematic_0622/SoftMC-master_schematic/SoftMC-master/hw/boards/ML605/ddr4_1_ex/ddr4_1_ex.ip_user_files/sim_scripts/ddr4_1/questa/sim_ddr_v2_0.h'
INFO: [SIM-utils-43] Exported 'C:/Users/yongj/Desktop/SoftMC-master_schematic_0622/SoftMC-master_schematic/SoftMC-master/hw/boards/ML605/ddr4_1_ex/ddr4_1_ex.ip_user_files/sim_scripts/ddr4_1/questa/ddr4_1_sc.h'
INFO: [SIM-utils-43] Exported 'C:/Users/yongj/Desktop/SoftMC-master_schematic_0622/SoftMC-master_schematic/SoftMC-master/hw/boards/ML605/ddr4_1_ex/ddr4_1_ex.ip_user_files/sim_scripts/ddr4_1/questa/ddr4_1.h'
INFO: [exportsim-Tcl-35] Exporting simulation files for "IES" (Cadence Incisive Enterprise Simulator)...
INFO: [exportsim-Tcl-29] Script generated: 'C:/Users/yongj/Desktop/SoftMC-master_schematic_0622/SoftMC-master_schematic/SoftMC-master/hw/boards/ML605/ddr4_1_ex/ddr4_1_ex.ip_user_files/sim_scripts/ddr4_1/ies/ddr4_1.sh'
INFO: [SIM-utils-43] Exported 'C:/Users/yongj/Desktop/SoftMC-master_schematic_0622/SoftMC-master_schematic/SoftMC-master/hw/boards/ML605/ddr4_1_ex/ddr4_1_ex.ip_user_files/sim_scripts/ddr4_1/ies/sim_ddr_v2_0.h'
INFO: [SIM-utils-43] Exported 'C:/Users/yongj/Desktop/SoftMC-master_schematic_0622/SoftMC-master_schematic/SoftMC-master/hw/boards/ML605/ddr4_1_ex/ddr4_1_ex.ip_user_files/sim_scripts/ddr4_1/ies/ddr4_1_sc.h'
INFO: [SIM-utils-43] Exported 'C:/Users/yongj/Desktop/SoftMC-master_schematic_0622/SoftMC-master_schematic/SoftMC-master/hw/boards/ML605/ddr4_1_ex/ddr4_1_ex.ip_user_files/sim_scripts/ddr4_1/ies/ddr4_1.h'
INFO: [exportsim-Tcl-35] Exporting simulation files for "VCS" (Synopsys Verilog Compiler Simulator)...
INFO: [exportsim-Tcl-29] Script generated: 'C:/Users/yongj/Desktop/SoftMC-master_schematic_0622/SoftMC-master_schematic/SoftMC-master/hw/boards/ML605/ddr4_1_ex/ddr4_1_ex.ip_user_files/sim_scripts/ddr4_1/vcs/ddr4_1.sh'
INFO: [SIM-utils-43] Exported 'C:/Users/yongj/Desktop/SoftMC-master_schematic_0622/SoftMC-master_schematic/SoftMC-master/hw/boards/ML605/ddr4_1_ex/ddr4_1_ex.ip_user_files/sim_scripts/ddr4_1/vcs/sim_ddr_v2_0.h'
INFO: [SIM-utils-43] Exported 'C:/Users/yongj/Desktop/SoftMC-master_schematic_0622/SoftMC-master_schematic/SoftMC-master/hw/boards/ML605/ddr4_1_ex/ddr4_1_ex.ip_user_files/sim_scripts/ddr4_1/vcs/ddr4_1_sc.h'
INFO: [SIM-utils-43] Exported 'C:/Users/yongj/Desktop/SoftMC-master_schematic_0622/SoftMC-master_schematic/SoftMC-master/hw/boards/ML605/ddr4_1_ex/ddr4_1_ex.ip_user_files/sim_scripts/ddr4_1/vcs/ddr4_1.h'
INFO: [exportsim-Tcl-35] Exporting simulation files for "RIVIERA" (Aldec Riviera-PRO Simulator)...
INFO: [exportsim-Tcl-29] Script generated: 'C:/Users/yongj/Desktop/SoftMC-master_schematic_0622/SoftMC-master_schematic/SoftMC-master/hw/boards/ML605/ddr4_1_ex/ddr4_1_ex.ip_user_files/sim_scripts/ddr4_1/riviera/ddr4_1.sh'
INFO: [SIM-utils-43] Exported 'C:/Users/yongj/Desktop/SoftMC-master_schematic_0622/SoftMC-master_schematic/SoftMC-master/hw/boards/ML605/ddr4_1_ex/ddr4_1_ex.ip_user_files/sim_scripts/ddr4_1/riviera/sim_ddr_v2_0.h'
INFO: [SIM-utils-43] Exported 'C:/Users/yongj/Desktop/SoftMC-master_schematic_0622/SoftMC-master_schematic/SoftMC-master/hw/boards/ML605/ddr4_1_ex/ddr4_1_ex.ip_user_files/sim_scripts/ddr4_1/riviera/ddr4_1_sc.h'
INFO: [SIM-utils-43] Exported 'C:/Users/yongj/Desktop/SoftMC-master_schematic_0622/SoftMC-master_schematic/SoftMC-master/hw/boards/ML605/ddr4_1_ex/ddr4_1_ex.ip_user_files/sim_scripts/ddr4_1/riviera/ddr4_1.h'
INFO: [exportsim-Tcl-35] Exporting simulation files for "ACTIVEHDL" (Aldec Active-HDL Simulator)...
INFO: [exportsim-Tcl-29] Script generated: 'C:/Users/yongj/Desktop/SoftMC-master_schematic_0622/SoftMC-master_schematic/SoftMC-master/hw/boards/ML605/ddr4_1_ex/ddr4_1_ex.ip_user_files/sim_scripts/ddr4_1/activehdl/ddr4_1.sh'
INFO: [SIM-utils-43] Exported 'C:/Users/yongj/Desktop/SoftMC-master_schematic_0622/SoftMC-master_schematic/SoftMC-master/hw/boards/ML605/ddr4_1_ex/ddr4_1_ex.ip_user_files/sim_scripts/ddr4_1/activehdl/sim_ddr_v2_0.h'
INFO: [SIM-utils-43] Exported 'C:/Users/yongj/Desktop/SoftMC-master_schematic_0622/SoftMC-master_schematic/SoftMC-master/hw/boards/ML605/ddr4_1_ex/ddr4_1_ex.ip_user_files/sim_scripts/ddr4_1/activehdl/ddr4_1_sc.h'
INFO: [SIM-utils-43] Exported 'C:/Users/yongj/Desktop/SoftMC-master_schematic_0622/SoftMC-master_schematic/SoftMC-master/hw/boards/ML605/ddr4_1_ex/ddr4_1_ex.ip_user_files/sim_scripts/ddr4_1/activehdl/ddr4_1.h'
INFO: [exportsim-Tcl-35] Exporting simulation files for "XCELIUM" (Cadence Xcelium Parallel Simulator)...
INFO: [exportsim-Tcl-29] Script generated: 'C:/Users/yongj/Desktop/SoftMC-master_schematic_0622/SoftMC-master_schematic/SoftMC-master/hw/boards/ML605/ddr4_1_ex/ddr4_1_ex.ip_user_files/sim_scripts/ddr4_1/xcelium/ddr4_1.sh'
INFO: [SIM-utils-43] Exported 'C:/Users/yongj/Desktop/SoftMC-master_schematic_0622/SoftMC-master_schematic/SoftMC-master/hw/boards/ML605/ddr4_1_ex/ddr4_1_ex.ip_user_files/sim_scripts/ddr4_1/xcelium/sim_ddr_v2_0.h'
INFO: [SIM-utils-43] Exported 'C:/Users/yongj/Desktop/SoftMC-master_schematic_0622/SoftMC-master_schematic/SoftMC-master/hw/boards/ML605/ddr4_1_ex/ddr4_1_ex.ip_user_files/sim_scripts/ddr4_1/xcelium/ddr4_1_sc.h'
INFO: [SIM-utils-43] Exported 'C:/Users/yongj/Desktop/SoftMC-master_schematic_0622/SoftMC-master_schematic/SoftMC-master/hw/boards/ML605/ddr4_1_ex/ddr4_1_ex.ip_user_files/sim_scripts/ddr4_1/xcelium/ddr4_1.h'
export_ip_user_files: Time (s): cpu = 00:00:08 ; elapsed = 00:00:08 . Memory (MB): peak = 1088.918 ; gain = 0.000
INFO: [open_example_project] Open Example Project completed
update_compile_order -fileset sources_1
synth_design -rtl -rtl_skip_mlo -name rtl_1
Command: synth_design -rtl -rtl_skip_mlo -name rtl_1
Starting synth_design
Using part: xcvu095-ffva2104-1-i
Top: example_top
INFO: [Device 21-403] Loading part xcvu095-ffva2104-1-i
---------------------------------------------------------------------------------
Starting RTL Elaboration : Time (s): cpu = 00:00:03 ; elapsed = 00:00:04 . Memory (MB): peak = 1952.609 ; gain = 247.977
---------------------------------------------------------------------------------
INFO: [Synth 8-6157] synthesizing module 'example_top' [c:/Users/yongj/Desktop/SoftMC-master_schematic_0622/SoftMC-master_schematic/SoftMC-master/hw/boards/ML605/ddr4_1_ex/imports/example_top.sv:90]
	Parameter SIMULATION bound to: FALSE - type: string 
	Parameter ADDR_WIDTH bound to: 17 - type: integer 
	Parameter BANK_WIDTH bound to: 2 - type: integer 
	Parameter BANK_GROUP_WIDTH bound to: 1 - type: integer 
	Parameter CS_WIDTH bound to: 1 - type: integer 
	Parameter ODT_WIDTH bound to: 1 - type: integer 
	Parameter DQ_WIDTH bound to: 64 - type: integer 
	Parameter DM_WIDTH bound to: 8 - type: integer 
	Parameter NUM_RANK bound to: 1 - type: integer 
	Parameter NUM_SLOT bound to: 1 - type: integer 
	Parameter DATA_BUF_ADDR_WIDTH bound to: 5 - type: integer 
	Parameter ODTWRDEL bound to: 5'b01100 
	Parameter ODTWRDUR bound to: 4'b0110 
	Parameter ODTWRODEL bound to: 5'b01001 
	Parameter ODTWRODUR bound to: 4'b0110 
	Parameter ODTRDDEL bound to: 5'b01110 
	Parameter ODTRDDUR bound to: 4'b0110 
	Parameter ODTRDODEL bound to: 5'b01001 
	Parameter ODTRDODUR bound to: 4'b0110 
	Parameter ODTNOP bound to: 16'b0000000000000000 
	Parameter ODTWR bound to: 16'b0000000000000001 
	Parameter ODTRD bound to: 16'b0000000000000000 
INFO: [Synth 8-6157] synthesizing module 'ddr4_1' [c:/Users/yongj/Desktop/SoftMC-master_schematic_0622/SoftMC-master_schematic/SoftMC-master/hw/boards/ML605/ddr4_1_ex/.Xil/Vivado-3712-DESKTOP-ILOVGO9/realtime/ddr4_1_stub.v:6]
INFO: [Synth 8-6155] done synthesizing module 'ddr4_1' (1#1) [c:/Users/yongj/Desktop/SoftMC-master_schematic_0622/SoftMC-master_schematic/SoftMC-master/hw/boards/ML605/ddr4_1_ex/.Xil/Vivado-3712-DESKTOP-ILOVGO9/realtime/ddr4_1_stub.v:6]
INFO: [Synth 8-6157] synthesizing module 'example_tb_phy' [c:/Users/yongj/Desktop/SoftMC-master_schematic_0622/SoftMC-master_schematic/SoftMC-master/hw/boards/ML605/ddr4_1_ex/imports/example_tb_phy.sv:90]
	Parameter SIMULATION bound to: FALSE - type: string 
	Parameter ADDR_WIDTH bound to: 17 - type: integer 
	Parameter BANK_WIDTH bound to: 2 - type: integer 
	Parameter BANK_GROUP_WIDTH bound to: 1 - type: integer 
	Parameter CS_WIDTH bound to: 1 - type: integer 
	Parameter ODT_WIDTH bound to: 1 - type: integer 
	Parameter DQ_WIDTH bound to: 64 - type: integer 
	Parameter DM_WIDTH bound to: 8 - type: integer 
	Parameter CWL bound to: 12 - type: integer 
	Parameter NUM_RANK bound to: 1 - type: integer 
	Parameter NUM_SLOT bound to: 1 - type: integer 
	Parameter DATA_BUF_ADDR_WIDTH bound to: 5 - type: integer 
	Parameter ODTWR bound to: 16'b0000000000000001 
	Parameter ODTWRDEL bound to: 5'b01100 
	Parameter ODTWRDUR bound to: 4'b0110 
	Parameter ODTWRODEL bound to: 5'b01001 
	Parameter ODTWRODUR bound to: 4'b0110 
	Parameter ODTRD bound to: 16'b0000000000000000 
	Parameter ODTRDDEL bound to: 5'b01110 
	Parameter ODTRDDUR bound to: 4'b0110 
	Parameter ODTRDODEL bound to: 5'b01001 
	Parameter ODTRDODUR bound to: 4'b0110 
	Parameter ODTBITS bound to: 1 - type: integer 
	Parameter ODTNOP bound to: 16'b0000000000000000 
	Parameter BEGIN_ADDRESS bound to: 20'b00000001000000000000 
	Parameter NUM_TRANSACT bound to: 64 - type: integer 
	Parameter NUM_WRITES bound to: 32 - type: integer 
	Parameter NUM_READS bound to: 32 - type: integer 
	Parameter TCQ bound to: 100 - type: integer 
	Parameter INT_DATA_WIDTH bound to: 16 - type: integer 
	Parameter IDLE bound to: 4'b0000 
	Parameter ACTIVATE bound to: 4'b0001 
	Parameter ACT_WAIT bound to: 4'b0010 
	Parameter WRITE bound to: 4'b0011 
	Parameter WRITE_WAIT bound to: 4'b0100 
	Parameter WR_RD_WAIT bound to: 4'b0101 
	Parameter READ bound to: 4'b0110 
	Parameter READ_WAIT bound to: 4'b0111 
	Parameter DONE bound to: 4'b1000 
INFO: [Synth 8-155] case statement is not full and has no default [c:/Users/yongj/Desktop/SoftMC-master_schematic_0622/SoftMC-master_schematic/SoftMC-master/hw/boards/ML605/ddr4_1_ex/imports/example_tb_phy.sv:398]
INFO: [Synth 8-6157] synthesizing module 'ddr4_v2_2_10_ddr_cal_mc_odt' [c:/Users/yongj/Desktop/SoftMC-master_schematic_0622/SoftMC-master_schematic/SoftMC-master/hw/boards/ML605/ddr4_1_ex/imports/ddrx_cal_mc_odt.sv:68]
	Parameter ODTWR bound to: 16'b0000000000000001 
	Parameter ODTWRDEL bound to: 5'b01100 
	Parameter ODTWRDUR bound to: 4'b0110 
	Parameter ODTWRODEL bound to: 5'b01001 
	Parameter ODTWRODUR bound to: 4'b0110 
	Parameter ODTRD bound to: 16'b0000000000000000 
	Parameter ODTRDDEL bound to: 5'b01110 
	Parameter ODTRDDUR bound to: 4'b0110 
	Parameter ODTRDODEL bound to: 5'b01001 
	Parameter ODTRDODUR bound to: 4'b0110 
	Parameter RANKS bound to: 1 - type: integer 
	Parameter RNK_BITS bound to: 2 - type: integer 
	Parameter ODTBITS bound to: 1 - type: integer 
	Parameter ODTNOP bound to: 16'b0000000000000000 
	Parameter TCQ bound to: 0.100000 - type: double 
INFO: [Synth 8-6155] done synthesizing module 'ddr4_v2_2_10_ddr_cal_mc_odt' (2#1) [c:/Users/yongj/Desktop/SoftMC-master_schematic_0622/SoftMC-master_schematic/SoftMC-master/hw/boards/ML605/ddr4_1_ex/imports/ddrx_cal_mc_odt.sv:68]
INFO: [Synth 8-6155] done synthesizing module 'example_tb_phy' (3#1) [c:/Users/yongj/Desktop/SoftMC-master_schematic_0622/SoftMC-master_schematic/SoftMC-master/hw/boards/ML605/ddr4_1_ex/imports/example_tb_phy.sv:90]
INFO: [Synth 8-6155] done synthesizing module 'example_top' (4#1) [c:/Users/yongj/Desktop/SoftMC-master_schematic_0622/SoftMC-master_schematic/SoftMC-master/hw/boards/ML605/ddr4_1_ex/imports/example_top.sv:90]
---------------------------------------------------------------------------------
Finished RTL Elaboration : Time (s): cpu = 00:00:04 ; elapsed = 00:00:05 . Memory (MB): peak = 2031.855 ; gain = 327.223
---------------------------------------------------------------------------------
---------------------------------------------------------------------------------
Start Handling Custom Attributes
---------------------------------------------------------------------------------
---------------------------------------------------------------------------------
Finished Handling Custom Attributes : Time (s): cpu = 00:00:05 ; elapsed = 00:00:05 . Memory (MB): peak = 2044.344 ; gain = 339.711
---------------------------------------------------------------------------------
---------------------------------------------------------------------------------
Finished RTL Optimization Phase 1 : Time (s): cpu = 00:00:05 ; elapsed = 00:00:05 . Memory (MB): peak = 2044.344 ; gain = 339.711
---------------------------------------------------------------------------------
INFO: [Project 1-454] Reading design checkpoint 'c:/Users/yongj/Desktop/SoftMC-master_schematic_0622/SoftMC-master_schematic/SoftMC-master/hw/boards/ML605/ddr4_1_ex/ddr4_1_ex.gen/sources_1/ip/ddr4_1/ddr4_1.dcp' for cell 'u_ddr4_1'
Netlist sorting complete. Time (s): cpu = 00:00:01 ; elapsed = 00:00:01 . Memory (MB): peak = 2075.895 ; gain = 0.000
INFO: [Netlist 29-17] Analyzing 509 Unisim elements for replacement
INFO: [Netlist 29-28] Unisim Transformation completed in 0 CPU seconds
INFO: [Project 1-479] Netlist was created with Vivado 2020.2
INFO: [Project 1-570] Preparing netlist for logic optimization

Processing XDC Constraints
Initializing timing engine
Parsing XDC File [c:/Users/yongj/Desktop/SoftMC-master_schematic_0622/SoftMC-master_schematic/SoftMC-master/hw/boards/ML605/ddr4_1_ex/ddr4_1_ex.gen/sources_1/ip/ddr4_1/bd_0/ip/ip_0/bd_9c58_microblaze_I_0.xdc] for cell 'u_ddr4_1/inst/u_ddr_cal_riu/mcs0/inst/microblaze_I/U0'
Finished Parsing XDC File [c:/Users/yongj/Desktop/SoftMC-master_schematic_0622/SoftMC-master_schematic/SoftMC-master/hw/boards/ML605/ddr4_1_ex/ddr4_1_ex.gen/sources_1/ip/ddr4_1/bd_0/ip/ip_0/bd_9c58_microblaze_I_0.xdc] for cell 'u_ddr4_1/inst/u_ddr_cal_riu/mcs0/inst/microblaze_I/U0'
INFO: [Project 1-236] Implementation specific constraints were found while reading constraint file [c:/Users/yongj/Desktop/SoftMC-master_schematic_0622/SoftMC-master_schematic/SoftMC-master/hw/boards/ML605/ddr4_1_ex/ddr4_1_ex.gen/sources_1/ip/ddr4_1/bd_0/ip/ip_0/bd_9c58_microblaze_I_0.xdc]. These constraints will be ignored for synthesis but will be used in implementation. Impacted constraints are listed in the file [.Xil/example_top_propImpl.xdc].
Resolution: To avoid this warning, move constraints listed in [.Xil/example_top_propImpl.xdc] to another XDC file and exclude this new file from synthesis with the used_in_synthesis property (File Properties dialog in GUI) and re-run elaboration/synthesis.
Parsing XDC File [c:/Users/yongj/Desktop/SoftMC-master_schematic_0622/SoftMC-master_schematic/SoftMC-master/hw/boards/ML605/ddr4_1_ex/ddr4_1_ex.gen/sources_1/ip/ddr4_1/bd_0/ip/ip_1/bd_9c58_rst_0_0_board.xdc] for cell 'u_ddr4_1/inst/u_ddr_cal_riu/mcs0/inst/rst_0/U0'
Finished Parsing XDC File [c:/Users/yongj/Desktop/SoftMC-master_schematic_0622/SoftMC-master_schematic/SoftMC-master/hw/boards/ML605/ddr4_1_ex/ddr4_1_ex.gen/sources_1/ip/ddr4_1/bd_0/ip/ip_1/bd_9c58_rst_0_0_board.xdc] for cell 'u_ddr4_1/inst/u_ddr_cal_riu/mcs0/inst/rst_0/U0'
Parsing XDC File [c:/Users/yongj/Desktop/SoftMC-master_schematic_0622/SoftMC-master_schematic/SoftMC-master/hw/boards/ML605/ddr4_1_ex/ddr4_1_ex.gen/sources_1/ip/ddr4_1/bd_0/ip/ip_1/bd_9c58_rst_0_0.xdc] for cell 'u_ddr4_1/inst/u_ddr_cal_riu/mcs0/inst/rst_0/U0'
Finished Parsing XDC File [c:/Users/yongj/Desktop/SoftMC-master_schematic_0622/SoftMC-master_schematic/SoftMC-master/hw/boards/ML605/ddr4_1_ex/ddr4_1_ex.gen/sources_1/ip/ddr4_1/bd_0/ip/ip_1/bd_9c58_rst_0_0.xdc] for cell 'u_ddr4_1/inst/u_ddr_cal_riu/mcs0/inst/rst_0/U0'
Parsing XDC File [c:/Users/yongj/Desktop/SoftMC-master_schematic_0622/SoftMC-master_schematic/SoftMC-master/hw/boards/ML605/ddr4_1_ex/ddr4_1_ex.gen/sources_1/ip/ddr4_1/bd_0/ip/ip_2/bd_9c58_ilmb_0.xdc] for cell 'u_ddr4_1/inst/u_ddr_cal_riu/mcs0/inst/ilmb/U0'
Finished Parsing XDC File [c:/Users/yongj/Desktop/SoftMC-master_schematic_0622/SoftMC-master_schematic/SoftMC-master/hw/boards/ML605/ddr4_1_ex/ddr4_1_ex.gen/sources_1/ip/ddr4_1/bd_0/ip/ip_2/bd_9c58_ilmb_0.xdc] for cell 'u_ddr4_1/inst/u_ddr_cal_riu/mcs0/inst/ilmb/U0'
Parsing XDC File [c:/Users/yongj/Desktop/SoftMC-master_schematic_0622/SoftMC-master_schematic/SoftMC-master/hw/boards/ML605/ddr4_1_ex/ddr4_1_ex.gen/sources_1/ip/ddr4_1/bd_0/ip/ip_3/bd_9c58_dlmb_0.xdc] for cell 'u_ddr4_1/inst/u_ddr_cal_riu/mcs0/inst/dlmb/U0'
Finished Parsing XDC File [c:/Users/yongj/Desktop/SoftMC-master_schematic_0622/SoftMC-master_schematic/SoftMC-master/hw/boards/ML605/ddr4_1_ex/ddr4_1_ex.gen/sources_1/ip/ddr4_1/bd_0/ip/ip_3/bd_9c58_dlmb_0.xdc] for cell 'u_ddr4_1/inst/u_ddr_cal_riu/mcs0/inst/dlmb/U0'
Parsing XDC File [c:/Users/yongj/Desktop/SoftMC-master_schematic_0622/SoftMC-master_schematic/SoftMC-master/hw/boards/ML605/ddr4_1_ex/ddr4_1_ex.gen/sources_1/ip/ddr4_1/bd_0/ip/ip_10/bd_9c58_iomodule_0_0_board.xdc] for cell 'u_ddr4_1/inst/u_ddr_cal_riu/mcs0/inst/iomodule_0/U0'
Finished Parsing XDC File [c:/Users/yongj/Desktop/SoftMC-master_schematic_0622/SoftMC-master_schematic/SoftMC-master/hw/boards/ML605/ddr4_1_ex/ddr4_1_ex.gen/sources_1/ip/ddr4_1/bd_0/ip/ip_10/bd_9c58_iomodule_0_0_board.xdc] for cell 'u_ddr4_1/inst/u_ddr_cal_riu/mcs0/inst/iomodule_0/U0'
Parsing XDC File [c:/Users/yongj/Desktop/SoftMC-master_schematic_0622/SoftMC-master_schematic/SoftMC-master/hw/boards/ML605/ddr4_1_ex/ddr4_1_ex.gen/sources_1/ip/ddr4_1/ip_0/ddr4_1_microblaze_mcs_board.xdc] for cell 'u_ddr4_1/inst/u_ddr_cal_riu/mcs0/inst'
Finished Parsing XDC File [c:/Users/yongj/Desktop/SoftMC-master_schematic_0622/SoftMC-master_schematic/SoftMC-master/hw/boards/ML605/ddr4_1_ex/ddr4_1_ex.gen/sources_1/ip/ddr4_1/ip_0/ddr4_1_microblaze_mcs_board.xdc] for cell 'u_ddr4_1/inst/u_ddr_cal_riu/mcs0/inst'
Parsing XDC File [c:/Users/yongj/Desktop/SoftMC-master_schematic_0622/SoftMC-master_schematic/SoftMC-master/hw/boards/ML605/ddr4_1_ex/ddr4_1_ex.gen/sources_1/ip/ddr4_1/par/ddr4_1.xdc] for cell 'u_ddr4_1/inst'
WARNING: [Designutils 20-1567] Use of 'set_false_path' with '-hold' is not supported by synthesis. The constraint will not be passed to synthesis. [c:/Users/yongj/Desktop/SoftMC-master_schematic_0622/SoftMC-master_schematic/SoftMC-master/hw/boards/ML605/ddr4_1_ex/ddr4_1_ex.gen/sources_1/ip/ddr4_1/par/ddr4_1.xdc:257]
WARNING: [Designutils 20-1567] Use of 'set_false_path' with '-hold' is not supported by synthesis. The constraint will not be passed to synthesis. [c:/Users/yongj/Desktop/SoftMC-master_schematic_0622/SoftMC-master_schematic/SoftMC-master/hw/boards/ML605/ddr4_1_ex/ddr4_1_ex.gen/sources_1/ip/ddr4_1/par/ddr4_1.xdc:258]
Finished Parsing XDC File [c:/Users/yongj/Desktop/SoftMC-master_schematic_0622/SoftMC-master_schematic/SoftMC-master/hw/boards/ML605/ddr4_1_ex/ddr4_1_ex.gen/sources_1/ip/ddr4_1/par/ddr4_1.xdc] for cell 'u_ddr4_1/inst'
INFO: [Project 1-236] Implementation specific constraints were found while reading constraint file [c:/Users/yongj/Desktop/SoftMC-master_schematic_0622/SoftMC-master_schematic/SoftMC-master/hw/boards/ML605/ddr4_1_ex/ddr4_1_ex.gen/sources_1/ip/ddr4_1/par/ddr4_1.xdc]. These constraints will be ignored for synthesis but will be used in implementation. Impacted constraints are listed in the file [.Xil/example_top_propImpl.xdc].
Resolution: To avoid this warning, move constraints listed in [.Xil/example_top_propImpl.xdc] to another XDC file and exclude this new file from synthesis with the used_in_synthesis property (File Properties dialog in GUI) and re-run elaboration/synthesis.
INFO: [Timing 38-2] Deriving generated clocks
Parsing XDC File [c:/Users/yongj/Desktop/SoftMC-master_schematic_0622/SoftMC-master_schematic/SoftMC-master/hw/boards/ML605/ddr4_1_ex/ddr4_1_ex.gen/sources_1/ip/ddr4_1/ddr4_1_board.xdc] for cell 'u_ddr4_1/inst'
Finished Parsing XDC File [c:/Users/yongj/Desktop/SoftMC-master_schematic_0622/SoftMC-master_schematic/SoftMC-master/hw/boards/ML605/ddr4_1_ex/ddr4_1_ex.gen/sources_1/ip/ddr4_1/ddr4_1_board.xdc] for cell 'u_ddr4_1/inst'
Parsing XDC File [c:/Users/yongj/Desktop/SoftMC-master_schematic_0622/SoftMC-master_schematic/SoftMC-master/hw/boards/ML605/ddr4_1_ex/imports/example_design.xdc]
Finished Parsing XDC File [c:/Users/yongj/Desktop/SoftMC-master_schematic_0622/SoftMC-master_schematic/SoftMC-master/hw/boards/ML605/ddr4_1_ex/imports/example_design.xdc]
Completed Processing XDC Constraints

Netlist sorting complete. Time (s): cpu = 00:00:00 ; elapsed = 00:00:00.013 . Memory (MB): peak = 2281.719 ; gain = 0.000
INFO: [Project 1-111] Unisim Transformation Summary:
  A total of 132 instances were transformed.
  DSP48E1 => DSP48E2 (DSP_ALU, DSP_A_B_DATA, DSP_C_DATA, DSP_MULTIPLIER, DSP_M_DATA, DSP_OUTPUT, DSP_PREADD, DSP_PREADD_DATA): 3 instances
  IBUFDS => IBUFDS (DIFFINBUF, IBUFCTRL): 1 instance 
  IOBUFDS => IOBUFDS (DIFFINBUF, IBUFCTRL, INV, OBUFT(x2)): 8 instances
  IOBUFE3 => IOBUFE3 (IBUFCTRL, INBUF, OBUFT_DCIEN): 72 instances
  LUT6_2 => LUT6_2 (LUT5, LUT6): 31 instances
  OBUFDS => OBUFDS_DUAL_BUF (INV, OBUF(x2)): 1 instance 
  RAM32M => RAM32M (RAMD32(x6), RAMS32(x2)): 16 instances

RTL Elaboration Complete:  : Time (s): cpu = 00:00:34 ; elapsed = 00:00:21 . Memory (MB): peak = 2656.645 ; gain = 952.012
19 Infos, 2 Warnings, 0 Critical Warnings and 0 Errors encountered.
synth_design completed successfully
synth_design: Time (s): cpu = 00:00:42 ; elapsed = 00:00:30 . Memory (MB): peak = 2656.645 ; gain = 1567.727
write_schematic -format pdf -orientation portrait C:/Users/yongj/Desktop/SoftMC-master_schematic/SoftMC-master/hw/boards/ML605/schematic_ddr4_bg1.pdf
C:/Users/yongj/Desktop/SoftMC-master_schematic/SoftMC-master/hw/boards/ML605/schematic_ddr4_bg1.pdf
exit
INFO: [Common 17-206] Exiting Vivado at Thu Jun 24 14:05:07 2021...
