INFO: [VRFC 10-2263] Analyzing Verilog file "C:/Users/yongj/Desktop/SoftMC-master_schematic_0622/SoftMC-master_schematic/SoftMC-master/hw/boards/ML605/project_1/project_1.srcs/sources_1/ip/ddr4_0_2/bd_0/ip/ip_6/sim/bd_9054_lmb_bram_I_0.v" into library xil_defaultlib
INFO: [VRFC 10-311] analyzing module bd_9054_lmb_bram_I_0
INFO: [VRFC 10-2263] Analyzing Verilog file "C:/Users/yongj/Desktop/SoftMC-master_schematic_0622/SoftMC-master_schematic/SoftMC-master/hw/boards/ML605/project_1/project_1.srcs/sources_1/ip/ddr4_0_2/bd_0/ip/ip_9/sim/bd_9054_second_lmb_bram_I_0.v" into library xil_defaultlib
INFO: [VRFC 10-311] analyzing module bd_9054_second_lmb_bram_I_0
INFO: [VRFC 10-2263] Analyzing Verilog file "C:/Users/yongj/Desktop/SoftMC-master_schematic_0622/SoftMC-master_schematic/SoftMC-master/hw/boards/ML605/project_1/project_1.srcs/sources_1/ip/ddr4_0_2/bd_0/sim/bd_9054.v" into library xil_defaultlib
INFO: [VRFC 10-311] analyzing module bd_9054
INFO: [VRFC 10-2263] Analyzing Verilog file "C:/Users/yongj/Desktop/SoftMC-master_schematic_0622/SoftMC-master_schematic/SoftMC-master/hw/boards/ML605/project_1/project_1.srcs/sources_1/ip/ddr4_0_2/ip_0/sim/ddr4_0_microblaze_mcs.v" into library xil_defaultlib
INFO: [VRFC 10-311] analyzing module ddr4_0_microblaze_mcs
INFO: [VRFC 10-2263] Analyzing SystemVerilog file "C:/Users/yongj/Desktop/SoftMC-master_schematic_0622/SoftMC-master_schematic/SoftMC-master/hw/boards/ML605/project_1/project_1.srcs/sources_1/ip/ddr4_0_2/ip_1/rtl/phy/ddr4_0_phy_ddr4.sv" into library xil_defaultlib
INFO: [VRFC 10-311] analyzing module ddr4_0_phy_ddr4
INFO: [VRFC 10-2263] Analyzing SystemVerilog file "C:/Users/yongj/Desktop/SoftMC-master_schematic_0622/SoftMC-master_schematic/SoftMC-master/hw/boards/ML605/project_1/project_1.srcs/sources_1/ip/ddr4_0_2/ip_1/rtl/phy/ddr4_phy_v2_2_xiphy_behav.sv" into library xil_defaultlib
INFO: [VRFC 10-311] analyzing module ddr4_phy_v2_2_0_xiphy_behav
INFO: [VRFC 10-311] analyzing module ddr4_phy_v2_2_0_bitslice_behav
INFO: [VRFC 10-311] analyzing module ddr4_phy_v2_2_0_fifo_sv
INFO: [VRFC 10-2263] Analyzing SystemVerilog file "C:/Users/yongj/Desktop/SoftMC-master_schematic_0622/SoftMC-master_schematic/SoftMC-master/hw/boards/ML605/project_1/project_1.srcs/sources_1/ip/ddr4_0_2/ip_1/rtl/phy/ddr4_phy_v2_2_xiphy.sv" into library xil_defaultlib
INFO: [VRFC 10-311] analyzing module ddr4_phy_v2_2_0_xiphy
INFO: [VRFC 10-2263] Analyzing SystemVerilog file "C:/Users/yongj/Desktop/SoftMC-master_schematic_0622/SoftMC-master_schematic/SoftMC-master/hw/boards/ML605/project_1/project_1.srcs/sources_1/ip/ddr4_0_2/ip_1/rtl/iob/ddr4_phy_v2_2_iob_byte.sv" into library xil_defaultlib
INFO: [VRFC 10-311] analyzing module ddr4_phy_v2_2_0_iob_byte
INFO: [VRFC 10-2263] Analyzing SystemVerilog file "C:/Users/yongj/Desktop/SoftMC-master_schematic_0622/SoftMC-master_schematic/SoftMC-master/hw/boards/ML605/project_1/project_1.srcs/sources_1/ip/ddr4_0_2/ip_1/rtl/iob/ddr4_phy_v2_2_iob.sv" into library xil_defaultlib
INFO: [VRFC 10-311] analyzing module ddr4_phy_v2_2_0_iob
INFO: [VRFC 10-2263] Analyzing SystemVerilog file "C:/Users/yongj/Desktop/SoftMC-master_schematic_0622/SoftMC-master_schematic/SoftMC-master/hw/boards/ML605/project_1/project_1.srcs/sources_1/ip/ddr4_0_2/ip_1/rtl/clocking/ddr4_phy_v2_2_pll.sv" into library xil_defaultlib
INFO: [VRFC 10-311] analyzing module ddr4_phy_v2_2_0_pll
INFO: [VRFC 10-2263] Analyzing SystemVerilog file "C:/Users/yongj/Desktop/SoftMC-master_schematic_0622/SoftMC-master_schematic/SoftMC-master/hw/boards/ML605/project_1/project_1.srcs/sources_1/ip/ddr4_0_2/ip_1/rtl/xiphy_files/ddr4_phy_v2_2_xiphy_tristate_wrapper.sv" into library xil_defaultlib
INFO: [VRFC 10-311] analyzing module ddr4_phy_v2_2_0_xiphy_tristate_wrapper
INFO: [VRFC 10-2263] Analyzing SystemVerilog file "C:/Users/yongj/Desktop/SoftMC-master_schematic_0622/SoftMC-master_schematic/SoftMC-master/hw/boards/ML605/project_1/project_1.srcs/sources_1/ip/ddr4_0_2/ip_1/rtl/xiphy_files/ddr4_phy_v2_2_xiphy_riuor_wrapper.sv" into library xil_defaultlib
INFO: [VRFC 10-311] analyzing module ddr4_phy_v2_2_0_xiphy_riuor_wrapper
INFO: [VRFC 10-2263] Analyzing SystemVerilog file "C:/Users/yongj/Desktop/SoftMC-master_schematic_0622/SoftMC-master_schematic/SoftMC-master/hw/boards/ML605/project_1/project_1.srcs/sources_1/ip/ddr4_0_2/ip_1/rtl/xiphy_files/ddr4_phy_v2_2_xiphy_control_wrapper.sv" into library xil_defaultlib
INFO: [VRFC 10-311] analyzing module ddr4_phy_v2_2_0_xiphy_control_wrapper
INFO: [VRFC 10-2263] Analyzing SystemVerilog file "C:/Users/yongj/Desktop/SoftMC-master_schematic_0622/SoftMC-master_schematic/SoftMC-master/hw/boards/ML605/project_1/project_1.srcs/sources_1/ip/ddr4_0_2/ip_1/rtl/xiphy_files/ddr4_phy_v2_2_xiphy_byte_wrapper.sv" into library xil_defaultlib
INFO: [VRFC 10-311] analyzing module ddr4_phy_v2_2_0_xiphy_byte_wrapper
INFO: [VRFC 10-2263] Analyzing SystemVerilog file "C:/Users/yongj/Desktop/SoftMC-master_schematic_0622/SoftMC-master_schematic/SoftMC-master/hw/boards/ML605/project_1/project_1.srcs/sources_1/ip/ddr4_0_2/ip_1/rtl/xiphy_files/ddr4_phy_v2_2_xiphy_bitslice_wrapper.sv" into library xil_defaultlib
INFO: [VRFC 10-311] analyzing module ddr4_phy_v2_2_0_xiphy_bitslice_wrapper
INFO: [VRFC 10-2263] Analyzing SystemVerilog file "C:/Users/yongj/Desktop/SoftMC-master_schematic_0622/SoftMC-master_schematic/SoftMC-master/hw/boards/ML605/project_1/project_1.srcs/sources_1/ip/ddr4_0_2/ip_1/rtl/ip_top/ddr4_0_phy.sv" into library xil_defaultlib
INFO: [VRFC 10-311] analyzing module ddr4_0_phy
INFO: [VRFC 10-2263] Analyzing SystemVerilog file "C:/Users/yongj/Desktop/SoftMC-master_schematic_0622/SoftMC-master_schematic/SoftMC-master/hw/boards/ML605/project_1/project_1.srcs/sources_1/ip/ddr4_0_2/rtl/clocking/ddr4_v2_2_infrastructure.sv" into library xil_defaultlib
INFO: [VRFC 10-311] analyzing module ddr4_v2_2_10_infrastructure
INFO: [VRFC 10-2263] Analyzing SystemVerilog file "C:/Users/yongj/Desktop/SoftMC-master_schematic_0622/SoftMC-master_schematic/SoftMC-master/hw/boards/ML605/project_1/project_1.srcs/sources_1/ip/ddr4_0_2/rtl/cal/ddr4_v2_2_cal_xsdb_bram.sv" into library xil_defaultlib
INFO: [VRFC 10-311] analyzing module ddr4_v2_2_10_cal_xsdb_bram
INFO: [VRFC 10-2263] Analyzing SystemVerilog file "C:/Users/yongj/Desktop/SoftMC-master_schematic_0622/SoftMC-master_schematic/SoftMC-master/hw/boards/ML605/project_1/project_1.srcs/sources_1/ip/ddr4_0_2/rtl/cal/ddr4_v2_2_cal_write.sv" into library xil_defaultlib
INFO: [VRFC 10-311] analyzing module ddr4_v2_2_10_cal_write
INFO: [VRFC 10-2263] Analyzing SystemVerilog file "C:/Users/yongj/Desktop/SoftMC-master_schematic_0622/SoftMC-master_schematic/SoftMC-master/hw/boards/ML605/project_1/project_1.srcs/sources_1/ip/ddr4_0_2/rtl/cal/ddr4_v2_2_cal_wr_byte.sv" into library xil_defaultlib
INFO: [VRFC 10-311] analyzing module ddr4_v2_2_10_cal_wr_byte
INFO: [VRFC 10-2263] Analyzing SystemVerilog file "C:/Users/yongj/Desktop/SoftMC-master_schematic_0622/SoftMC-master_schematic/SoftMC-master/hw/boards/ML605/project_1/project_1.srcs/sources_1/ip/ddr4_0_2/rtl/cal/ddr4_v2_2_cal_wr_bit.sv" into library xil_defaultlib
INFO: [VRFC 10-311] analyzing module ddr4_v2_2_10_cal_wr_bit
INFO: [VRFC 10-2263] Analyzing SystemVerilog file "C:/Users/yongj/Desktop/SoftMC-master_schematic_0622/SoftMC-master_schematic/SoftMC-master/hw/boards/ML605/project_1/project_1.srcs/sources_1/ip/ddr4_0_2/rtl/cal/ddr4_v2_2_cal_sync.sv" into library xil_defaultlib
INFO: [VRFC 10-311] analyzing module ddr4_v2_2_10_cal_sync
INFO: [VRFC 10-2263] Analyzing SystemVerilog file "C:/Users/yongj/Desktop/SoftMC-master_schematic_0622/SoftMC-master_schematic/SoftMC-master/hw/boards/ML605/project_1/project_1.srcs/sources_1/ip/ddr4_0_2/rtl/cal/ddr4_v2_2_cal_read.sv" into library xil_defaultlib
INFO: [VRFC 10-311] analyzing module ddr4_v2_2_10_cal_read
INFO: [VRFC 10-2263] Analyzing SystemVerilog file "C:/Users/yongj/Desktop/SoftMC-master_schematic_0622/SoftMC-master_schematic/SoftMC-master/hw/boards/ML605/project_1/project_1.srcs/sources_1/ip/ddr4_0_2/rtl/cal/ddr4_v2_2_cal_rd_en.sv" into library xil_defaultlib
INFO: [VRFC 10-311] analyzing module ddr4_v2_2_10_cal_rd_en
INFO: [VRFC 10-2263] Analyzing SystemVerilog file "C:/Users/yongj/Desktop/SoftMC-master_schematic_0622/SoftMC-master_schematic/SoftMC-master/hw/boards/ML605/project_1/project_1.srcs/sources_1/ip/ddr4_0_2/rtl/cal/ddr4_v2_2_cal_pi.sv" into library xil_defaultlib
INFO: [VRFC 10-311] analyzing module ddr4_v2_2_10_cal_pi
INFO: [VRFC 10-2263] Analyzing SystemVerilog file "C:/Users/yongj/Desktop/SoftMC-master_schematic_0622/SoftMC-master_schematic/SoftMC-master/hw/boards/ML605/project_1/project_1.srcs/sources_1/ip/ddr4_0_2/rtl/cal/ddr4_v2_2_cal_mc_odt.sv" into library xil_defaultlib
INFO: [VRFC 10-311] analyzing module ddr4_v2_2_10_cal_mc_odt
INFO: [VRFC 10-2263] Analyzing SystemVerilog file "C:/Users/yongj/Desktop/SoftMC-master_schematic_0622/SoftMC-master_schematic/SoftMC-master/hw/boards/ML605/project_1/project_1.srcs/sources_1/ip/ddr4_0_2/rtl/cal/ddr4_v2_2_cal_debug_microblaze.sv" into library xil_defaultlib
INFO: [VRFC 10-311] analyzing module ddr4_v2_2_10_cal_debug_microblaze
INFO: [VRFC 10-2263] Analyzing SystemVerilog file "C:/Users/yongj/Desktop/SoftMC-master_schematic_0622/SoftMC-master_schematic/SoftMC-master/hw/boards/ML605/project_1/project_1.srcs/sources_1/ip/ddr4_0_2/rtl/cal/ddr4_v2_2_cal_cplx_data.sv" into library xil_defaultlib
INFO: [VRFC 10-311] analyzing module ddr4_v2_2_10_cal_cplx_data
INFO: [VRFC 10-2263] Analyzing SystemVerilog file "C:/Users/yongj/Desktop/SoftMC-master_schematic_0622/SoftMC-master_schematic/SoftMC-master/hw/boards/ML605/project_1/project_1.srcs/sources_1/ip/ddr4_0_2/rtl/cal/ddr4_v2_2_cal_cplx.sv" into library xil_defaultlib
INFO: [VRFC 10-311] analyzing module ddr4_v2_2_10_cal_cplx
INFO: [VRFC 10-2263] Analyzing SystemVerilog file "C:/Users/yongj/Desktop/SoftMC-master_schematic_0622/SoftMC-master_schematic/SoftMC-master/hw/boards/ML605/project_1/project_1.srcs/sources_1/ip/ddr4_0_2/rtl/cal/ddr4_v2_2_cal_config_rom.sv" into library xil_defaultlib
INFO: [VRFC 10-311] analyzing module ddr4_v2_2_10_cal_config_rom
INFO: [VRFC 10-2263] Analyzing SystemVerilog file "C:/Users/yongj/Desktop/SoftMC-master_schematic_0622/SoftMC-master_schematic/SoftMC-master/hw/boards/ML605/project_1/project_1.srcs/sources_1/ip/ddr4_0_2/rtl/cal/ddr4_v2_2_cal_addr_decode.sv" into library xil_defaultlib
INFO: [VRFC 10-311] analyzing module ddr4_v2_2_10_cal_addr_decode
WARNING: [VRFC 10-8426] non-net output port 'io_ready_lvl' cannot be initialized at declaration in SystemVerilog mode [C:/Users/yongj/Desktop/SoftMC-master_schematic_0622/SoftMC-master_schematic/SoftMC-master/hw/boards/ML605/project_1/project_1.srcs/sources_1/ip/ddr4_0_2/rtl/cal/ddr4_v2_2_cal_addr_decode.sv:165]
WARNING: [VRFC 10-8426] non-net output port 'ub_ready' cannot be initialized at declaration in SystemVerilog mode [C:/Users/yongj/Desktop/SoftMC-master_schematic_0622/SoftMC-master_schematic/SoftMC-master/hw/boards/ML605/project_1/project_1.srcs/sources_1/ip/ddr4_0_2/rtl/cal/ddr4_v2_2_cal_addr_decode.sv:166]
WARNING: [VRFC 10-8426] non-net output port 'cal_DMOut_n' cannot be initialized at declaration in SystemVerilog mode [C:/Users/yongj/Desktop/SoftMC-master_schematic_0622/SoftMC-master_schematic/SoftMC-master/hw/boards/ML605/project_1/project_1.srcs/sources_1/ip/ddr4_0_2/rtl/cal/ddr4_v2_2_cal_addr_decode.sv:235]
WARNING: [VRFC 10-8426] non-net output port 'casSlot' cannot be initialized at declaration in SystemVerilog mode [C:/Users/yongj/Desktop/SoftMC-master_schematic_0622/SoftMC-master_schematic/SoftMC-master/hw/boards/ML605/project_1/project_1.srcs/sources_1/ip/ddr4_0_2/rtl/cal/ddr4_v2_2_cal_addr_decode.sv:267]
WARNING: [VRFC 10-8426] non-net output port 'rdCAS' cannot be initialized at declaration in SystemVerilog mode [C:/Users/yongj/Desktop/SoftMC-master_schematic_0622/SoftMC-master_schematic/SoftMC-master/hw/boards/ML605/project_1/project_1.srcs/sources_1/ip/ddr4_0_2/rtl/cal/ddr4_v2_2_cal_addr_decode.sv:269]
WARNING: [VRFC 10-8426] non-net output port 'wrCAS' cannot be initialized at declaration in SystemVerilog mode [C:/Users/yongj/Desktop/SoftMC-master_schematic_0622/SoftMC-master_schematic/SoftMC-master/hw/boards/ML605/project_1/project_1.srcs/sources_1/ip/ddr4_0_2/rtl/cal/ddr4_v2_2_cal_addr_decode.sv:272]
WARNING: [VRFC 10-8426] non-net output port 'lowCL0' cannot be initialized at declaration in SystemVerilog mode [C:/Users/yongj/Desktop/SoftMC-master_schematic_0622/SoftMC-master_schematic/SoftMC-master/hw/boards/ML605/project_1/project_1.srcs/sources_1/ip/ddr4_0_2/rtl/cal/ddr4_v2_2_cal_addr_decode.sv:276]
WARNING: [VRFC 10-8426] non-net output port 'lowCL1' cannot be initialized at declaration in SystemVerilog mode [C:/Users/yongj/Desktop/SoftMC-master_schematic_0622/SoftMC-master_schematic/SoftMC-master/hw/boards/ML605/project_1/project_1.srcs/sources_1/ip/ddr4_0_2/rtl/cal/ddr4_v2_2_cal_addr_decode.sv:277]
WARNING: [VRFC 10-8426] non-net output port 'lowCL2' cannot be initialized at declaration in SystemVerilog mode [C:/Users/yongj/Desktop/SoftMC-master_schematic_0622/SoftMC-master_schematic/SoftMC-master/hw/boards/ML605/project_1/project_1.srcs/sources_1/ip/ddr4_0_2/rtl/cal/ddr4_v2_2_cal_addr_decode.sv:278]
WARNING: [VRFC 10-8426] non-net output port 'lowCL3' cannot be initialized at declaration in SystemVerilog mode [C:/Users/yongj/Desktop/SoftMC-master_schematic_0622/SoftMC-master_schematic/SoftMC-master/hw/boards/ML605/project_1/project_1.srcs/sources_1/ip/ddr4_0_2/rtl/cal/ddr4_v2_2_cal_addr_decode.sv:279]
WARNING: [VRFC 10-8426] non-net output port 'uppCL0' cannot be initialized at declaration in SystemVerilog mode [C:/Users/yongj/Desktop/SoftMC-master_schematic_0622/SoftMC-master_schematic/SoftMC-master/hw/boards/ML605/project_1/project_1.srcs/sources_1/ip/ddr4_0_2/rtl/cal/ddr4_v2_2_cal_addr_decode.sv:280]
WARNING: [VRFC 10-8426] non-net output port 'uppCL1' cannot be initialized at declaration in SystemVerilog mode [C:/Users/yongj/Desktop/SoftMC-master_schematic_0622/SoftMC-master_schematic/SoftMC-master/hw/boards/ML605/project_1/project_1.srcs/sources_1/ip/ddr4_0_2/rtl/cal/ddr4_v2_2_cal_addr_decode.sv:281]
WARNING: [VRFC 10-8426] non-net output port 'uppCL2' cannot be initialized at declaration in SystemVerilog mode [C:/Users/yongj/Desktop/SoftMC-master_schematic_0622/SoftMC-master_schematic/SoftMC-master/hw/boards/ML605/project_1/project_1.srcs/sources_1/ip/ddr4_0_2/rtl/cal/ddr4_v2_2_cal_addr_decode.sv:282]
WARNING: [VRFC 10-8426] non-net output port 'uppCL3' cannot be initialized at declaration in SystemVerilog mode [C:/Users/yongj/Desktop/SoftMC-master_schematic_0622/SoftMC-master_schematic/SoftMC-master/hw/boards/ML605/project_1/project_1.srcs/sources_1/ip/ddr4_0_2/rtl/cal/ddr4_v2_2_cal_addr_decode.sv:283]
WARNING: [VRFC 10-8426] non-net output port 'win_status' cannot be initialized at declaration in SystemVerilog mode [C:/Users/yongj/Desktop/SoftMC-master_schematic_0622/SoftMC-master_schematic/SoftMC-master/hw/boards/ML605/project_1/project_1.srcs/sources_1/ip/ddr4_0_2/rtl/cal/ddr4_v2_2_cal_addr_decode.sv:320]
INFO: [VRFC 10-2263] Analyzing SystemVerilog file "C:/Users/yongj/Desktop/SoftMC-master_schematic_0622/SoftMC-master_schematic/SoftMC-master/hw/boards/ML605/project_1/project_1.srcs/sources_1/ip/ddr4_0_2/rtl/cal/ddr4_v2_2_cal_top.sv" into library xil_defaultlib
INFO: [VRFC 10-311] analyzing module ddr4_v2_2_10_cal_top
WARNING: [VRFC 10-8426] non-net output port 'cal_RESET_n' cannot be initialized at declaration in SystemVerilog mode [C:/Users/yongj/Desktop/SoftMC-master_schematic_0622/SoftMC-master_schematic/SoftMC-master/hw/boards/ML605/project_1/project_1.srcs/sources_1/ip/ddr4_0_2/rtl/cal/ddr4_v2_2_cal_top.sv:323]
INFO: [VRFC 10-2263] Analyzing SystemVerilog file "C:/Users/yongj/Desktop/SoftMC-master_schematic_0622/SoftMC-master_schematic/SoftMC-master/hw/boards/ML605/project_1/project_1.srcs/sources_1/ip/ddr4_0_2/rtl/cal/ddr4_v2_2_cal_xsdb_arbiter.sv" into library xil_defaultlib
INFO: [VRFC 10-311] analyzing module ddr4_v2_2_10_cal_xsdb_arbiter
INFO: [VRFC 10-2263] Analyzing SystemVerilog file "C:/Users/yongj/Desktop/SoftMC-master_schematic_0622/SoftMC-master_schematic/SoftMC-master/hw/boards/ML605/project_1/project_1.srcs/sources_1/ip/ddr4_0_2/rtl/cal/ddr4_v2_2_cal.sv" into library xil_defaultlib
INFO: [VRFC 10-311] analyzing module ddr4_v2_2_10_cal
INFO: [VRFC 10-2263] Analyzing SystemVerilog file "C:/Users/yongj/Desktop/SoftMC-master_schematic_0622/SoftMC-master_schematic/SoftMC-master/hw/boards/ML605/project_1/project_1.srcs/sources_1/ip/ddr4_0_2/rtl/cal/ddr4_v2_2_chipscope_xsdb_slave.sv" into library xil_defaultlib
INFO: [VRFC 10-311] analyzing module ddr4_v2_2_10_chipscope_xsdb_slave
INFO: [VRFC 10-2263] Analyzing SystemVerilog file "C:/Users/yongj/Desktop/SoftMC-master_schematic_0622/SoftMC-master_schematic/SoftMC-master/hw/boards/ML605/project_1/project_1.srcs/sources_1/ip/ddr4_0_2/rtl/cal/ddr4_v2_2_dp_AB9.sv" into library xil_defaultlib
INFO: [VRFC 10-311] analyzing module ddr4_v2_2_10_cfg_mem_mod
INFO: [VRFC 10-311] analyzing module ddr4_v2_2_10_bram_tdp
INFO: [VRFC 10-2263] Analyzing SystemVerilog file "C:/Users/yongj/Desktop/SoftMC-master_schematic_0622/SoftMC-master_schematic/SoftMC-master/hw/boards/ML605/project_1/project_1.srcs/sources_1/ip/ddr4_0_2/rtl/ip_top/ddr4_0_ddr4.sv" into library xil_defaultlib
INFO: [VRFC 10-311] analyzing module ddr4_0_ddr4
INFO: [VRFC 10-2263] Analyzing SystemVerilog file "C:/Users/yongj/Desktop/SoftMC-master_schematic_0622/SoftMC-master_schematic/SoftMC-master/hw/boards/ML605/project_1/project_1.srcs/sources_1/ip/ddr4_0_2/rtl/cal/ddr4_0_ddr4_cal_riu.sv" into library xil_defaultlib
INFO: [VRFC 10-311] analyzing module ddr4_0_ddr4_cal_riu
WARNING: [VRFC 10-8426] non-net output port 'io_addr_strobe_lvl_riuclk' cannot be initialized at declaration in SystemVerilog mode [C:/Users/yongj/Desktop/SoftMC-master_schematic_0622/SoftMC-master_schematic/SoftMC-master/hw/boards/ML605/project_1/project_1.srcs/sources_1/ip/ddr4_0_2/rtl/cal/ddr4_0_ddr4_cal_riu.sv:115]
WARNING: [VRFC 10-8426] non-net output port 'io_write_strobe_riuclk' cannot be initialized at declaration in SystemVerilog mode [C:/Users/yongj/Desktop/SoftMC-master_schematic_0622/SoftMC-master_schematic/SoftMC-master/hw/boards/ML605/project_1/project_1.srcs/sources_1/ip/ddr4_0_2/rtl/cal/ddr4_0_ddr4_cal_riu.sv:118]
INFO: [VRFC 10-2263] Analyzing SystemVerilog file "C:/Users/yongj/Desktop/SoftMC-master_schematic_0622/SoftMC-master_schematic/SoftMC-master/hw/boards/ML605/project_1/project_1.srcs/sources_1/ip/ddr4_0_2/rtl/ip_top/ddr4_0.sv" into library xil_defaultlib
INFO: [VRFC 10-311] analyzing module ddr4_0
INFO: [VRFC 10-2263] Analyzing SystemVerilog file "C:/Users/yongj/Desktop/SoftMC-master_schematic_0622/SoftMC-master_schematic/SoftMC-master/hw/boards/ML605/project_1/project_1.srcs/sources_1/ip/ddr4_0_2/tb/microblaze_mcs_0.sv" into library xil_defaultlib
INFO: [VRFC 10-311] analyzing module ddr4_0_microblaze_mcs
WARNING: [VRFC 10-3609] overwriting previous definition of module 'ddr4_0_microblaze_mcs' [C:/Users/yongj/Desktop/SoftMC-master_schematic_0622/SoftMC-master_schematic/SoftMC-master/hw/boards/ML605/project_1/project_1.srcs/sources_1/ip/ddr4_0_2/tb/microblaze_mcs_0.sv:36]
INFO: [VRFC 10-311] analyzing module microblaze_mcs
INFO: [VRFC 10-2263] Analyzing Verilog file "C:/Users/yongj/Desktop/SoftMC-master_schematic_0622/SoftMC-master_schematic/SoftMC-master/hw/boards/ML605/project_1/project_1.ip_user_files/ip/instr_fifo/sim/instr_fifo.v" into library xil_defaultlib
INFO: [VRFC 10-311] analyzing module instr_fifo
INFO: [VRFC 10-2263] Analyzing Verilog file "C:/Users/yongj/Desktop/SoftMC-master_schematic_0622/SoftMC-master_schematic/SoftMC-master/hw/boards/ML605/project_1/project_1.srcs/sources_1/ip/rdback_fifo/sim/rdback_fifo.v" into library xil_defaultlib
INFO: [VRFC 10-311] analyzing module rdback_fifo
INFO: [VRFC 10-2263] Analyzing Verilog file "C:/Users/yongj/Desktop/SoftMC-master_schematic_0622/SoftMC-master_schematic/SoftMC-master/hw/boards/ML605/ipcore_dir/riffa/axi_basic_tx_thrtl_ctl.v" into library xil_defaultlib
INFO: [VRFC 10-311] analyzing module axi_basic_tx_thrtl_ctl
INFO: [VRFC 10-2458] undeclared symbol gap_trig_tcfg, assumed default net type wire [C:/Users/yongj/Desktop/SoftMC-master_schematic_0622/SoftMC-master_schematic/SoftMC-master/hw/boards/ML605/ipcore_dir/riffa/axi_basic_tx_thrtl_ctl.v:279]
INFO: [VRFC 10-2263] Analyzing Verilog file "C:/Users/yongj/Desktop/SoftMC-master_schematic_0622/SoftMC-master_schematic/SoftMC-master/hw/boards/ML605/ipcore_dir/riffa/axi_basic_tx_pipeline.v" into library xil_defaultlib
INFO: [VRFC 10-311] analyzing module axi_basic_tx_pipeline
INFO: [VRFC 10-2263] Analyzing Verilog file "C:/Users/yongj/Desktop/SoftMC-master_schematic_0622/SoftMC-master_schematic/SoftMC-master/hw/boards/ML605/ipcore_dir/riffa/pcie_pipe_misc_v6.v" into library xil_defaultlib
INFO: [VRFC 10-311] analyzing module pcie_pipe_misc_v6
INFO: [VRFC 10-2263] Analyzing Verilog file "C:/Users/yongj/Desktop/SoftMC-master_schematic_0622/SoftMC-master_schematic/SoftMC-master/hw/boards/ML605/ipcore_dir/riffa/axi_basic_tx.v" into library xil_defaultlib
INFO: [VRFC 10-311] analyzing module axi_basic_tx
INFO: [VRFC 10-2263] Analyzing Verilog file "C:/Users/yongj/Desktop/SoftMC-master_schematic_0622/SoftMC-master_schematic/SoftMC-master/hw/boards/ML605/ipcore_dir/riffa/pcie_reset_delay_v6.v" into library xil_defaultlib
INFO: [VRFC 10-311] analyzing module pcie_reset_delay_v6
INFO: [VRFC 10-2263] Analyzing Verilog file "C:/Users/yongj/Desktop/SoftMC-master_schematic_0622/SoftMC-master_schematic/SoftMC-master/hw/boards/ML605/ipcore_dir/riffa/gtx_drp_chanalign_fix_3752_v6.v" into library xil_defaultlib
INFO: [VRFC 10-311] analyzing module GTX_DRP_CHANALIGN_FIX_3752_V6
INFO: [VRFC 10-2263] Analyzing Verilog file "C:/Users/yongj/Desktop/SoftMC-master_schematic_0622/SoftMC-master_schematic/SoftMC-master/hw/boards/ML605/ipcore_dir/riffa/chnl_tester.v" into library xil_defaultlib
INFO: [VRFC 10-311] analyzing module chnl_tester
INFO: [VRFC 10-2263] Analyzing Verilog file "C:/Users/yongj/Desktop/SoftMC-master_schematic_0622/SoftMC-master_schematic/SoftMC-master/hw/boards/ML605/ipcore_dir/riffa/gtx_rx_valid_filter_v6.v" into library xil_defaultlib
INFO: [VRFC 10-311] analyzing module GTX_RX_VALID_FILTER_V6
INFO: [VRFC 10-2263] Analyzing Verilog file "C:/Users/yongj/Desktop/SoftMC-master_schematic_0622/SoftMC-master_schematic/SoftMC-master/hw/boards/ML605/ipcore_dir/riffa/gtx_tx_sync_rate_v6.v" into library xil_defaultlib
INFO: [VRFC 10-311] analyzing module GTX_TX_SYNC_RATE_V6
INFO: [VRFC 10-2263] Analyzing Verilog file "C:/Users/yongj/Desktop/SoftMC-master_schematic_0622/SoftMC-master_schematic/SoftMC-master/hw/boards/ML605/ipcore_dir/riffa/gtx_wrapper_v6.v" into library xil_defaultlib
INFO: [VRFC 10-311] analyzing module gtx_wrapper_v6
INFO: [VRFC 10-2458] undeclared symbol RXRECCLK, assumed default net type wire [C:/Users/yongj/Desktop/SoftMC-master_schematic_0622/SoftMC-master_schematic/SoftMC-master/hw/boards/ML605/ipcore_dir/riffa/gtx_wrapper_v6.v:554]
INFO: [VRFC 10-2263] Analyzing Verilog file "C:/Users/yongj/Desktop/SoftMC-master_schematic_0622/SoftMC-master_schematic/SoftMC-master/hw/boards/ML605/ipcore_dir/riffa/pcie_upconfig_fix_3451_v6.v" into library xil_defaultlib
INFO: [VRFC 10-311] analyzing module pcie_upconfig_fix_3451_v6
INFO: [VRFC 10-2263] Analyzing Verilog file "C:/Users/yongj/Desktop/SoftMC-master_schematic_0622/SoftMC-master_schematic/SoftMC-master/hw/boards/ML605/ipcore_dir/riffa/pcie_clocking_v6.v" into library xil_defaultlib
INFO: [VRFC 10-311] analyzing module pcie_clocking_v6
INFO: [VRFC 10-2263] Analyzing Verilog file "C:/Users/yongj/Desktop/SoftMC-master_schematic_0622/SoftMC-master_schematic/SoftMC-master/hw/boards/ML605/ipcore_dir/xilinx_mig/user_design/sim/ddr3_model.v" into library xil_defaultlib
INFO: [VRFC 10-311] analyzing module ddr3_model
INFO: [VRFC 10-2263] Analyzing Verilog file "C:/Users/yongj/Desktop/SoftMC-master_schematic_0622/SoftMC-master_schematic/SoftMC-master/hw/boards/ML605/ipcore_dir/riffa/pcie_pipe_lane_v6.v" into library xil_defaultlib
INFO: [VRFC 10-311] analyzing module pcie_pipe_lane_v6
INFO: [VRFC 10-2263] Analyzing Verilog file "C:/Users/yongj/Desktop/SoftMC-master_schematic_0622/SoftMC-master_schematic/SoftMC-master/hw/boards/ML605/ipcore_dir/riffa/axi_basic_rx_null_gen.v" into library xil_defaultlib
INFO: [VRFC 10-311] analyzing module axi_basic_rx_null_gen
INFO: [VRFC 10-2263] Analyzing Verilog file "C:/Users/yongj/Desktop/SoftMC-master_schematic_0622/SoftMC-master_schematic/SoftMC-master/hw/boards/ML605/ipcore_dir/riffa/axi_basic_rx_pipeline.v" into library xil_defaultlib
INFO: [VRFC 10-311] analyzing module axi_basic_rx_pipeline
INFO: [VRFC 10-2263] Analyzing Verilog file "C:/Users/yongj/Desktop/SoftMC-master_schematic_0622/SoftMC-master_schematic/SoftMC-master/hw/boards/ML605/ipcore_dir/riffa/axi_basic_rx.v" into library xil_defaultlib
INFO: [VRFC 10-311] analyzing module axi_basic_rx
INFO: [VRFC 10-2263] Analyzing Verilog file "C:/Users/yongj/Desktop/SoftMC-master_schematic_0622/SoftMC-master_schematic/SoftMC-master/hw/boards/ML605/ipcore_dir/riffa/axi_basic_top.v" into library xil_defaultlib
INFO: [VRFC 10-311] analyzing module axi_basic_top
INFO: [VRFC 10-2263] Analyzing Verilog file "C:/Users/yongj/Desktop/SoftMC-master_schematic_0622/SoftMC-master_schematic/SoftMC-master/hw/boards/ML605/ipcore_dir/riffa/ff.v" into library xil_defaultlib
INFO: [VRFC 10-311] analyzing module ff
INFO: [VRFC 10-2263] Analyzing Verilog file "C:/Users/yongj/Desktop/SoftMC-master_schematic_0622/SoftMC-master_schematic/SoftMC-master/hw/boards/ML605/ipcore_dir/riffa/syncff.v" into library xil_defaultlib
INFO: [VRFC 10-311] analyzing module syncff
INFO: [VRFC 10-2263] Analyzing Verilog file "C:/Users/yongj/Desktop/SoftMC-master_schematic_0622/SoftMC-master_schematic/SoftMC-master/hw/boards/ML605/ipcore_dir/riffa/ram_2clk_1w_1r.v" into library xil_defaultlib
INFO: [VRFC 10-311] analyzing module ram_2clk_1w_1r
INFO: [VRFC 10-2263] Analyzing Verilog file "C:/Users/yongj/Desktop/SoftMC-master_schematic_0622/SoftMC-master_schematic/SoftMC-master/hw/boards/ML605/ipcore_dir/riffa/ram_1clk_1w_1r.v" into library xil_defaultlib
INFO: [VRFC 10-311] analyzing module ram_1clk_1w_1r
INFO: [VRFC 10-2263] Analyzing Verilog file "C:/Users/yongj/Desktop/SoftMC-master_schematic_0622/SoftMC-master_schematic/SoftMC-master/hw/boards/ML605/ipcore_dir/riffa/sync_fifo.v" into library xil_defaultlib
INFO: [VRFC 10-311] analyzing module sync_fifo
INFO: [VRFC 10-2263] Analyzing Verilog file "C:/Users/yongj/Desktop/SoftMC-master_schematic_0622/SoftMC-master_schematic/SoftMC-master/hw/boards/ML605/ipcore_dir/riffa/cross_domain_signal.v" into library xil_defaultlib
INFO: [VRFC 10-311] analyzing module cross_domain_signal
INFO: [VRFC 10-2263] Analyzing Verilog file "C:/Users/yongj/Desktop/SoftMC-master_schematic_0622/SoftMC-master_schematic/SoftMC-master/hw/boards/ML605/ipcore_dir/riffa/async_fifo.v" into library xil_defaultlib
INFO: [VRFC 10-311] analyzing module async_fifo
INFO: [VRFC 10-311] analyzing module async_cmp
INFO: [VRFC 10-311] analyzing module rd_ptr_empty
INFO: [VRFC 10-311] analyzing module wr_ptr_full
INFO: [VRFC 10-2263] Analyzing Verilog file "C:/Users/yongj/Desktop/SoftMC-master_schematic_0622/SoftMC-master_schematic/SoftMC-master/hw/boards/ML605/ipcore_dir/riffa/tx_port_writer.v" into library xil_defaultlib
INFO: [VRFC 10-311] analyzing module tx_port_writer
INFO: [VRFC 10-2263] Analyzing Verilog file "C:/Users/yongj/Desktop/SoftMC-master_schematic_0622/SoftMC-master_schematic/SoftMC-master/hw/boards/ML605/ipcore_dir/riffa/tx_port_monitor_64.v" into library xil_defaultlib
INFO: [VRFC 10-311] analyzing module tx_port_monitor_64
WARNING: [VRFC 10-3380] identifier 'wPayloadData' is used before its declaration [C:/Users/yongj/Desktop/SoftMC-master_schematic_0622/SoftMC-master_schematic/SoftMC-master/hw/boards/ML605/ipcore_dir/riffa/tx_port_monitor_64.v:112]
INFO: [VRFC 10-2263] Analyzing Verilog file "C:/Users/yongj/Desktop/SoftMC-master_schematic_0622/SoftMC-master_schematic/SoftMC-master/hw/boards/ML605/ipcore_dir/riffa/tx_port_monitor_32.v" into library xil_defaultlib
INFO: [VRFC 10-311] analyzing module tx_port_monitor_32
WARNING: [VRFC 10-3380] identifier 'wPayloadData' is used before its declaration [C:/Users/yongj/Desktop/SoftMC-master_schematic_0622/SoftMC-master_schematic/SoftMC-master/hw/boards/ML605/ipcore_dir/riffa/tx_port_monitor_32.v:114]
INFO: [VRFC 10-2263] Analyzing Verilog file "C:/Users/yongj/Desktop/SoftMC-master_schematic_0622/SoftMC-master_schematic/SoftMC-master/hw/boards/ML605/ipcore_dir/riffa/tx_port_monitor_128.v" into library xil_defaultlib
INFO: [VRFC 10-311] analyzing module tx_port_monitor_128
WARNING: [VRFC 10-3380] identifier 'wPayloadData' is used before its declaration [C:/Users/yongj/Desktop/SoftMC-master_schematic_0622/SoftMC-master_schematic/SoftMC-master/hw/boards/ML605/ipcore_dir/riffa/tx_port_monitor_128.v:112]
INFO: [VRFC 10-2263] Analyzing Verilog file "C:/Users/yongj/Desktop/SoftMC-master_schematic_0622/SoftMC-master_schematic/SoftMC-master/hw/boards/ML605/ipcore_dir/riffa/tx_port_channel_gate_64.v" into library xil_defaultlib
INFO: [VRFC 10-311] analyzing module tx_port_channel_gate_64
INFO: [VRFC 10-2263] Analyzing Verilog file "C:/Users/yongj/Desktop/SoftMC-master_schematic_0622/SoftMC-master_schematic/SoftMC-master/hw/boards/ML605/ipcore_dir/riffa/tx_port_channel_gate_32.v" into library xil_defaultlib
INFO: [VRFC 10-311] analyzing module tx_port_channel_gate_32
INFO: [VRFC 10-2263] Analyzing Verilog file "C:/Users/yongj/Desktop/SoftMC-master_schematic_0622/SoftMC-master_schematic/SoftMC-master/hw/boards/ML605/ipcore_dir/riffa/tx_port_channel_gate_128.v" into library xil_defaultlib
INFO: [VRFC 10-311] analyzing module tx_port_channel_gate_128
INFO: [VRFC 10-2263] Analyzing Verilog file "C:/Users/yongj/Desktop/SoftMC-master_schematic_0622/SoftMC-master_schematic/SoftMC-master/hw/boards/ML605/ipcore_dir/riffa/tx_port_buffer_64.v" into library xil_defaultlib
INFO: [VRFC 10-311] analyzing module tx_port_buffer_64
INFO: [VRFC 10-2263] Analyzing Verilog file "C:/Users/yongj/Desktop/SoftMC-master_schematic_0622/SoftMC-master_schematic/SoftMC-master/hw/boards/ML605/ipcore_dir/riffa/tx_port_buffer_32.v" into library xil_defaultlib
INFO: [VRFC 10-311] analyzing module tx_port_buffer_32
INFO: [VRFC 10-2263] Analyzing Verilog file "C:/Users/yongj/Desktop/SoftMC-master_schematic_0622/SoftMC-master_schematic/SoftMC-master/hw/boards/ML605/ipcore_dir/riffa/tx_port_buffer_128.v" into library xil_defaultlib
INFO: [VRFC 10-311] analyzing module tx_port_buffer_128
INFO: [VRFC 10-2263] Analyzing Verilog file "C:/Users/yongj/Desktop/SoftMC-master_schematic_0622/SoftMC-master_schematic/SoftMC-master/hw/boards/ML605/ipcore_dir/riffa/tx_engine_selector.v" into library xil_defaultlib
INFO: [VRFC 10-311] analyzing module tx_engine_selector
INFO: [VRFC 10-2263] Analyzing Verilog file "C:/Users/yongj/Desktop/SoftMC-master_schematic_0622/SoftMC-master_schematic/SoftMC-master/hw/boards/ML605/ipcore_dir/riffa/tx_engine_formatter_64.v" into library xil_defaultlib
INFO: [VRFC 10-311] analyzing module tx_engine_formatter_64
INFO: [VRFC 10-2263] Analyzing Verilog file "C:/Users/yongj/Desktop/SoftMC-master_schematic_0622/SoftMC-master_schematic/SoftMC-master/hw/boards/ML605/ipcore_dir/riffa/tx_engine_formatter_32.v" into library xil_defaultlib
INFO: [VRFC 10-311] analyzing module tx_engine_formatter_32
INFO: [VRFC 10-2263] Analyzing Verilog file "C:/Users/yongj/Desktop/SoftMC-master_schematic_0622/SoftMC-master_schematic/SoftMC-master/hw/boards/ML605/ipcore_dir/riffa/tx_engine_formatter_128.v" into library xil_defaultlib
INFO: [VRFC 10-311] analyzing module tx_engine_formatter_128
INFO: [VRFC 10-2263] Analyzing Verilog file "C:/Users/yongj/Desktop/SoftMC-master_schematic_0622/SoftMC-master_schematic/SoftMC-master/hw/boards/ML605/ipcore_dir/riffa/sg_list_requester.v" into library xil_defaultlib
INFO: [VRFC 10-311] analyzing module sg_list_requester
INFO: [VRFC 10-2263] Analyzing Verilog file "C:/Users/yongj/Desktop/SoftMC-master_schematic_0622/SoftMC-master_schematic/SoftMC-master/hw/boards/ML605/ipcore_dir/riffa/sg_list_reader_64.v" into library xil_defaultlib
INFO: [VRFC 10-311] analyzing module sg_list_reader_64
INFO: [VRFC 10-2263] Analyzing Verilog file "C:/Users/yongj/Desktop/SoftMC-master_schematic_0622/SoftMC-master_schematic/SoftMC-master/hw/boards/ML605/ipcore_dir/riffa/sg_list_reader_32.v" into library xil_defaultlib
INFO: [VRFC 10-311] analyzing module sg_list_reader_32
INFO: [VRFC 10-2263] Analyzing Verilog file "C:/Users/yongj/Desktop/SoftMC-master_schematic_0622/SoftMC-master_schematic/SoftMC-master/hw/boards/ML605/ipcore_dir/riffa/sg_list_reader_128.v" into library xil_defaultlib
INFO: [VRFC 10-311] analyzing module sg_list_reader_128
INFO: [VRFC 10-2263] Analyzing Verilog file "C:/Users/yongj/Desktop/SoftMC-master_schematic_0622/SoftMC-master_schematic/SoftMC-master/hw/boards/ML605/ipcore_dir/riffa/rx_port_requester_mux.v" into library xil_defaultlib
INFO: [VRFC 10-311] analyzing module rx_port_requester_mux
INFO: [VRFC 10-2263] Analyzing Verilog file "C:/Users/yongj/Desktop/SoftMC-master_schematic_0622/SoftMC-master_schematic/SoftMC-master/hw/boards/ML605/ipcore_dir/riffa/rx_port_reader.v" into library xil_defaultlib
INFO: [VRFC 10-311] analyzing module rx_port_reader
INFO: [VRFC 10-2263] Analyzing Verilog file "C:/Users/yongj/Desktop/SoftMC-master_schematic_0622/SoftMC-master_schematic/SoftMC-master/hw/boards/ML605/ipcore_dir/riffa/rx_port_channel_gate.v" into library xil_defaultlib
INFO: [VRFC 10-311] analyzing module rx_port_channel_gate
INFO: [VRFC 10-2263] Analyzing Verilog file "C:/Users/yongj/Desktop/SoftMC-master_schematic_0622/SoftMC-master_schematic/SoftMC-master/hw/boards/ML605/ipcore_dir/riffa/reorder_queue_output.v" into library xil_defaultlib
INFO: [VRFC 10-311] analyzing module reorder_queue_output
INFO: [VRFC 10-2263] Analyzing Verilog file "C:/Users/yongj/Desktop/SoftMC-master_schematic_0622/SoftMC-master_schematic/SoftMC-master/hw/boards/ML605/ipcore_dir/riffa/reorder_queue_input.v" into library xil_defaultlib
INFO: [VRFC 10-311] analyzing module reorder_queue_input
INFO: [VRFC 10-2263] Analyzing Verilog file "C:/Users/yongj/Desktop/SoftMC-master_schematic_0622/SoftMC-master_schematic/SoftMC-master/hw/boards/ML605/ipcore_dir/riffa/fifo_packer_64.v" into library xil_defaultlib
INFO: [VRFC 10-311] analyzing module fifo_packer_64
INFO: [VRFC 10-2263] Analyzing Verilog file "C:/Users/yongj/Desktop/SoftMC-master_schematic_0622/SoftMC-master_schematic/SoftMC-master/hw/boards/ML605/ipcore_dir/riffa/fifo_packer_32.v" into library xil_defaultlib
INFO: [VRFC 10-311] analyzing module fifo_packer_32
INFO: [VRFC 10-2263] Analyzing Verilog file "C:/Users/yongj/Desktop/SoftMC-master_schematic_0622/SoftMC-master_schematic/SoftMC-master/hw/boards/ML605/ipcore_dir/riffa/fifo_packer_128.v" into library xil_defaultlib
INFO: [VRFC 10-311] analyzing module fifo_packer_128
INFO: [VRFC 10-2263] Analyzing Verilog file "C:/Users/yongj/Desktop/SoftMC-master_schematic_0622/SoftMC-master_schematic/SoftMC-master/hw/boards/ML605/ipcore_dir/riffa/async_fifo_fwft.v" into library xil_defaultlib
INFO: [VRFC 10-311] analyzing module async_fifo_fwft
INFO: [VRFC 10-2263] Analyzing Verilog file "C:/Users/yongj/Desktop/SoftMC-master_schematic_0622/SoftMC-master_schematic/SoftMC-master/hw/boards/ML605/ipcore_dir/riffa/tx_qword_aligner_64.v" into library xil_defaultlib
INFO: [VRFC 10-311] analyzing module tx_qword_aligner_64
INFO: [VRFC 10-2263] Analyzing Verilog file "C:/Users/yongj/Desktop/SoftMC-master_schematic_0622/SoftMC-master_schematic/SoftMC-master/hw/boards/ML605/ipcore_dir/riffa/tx_qword_aligner_128.v" into library xil_defaultlib
INFO: [VRFC 10-311] analyzing module tx_qword_aligner_128
INFO: [VRFC 10-2263] Analyzing Verilog file "C:/Users/yongj/Desktop/SoftMC-master_schematic_0622/SoftMC-master_schematic/SoftMC-master/hw/boards/ML605/ipcore_dir/riffa/tx_port_64.v" into library xil_defaultlib
INFO: [VRFC 10-311] analyzing module tx_port_64
INFO: [VRFC 10-2263] Analyzing Verilog file "C:/Users/yongj/Desktop/SoftMC-master_schematic_0622/SoftMC-master_schematic/SoftMC-master/hw/boards/ML605/ipcore_dir/riffa/tx_port_32.v" into library xil_defaultlib
INFO: [VRFC 10-311] analyzing module tx_port_32
INFO: [VRFC 10-2263] Analyzing Verilog file "C:/Users/yongj/Desktop/SoftMC-master_schematic_0622/SoftMC-master_schematic/SoftMC-master/hw/boards/ML605/ipcore_dir/riffa/tx_port_128.v" into library xil_defaultlib
INFO: [VRFC 10-311] analyzing module tx_port_128
INFO: [VRFC 10-2263] Analyzing Verilog file "C:/Users/yongj/Desktop/SoftMC-master_schematic_0622/SoftMC-master_schematic/SoftMC-master/hw/boards/ML605/ipcore_dir/riffa/tx_engine_upper_64.v" into library xil_defaultlib
INFO: [VRFC 10-311] analyzing module tx_engine_upper_64
INFO: [VRFC 10-2263] Analyzing Verilog file "C:/Users/yongj/Desktop/SoftMC-master_schematic_0622/SoftMC-master_schematic/SoftMC-master/hw/boards/ML605/ipcore_dir/riffa/tx_engine_upper_32.v" into library xil_defaultlib
INFO: [VRFC 10-311] analyzing module tx_engine_upper_32
INFO: [VRFC 10-2263] Analyzing Verilog file "C:/Users/yongj/Desktop/SoftMC-master_schematic_0622/SoftMC-master_schematic/SoftMC-master/hw/boards/ML605/ipcore_dir/riffa/tx_engine_upper_128.v" into library xil_defaultlib
INFO: [VRFC 10-311] analyzing module tx_engine_upper_128
INFO: [VRFC 10-2263] Analyzing Verilog file "C:/Users/yongj/Desktop/SoftMC-master_schematic_0622/SoftMC-master_schematic/SoftMC-master/hw/boards/ML605/ipcore_dir/riffa/tx_engine_lower_64.v" into library xil_defaultlib
INFO: [VRFC 10-311] analyzing module tx_engine_lower_64
INFO: [VRFC 10-2263] Analyzing Verilog file "C:/Users/yongj/Desktop/SoftMC-master_schematic_0622/SoftMC-master_schematic/SoftMC-master/hw/boards/ML605/ipcore_dir/riffa/tx_engine_lower_32.v" into library xil_defaultlib
INFO: [VRFC 10-311] analyzing module tx_engine_lower_32
INFO: [VRFC 10-2263] Analyzing Verilog file "C:/Users/yongj/Desktop/SoftMC-master_schematic_0622/SoftMC-master_schematic/SoftMC-master/hw/boards/ML605/ipcore_dir/riffa/tx_engine_lower_128.v" into library xil_defaultlib
INFO: [VRFC 10-311] analyzing module tx_engine_lower_128
INFO: [VRFC 10-2263] Analyzing Verilog file "C:/Users/yongj/Desktop/SoftMC-master_schematic_0622/SoftMC-master_schematic/SoftMC-master/hw/boards/ML605/ipcore_dir/riffa/rx_port_64.v" into library xil_defaultlib
INFO: [VRFC 10-311] analyzing module rx_port_64
WARNING: [VRFC 10-3380] identifier 'wPackedSgTxDone' is used before its declaration [C:/Users/yongj/Desktop/SoftMC-master_schematic_0622/SoftMC-master_schematic/SoftMC-master/hw/boards/ML605/ipcore_dir/riffa/rx_port_64.v:125]
INFO: [VRFC 10-2263] Analyzing Verilog file "C:/Users/yongj/Desktop/SoftMC-master_schematic_0622/SoftMC-master_schematic/SoftMC-master/hw/boards/ML605/ipcore_dir/riffa/rx_port_32.v" into library xil_defaultlib
INFO: [VRFC 10-311] analyzing module rx_port_32
WARNING: [VRFC 10-3380] identifier 'wPackedSgTxDone' is used before its declaration [C:/Users/yongj/Desktop/SoftMC-master_schematic_0622/SoftMC-master_schematic/SoftMC-master/hw/boards/ML605/ipcore_dir/riffa/rx_port_32.v:125]
INFO: [VRFC 10-2263] Analyzing Verilog file "C:/Users/yongj/Desktop/SoftMC-master_schematic_0622/SoftMC-master_schematic/SoftMC-master/hw/boards/ML605/ipcore_dir/riffa/rx_port_128.v" into library xil_defaultlib
INFO: [VRFC 10-311] analyzing module rx_port_128
WARNING: [VRFC 10-3380] identifier 'wPackedSgTxDone' is used before its declaration [C:/Users/yongj/Desktop/SoftMC-master_schematic_0622/SoftMC-master_schematic/SoftMC-master/hw/boards/ML605/ipcore_dir/riffa/rx_port_128.v:125]
INFO: [VRFC 10-2263] Analyzing Verilog file "C:/Users/yongj/Desktop/SoftMC-master_schematic_0622/SoftMC-master_schematic/SoftMC-master/hw/boards/ML605/ipcore_dir/riffa/rx_engine_req.v" into library xil_defaultlib
INFO: [VRFC 10-311] analyzing module rx_engine_req
INFO: [VRFC 10-2263] Analyzing Verilog file "C:/Users/yongj/Desktop/SoftMC-master_schematic_0622/SoftMC-master_schematic/SoftMC-master/hw/boards/ML605/ipcore_dir/riffa/reorder_queue.v" into library xil_defaultlib
INFO: [VRFC 10-311] analyzing module reorder_queue
INFO: [VRFC 10-2263] Analyzing Verilog file "C:/Users/yongj/Desktop/SoftMC-master_schematic_0622/SoftMC-master_schematic/SoftMC-master/hw/boards/ML605/ipcore_dir/riffa/interrupt_controller.v" into library xil_defaultlib
INFO: [VRFC 10-311] analyzing module interrupt_controller
INFO: [VRFC 10-2263] Analyzing Verilog file "C:/Users/yongj/Desktop/SoftMC-master_schematic_0622/SoftMC-master_schematic/SoftMC-master/hw/boards/ML605/ipcore_dir/riffa/tx_engine_64.v" into library xil_defaultlib
INFO: [VRFC 10-311] analyzing module tx_engine_64
INFO: [VRFC 10-2263] Analyzing Verilog file "C:/Users/yongj/Desktop/SoftMC-master_schematic_0622/SoftMC-master_schematic/SoftMC-master/hw/boards/ML605/ipcore_dir/riffa/tx_engine_32.v" into library xil_defaultlib
INFO: [VRFC 10-311] analyzing module tx_engine_32
INFO: [VRFC 10-2263] Analyzing Verilog file "C:/Users/yongj/Desktop/SoftMC-master_schematic_0622/SoftMC-master_schematic/SoftMC-master/hw/boards/ML605/ipcore_dir/riffa/tx_engine_128.v" into library xil_defaultlib
INFO: [VRFC 10-311] analyzing module tx_engine_128
INFO: [VRFC 10-2263] Analyzing Verilog file "C:/Users/yongj/Desktop/SoftMC-master_schematic_0622/SoftMC-master_schematic/SoftMC-master/hw/boards/ML605/ipcore_dir/riffa/translation_layer_64.v" into library xil_defaultlib
INFO: [VRFC 10-311] analyzing module translation_layer_64
INFO: [VRFC 10-2263] Analyzing Verilog file "C:/Users/yongj/Desktop/SoftMC-master_schematic_0622/SoftMC-master_schematic/SoftMC-master/hw/boards/ML605/ipcore_dir/riffa/translation_layer_32.v" into library xil_defaultlib
INFO: [VRFC 10-311] analyzing module translation_layer_32
INFO: [VRFC 10-2263] Analyzing Verilog file "C:/Users/yongj/Desktop/SoftMC-master_schematic_0622/SoftMC-master_schematic/SoftMC-master/hw/boards/ML605/ipcore_dir/riffa/translation_layer_128.v" into library xil_defaultlib
INFO: [VRFC 10-311] analyzing module translation_layer_128
INFO: [VRFC 10-2263] Analyzing Verilog file "C:/Users/yongj/Desktop/SoftMC-master_schematic_0622/SoftMC-master_schematic/SoftMC-master/hw/boards/ML605/ipcore_dir/riffa/rx_engine_64.v" into library xil_defaultlib
INFO: [VRFC 10-311] analyzing module rx_engine_64
INFO: [VRFC 10-2263] Analyzing Verilog file "C:/Users/yongj/Desktop/SoftMC-master_schematic_0622/SoftMC-master_schematic/SoftMC-master/hw/boards/ML605/ipcore_dir/riffa/rx_engine_32.v" into library xil_defaultlib
INFO: [VRFC 10-311] analyzing module rx_engine_32
INFO: [VRFC 10-2263] Analyzing Verilog file "C:/Users/yongj/Desktop/SoftMC-master_schematic_0622/SoftMC-master_schematic/SoftMC-master/hw/boards/ML605/ipcore_dir/riffa/rx_engine_128.v" into library xil_defaultlib
INFO: [VRFC 10-311] analyzing module rx_engine_128
INFO: [VRFC 10-2263] Analyzing Verilog file "C:/Users/yongj/Desktop/SoftMC-master_schematic_0622/SoftMC-master_schematic/SoftMC-master/hw/boards/ML605/ipcore_dir/riffa/recv_credit_flow_ctrl.v" into library xil_defaultlib
INFO: [VRFC 10-311] analyzing module recv_credit_flow_ctrl
INFO: [VRFC 10-2263] Analyzing Verilog file "C:/Users/yongj/Desktop/SoftMC-master_schematic_0622/SoftMC-master_schematic/SoftMC-master/hw/boards/ML605/ipcore_dir/riffa/interrupt.v" into library xil_defaultlib
INFO: [VRFC 10-311] analyzing module interrupt
INFO: [VRFC 10-2263] Analyzing Verilog file "C:/Users/yongj/Desktop/SoftMC-master_schematic_0622/SoftMC-master_schematic/SoftMC-master/hw/boards/ML605/ipcore_dir/riffa/demux_1_to_n.v" into library xil_defaultlib
INFO: [VRFC 10-311] analyzing module demux_1_to_n
INFO: [VRFC 10-2263] Analyzing Verilog file "C:/Users/yongj/Desktop/SoftMC-master_schematic_0622/SoftMC-master_schematic/SoftMC-master/hw/boards/ML605/ipcore_dir/riffa/channel_64.v" into library xil_defaultlib
INFO: [VRFC 10-311] analyzing module channel_64
INFO: [VRFC 10-2263] Analyzing Verilog file "C:/Users/yongj/Desktop/SoftMC-master_schematic_0622/SoftMC-master_schematic/SoftMC-master/hw/boards/ML605/ipcore_dir/riffa/channel_32.v" into library xil_defaultlib
INFO: [VRFC 10-311] analyzing module channel_32
INFO: [VRFC 10-2263] Analyzing Verilog file "C:/Users/yongj/Desktop/SoftMC-master_schematic_0622/SoftMC-master_schematic/SoftMC-master/hw/boards/ML605/ipcore_dir/riffa/channel_128.v" into library xil_defaultlib
INFO: [VRFC 10-311] analyzing module channel_128
INFO: [VRFC 10-2263] Analyzing Verilog file "C:/Users/yongj/Desktop/SoftMC-master_schematic_0622/SoftMC-master_schematic/SoftMC-master/hw/boards/ML605/ipcore_dir/riffa/translation_layer.v" into library xil_defaultlib
INFO: [VRFC 10-311] analyzing module translation_layer
INFO: [VRFC 10-2263] Analyzing Verilog file "C:/Users/yongj/Desktop/SoftMC-master_schematic_0622/SoftMC-master_schematic/SoftMC-master/hw/boards/ML605/ipcore_dir/riffa/riffa_endpoint_64.v" into library xil_defaultlib
INFO: [VRFC 10-311] analyzing module riffa_endpoint_64
INFO: [VRFC 10-2263] Analyzing Verilog file "C:/Users/yongj/Desktop/SoftMC-master_schematic_0622/SoftMC-master_schematic/SoftMC-master/hw/boards/ML605/ipcore_dir/riffa/riffa_endpoint_32.v" into library xil_defaultlib
INFO: [VRFC 10-311] analyzing module riffa_endpoint_32
INFO: [VRFC 10-2263] Analyzing Verilog file "C:/Users/yongj/Desktop/SoftMC-master_schematic_0622/SoftMC-master_schematic/SoftMC-master/hw/boards/ML605/ipcore_dir/riffa/riffa_endpoint_128.v" into library xil_defaultlib
INFO: [VRFC 10-311] analyzing module riffa_endpoint_128
INFO: [VRFC 10-2263] Analyzing Verilog file "C:/Users/yongj/Desktop/SoftMC-master_schematic_0622/SoftMC-master_schematic/SoftMC-master/hw/boards/ML605/instr_decoder.v" into library xil_defaultlib
INFO: [VRFC 10-311] analyzing module instr_decoder
INFO: [VRFC 10-2263] Analyzing Verilog file "C:/Users/yongj/Desktop/SoftMC-master_schematic_0622/SoftMC-master_schematic/SoftMC-master/hw/boards/ML605/softMC_pcie_app.v" into library xil_defaultlib
INFO: [VRFC 10-311] analyzing module softMC_pcie_app
INFO: [VRFC 10-2263] Analyzing Verilog file "C:/Users/yongj/Desktop/SoftMC-master_schematic_0622/SoftMC-master_schematic/SoftMC-master/hw/boards/ML605/pipe_reg.v" into library xil_defaultlib
INFO: [VRFC 10-311] analyzing module pipe_reg
INFO: [VRFC 10-2263] Analyzing Verilog file "C:/Users/yongj/Desktop/SoftMC-master_schematic_0622/SoftMC-master_schematic/SoftMC-master/hw/boards/ML605/instr_dispatcher.v" into library xil_defaultlib
INFO: [VRFC 10-311] analyzing module instr_dispatcher
INFO: [VRFC 10-2263] Analyzing Verilog file "C:/Users/yongj/Desktop/SoftMC-master_schematic_0622/SoftMC-master_schematic/SoftMC-master/hw/boards/ML605/read_capturer.v" into library xil_defaultlib
INFO: [VRFC 10-311] analyzing module read_capturer
INFO: [VRFC 10-2263] Analyzing Verilog file "C:/Users/yongj/Desktop/SoftMC-master_schematic_0622/SoftMC-master_schematic/SoftMC-master/hw/boards/ML605/maint_handler.v" into library xil_defaultlib
INFO: [VRFC 10-311] analyzing module maint_handler
INFO: [VRFC 10-2263] Analyzing Verilog file "C:/Users/yongj/Desktop/SoftMC-master_schematic_0622/SoftMC-master_schematic/SoftMC-master/hw/boards/ML605/maint_ctrl.v" into library xil_defaultlib
INFO: [VRFC 10-311] analyzing module maint_ctrl_top
INFO: [VRFC 10-311] analyzing module maint_ctrl
INFO: [VRFC 10-311] analyzing module periodic_rd_ctrl
INFO: [VRFC 10-311] analyzing module zq_calib_ctrl
INFO: [VRFC 10-311] analyzing module autoref_ctrl
INFO: [VRFC 10-2263] Analyzing Verilog file "C:/Users/yongj/Desktop/SoftMC-master_schematic_0622/SoftMC-master_schematic/SoftMC-master/hw/boards/ML605/iseq_dispatcher.v" into library xil_defaultlib
INFO: [VRFC 10-311] analyzing module iseq_dispatcher
WARNING: [VRFC 10-3380] identifier 'instr0_disp_en' is used before its declaration [C:/Users/yongj/Desktop/SoftMC-master_schematic_0622/SoftMC-master_schematic/SoftMC-master/hw/boards/ML605/iseq_dispatcher.v:70]
INFO: [VRFC 10-2263] Analyzing Verilog file "C:/Users/yongj/Desktop/SoftMC-master_schematic_0622/SoftMC-master_schematic/SoftMC-master/hw/boards/ML605/instr_receiver.v" into library xil_defaultlib
INFO: [VRFC 10-311] analyzing module instr_receiver
INFO: [VRFC 10-2263] Analyzing Verilog file "C:/Users/yongj/Desktop/SoftMC-master_schematic_0622/SoftMC-master_schematic/SoftMC-master/hw/boards/ML605/autoref_config.v" into library xil_defaultlib
INFO: [VRFC 10-311] analyzing module autoref_config
INFO: [VRFC 10-2263] Analyzing Verilog file "C:/Users/yongj/Desktop/SoftMC-master_schematic_0622/SoftMC-master_schematic/SoftMC-master/hw/boards/ML605/softMC.v" into library xil_defaultlib
INFO: [VRFC 10-311] analyzing module softMC
INFO: [VRFC 10-2458] undeclared symbol dispatcher_busy, assumed default net type wire [C:/Users/yongj/Desktop/SoftMC-master_schematic_0622/SoftMC-master_schematic/SoftMC-master/hw/boards/ML605/softMC.v:158]
INFO: [VRFC 10-2263] Analyzing Verilog file "C:/Users/yongj/Desktop/SoftMC-master_schematic_0622/SoftMC-master_schematic/SoftMC-master/hw/boards/ML605/softMC_top.v" into library xil_defaultlib
INFO: [VRFC 10-311] analyzing module softMC_top
INFO: [VRFC 10-2458] undeclared symbol ddr_dm, assumed default net type wire [C:/Users/yongj/Desktop/SoftMC-master_schematic_0622/SoftMC-master_schematic/SoftMC-master/hw/boards/ML605/softMC_top.v:172]
INFO: [VRFC 10-2458] undeclared symbol app_en, assumed default net type wire [C:/Users/yongj/Desktop/SoftMC-master_schematic_0622/SoftMC-master_schematic/SoftMC-master/hw/boards/ML605/softMC_top.v:527]
INFO: [VRFC 10-2458] undeclared symbol app_instr, assumed default net type wire [C:/Users/yongj/Desktop/SoftMC-master_schematic_0622/SoftMC-master_schematic/SoftMC-master/hw/boards/ML605/softMC_top.v:529]
INFO: [VRFC 10-2458] undeclared symbol iq_full, assumed default net type wire [C:/Users/yongj/Desktop/SoftMC-master_schematic_0622/SoftMC-master_schematic/SoftMC-master/hw/boards/ML605/softMC_top.v:530]
INFO: [VRFC 10-2458] undeclared symbol processing_iseq, assumed default net type wire [C:/Users/yongj/Desktop/SoftMC-master_schematic_0622/SoftMC-master_schematic/SoftMC-master/hw/boards/ML605/softMC_top.v:531]
INFO: [VRFC 10-2458] undeclared symbol rdback_fifo_empty, assumed default net type wire [C:/Users/yongj/Desktop/SoftMC-master_schematic_0622/SoftMC-master_schematic/SoftMC-master/hw/boards/ML605/softMC_top.v:576]
INFO: [VRFC 10-2263] Analyzing Verilog file "C:/Users/yongj/Desktop/SoftMC-master_schematic_0622/SoftMC-master_schematic/SoftMC-master/hw/boards/ML605/ipcore_dir/xilinx_mig/user_design/sim/wiredly.v" into library xil_defaultlib
INFO: [VRFC 10-311] analyzing module WireDelay
INFO: [VRFC 10-2263] Analyzing Verilog file "C:/Users/yongj/Desktop/SoftMC-master_schematic_0622/SoftMC-master_schematic/SoftMC-master/hw/boards/ML605/tb_softMC_top.v" into library xil_defaultlib
INFO: [VRFC 10-311] analyzing module tb_softMC_top
INFO: [VRFC 10-2263] Analyzing Verilog file "C:/Users/yongj/Desktop/SoftMC-master_schematic_0622/SoftMC-master_schematic/SoftMC-master/hw/boards/ML605/project_1/project_1.sim/sim_1/behav/xsim/glbl.v" into library xil_defaultlib
INFO: [VRFC 10-311] analyzing module glbl
INFO: [VRFC 10-163] Analyzing VHDL file "C:/Users/yongj/Desktop/SoftMC-master_schematic_0622/SoftMC-master_schematic/SoftMC-master/hw/boards/ML605/project_1/project_1.srcs/sources_1/ip/ddr4_0_2/bd_0/ip/ip_0/sim/bd_9054_microblaze_I_0.vhd" into library xil_defaultlib
INFO: [VRFC 10-3107] analyzing entity 'bd_9054_microblaze_I_0'
INFO: [VRFC 10-163] Analyzing VHDL file "C:/Users/yongj/Desktop/SoftMC-master_schematic_0622/SoftMC-master_schematic/SoftMC-master/hw/boards/ML605/project_1/project_1.srcs/sources_1/ip/ddr4_0_2/bd_0/ip/ip_1/sim/bd_9054_rst_0_0.vhd" into library xil_defaultlib
INFO: [VRFC 10-3107] analyzing entity 'bd_9054_rst_0_0'
INFO: [VRFC 10-163] Analyzing VHDL file "C:/Users/yongj/Desktop/SoftMC-master_schematic_0622/SoftMC-master_schematic/SoftMC-master/hw/boards/ML605/project_1/project_1.srcs/sources_1/ip/ddr4_0_2/bd_0/ip/ip_2/sim/bd_9054_ilmb_0.vhd" into library xil_defaultlib
INFO: [VRFC 10-3107] analyzing entity 'bd_9054_ilmb_0'
INFO: [VRFC 10-163] Analyzing VHDL file "C:/Users/yongj/Desktop/SoftMC-master_schematic_0622/SoftMC-master_schematic/SoftMC-master/hw/boards/ML605/project_1/project_1.srcs/sources_1/ip/ddr4_0_2/bd_0/ip/ip_3/sim/bd_9054_dlmb_0.vhd" into library xil_defaultlib
INFO: [VRFC 10-3107] analyzing entity 'bd_9054_dlmb_0'
INFO: [VRFC 10-163] Analyzing VHDL file "C:/Users/yongj/Desktop/SoftMC-master_schematic_0622/SoftMC-master_schematic/SoftMC-master/hw/boards/ML605/project_1/project_1.srcs/sources_1/ip/ddr4_0_2/bd_0/ip/ip_4/sim/bd_9054_dlmb_cntlr_0.vhd" into library xil_defaultlib
INFO: [VRFC 10-3107] analyzing entity 'bd_9054_dlmb_cntlr_0'
INFO: [VRFC 10-163] Analyzing VHDL file "C:/Users/yongj/Desktop/SoftMC-master_schematic_0622/SoftMC-master_schematic/SoftMC-master/hw/boards/ML605/project_1/project_1.srcs/sources_1/ip/ddr4_0_2/bd_0/ip/ip_5/sim/bd_9054_ilmb_cntlr_0.vhd" into library xil_defaultlib
INFO: [VRFC 10-3107] analyzing entity 'bd_9054_ilmb_cntlr_0'
INFO: [VRFC 10-163] Analyzing VHDL file "C:/Users/yongj/Desktop/SoftMC-master_schematic_0622/SoftMC-master_schematic/SoftMC-master/hw/boards/ML605/project_1/project_1.srcs/sources_1/ip/ddr4_0_2/bd_0/ip/ip_7/sim/bd_9054_second_dlmb_cntlr_0.vhd" into library xil_defaultlib
INFO: [VRFC 10-3107] analyzing entity 'bd_9054_second_dlmb_cntlr_0'
INFO: [VRFC 10-163] Analyzing VHDL file "C:/Users/yongj/Desktop/SoftMC-master_schematic_0622/SoftMC-master_schematic/SoftMC-master/hw/boards/ML605/project_1/project_1.srcs/sources_1/ip/ddr4_0_2/bd_0/ip/ip_8/sim/bd_9054_second_ilmb_cntlr_0.vhd" into library xil_defaultlib
INFO: [VRFC 10-3107] analyzing entity 'bd_9054_second_ilmb_cntlr_0'
INFO: [VRFC 10-163] Analyzing VHDL file "C:/Users/yongj/Desktop/SoftMC-master_schematic_0622/SoftMC-master_schematic/SoftMC-master/hw/boards/ML605/project_1/project_1.srcs/sources_1/ip/ddr4_0_2/bd_0/ip/ip_10/sim/bd_9054_iomodule_0_0.vhd" into library xil_defaultlib
INFO: [VRFC 10-3107] analyzing entity 'bd_9054_iomodule_0_0'
