Vivado Simulator 2020.2
Time resolution is 1 ps
Loading timesets for 'tb_softMC_top.\mem_model_x16.mem.memModels_Ri2[0].memModel2[0].ddr4_model .LoadTiming' @0
	Loaded timeset:TS_1875
	Loaded timeset:TS_1500
	Loaded timeset:TS_1250
	Loaded timeset:TS_1072
	Loaded timeset:TS_938
	Loaded timeset:TS_833
	Loaded timeset:TS_750
	Loaded timeset:TS_682
	Loaded timeset:TS_625
Model based on DDR4 DDS version 0.999 6/06/2014 (build data 5/06/2016)
tb_softMC_top.\mem_model_x16.mem.memModels_Ri2[0].memModel2[0].ddr4_model :Configured as x16 8G stack:1
Loading timesets for 'tb_softMC_top.\mem_model_x16.mem.memModels_Ri2[0].memModel2[1].ddr4_model .LoadTiming' @0
	Loaded timeset:TS_1875
	Loaded timeset:TS_1500
	Loaded timeset:TS_1250
	Loaded timeset:TS_1072
	Loaded timeset:TS_938
	Loaded timeset:TS_833
	Loaded timeset:TS_750
	Loaded timeset:TS_682
	Loaded timeset:TS_625
Model based on DDR4 DDS version 0.999 6/06/2014 (build data 5/06/2016)
tb_softMC_top.\mem_model_x16.mem.memModels_Ri2[0].memModel2[1].ddr4_model :Configured as x16 8G stack:1
Loading timesets for 'tb_softMC_top.\mem_model_x16.mem.memModels_Ri2[0].memModel2[2].ddr4_model .LoadTiming' @0
	Loaded timeset:TS_1875
	Loaded timeset:TS_1500
	Loaded timeset:TS_1250
	Loaded timeset:TS_1072
	Loaded timeset:TS_938
	Loaded timeset:TS_833
	Loaded timeset:TS_750
	Loaded timeset:TS_682
	Loaded timeset:TS_625
Model based on DDR4 DDS version 0.999 6/06/2014 (build data 5/06/2016)
tb_softMC_top.\mem_model_x16.mem.memModels_Ri2[0].memModel2[2].ddr4_model :Configured as x16 8G stack:1
Loading timesets for 'tb_softMC_top.\mem_model_x16.mem.memModels_Ri2[0].memModel2[3].ddr4_model .LoadTiming' @0
	Loaded timeset:TS_1875
	Loaded timeset:TS_1500
	Loaded timeset:TS_1250
	Loaded timeset:TS_1072
	Loaded timeset:TS_938
	Loaded timeset:TS_833
	Loaded timeset:TS_750
	Loaded timeset:TS_682
	Loaded timeset:TS_625
Model based on DDR4 DDS version 0.999 6/06/2014 (build data 5/06/2016)
tb_softMC_top.\mem_model_x16.mem.memModels_Ri2[0].memModel2[3].ddr4_model :Configured as x16 8G stack:1
Info: [Unisim HPIO_VREF-1] Fabric Tune Value changed to 0100111. Instance: tb_softMC_top.uut.u_ddr4_0.inst.u_mig_ddr4_phy.inst.u_ddr_iob.\genByte[0].u_ddr_iob_byte .\genblk1.genVref.u_hpio_vref 
Info: [Unisim HPIO_VREF-1] Fabric Tune Value changed to 0100111. Instance: tb_softMC_top.uut.u_ddr4_0.inst.u_mig_ddr4_phy.inst.u_ddr_iob.\genByte[1].u_ddr_iob_byte .\genblk1.genVref.u_hpio_vref 
Info: [Unisim HPIO_VREF-1] Fabric Tune Value changed to 0100111. Instance: tb_softMC_top.uut.u_ddr4_0.inst.u_mig_ddr4_phy.inst.u_ddr_iob.\genByte[4].u_ddr_iob_byte .\genblk1.genVref.u_hpio_vref 
Info: [Unisim HPIO_VREF-1] Fabric Tune Value changed to 0100111. Instance: tb_softMC_top.uut.u_ddr4_0.inst.u_mig_ddr4_phy.inst.u_ddr_iob.\genByte[5].u_ddr_iob_byte .\genblk1.genVref.u_hpio_vref 
Info: [Unisim HPIO_VREF-1] Fabric Tune Value changed to 0100111. Instance: tb_softMC_top.uut.u_ddr4_0.inst.u_mig_ddr4_phy.inst.u_ddr_iob.\genByte[6].u_ddr_iob_byte .\genblk1.genVref.u_hpio_vref 
Info: [Unisim HPIO_VREF-1] Fabric Tune Value changed to 0100111. Instance: tb_softMC_top.uut.u_ddr4_0.inst.u_mig_ddr4_phy.inst.u_ddr_iob.\genByte[7].u_ddr_iob_byte .\genblk1.genVref.u_hpio_vref 
Info: [Unisim HPIO_VREF-1] Fabric Tune Value changed to 0100111. Instance: tb_softMC_top.uut.u_ddr4_0.inst.u_mig_ddr4_phy.inst.u_ddr_iob.\genByte[8].u_ddr_iob_byte .\genblk1.genVref.u_hpio_vref 
Info: [Unisim HPIO_VREF-1] Fabric Tune Value changed to 0100111. Instance: tb_softMC_top.uut.u_ddr4_0.inst.u_mig_ddr4_phy.inst.u_ddr_iob.\genByte[9].u_ddr_iob_byte .\genblk1.genVref.u_hpio_vref 
tb_softMC_top.\mem_model_x16.mem.memModels_Ri2[0].memModel2[0].ddr4_model .always_diff_ck.if_diff_ck:Initialization complete @2683122
tb_softMC_top.\mem_model_x16.mem.memModels_Ri2[0].memModel2[1].ddr4_model .always_diff_ck.if_diff_ck:Initialization complete @2683122
tb_softMC_top.\mem_model_x16.mem.memModels_Ri2[0].memModel2[2].ddr4_model .always_diff_ck.if_diff_ck:Initialization complete @2683122
tb_softMC_top.\mem_model_x16.mem.memModels_Ri2[0].memModel2[3].ddr4_model .always_diff_ck.if_diff_ck:Initialization complete @2683122
Calibration Done
Stopped at time : 9928234 ps : File "C:/Users/yongj/Desktop/softmc_ddr4/hw/boards/ML605/tb_softMC_top.v" Line 1263
tb_softMC_top.\mem_model_x16.mem.memModels_Ri2[0].memModel2[0].ddr4_model .always_diff_ck.if_diff_ck:ODT VIOLATION: ODT 0 @9960264 Required:
	ODTH4 - 3 clocks. @9960264
tb_softMC_top.\mem_model_x16.mem.memModels_Ri2[0].memModel2[1].ddr4_model .always_diff_ck.if_diff_ck:ODT VIOLATION: ODT 0 @9960264 Required:
	ODTH4 - 3 clocks. @9960264
tb_softMC_top.\mem_model_x16.mem.memModels_Ri2[0].memModel2[2].ddr4_model .always_diff_ck.if_diff_ck:ODT VIOLATION: ODT 0 @9960264 Required:
	ODTH4 - 3 clocks. @9960264
tb_softMC_top.\mem_model_x16.mem.memModels_Ri2[0].memModel2[3].ddr4_model .always_diff_ck.if_diff_ck:ODT VIOLATION: ODT 0 @9960264 Required:
	ODTH4 - 3 clocks. @9960264
tb_softMC_top.\mem_model_x16.mem.memModels_Ri2[0].memModel2[0].ddr4_model .always_diff_ck.if_diff_ck:ODT VIOLATION: ODT 0 @9964550 Required:
	ODTH4 - 3 clocks. @9964550
tb_softMC_top.\mem_model_x16.mem.memModels_Ri2[0].memModel2[1].ddr4_model .always_diff_ck.if_diff_ck:ODT VIOLATION: ODT 0 @9964550 Required:
	ODTH4 - 3 clocks. @9964550
tb_softMC_top.\mem_model_x16.mem.memModels_Ri2[0].memModel2[2].ddr4_model .always_diff_ck.if_diff_ck:ODT VIOLATION: ODT 0 @9964550 Required:
	ODTH4 - 3 clocks. @9964550
tb_softMC_top.\mem_model_x16.mem.memModels_Ri2[0].memModel2[3].ddr4_model .always_diff_ck.if_diff_ck:ODT VIOLATION: ODT 0 @9964550 Required:
	ODTH4 - 3 clocks. @9964550
tb_softMC_top.\mem_model_x16.mem.memModels_Ri2[0].memModel2[0].ddr4_model .always_diff_ck.if_diff_ck:ODT VIOLATION: ODT 0 @9968836 Required:
	ODTH4 - 3 clocks. @9968836
tb_softMC_top.\mem_model_x16.mem.memModels_Ri2[0].memModel2[1].ddr4_model .always_diff_ck.if_diff_ck:ODT VIOLATION: ODT 0 @9968836 Required:
	ODTH4 - 3 clocks. @9968836
tb_softMC_top.\mem_model_x16.mem.memModels_Ri2[0].memModel2[2].ddr4_model .always_diff_ck.if_diff_ck:ODT VIOLATION: ODT 0 @9968836 Required:
	ODTH4 - 3 clocks. @9968836
tb_softMC_top.\mem_model_x16.mem.memModels_Ri2[0].memModel2[3].ddr4_model .always_diff_ck.if_diff_ck:ODT VIOLATION: ODT 0 @9968836 Required:
	ODTH4 - 3 clocks. @9968836
tb_softMC_top.\mem_model_x16.mem.memModels_Ri2[0].memModel2[0].ddr4_model .always_diff_ck.if_diff_ck:ODT VIOLATION: ODT 0 @9973122 Required:
	ODTH4 - 3 clocks. @9973122
tb_softMC_top.\mem_model_x16.mem.memModels_Ri2[0].memModel2[1].ddr4_model .always_diff_ck.if_diff_ck:ODT VIOLATION: ODT 0 @9973122 Required:
	ODTH4 - 3 clocks. @9973122
tb_softMC_top.\mem_model_x16.mem.memModels_Ri2[0].memModel2[2].ddr4_model .always_diff_ck.if_diff_ck:ODT VIOLATION: ODT 0 @9973122 Required:
	ODTH4 - 3 clocks. @9973122
tb_softMC_top.\mem_model_x16.mem.memModels_Ri2[0].memModel2[3].ddr4_model .always_diff_ck.if_diff_ck:ODT VIOLATION: ODT 0 @9973122 Required:
	ODTH4 - 3 clocks. @9973122
tb_softMC_top.\mem_model_x16.mem.memModels_Ri2[0].memModel2[0].ddr4_model .always_diff_ck.if_diff_ck:ODT VIOLATION: ODT 0 @9977407 Required:
	ODTH4 - 3 clocks. @9977407
tb_softMC_top.\mem_model_x16.mem.memModels_Ri2[0].memModel2[1].ddr4_model .always_diff_ck.if_diff_ck:ODT VIOLATION: ODT 0 @9977407 Required:
	ODTH4 - 3 clocks. @9977407
tb_softMC_top.\mem_model_x16.mem.memModels_Ri2[0].memModel2[2].ddr4_model .always_diff_ck.if_diff_ck:ODT VIOLATION: ODT 0 @9977407 Required:
	ODTH4 - 3 clocks. @9977407
tb_softMC_top.\mem_model_x16.mem.memModels_Ri2[0].memModel2[3].ddr4_model .always_diff_ck.if_diff_ck:ODT VIOLATION: ODT 0 @9977407 Required:
	ODTH4 - 3 clocks. @9977407
tb_softMC_top.\mem_model_x16.mem.memModels_Ri2[0].memModel2[0].ddr4_model .always_diff_ck.if_diff_ck:ODT VIOLATION: ODT 0 @9981693 Required:
	ODTH4 - 3 clocks. @9981693
tb_softMC_top.\mem_model_x16.mem.memModels_Ri2[0].memModel2[1].ddr4_model .always_diff_ck.if_diff_ck:ODT VIOLATION: ODT 0 @9981693 Required:
	ODTH4 - 3 clocks. @9981693
tb_softMC_top.\mem_model_x16.mem.memModels_Ri2[0].memModel2[2].ddr4_model .always_diff_ck.if_diff_ck:ODT VIOLATION: ODT 0 @9981693 Required:
	ODTH4 - 3 clocks. @9981693
tb_softMC_top.\mem_model_x16.mem.memModels_Ri2[0].memModel2[3].ddr4_model .always_diff_ck.if_diff_ck:ODT VIOLATION: ODT 0 @9981693 Required:
	ODTH4 - 3 clocks. @9981693
tb_softMC_top.\mem_model_x16.mem.memModels_Ri2[0].memModel2[0].ddr4_model .always_diff_ck.if_diff_ck:ODT VIOLATION: ODT 0 @9985979 Required:
	ODTH4 - 3 clocks. @9985979
tb_softMC_top.\mem_model_x16.mem.memModels_Ri2[0].memModel2[1].ddr4_model .always_diff_ck.if_diff_ck:ODT VIOLATION: ODT 0 @9985979 Required:
	ODTH4 - 3 clocks. @9985979
tb_softMC_top.\mem_model_x16.mem.memModels_Ri2[0].memModel2[2].ddr4_model .always_diff_ck.if_diff_ck:ODT VIOLATION: ODT 0 @9985979 Required:
	ODTH4 - 3 clocks. @9985979
tb_softMC_top.\mem_model_x16.mem.memModels_Ri2[0].memModel2[3].ddr4_model .always_diff_ck.if_diff_ck:ODT VIOLATION: ODT 0 @9985979 Required:
	ODTH4 - 3 clocks. @9985979
tb_softMC_top.\mem_model_x16.mem.memModels_Ri2[0].memModel2[0].ddr4_model .always_diff_ck.if_diff_ck:ODT VIOLATION: ODT 0 @9990265 Required:
	ODTH4 - 3 clocks. @9990265
tb_softMC_top.\mem_model_x16.mem.memModels_Ri2[0].memModel2[1].ddr4_model .always_diff_ck.if_diff_ck:ODT VIOLATION: ODT 0 @9990265 Required:
	ODTH4 - 3 clocks. @9990265
tb_softMC_top.\mem_model_x16.mem.memModels_Ri2[0].memModel2[2].ddr4_model .always_diff_ck.if_diff_ck:ODT VIOLATION: ODT 0 @9990265 Required:
	ODTH4 - 3 clocks. @9990265
tb_softMC_top.\mem_model_x16.mem.memModels_Ri2[0].memModel2[3].ddr4_model .always_diff_ck.if_diff_ck:ODT VIOLATION: ODT 0 @9990265 Required:
	ODTH4 - 3 clocks. @9990265
tb_softMC_top.\mem_model_x16.mem.memModels_Ri2[0].memModel2[0].ddr4_model .always_diff_ck.if_diff_ck:ODT VIOLATION: ODT 0 @9994550 Required:
	ODTH4 - 3 clocks. @9994550
tb_softMC_top.\mem_model_x16.mem.memModels_Ri2[0].memModel2[1].ddr4_model .always_diff_ck.if_diff_ck:ODT VIOLATION: ODT 0 @9994550 Required:
	ODTH4 - 3 clocks. @9994550
tb_softMC_top.\mem_model_x16.mem.memModels_Ri2[0].memModel2[2].ddr4_model .always_diff_ck.if_diff_ck:ODT VIOLATION: ODT 0 @9994550 Required:
	ODTH4 - 3 clocks. @9994550
tb_softMC_top.\mem_model_x16.mem.memModels_Ri2[0].memModel2[3].ddr4_model .always_diff_ck.if_diff_ck:ODT VIOLATION: ODT 0 @9994550 Required:
	ODTH4 - 3 clocks. @9994550
tb_softMC_top.\mem_model_x16.mem.memModels_Ri2[0].memModel2[0].ddr4_model .always_diff_ck.if_diff_ck:ODT VIOLATION: ODT 0 @9998836 Required:
	ODTH4 - 3 clocks. @9998836
tb_softMC_top.\mem_model_x16.mem.memModels_Ri2[0].memModel2[1].ddr4_model .always_diff_ck.if_diff_ck:ODT VIOLATION: ODT 0 @9998836 Required:
	ODTH4 - 3 clocks. @9998836
tb_softMC_top.\mem_model_x16.mem.memModels_Ri2[0].memModel2[2].ddr4_model .always_diff_ck.if_diff_ck:ODT VIOLATION: ODT 0 @9998836 Required:
	ODTH4 - 3 clocks. @9998836
tb_softMC_top.\mem_model_x16.mem.memModels_Ri2[0].memModel2[3].ddr4_model .always_diff_ck.if_diff_ck:ODT VIOLATION: ODT 0 @9998836 Required:
	ODTH4 - 3 clocks. @9998836
tb_softMC_top.\mem_model_x16.mem.memModels_Ri2[0].memModel2[0].ddr4_model .always_diff_ck.if_diff_ck:ODT VIOLATION: ODT 0 @10003122 Required:
	ODTH4 - 3 clocks. @10003122
tb_softMC_top.\mem_model_x16.mem.memModels_Ri2[0].memModel2[1].ddr4_model .always_diff_ck.if_diff_ck:ODT VIOLATION: ODT 0 @10003122 Required:
	ODTH4 - 3 clocks. @10003122
tb_softMC_top.\mem_model_x16.mem.memModels_Ri2[0].memModel2[2].ddr4_model .always_diff_ck.if_diff_ck:ODT VIOLATION: ODT 0 @10003122 Required:
	ODTH4 - 3 clocks. @10003122
tb_softMC_top.\mem_model_x16.mem.memModels_Ri2[0].memModel2[3].ddr4_model .always_diff_ck.if_diff_ck:ODT VIOLATION: ODT 0 @10003122 Required:
	ODTH4 - 3 clocks. @10003122
tb_softMC_top.\mem_model_x16.mem.memModels_Ri2[0].memModel2[0].ddr4_model .always_diff_ck.if_diff_ck:ODT VIOLATION: ODT 0 @10007407 Required:
	ODTH4 - 3 clocks. @10007407
tb_softMC_top.\mem_model_x16.mem.memModels_Ri2[0].memModel2[1].ddr4_model .always_diff_ck.if_diff_ck:ODT VIOLATION: ODT 0 @10007407 Required:
	ODTH4 - 3 clocks. @10007407
tb_softMC_top.\mem_model_x16.mem.memModels_Ri2[0].memModel2[2].ddr4_model .always_diff_ck.if_diff_ck:ODT VIOLATION: ODT 0 @10007407 Required:
	ODTH4 - 3 clocks. @10007407
tb_softMC_top.\mem_model_x16.mem.memModels_Ri2[0].memModel2[3].ddr4_model .always_diff_ck.if_diff_ck:ODT VIOLATION: ODT 0 @10007407 Required:
	ODTH4 - 3 clocks. @10007407
tb_softMC_top.\mem_model_x16.mem.memModels_Ri2[0].memModel2[0].ddr4_model .always_diff_ck.if_diff_ck:ODT VIOLATION: ODT 0 @10011693 Required:
	ODTH4 - 3 clocks. @10011693
tb_softMC_top.\mem_model_x16.mem.memModels_Ri2[0].memModel2[1].ddr4_model .always_diff_ck.if_diff_ck:ODT VIOLATION: ODT 0 @10011693 Required:
	ODTH4 - 3 clocks. @10011693
tb_softMC_top.\mem_model_x16.mem.memModels_Ri2[0].memModel2[2].ddr4_model .always_diff_ck.if_diff_ck:ODT VIOLATION: ODT 0 @10011693 Required:
	ODTH4 - 3 clocks. @10011693
tb_softMC_top.\mem_model_x16.mem.memModels_Ri2[0].memModel2[3].ddr4_model .always_diff_ck.if_diff_ck:ODT VIOLATION: ODT 0 @10011693 Required:
	ODTH4 - 3 clocks. @10011693
tb_softMC_top.\mem_model_x16.mem.memModels_Ri2[0].memModel2[0].ddr4_model .always_diff_ck.if_diff_ck:ODT VIOLATION: ODT 0 @10015979 Required:
	ODTH4 - 3 clocks. @10015979
tb_softMC_top.\mem_model_x16.mem.memModels_Ri2[0].memModel2[1].ddr4_model .always_diff_ck.if_diff_ck:ODT VIOLATION: ODT 0 @10015979 Required:
	ODTH4 - 3 clocks. @10015979
tb_softMC_top.\mem_model_x16.mem.memModels_Ri2[0].memModel2[2].ddr4_model .always_diff_ck.if_diff_ck:ODT VIOLATION: ODT 0 @10015979 Required:
	ODTH4 - 3 clocks. @10015979
tb_softMC_top.\mem_model_x16.mem.memModels_Ri2[0].memModel2[3].ddr4_model .always_diff_ck.if_diff_ck:ODT VIOLATION: ODT 0 @10015979 Required:
	ODTH4 - 3 clocks. @10015979
tb_softMC_top.\mem_model_x16.mem.memModels_Ri2[0].memModel2[0].ddr4_model .always_diff_ck.if_diff_ck:ODT VIOLATION: ODT 0 @10020264 Required:
	ODTH4 - 3 clocks. @10020264
tb_softMC_top.\mem_model_x16.mem.memModels_Ri2[0].memModel2[1].ddr4_model .always_diff_ck.if_diff_ck:ODT VIOLATION: ODT 0 @10020264 Required:
	ODTH4 - 3 clocks. @10020264
tb_softMC_top.\mem_model_x16.mem.memModels_Ri2[0].memModel2[2].ddr4_model .always_diff_ck.if_diff_ck:ODT VIOLATION: ODT 0 @10020264 Required:
	ODTH4 - 3 clocks. @10020264
tb_softMC_top.\mem_model_x16.mem.memModels_Ri2[0].memModel2[3].ddr4_model .always_diff_ck.if_diff_ck:ODT VIOLATION: ODT 0 @10020264 Required:
	ODTH4 - 3 clocks. @10020264
tb_softMC_top.\mem_model_x16.mem.memModels_Ri2[0].memModel2[0].ddr4_model .always_diff_ck.if_diff_ck:ODT VIOLATION: ODT 0 @10024550 Required:
	ODTH4 - 3 clocks. @10024550
tb_softMC_top.\mem_model_x16.mem.memModels_Ri2[0].memModel2[1].ddr4_model .always_diff_ck.if_diff_ck:ODT VIOLATION: ODT 0 @10024550 Required:
	ODTH4 - 3 clocks. @10024550
tb_softMC_top.\mem_model_x16.mem.memModels_Ri2[0].memModel2[2].ddr4_model .always_diff_ck.if_diff_ck:ODT VIOLATION: ODT 0 @10024550 Required:
	ODTH4 - 3 clocks. @10024550
tb_softMC_top.\mem_model_x16.mem.memModels_Ri2[0].memModel2[3].ddr4_model .always_diff_ck.if_diff_ck:ODT VIOLATION: ODT 0 @10024550 Required:
	ODTH4 - 3 clocks. @10024550
tb_softMC_top.\mem_model_x16.mem.memModels_Ri2[0].memModel2[0].ddr4_model .always_diff_ck.if_diff_ck:ODT VIOLATION: ODT 0 @10028836 Required:
	ODTH4 - 3 clocks. @10028836
tb_softMC_top.\mem_model_x16.mem.memModels_Ri2[0].memModel2[1].ddr4_model .always_diff_ck.if_diff_ck:ODT VIOLATION: ODT 0 @10028836 Required:
	ODTH4 - 3 clocks. @10028836
tb_softMC_top.\mem_model_x16.mem.memModels_Ri2[0].memModel2[2].ddr4_model .always_diff_ck.if_diff_ck:ODT VIOLATION: ODT 0 @10028836 Required:
	ODTH4 - 3 clocks. @10028836
tb_softMC_top.\mem_model_x16.mem.memModels_Ri2[0].memModel2[3].ddr4_model .always_diff_ck.if_diff_ck:ODT VIOLATION: ODT 0 @10028836 Required:
	ODTH4 - 3 clocks. @10028836
tb_softMC_top.\mem_model_x16.mem.memModels_Ri2[0].memModel2[0].ddr4_model .always_diff_ck.if_diff_ck:ODT VIOLATION: ODT 0 @10033122 Required:
	ODTH4 - 3 clocks. @10033122
tb_softMC_top.\mem_model_x16.mem.memModels_Ri2[0].memModel2[1].ddr4_model .always_diff_ck.if_diff_ck:ODT VIOLATION: ODT 0 @10033122 Required:
	ODTH4 - 3 clocks. @10033122
tb_softMC_top.\mem_model_x16.mem.memModels_Ri2[0].memModel2[2].ddr4_model .always_diff_ck.if_diff_ck:ODT VIOLATION: ODT 0 @10033122 Required:
	ODTH4 - 3 clocks. @10033122
tb_softMC_top.\mem_model_x16.mem.memModels_Ri2[0].memModel2[3].ddr4_model .always_diff_ck.if_diff_ck:ODT VIOLATION: ODT 0 @10033122 Required:
	ODTH4 - 3 clocks. @10033122
tb_softMC_top.\mem_model_x16.mem.memModels_Ri2[0].memModel2[0].ddr4_model .always_diff_ck.if_diff_ck:ODT VIOLATION: ODT 0 @10037407 Required:
	ODTH4 - 3 clocks. @10037407
tb_softMC_top.\mem_model_x16.mem.memModels_Ri2[0].memModel2[1].ddr4_model .always_diff_ck.if_diff_ck:ODT VIOLATION: ODT 0 @10037407 Required:
	ODTH4 - 3 clocks. @10037407
tb_softMC_top.\mem_model_x16.mem.memModels_Ri2[0].memModel2[2].ddr4_model .always_diff_ck.if_diff_ck:ODT VIOLATION: ODT 0 @10037407 Required:
	ODTH4 - 3 clocks. @10037407
tb_softMC_top.\mem_model_x16.mem.memModels_Ri2[0].memModel2[3].ddr4_model .always_diff_ck.if_diff_ck:ODT VIOLATION: ODT 0 @10037407 Required:
	ODTH4 - 3 clocks. @10037407
tb_softMC_top.\mem_model_x16.mem.memModels_Ri2[0].memModel2[0].ddr4_model .always_diff_ck.if_diff_ck:ODT VIOLATION: ODT 0 @10041693 Required:
	ODTH4 - 3 clocks. @10041693
tb_softMC_top.\mem_model_x16.mem.memModels_Ri2[0].memModel2[1].ddr4_model .always_diff_ck.if_diff_ck:ODT VIOLATION: ODT 0 @10041693 Required:
	ODTH4 - 3 clocks. @10041693
tb_softMC_top.\mem_model_x16.mem.memModels_Ri2[0].memModel2[2].ddr4_model .always_diff_ck.if_diff_ck:ODT VIOLATION: ODT 0 @10041693 Required:
	ODTH4 - 3 clocks. @10041693
tb_softMC_top.\mem_model_x16.mem.memModels_Ri2[0].memModel2[3].ddr4_model .always_diff_ck.if_diff_ck:ODT VIOLATION: ODT 0 @10041693 Required:
	ODTH4 - 3 clocks. @10041693
tb_softMC_top.\mem_model_x16.mem.memModels_Ri2[0].memModel2[0].ddr4_model .always_diff_ck.if_diff_ck:ODT VIOLATION: ODT 0 @10045979 Required:
	ODTH4 - 3 clocks. @10045979
tb_softMC_top.\mem_model_x16.mem.memModels_Ri2[0].memModel2[1].ddr4_model .always_diff_ck.if_diff_ck:ODT VIOLATION: ODT 0 @10045979 Required:
	ODTH4 - 3 clocks. @10045979
tb_softMC_top.\mem_model_x16.mem.memModels_Ri2[0].memModel2[2].ddr4_model .always_diff_ck.if_diff_ck:ODT VIOLATION: ODT 0 @10045979 Required:
	ODTH4 - 3 clocks. @10045979
tb_softMC_top.\mem_model_x16.mem.memModels_Ri2[0].memModel2[3].ddr4_model .always_diff_ck.if_diff_ck:ODT VIOLATION: ODT 0 @10045979 Required:
	ODTH4 - 3 clocks. @10045979
tb_softMC_top.\mem_model_x16.mem.memModels_Ri2[0].memModel2[0].ddr4_model .always_diff_ck.if_diff_ck:ODT VIOLATION: ODT 0 @10050264 Required:
	ODTH4 - 3 clocks. @10050264
tb_softMC_top.\mem_model_x16.mem.memModels_Ri2[0].memModel2[1].ddr4_model .always_diff_ck.if_diff_ck:ODT VIOLATION: ODT 0 @10050264 Required:
	ODTH4 - 3 clocks. @10050264
tb_softMC_top.\mem_model_x16.mem.memModels_Ri2[0].memModel2[2].ddr4_model .always_diff_ck.if_diff_ck:ODT VIOLATION: ODT 0 @10050264 Required:
	ODTH4 - 3 clocks. @10050264
tb_softMC_top.\mem_model_x16.mem.memModels_Ri2[0].memModel2[3].ddr4_model .always_diff_ck.if_diff_ck:ODT VIOLATION: ODT 0 @10050264 Required:
	ODTH4 - 3 clocks. @10050264
tb_softMC_top.\mem_model_x16.mem.memModels_Ri2[0].memModel2[0].ddr4_model .always_diff_ck.if_diff_ck:ODT VIOLATION: ODT 0 @10054550 Required:
	ODTH4 - 3 clocks. @10054550
tb_softMC_top.\mem_model_x16.mem.memModels_Ri2[0].memModel2[1].ddr4_model .always_diff_ck.if_diff_ck:ODT VIOLATION: ODT 0 @10054550 Required:
	ODTH4 - 3 clocks. @10054550
tb_softMC_top.\mem_model_x16.mem.memModels_Ri2[0].memModel2[2].ddr4_model .always_diff_ck.if_diff_ck:ODT VIOLATION: ODT 0 @10054550 Required:
	ODTH4 - 3 clocks. @10054550
tb_softMC_top.\mem_model_x16.mem.memModels_Ri2[0].memModel2[3].ddr4_model .always_diff_ck.if_diff_ck:ODT VIOLATION: ODT 0 @10054550 Required:
	ODTH4 - 3 clocks. @10054550
tb_softMC_top.\mem_model_x16.mem.memModels_Ri2[0].memModel2[0].ddr4_model .always_diff_ck.if_diff_ck:ODT VIOLATION: ODT 0 @10058836 Required:
	ODTH4 - 3 clocks. @10058836
tb_softMC_top.\mem_model_x16.mem.memModels_Ri2[0].memModel2[1].ddr4_model .always_diff_ck.if_diff_ck:ODT VIOLATION: ODT 0 @10058836 Required:
	ODTH4 - 3 clocks. @10058836
tb_softMC_top.\mem_model_x16.mem.memModels_Ri2[0].memModel2[2].ddr4_model .always_diff_ck.if_diff_ck:ODT VIOLATION: ODT 0 @10058836 Required:
	ODTH4 - 3 clocks. @10058836
tb_softMC_top.\mem_model_x16.mem.memModels_Ri2[0].memModel2[3].ddr4_model .always_diff_ck.if_diff_ck:ODT VIOLATION: ODT 0 @10058836 Required:
	ODTH4 - 3 clocks. @10058836
tb_softMC_top.\mem_model_x16.mem.memModels_Ri2[0].memModel2[0].ddr4_model .always_diff_ck.if_diff_ck:ODT VIOLATION: ODT 0 @10063122 Required:
	ODTH4 - 3 clocks. @10063122
tb_softMC_top.\mem_model_x16.mem.memModels_Ri2[0].memModel2[1].ddr4_model .always_diff_ck.if_diff_ck:ODT VIOLATION: ODT 0 @10063122 Required:
	ODTH4 - 3 clocks. @10063122
tb_softMC_top.\mem_model_x16.mem.memModels_Ri2[0].memModel2[2].ddr4_model .always_diff_ck.if_diff_ck:ODT VIOLATION: ODT 0 @10063122 Required:
	ODTH4 - 3 clocks. @10063122
tb_softMC_top.\mem_model_x16.mem.memModels_Ri2[0].memModel2[3].ddr4_model .always_diff_ck.if_diff_ck:ODT VIOLATION: ODT 0 @10063122 Required:
	ODTH4 - 3 clocks. @10063122
tb_softMC_top.\mem_model_x16.mem.memModels_Ri2[0].memModel2[0].ddr4_model .always_diff_ck.if_diff_ck:ODT VIOLATION: ODT 0 @10067407 Required:
	ODTH4 - 3 clocks. @10067407
tb_softMC_top.\mem_model_x16.mem.memModels_Ri2[0].memModel2[1].ddr4_model .always_diff_ck.if_diff_ck:ODT VIOLATION: ODT 0 @10067407 Required:
	ODTH4 - 3 clocks. @10067407
tb_softMC_top.\mem_model_x16.mem.memModels_Ri2[0].memModel2[2].ddr4_model .always_diff_ck.if_diff_ck:ODT VIOLATION: ODT 0 @10067407 Required:
	ODTH4 - 3 clocks. @10067407
tb_softMC_top.\mem_model_x16.mem.memModels_Ri2[0].memModel2[3].ddr4_model .always_diff_ck.if_diff_ck:ODT VIOLATION: ODT 0 @10067407 Required:
	ODTH4 - 3 clocks. @10067407
tb_softMC_top.\mem_model_x16.mem.memModels_Ri2[0].memModel2[0].ddr4_model .always_diff_ck.if_diff_ck:ODT VIOLATION: ODT 0 @10071693 Required:
	ODTH4 - 3 clocks. @10071693
tb_softMC_top.\mem_model_x16.mem.memModels_Ri2[0].memModel2[1].ddr4_model .always_diff_ck.if_diff_ck:ODT VIOLATION: ODT 0 @10071693 Required:
	ODTH4 - 3 clocks. @10071693
tb_softMC_top.\mem_model_x16.mem.memModels_Ri2[0].memModel2[2].ddr4_model .always_diff_ck.if_diff_ck:ODT VIOLATION: ODT 0 @10071693 Required:
	ODTH4 - 3 clocks. @10071693
tb_softMC_top.\mem_model_x16.mem.memModels_Ri2[0].memModel2[3].ddr4_model .always_diff_ck.if_diff_ck:ODT VIOLATION: ODT 0 @10071693 Required:
	ODTH4 - 3 clocks. @10071693
tb_softMC_top.\mem_model_x16.mem.memModels_Ri2[0].memModel2[0].ddr4_model .always_diff_ck.if_diff_ck:VIOLATION: cmdPRE BG:1 B:3 A:0 (BL:8 WL:12 RL:14) @10074908 Required:
	tWR (WL + BL/2 + WR) - 8 clocks.
tb_softMC_top.\mem_model_x16.mem.memModels_Ri2[0].memModel2[1].ddr4_model .always_diff_ck.if_diff_ck:VIOLATION: cmdPRE BG:1 B:3 A:0 (BL:8 WL:12 RL:14) @10074908 Required:
	tWR (WL + BL/2 + WR) - 8 clocks.
tb_softMC_top.\mem_model_x16.mem.memModels_Ri2[0].memModel2[2].ddr4_model .always_diff_ck.if_diff_ck:VIOLATION: cmdPRE BG:1 B:3 A:0 (BL:8 WL:12 RL:14) @10074908 Required:
	tWR (WL + BL/2 + WR) - 8 clocks.
tb_softMC_top.\mem_model_x16.mem.memModels_Ri2[0].memModel2[3].ddr4_model .always_diff_ck.if_diff_ck:VIOLATION: cmdPRE BG:1 B:3 A:0 (BL:8 WL:12 RL:14) @10074908 Required:
	tWR (WL + BL/2 + WR) - 8 clocks.
tb_softMC_top.\mem_model_x16.mem.memModels_Ri2[0].memModel2[0].ddr4_model .always_diff_ck.if_diff_ck:ODT VIOLATION: ODT 0 @10075979 Required:
	ODTH4 - 3 clocks. @10075979
tb_softMC_top.\mem_model_x16.mem.memModels_Ri2[0].memModel2[1].ddr4_model .always_diff_ck.if_diff_ck:ODT VIOLATION: ODT 0 @10075979 Required:
	ODTH4 - 3 clocks. @10075979
tb_softMC_top.\mem_model_x16.mem.memModels_Ri2[0].memModel2[2].ddr4_model .always_diff_ck.if_diff_ck:ODT VIOLATION: ODT 0 @10075979 Required:
	ODTH4 - 3 clocks. @10075979
tb_softMC_top.\mem_model_x16.mem.memModels_Ri2[0].memModel2[3].ddr4_model .always_diff_ck.if_diff_ck:ODT VIOLATION: ODT 0 @10075979 Required:
	ODTH4 - 3 clocks. @10075979
tb_softMC_top.\mem_model_x16.mem.memModels_Ri2[0].memModel2[0].ddr4_model .always_diff_ck.if_diff_ck:ODT VIOLATION: ODT 0 @10080264 Required:
	ODTH4 - 3 clocks. @10080264
tb_softMC_top.\mem_model_x16.mem.memModels_Ri2[0].memModel2[1].ddr4_model .always_diff_ck.if_diff_ck:ODT VIOLATION: ODT 0 @10080264 Required:
	ODTH4 - 3 clocks. @10080264
tb_softMC_top.\mem_model_x16.mem.memModels_Ri2[0].memModel2[2].ddr4_model .always_diff_ck.if_diff_ck:ODT VIOLATION: ODT 0 @10080264 Required:
	ODTH4 - 3 clocks. @10080264
tb_softMC_top.\mem_model_x16.mem.memModels_Ri2[0].memModel2[3].ddr4_model .always_diff_ck.if_diff_ck:ODT VIOLATION: ODT 0 @10080264 Required:
	ODTH4 - 3 clocks. @10080264
tb_softMC_top.\mem_model_x16.mem.memModels_Ri2[0].memModel2[0].ddr4_model .always_diff_ck.if_diff_ck:ODT VIOLATION: ODT 0 @10084550 Required:
	ODTH4 - 3 clocks. @10084550
tb_softMC_top.\mem_model_x16.mem.memModels_Ri2[0].memModel2[1].ddr4_model .always_diff_ck.if_diff_ck:ODT VIOLATION: ODT 0 @10084550 Required:
	ODTH4 - 3 clocks. @10084550
tb_softMC_top.\mem_model_x16.mem.memModels_Ri2[0].memModel2[2].ddr4_model .always_diff_ck.if_diff_ck:ODT VIOLATION: ODT 0 @10084550 Required:
	ODTH4 - 3 clocks. @10084550
tb_softMC_top.\mem_model_x16.mem.memModels_Ri2[0].memModel2[3].ddr4_model .always_diff_ck.if_diff_ck:ODT VIOLATION: ODT 0 @10084550 Required:
	ODTH4 - 3 clocks. @10084550
tb_softMC_top.\mem_model_x16.mem.memModels_Ri2[0].memModel2[0].ddr4_model .always_diff_ck.if_diff_ck:ODT VIOLATION: ODT 0 @10088836 Required:
	ODTH4 - 3 clocks. @10088836
tb_softMC_top.\mem_model_x16.mem.memModels_Ri2[0].memModel2[1].ddr4_model .always_diff_ck.if_diff_ck:ODT VIOLATION: ODT 0 @10088836 Required:
	ODTH4 - 3 clocks. @10088836
tb_softMC_top.\mem_model_x16.mem.memModels_Ri2[0].memModel2[2].ddr4_model .always_diff_ck.if_diff_ck:ODT VIOLATION: ODT 0 @10088836 Required:
	ODTH4 - 3 clocks. @10088836
tb_softMC_top.\mem_model_x16.mem.memModels_Ri2[0].memModel2[3].ddr4_model .always_diff_ck.if_diff_ck:ODT VIOLATION: ODT 0 @10088836 Required:
	ODTH4 - 3 clocks. @10088836
tb_softMC_top.\mem_model_x16.mem.memModels_Ri2[0].memModel2[0].ddr4_model .always_diff_ck.if_diff_ck:ODT VIOLATION: ODT 0 @10093122 Required:
	ODTH4 - 3 clocks. @10093122
tb_softMC_top.\mem_model_x16.mem.memModels_Ri2[0].memModel2[1].ddr4_model .always_diff_ck.if_diff_ck:ODT VIOLATION: ODT 0 @10093122 Required:
	ODTH4 - 3 clocks. @10093122
tb_softMC_top.\mem_model_x16.mem.memModels_Ri2[0].memModel2[2].ddr4_model .always_diff_ck.if_diff_ck:ODT VIOLATION: ODT 0 @10093122 Required:
	ODTH4 - 3 clocks. @10093122
tb_softMC_top.\mem_model_x16.mem.memModels_Ri2[0].memModel2[3].ddr4_model .always_diff_ck.if_diff_ck:ODT VIOLATION: ODT 0 @10093122 Required:
	ODTH4 - 3 clocks. @10093122
Model:WARNING: Reading unwritten address: C:0 BG:1 B:0 R:0 C:0 dm:0 @10976515
Model:WARNING: Reading unwritten address: C:0 BG:1 B:0 R:0 C:0 dm:1 @10976515
Model:WARNING: Reading unwritten address: C:0 BG:1 B:0 R:0 C:0 dm:0 @10976515
Model:WARNING: Reading unwritten address: C:0 BG:1 B:0 R:0 C:0 dm:1 @10976515
Model:WARNING: Reading unwritten address: C:0 BG:1 B:0 R:0 C:0 dm:0 @10976515
Model:WARNING: Reading unwritten address: C:0 BG:1 B:0 R:0 C:0 dm:1 @10976515
Model:WARNING: Reading unwritten address: C:0 BG:1 B:0 R:0 C:0 dm:0 @10976515
Model:WARNING: Reading unwritten address: C:0 BG:1 B:0 R:0 C:0 dm:1 @10976515
Model:WARNING: Reading unwritten address: C:0 BG:1 B:0 R:0 C:1 dm:0 @10977050
Model:WARNING: Reading unwritten address: C:0 BG:1 B:0 R:0 C:1 dm:1 @10977050
Model:WARNING: Reading unwritten address: C:0 BG:1 B:0 R:0 C:1 dm:0 @10977050
Model:WARNING: Reading unwritten address: C:0 BG:1 B:0 R:0 C:1 dm:1 @10977050
Model:WARNING: Reading unwritten address: C:0 BG:1 B:0 R:0 C:1 dm:0 @10977050
Model:WARNING: Reading unwritten address: C:0 BG:1 B:0 R:0 C:1 dm:1 @10977050
Model:WARNING: Reading unwritten address: C:0 BG:1 B:0 R:0 C:1 dm:0 @10977050
Model:WARNING: Reading unwritten address: C:0 BG:1 B:0 R:0 C:1 dm:1 @10977050
Model:WARNING: Reading unwritten address: C:0 BG:1 B:0 R:0 C:2 dm:0 @10977587
Model:WARNING: Reading unwritten address: C:0 BG:1 B:0 R:0 C:2 dm:1 @10977587
Model:WARNING: Reading unwritten address: C:0 BG:1 B:0 R:0 C:2 dm:0 @10977587
Model:WARNING: Reading unwritten address: C:0 BG:1 B:0 R:0 C:2 dm:1 @10977587
Model:WARNING: Reading unwritten address: C:0 BG:1 B:0 R:0 C:2 dm:0 @10977587
Model:WARNING: Reading unwritten address: C:0 BG:1 B:0 R:0 C:2 dm:1 @10977587
Model:WARNING: Reading unwritten address: C:0 BG:1 B:0 R:0 C:2 dm:0 @10977587
Model:WARNING: Reading unwritten address: C:0 BG:1 B:0 R:0 C:2 dm:1 @10977587
Model:WARNING: Reading unwritten address: C:0 BG:1 B:0 R:0 C:3 dm:0 @10978122
Model:WARNING: Reading unwritten address: C:0 BG:1 B:0 R:0 C:3 dm:1 @10978122
Model:WARNING: Reading unwritten address: C:0 BG:1 B:0 R:0 C:3 dm:0 @10978122
Model:WARNING: Reading unwritten address: C:0 BG:1 B:0 R:0 C:3 dm:1 @10978122
Model:WARNING: Reading unwritten address: C:0 BG:1 B:0 R:0 C:3 dm:0 @10978122
Model:WARNING: Reading unwritten address: C:0 BG:1 B:0 R:0 C:3 dm:1 @10978122
Model:WARNING: Reading unwritten address: C:0 BG:1 B:0 R:0 C:3 dm:0 @10978122
Model:WARNING: Reading unwritten address: C:0 BG:1 B:0 R:0 C:3 dm:1 @10978122
Model:WARNING: Reading unwritten address: C:0 BG:1 B:0 R:0 C:4 dm:0 @10978658
Model:WARNING: Reading unwritten address: C:0 BG:1 B:0 R:0 C:4 dm:1 @10978658
Model:WARNING: Reading unwritten address: C:0 BG:1 B:0 R:0 C:4 dm:0 @10978658
Model:WARNING: Reading unwritten address: C:0 BG:1 B:0 R:0 C:4 dm:1 @10978658
Model:WARNING: Reading unwritten address: C:0 BG:1 B:0 R:0 C:4 dm:0 @10978658
Model:WARNING: Reading unwritten address: C:0 BG:1 B:0 R:0 C:4 dm:1 @10978658
Model:WARNING: Reading unwritten address: C:0 BG:1 B:0 R:0 C:4 dm:0 @10978658
Model:WARNING: Reading unwritten address: C:0 BG:1 B:0 R:0 C:4 dm:1 @10978658
Model:WARNING: Reading unwritten address: C:0 BG:1 B:0 R:0 C:5 dm:0 @10979193
Model:WARNING: Reading unwritten address: C:0 BG:1 B:0 R:0 C:5 dm:1 @10979193
Model:WARNING: Reading unwritten address: C:0 BG:1 B:0 R:0 C:5 dm:0 @10979193
Model:WARNING: Reading unwritten address: C:0 BG:1 B:0 R:0 C:5 dm:1 @10979193
Model:WARNING: Reading unwritten address: C:0 BG:1 B:0 R:0 C:5 dm:0 @10979193
Model:WARNING: Reading unwritten address: C:0 BG:1 B:0 R:0 C:5 dm:1 @10979193
Model:WARNING: Reading unwritten address: C:0 BG:1 B:0 R:0 C:5 dm:0 @10979193
Model:WARNING: Reading unwritten address: C:0 BG:1 B:0 R:0 C:5 dm:1 @10979193
Model:WARNING: Reading unwritten address: C:0 BG:1 B:0 R:0 C:6 dm:0 @10979729
Model:WARNING: Reading unwritten address: C:0 BG:1 B:0 R:0 C:6 dm:1 @10979729
Model:WARNING: Reading unwritten address: C:0 BG:1 B:0 R:0 C:6 dm:0 @10979729
Model:WARNING: Reading unwritten address: C:0 BG:1 B:0 R:0 C:6 dm:1 @10979729
Model:WARNING: Reading unwritten address: C:0 BG:1 B:0 R:0 C:6 dm:0 @10979729
Model:WARNING: Reading unwritten address: C:0 BG:1 B:0 R:0 C:6 dm:1 @10979729
Model:WARNING: Reading unwritten address: C:0 BG:1 B:0 R:0 C:6 dm:0 @10979729
Model:WARNING: Reading unwritten address: C:0 BG:1 B:0 R:0 C:6 dm:1 @10979729
Model:WARNING: Reading unwritten address: C:0 BG:1 B:0 R:0 C:7 dm:0 @10980264
Model:WARNING: Reading unwritten address: C:0 BG:1 B:0 R:0 C:7 dm:1 @10980264
Model:WARNING: Reading unwritten address: C:0 BG:1 B:0 R:0 C:7 dm:0 @10980264
Model:WARNING: Reading unwritten address: C:0 BG:1 B:0 R:0 C:7 dm:1 @10980264
Model:WARNING: Reading unwritten address: C:0 BG:1 B:0 R:0 C:7 dm:0 @10980264
Model:WARNING: Reading unwritten address: C:0 BG:1 B:0 R:0 C:7 dm:1 @10980264
Model:WARNING: Reading unwritten address: C:0 BG:1 B:0 R:0 C:7 dm:0 @10980264
Model:WARNING: Reading unwritten address: C:0 BG:1 B:0 R:0 C:7 dm:1 @10980264
Model:WARNING: Reading unwritten address: C:0 BG:1 B:0 R:0 C:0 dm:0 @11833658
Model:WARNING: Reading unwritten address: C:0 BG:1 B:0 R:0 C:0 dm:1 @11833658
Model:WARNING: Reading unwritten address: C:0 BG:1 B:0 R:0 C:0 dm:0 @11833658
Model:WARNING: Reading unwritten address: C:0 BG:1 B:0 R:0 C:0 dm:1 @11833658
Model:WARNING: Reading unwritten address: C:0 BG:1 B:0 R:0 C:0 dm:0 @11833658
Model:WARNING: Reading unwritten address: C:0 BG:1 B:0 R:0 C:0 dm:1 @11833658
Model:WARNING: Reading unwritten address: C:0 BG:1 B:0 R:0 C:0 dm:0 @11833658
Model:WARNING: Reading unwritten address: C:0 BG:1 B:0 R:0 C:0 dm:1 @11833658
Model:WARNING: Reading unwritten address: C:0 BG:1 B:0 R:0 C:1 dm:0 @11834193
Model:WARNING: Reading unwritten address: C:0 BG:1 B:0 R:0 C:1 dm:1 @11834193
Model:WARNING: Reading unwritten address: C:0 BG:1 B:0 R:0 C:1 dm:0 @11834193
Model:WARNING: Reading unwritten address: C:0 BG:1 B:0 R:0 C:1 dm:1 @11834193
Model:WARNING: Reading unwritten address: C:0 BG:1 B:0 R:0 C:1 dm:0 @11834193
Model:WARNING: Reading unwritten address: C:0 BG:1 B:0 R:0 C:1 dm:1 @11834193
Model:WARNING: Reading unwritten address: C:0 BG:1 B:0 R:0 C:1 dm:0 @11834193
Model:WARNING: Reading unwritten address: C:0 BG:1 B:0 R:0 C:1 dm:1 @11834193
Model:WARNING: Reading unwritten address: C:0 BG:1 B:0 R:0 C:2 dm:0 @11834730
Model:WARNING: Reading unwritten address: C:0 BG:1 B:0 R:0 C:2 dm:1 @11834730
Model:WARNING: Reading unwritten address: C:0 BG:1 B:0 R:0 C:2 dm:0 @11834730
Model:WARNING: Reading unwritten address: C:0 BG:1 B:0 R:0 C:2 dm:1 @11834730
Model:WARNING: Reading unwritten address: C:0 BG:1 B:0 R:0 C:2 dm:0 @11834730
Model:WARNING: Reading unwritten address: C:0 BG:1 B:0 R:0 C:2 dm:1 @11834730
Model:WARNING: Reading unwritten address: C:0 BG:1 B:0 R:0 C:2 dm:0 @11834730
Model:WARNING: Reading unwritten address: C:0 BG:1 B:0 R:0 C:2 dm:1 @11834730
Model:WARNING: Reading unwritten address: C:0 BG:1 B:0 R:0 C:3 dm:0 @11835265
Model:WARNING: Reading unwritten address: C:0 BG:1 B:0 R:0 C:3 dm:1 @11835265
Model:WARNING: Reading unwritten address: C:0 BG:1 B:0 R:0 C:3 dm:0 @11835265
Model:WARNING: Reading unwritten address: C:0 BG:1 B:0 R:0 C:3 dm:1 @11835265
Model:WARNING: Reading unwritten address: C:0 BG:1 B:0 R:0 C:3 dm:0 @11835265
Model:WARNING: Reading unwritten address: C:0 BG:1 B:0 R:0 C:3 dm:1 @11835265
Model:WARNING: Reading unwritten address: C:0 BG:1 B:0 R:0 C:3 dm:0 @11835265
Model:WARNING: Reading unwritten address: C:0 BG:1 B:0 R:0 C:3 dm:1 @11835265
Model:WARNING: Reading unwritten address: C:0 BG:1 B:0 R:0 C:4 dm:0 @11835801
Model:WARNING: Reading unwritten address: C:0 BG:1 B:0 R:0 C:4 dm:1 @11835801
Model:WARNING: Reading unwritten address: C:0 BG:1 B:0 R:0 C:4 dm:0 @11835801
Model:WARNING: Reading unwritten address: C:0 BG:1 B:0 R:0 C:4 dm:1 @11835801
Model:WARNING: Reading unwritten address: C:0 BG:1 B:0 R:0 C:4 dm:0 @11835801
Model:WARNING: Reading unwritten address: C:0 BG:1 B:0 R:0 C:4 dm:1 @11835801
Model:WARNING: Reading unwritten address: C:0 BG:1 B:0 R:0 C:4 dm:0 @11835801
Model:WARNING: Reading unwritten address: C:0 BG:1 B:0 R:0 C:4 dm:1 @11835801
Model:WARNING: Reading unwritten address: C:0 BG:1 B:0 R:0 C:5 dm:0 @11836336
Model:WARNING: Reading unwritten address: C:0 BG:1 B:0 R:0 C:5 dm:1 @11836336
Model:WARNING: Reading unwritten address: C:0 BG:1 B:0 R:0 C:5 dm:0 @11836336
Model:WARNING: Reading unwritten address: C:0 BG:1 B:0 R:0 C:5 dm:1 @11836336
Model:WARNING: Reading unwritten address: C:0 BG:1 B:0 R:0 C:5 dm:0 @11836336
Model:WARNING: Reading unwritten address: C:0 BG:1 B:0 R:0 C:5 dm:1 @11836336
Model:WARNING: Reading unwritten address: C:0 BG:1 B:0 R:0 C:5 dm:0 @11836336
Model:WARNING: Reading unwritten address: C:0 BG:1 B:0 R:0 C:5 dm:1 @11836336
Model:WARNING: Reading unwritten address: C:0 BG:1 B:0 R:0 C:6 dm:0 @11836872
Model:WARNING: Reading unwritten address: C:0 BG:1 B:0 R:0 C:6 dm:1 @11836872
Model:WARNING: Reading unwritten address: C:0 BG:1 B:0 R:0 C:6 dm:0 @11836872
Model:WARNING: Reading unwritten address: C:0 BG:1 B:0 R:0 C:6 dm:1 @11836872
Model:WARNING: Reading unwritten address: C:0 BG:1 B:0 R:0 C:6 dm:0 @11836872
Model:WARNING: Reading unwritten address: C:0 BG:1 B:0 R:0 C:6 dm:1 @11836872
Model:WARNING: Reading unwritten address: C:0 BG:1 B:0 R:0 C:6 dm:0 @11836872
Model:WARNING: Reading unwritten address: C:0 BG:1 B:0 R:0 C:6 dm:1 @11836872
Model:WARNING: Reading unwritten address: C:0 BG:1 B:0 R:0 C:7 dm:0 @11837407
Model:WARNING: Reading unwritten address: C:0 BG:1 B:0 R:0 C:7 dm:1 @11837407
Model:WARNING: Reading unwritten address: C:0 BG:1 B:0 R:0 C:7 dm:0 @11837407
Model:WARNING: Reading unwritten address: C:0 BG:1 B:0 R:0 C:7 dm:1 @11837407
Model:WARNING: Reading unwritten address: C:0 BG:1 B:0 R:0 C:7 dm:0 @11837407
Model:WARNING: Reading unwritten address: C:0 BG:1 B:0 R:0 C:7 dm:1 @11837407
Model:WARNING: Reading unwritten address: C:0 BG:1 B:0 R:0 C:7 dm:0 @11837407
Model:WARNING: Reading unwritten address: C:0 BG:1 B:0 R:0 C:7 dm:1 @11837407
Model:WARNING: Reading unwritten address: C:0 BG:1 B:0 R:0 C:0 dm:0 @12690800
Model:WARNING: Reading unwritten address: C:0 BG:1 B:0 R:0 C:0 dm:1 @12690800
Model:WARNING: Reading unwritten address: C:0 BG:1 B:0 R:0 C:0 dm:0 @12690800
Model:WARNING: Reading unwritten address: C:0 BG:1 B:0 R:0 C:0 dm:1 @12690800
Model:WARNING: Reading unwritten address: C:0 BG:1 B:0 R:0 C:0 dm:0 @12690800
Model:WARNING: Reading unwritten address: C:0 BG:1 B:0 R:0 C:0 dm:1 @12690800
Model:WARNING: Reading unwritten address: C:0 BG:1 B:0 R:0 C:0 dm:0 @12690800
Model:WARNING: Reading unwritten address: C:0 BG:1 B:0 R:0 C:0 dm:1 @12690800
Model:WARNING: Reading unwritten address: C:0 BG:1 B:0 R:0 C:1 dm:0 @12691335
Model:WARNING: Reading unwritten address: C:0 BG:1 B:0 R:0 C:1 dm:1 @12691335
Model:WARNING: Reading unwritten address: C:0 BG:1 B:0 R:0 C:1 dm:0 @12691335
Model:WARNING: Reading unwritten address: C:0 BG:1 B:0 R:0 C:1 dm:1 @12691335
Model:WARNING: Reading unwritten address: C:0 BG:1 B:0 R:0 C:1 dm:0 @12691335
Model:WARNING: Reading unwritten address: C:0 BG:1 B:0 R:0 C:1 dm:1 @12691335
Model:WARNING: Reading unwritten address: C:0 BG:1 B:0 R:0 C:1 dm:0 @12691335
Model:WARNING: Reading unwritten address: C:0 BG:1 B:0 R:0 C:1 dm:1 @12691335
Model:WARNING: Reading unwritten address: C:0 BG:1 B:0 R:0 C:2 dm:0 @12691873
Model:WARNING: Reading unwritten address: C:0 BG:1 B:0 R:0 C:2 dm:1 @12691873
Model:WARNING: Reading unwritten address: C:0 BG:1 B:0 R:0 C:2 dm:0 @12691873
Model:WARNING: Reading unwritten address: C:0 BG:1 B:0 R:0 C:2 dm:1 @12691873
Model:WARNING: Reading unwritten address: C:0 BG:1 B:0 R:0 C:2 dm:0 @12691873
Model:WARNING: Reading unwritten address: C:0 BG:1 B:0 R:0 C:2 dm:1 @12691873
Model:WARNING: Reading unwritten address: C:0 BG:1 B:0 R:0 C:2 dm:0 @12691873
Model:WARNING: Reading unwritten address: C:0 BG:1 B:0 R:0 C:2 dm:1 @12691873
Model:WARNING: Reading unwritten address: C:0 BG:1 B:0 R:0 C:3 dm:0 @12692408
Model:WARNING: Reading unwritten address: C:0 BG:1 B:0 R:0 C:3 dm:1 @12692408
Model:WARNING: Reading unwritten address: C:0 BG:1 B:0 R:0 C:3 dm:0 @12692408
Model:WARNING: Reading unwritten address: C:0 BG:1 B:0 R:0 C:3 dm:1 @12692408
Model:WARNING: Reading unwritten address: C:0 BG:1 B:0 R:0 C:3 dm:0 @12692408
Model:WARNING: Reading unwritten address: C:0 BG:1 B:0 R:0 C:3 dm:1 @12692408
Model:WARNING: Reading unwritten address: C:0 BG:1 B:0 R:0 C:3 dm:0 @12692408
Model:WARNING: Reading unwritten address: C:0 BG:1 B:0 R:0 C:3 dm:1 @12692408
Model:WARNING: Reading unwritten address: C:0 BG:1 B:0 R:0 C:4 dm:0 @12692944
Model:WARNING: Reading unwritten address: C:0 BG:1 B:0 R:0 C:4 dm:1 @12692944
Model:WARNING: Reading unwritten address: C:0 BG:1 B:0 R:0 C:4 dm:0 @12692944
Model:WARNING: Reading unwritten address: C:0 BG:1 B:0 R:0 C:4 dm:1 @12692944
Model:WARNING: Reading unwritten address: C:0 BG:1 B:0 R:0 C:4 dm:0 @12692944
Model:WARNING: Reading unwritten address: C:0 BG:1 B:0 R:0 C:4 dm:1 @12692944
Model:WARNING: Reading unwritten address: C:0 BG:1 B:0 R:0 C:4 dm:0 @12692944
Model:WARNING: Reading unwritten address: C:0 BG:1 B:0 R:0 C:4 dm:1 @12692944
Model:WARNING: Reading unwritten address: C:0 BG:1 B:0 R:0 C:5 dm:0 @12693479
Model:WARNING: Reading unwritten address: C:0 BG:1 B:0 R:0 C:5 dm:1 @12693479
Model:WARNING: Reading unwritten address: C:0 BG:1 B:0 R:0 C:5 dm:0 @12693479
Model:WARNING: Reading unwritten address: C:0 BG:1 B:0 R:0 C:5 dm:1 @12693479
Model:WARNING: Reading unwritten address: C:0 BG:1 B:0 R:0 C:5 dm:0 @12693479
Model:WARNING: Reading unwritten address: C:0 BG:1 B:0 R:0 C:5 dm:1 @12693479
Model:WARNING: Reading unwritten address: C:0 BG:1 B:0 R:0 C:5 dm:0 @12693479
Model:WARNING: Reading unwritten address: C:0 BG:1 B:0 R:0 C:5 dm:1 @12693479
Model:WARNING: Reading unwritten address: C:0 BG:1 B:0 R:0 C:6 dm:0 @12694015
Model:WARNING: Reading unwritten address: C:0 BG:1 B:0 R:0 C:6 dm:1 @12694015
Model:WARNING: Reading unwritten address: C:0 BG:1 B:0 R:0 C:6 dm:0 @12694015
Model:WARNING: Reading unwritten address: C:0 BG:1 B:0 R:0 C:6 dm:1 @12694015
Model:WARNING: Reading unwritten address: C:0 BG:1 B:0 R:0 C:6 dm:0 @12694015
Model:WARNING: Reading unwritten address: C:0 BG:1 B:0 R:0 C:6 dm:1 @12694015
Model:WARNING: Reading unwritten address: C:0 BG:1 B:0 R:0 C:6 dm:0 @12694015
Model:WARNING: Reading unwritten address: C:0 BG:1 B:0 R:0 C:6 dm:1 @12694015
Model:WARNING: Reading unwritten address: C:0 BG:1 B:0 R:0 C:7 dm:0 @12694550
Model:WARNING: Reading unwritten address: C:0 BG:1 B:0 R:0 C:7 dm:1 @12694550
Model:WARNING: Reading unwritten address: C:0 BG:1 B:0 R:0 C:7 dm:0 @12694550
Model:WARNING: Reading unwritten address: C:0 BG:1 B:0 R:0 C:7 dm:1 @12694550
Model:WARNING: Reading unwritten address: C:0 BG:1 B:0 R:0 C:7 dm:0 @12694550
Model:WARNING: Reading unwritten address: C:0 BG:1 B:0 R:0 C:7 dm:1 @12694550
Model:WARNING: Reading unwritten address: C:0 BG:1 B:0 R:0 C:7 dm:0 @12694550
Model:WARNING: Reading unwritten address: C:0 BG:1 B:0 R:0 C:7 dm:1 @12694550
Model:WARNING: Reading unwritten address: C:0 BG:1 B:0 R:0 C:0 dm:0 @13547943
Model:WARNING: Reading unwritten address: C:0 BG:1 B:0 R:0 C:0 dm:1 @13547943
Model:WARNING: Reading unwritten address: C:0 BG:1 B:0 R:0 C:0 dm:0 @13547943
Model:WARNING: Reading unwritten address: C:0 BG:1 B:0 R:0 C:0 dm:1 @13547943
Model:WARNING: Reading unwritten address: C:0 BG:1 B:0 R:0 C:0 dm:0 @13547943
Model:WARNING: Reading unwritten address: C:0 BG:1 B:0 R:0 C:0 dm:1 @13547943
Model:WARNING: Reading unwritten address: C:0 BG:1 B:0 R:0 C:0 dm:0 @13547943
Model:WARNING: Reading unwritten address: C:0 BG:1 B:0 R:0 C:0 dm:1 @13547943
Model:WARNING: Reading unwritten address: C:0 BG:1 B:0 R:0 C:1 dm:0 @13548478
Model:WARNING: Reading unwritten address: C:0 BG:1 B:0 R:0 C:1 dm:1 @13548478
Model:WARNING: Reading unwritten address: C:0 BG:1 B:0 R:0 C:1 dm:0 @13548478
Model:WARNING: Reading unwritten address: C:0 BG:1 B:0 R:0 C:1 dm:1 @13548478
Model:WARNING: Reading unwritten address: C:0 BG:1 B:0 R:0 C:1 dm:0 @13548478
Model:WARNING: Reading unwritten address: C:0 BG:1 B:0 R:0 C:1 dm:1 @13548478
Model:WARNING: Reading unwritten address: C:0 BG:1 B:0 R:0 C:1 dm:0 @13548478
Model:WARNING: Reading unwritten address: C:0 BG:1 B:0 R:0 C:1 dm:1 @13548478
Model:WARNING: Reading unwritten address: C:0 BG:1 B:0 R:0 C:2 dm:0 @13549016
Model:WARNING: Reading unwritten address: C:0 BG:1 B:0 R:0 C:2 dm:1 @13549016
Model:WARNING: Reading unwritten address: C:0 BG:1 B:0 R:0 C:2 dm:0 @13549016
Model:WARNING: Reading unwritten address: C:0 BG:1 B:0 R:0 C:2 dm:1 @13549016
Model:WARNING: Reading unwritten address: C:0 BG:1 B:0 R:0 C:2 dm:0 @13549016
Model:WARNING: Reading unwritten address: C:0 BG:1 B:0 R:0 C:2 dm:1 @13549016
Model:WARNING: Reading unwritten address: C:0 BG:1 B:0 R:0 C:2 dm:0 @13549016
Model:WARNING: Reading unwritten address: C:0 BG:1 B:0 R:0 C:2 dm:1 @13549016
Model:WARNING: Reading unwritten address: C:0 BG:1 B:0 R:0 C:3 dm:0 @13549551
Model:WARNING: Reading unwritten address: C:0 BG:1 B:0 R:0 C:3 dm:1 @13549551
Model:WARNING: Reading unwritten address: C:0 BG:1 B:0 R:0 C:3 dm:0 @13549551
Model:WARNING: Reading unwritten address: C:0 BG:1 B:0 R:0 C:3 dm:1 @13549551
Model:WARNING: Reading unwritten address: C:0 BG:1 B:0 R:0 C:3 dm:0 @13549551
Model:WARNING: Reading unwritten address: C:0 BG:1 B:0 R:0 C:3 dm:1 @13549551
Model:WARNING: Reading unwritten address: C:0 BG:1 B:0 R:0 C:3 dm:0 @13549551
Model:WARNING: Reading unwritten address: C:0 BG:1 B:0 R:0 C:3 dm:1 @13549551
Model:WARNING: Reading unwritten address: C:0 BG:1 B:0 R:0 C:4 dm:0 @13550087
Model:WARNING: Reading unwritten address: C:0 BG:1 B:0 R:0 C:4 dm:1 @13550087
Model:WARNING: Reading unwritten address: C:0 BG:1 B:0 R:0 C:4 dm:0 @13550087
Model:WARNING: Reading unwritten address: C:0 BG:1 B:0 R:0 C:4 dm:1 @13550087
Model:WARNING: Reading unwritten address: C:0 BG:1 B:0 R:0 C:4 dm:0 @13550087
Model:WARNING: Reading unwritten address: C:0 BG:1 B:0 R:0 C:4 dm:1 @13550087
Model:WARNING: Reading unwritten address: C:0 BG:1 B:0 R:0 C:4 dm:0 @13550087
Model:WARNING: Reading unwritten address: C:0 BG:1 B:0 R:0 C:4 dm:1 @13550087
Model:WARNING: Reading unwritten address: C:0 BG:1 B:0 R:0 C:5 dm:0 @13550622
Model:WARNING: Reading unwritten address: C:0 BG:1 B:0 R:0 C:5 dm:1 @13550622
Model:WARNING: Reading unwritten address: C:0 BG:1 B:0 R:0 C:5 dm:0 @13550622
Model:WARNING: Reading unwritten address: C:0 BG:1 B:0 R:0 C:5 dm:1 @13550622
Model:WARNING: Reading unwritten address: C:0 BG:1 B:0 R:0 C:5 dm:0 @13550622
Model:WARNING: Reading unwritten address: C:0 BG:1 B:0 R:0 C:5 dm:1 @13550622
Model:WARNING: Reading unwritten address: C:0 BG:1 B:0 R:0 C:5 dm:0 @13550622
Model:WARNING: Reading unwritten address: C:0 BG:1 B:0 R:0 C:5 dm:1 @13550622
Model:WARNING: Reading unwritten address: C:0 BG:1 B:0 R:0 C:6 dm:0 @13551158
Model:WARNING: Reading unwritten address: C:0 BG:1 B:0 R:0 C:6 dm:1 @13551158
Model:WARNING: Reading unwritten address: C:0 BG:1 B:0 R:0 C:6 dm:0 @13551158
Model:WARNING: Reading unwritten address: C:0 BG:1 B:0 R:0 C:6 dm:1 @13551158
Model:WARNING: Reading unwritten address: C:0 BG:1 B:0 R:0 C:6 dm:0 @13551158
Model:WARNING: Reading unwritten address: C:0 BG:1 B:0 R:0 C:6 dm:1 @13551158
Model:WARNING: Reading unwritten address: C:0 BG:1 B:0 R:0 C:6 dm:0 @13551158
Model:WARNING: Reading unwritten address: C:0 BG:1 B:0 R:0 C:6 dm:1 @13551158
Model:WARNING: Reading unwritten address: C:0 BG:1 B:0 R:0 C:7 dm:0 @13551693
Model:WARNING: Reading unwritten address: C:0 BG:1 B:0 R:0 C:7 dm:1 @13551693
Model:WARNING: Reading unwritten address: C:0 BG:1 B:0 R:0 C:7 dm:0 @13551693
Model:WARNING: Reading unwritten address: C:0 BG:1 B:0 R:0 C:7 dm:1 @13551693
Model:WARNING: Reading unwritten address: C:0 BG:1 B:0 R:0 C:7 dm:0 @13551693
Model:WARNING: Reading unwritten address: C:0 BG:1 B:0 R:0 C:7 dm:1 @13551693
Model:WARNING: Reading unwritten address: C:0 BG:1 B:0 R:0 C:7 dm:0 @13551693
Model:WARNING: Reading unwritten address: C:0 BG:1 B:0 R:0 C:7 dm:1 @13551693
Model:WARNING: Reading unwritten address: C:0 BG:1 B:0 R:0 C:0 dm:0 @14405086
Model:WARNING: Reading unwritten address: C:0 BG:1 B:0 R:0 C:0 dm:1 @14405086
Model:WARNING: Reading unwritten address: C:0 BG:1 B:0 R:0 C:0 dm:0 @14405086
Model:WARNING: Reading unwritten address: C:0 BG:1 B:0 R:0 C:0 dm:1 @14405086
Model:WARNING: Reading unwritten address: C:0 BG:1 B:0 R:0 C:0 dm:0 @14405086
Model:WARNING: Reading unwritten address: C:0 BG:1 B:0 R:0 C:0 dm:1 @14405086
Model:WARNING: Reading unwritten address: C:0 BG:1 B:0 R:0 C:0 dm:0 @14405086
Model:WARNING: Reading unwritten address: C:0 BG:1 B:0 R:0 C:0 dm:1 @14405086
Model:WARNING: Reading unwritten address: C:0 BG:1 B:0 R:0 C:1 dm:0 @14405621
Model:WARNING: Reading unwritten address: C:0 BG:1 B:0 R:0 C:1 dm:1 @14405621
Model:WARNING: Reading unwritten address: C:0 BG:1 B:0 R:0 C:1 dm:0 @14405621
Model:WARNING: Reading unwritten address: C:0 BG:1 B:0 R:0 C:1 dm:1 @14405621
Model:WARNING: Reading unwritten address: C:0 BG:1 B:0 R:0 C:1 dm:0 @14405621
Model:WARNING: Reading unwritten address: C:0 BG:1 B:0 R:0 C:1 dm:1 @14405621
Model:WARNING: Reading unwritten address: C:0 BG:1 B:0 R:0 C:1 dm:0 @14405621
Model:WARNING: Reading unwritten address: C:0 BG:1 B:0 R:0 C:1 dm:1 @14405621
Model:WARNING: Reading unwritten address: C:0 BG:1 B:0 R:0 C:2 dm:0 @14406159
Model:WARNING: Reading unwritten address: C:0 BG:1 B:0 R:0 C:2 dm:1 @14406159
Model:WARNING: Reading unwritten address: C:0 BG:1 B:0 R:0 C:2 dm:0 @14406159
Model:WARNING: Reading unwritten address: C:0 BG:1 B:0 R:0 C:2 dm:1 @14406159
Model:WARNING: Reading unwritten address: C:0 BG:1 B:0 R:0 C:2 dm:0 @14406159
Model:WARNING: Reading unwritten address: C:0 BG:1 B:0 R:0 C:2 dm:1 @14406159
Model:WARNING: Reading unwritten address: C:0 BG:1 B:0 R:0 C:2 dm:0 @14406159
Model:WARNING: Reading unwritten address: C:0 BG:1 B:0 R:0 C:2 dm:1 @14406159
Model:WARNING: Reading unwritten address: C:0 BG:1 B:0 R:0 C:3 dm:0 @14406694
Model:WARNING: Reading unwritten address: C:0 BG:1 B:0 R:0 C:3 dm:1 @14406694
Model:WARNING: Reading unwritten address: C:0 BG:1 B:0 R:0 C:3 dm:0 @14406694
Model:WARNING: Reading unwritten address: C:0 BG:1 B:0 R:0 C:3 dm:1 @14406694
Model:WARNING: Reading unwritten address: C:0 BG:1 B:0 R:0 C:3 dm:0 @14406694
Model:WARNING: Reading unwritten address: C:0 BG:1 B:0 R:0 C:3 dm:1 @14406694
Model:WARNING: Reading unwritten address: C:0 BG:1 B:0 R:0 C:3 dm:0 @14406694
Model:WARNING: Reading unwritten address: C:0 BG:1 B:0 R:0 C:3 dm:1 @14406694
Model:WARNING: Reading unwritten address: C:0 BG:1 B:0 R:0 C:4 dm:0 @14407230
Model:WARNING: Reading unwritten address: C:0 BG:1 B:0 R:0 C:4 dm:1 @14407230
Model:WARNING: Reading unwritten address: C:0 BG:1 B:0 R:0 C:4 dm:0 @14407230
Model:WARNING: Reading unwritten address: C:0 BG:1 B:0 R:0 C:4 dm:1 @14407230
Model:WARNING: Reading unwritten address: C:0 BG:1 B:0 R:0 C:4 dm:0 @14407230
Model:WARNING: Reading unwritten address: C:0 BG:1 B:0 R:0 C:4 dm:1 @14407230
Model:WARNING: Reading unwritten address: C:0 BG:1 B:0 R:0 C:4 dm:0 @14407230
Model:WARNING: Reading unwritten address: C:0 BG:1 B:0 R:0 C:4 dm:1 @14407230
Model:WARNING: Reading unwritten address: C:0 BG:1 B:0 R:0 C:5 dm:0 @14407765
Model:WARNING: Reading unwritten address: C:0 BG:1 B:0 R:0 C:5 dm:1 @14407765
Model:WARNING: Reading unwritten address: C:0 BG:1 B:0 R:0 C:5 dm:0 @14407765
Model:WARNING: Reading unwritten address: C:0 BG:1 B:0 R:0 C:5 dm:1 @14407765
Model:WARNING: Reading unwritten address: C:0 BG:1 B:0 R:0 C:5 dm:0 @14407765
Model:WARNING: Reading unwritten address: C:0 BG:1 B:0 R:0 C:5 dm:1 @14407765
Model:WARNING: Reading unwritten address: C:0 BG:1 B:0 R:0 C:5 dm:0 @14407765
Model:WARNING: Reading unwritten address: C:0 BG:1 B:0 R:0 C:5 dm:1 @14407765
Model:WARNING: Reading unwritten address: C:0 BG:1 B:0 R:0 C:6 dm:0 @14408301
Model:WARNING: Reading unwritten address: C:0 BG:1 B:0 R:0 C:6 dm:1 @14408301
Model:WARNING: Reading unwritten address: C:0 BG:1 B:0 R:0 C:6 dm:0 @14408301
Model:WARNING: Reading unwritten address: C:0 BG:1 B:0 R:0 C:6 dm:1 @14408301
Model:WARNING: Reading unwritten address: C:0 BG:1 B:0 R:0 C:6 dm:0 @14408301
Model:WARNING: Reading unwritten address: C:0 BG:1 B:0 R:0 C:6 dm:1 @14408301
Model:WARNING: Reading unwritten address: C:0 BG:1 B:0 R:0 C:6 dm:0 @14408301
Model:WARNING: Reading unwritten address: C:0 BG:1 B:0 R:0 C:6 dm:1 @14408301
Model:WARNING: Reading unwritten address: C:0 BG:1 B:0 R:0 C:7 dm:0 @14408836
Model:WARNING: Reading unwritten address: C:0 BG:1 B:0 R:0 C:7 dm:1 @14408836
Model:WARNING: Reading unwritten address: C:0 BG:1 B:0 R:0 C:7 dm:0 @14408836
Model:WARNING: Reading unwritten address: C:0 BG:1 B:0 R:0 C:7 dm:1 @14408836
Model:WARNING: Reading unwritten address: C:0 BG:1 B:0 R:0 C:7 dm:0 @14408836
Model:WARNING: Reading unwritten address: C:0 BG:1 B:0 R:0 C:7 dm:1 @14408836
Model:WARNING: Reading unwritten address: C:0 BG:1 B:0 R:0 C:7 dm:0 @14408836
Model:WARNING: Reading unwritten address: C:0 BG:1 B:0 R:0 C:7 dm:1 @14408836
Model:WARNING: Reading unwritten address: C:0 BG:1 B:0 R:0 C:0 dm:0 @15262229
Model:WARNING: Reading unwritten address: C:0 BG:1 B:0 R:0 C:0 dm:1 @15262229
Model:WARNING: Reading unwritten address: C:0 BG:1 B:0 R:0 C:0 dm:0 @15262229
Model:WARNING: Reading unwritten address: C:0 BG:1 B:0 R:0 C:0 dm:1 @15262229
Model:WARNING: Reading unwritten address: C:0 BG:1 B:0 R:0 C:0 dm:0 @15262229
Model:WARNING: Reading unwritten address: C:0 BG:1 B:0 R:0 C:0 dm:1 @15262229
Model:WARNING: Reading unwritten address: C:0 BG:1 B:0 R:0 C:0 dm:0 @15262229
Model:WARNING: Reading unwritten address: C:0 BG:1 B:0 R:0 C:0 dm:1 @15262229
Model:WARNING: Reading unwritten address: C:0 BG:1 B:0 R:0 C:1 dm:0 @15262764
Model:WARNING: Reading unwritten address: C:0 BG:1 B:0 R:0 C:1 dm:1 @15262764
Model:WARNING: Reading unwritten address: C:0 BG:1 B:0 R:0 C:1 dm:0 @15262764
Model:WARNING: Reading unwritten address: C:0 BG:1 B:0 R:0 C:1 dm:1 @15262764
Model:WARNING: Reading unwritten address: C:0 BG:1 B:0 R:0 C:1 dm:0 @15262764
Model:WARNING: Reading unwritten address: C:0 BG:1 B:0 R:0 C:1 dm:1 @15262764
Model:WARNING: Reading unwritten address: C:0 BG:1 B:0 R:0 C:1 dm:0 @15262764
Model:WARNING: Reading unwritten address: C:0 BG:1 B:0 R:0 C:1 dm:1 @15262764
Model:WARNING: Reading unwritten address: C:0 BG:1 B:0 R:0 C:2 dm:0 @15263302
Model:WARNING: Reading unwritten address: C:0 BG:1 B:0 R:0 C:2 dm:1 @15263302
Model:WARNING: Reading unwritten address: C:0 BG:1 B:0 R:0 C:2 dm:0 @15263302
Model:WARNING: Reading unwritten address: C:0 BG:1 B:0 R:0 C:2 dm:1 @15263302
Model:WARNING: Reading unwritten address: C:0 BG:1 B:0 R:0 C:2 dm:0 @15263302
Model:WARNING: Reading unwritten address: C:0 BG:1 B:0 R:0 C:2 dm:1 @15263302
Model:WARNING: Reading unwritten address: C:0 BG:1 B:0 R:0 C:2 dm:0 @15263302
Model:WARNING: Reading unwritten address: C:0 BG:1 B:0 R:0 C:2 dm:1 @15263302
Model:WARNING: Reading unwritten address: C:0 BG:1 B:0 R:0 C:3 dm:0 @15263837
Model:WARNING: Reading unwritten address: C:0 BG:1 B:0 R:0 C:3 dm:1 @15263837
Model:WARNING: Reading unwritten address: C:0 BG:1 B:0 R:0 C:3 dm:0 @15263837
Model:WARNING: Reading unwritten address: C:0 BG:1 B:0 R:0 C:3 dm:1 @15263837
Model:WARNING: Reading unwritten address: C:0 BG:1 B:0 R:0 C:3 dm:0 @15263837
Model:WARNING: Reading unwritten address: C:0 BG:1 B:0 R:0 C:3 dm:1 @15263837
Model:WARNING: Reading unwritten address: C:0 BG:1 B:0 R:0 C:3 dm:0 @15263837
Model:WARNING: Reading unwritten address: C:0 BG:1 B:0 R:0 C:3 dm:1 @15263837
Model:WARNING: Reading unwritten address: C:0 BG:1 B:0 R:0 C:4 dm:0 @15264373
Model:WARNING: Reading unwritten address: C:0 BG:1 B:0 R:0 C:4 dm:1 @15264373
Model:WARNING: Reading unwritten address: C:0 BG:1 B:0 R:0 C:4 dm:0 @15264373
Model:WARNING: Reading unwritten address: C:0 BG:1 B:0 R:0 C:4 dm:1 @15264373
Model:WARNING: Reading unwritten address: C:0 BG:1 B:0 R:0 C:4 dm:0 @15264373
Model:WARNING: Reading unwritten address: C:0 BG:1 B:0 R:0 C:4 dm:1 @15264373
Model:WARNING: Reading unwritten address: C:0 BG:1 B:0 R:0 C:4 dm:0 @15264373
Model:WARNING: Reading unwritten address: C:0 BG:1 B:0 R:0 C:4 dm:1 @15264373
Model:WARNING: Reading unwritten address: C:0 BG:1 B:0 R:0 C:5 dm:0 @15264908
Model:WARNING: Reading unwritten address: C:0 BG:1 B:0 R:0 C:5 dm:1 @15264908
Model:WARNING: Reading unwritten address: C:0 BG:1 B:0 R:0 C:5 dm:0 @15264908
Model:WARNING: Reading unwritten address: C:0 BG:1 B:0 R:0 C:5 dm:1 @15264908
Model:WARNING: Reading unwritten address: C:0 BG:1 B:0 R:0 C:5 dm:0 @15264908
Model:WARNING: Reading unwritten address: C:0 BG:1 B:0 R:0 C:5 dm:1 @15264908
Model:WARNING: Reading unwritten address: C:0 BG:1 B:0 R:0 C:5 dm:0 @15264908
Model:WARNING: Reading unwritten address: C:0 BG:1 B:0 R:0 C:5 dm:1 @15264908
Model:WARNING: Reading unwritten address: C:0 BG:1 B:0 R:0 C:6 dm:0 @15265444
Model:WARNING: Reading unwritten address: C:0 BG:1 B:0 R:0 C:6 dm:1 @15265444
Model:WARNING: Reading unwritten address: C:0 BG:1 B:0 R:0 C:6 dm:0 @15265444
Model:WARNING: Reading unwritten address: C:0 BG:1 B:0 R:0 C:6 dm:1 @15265444
Model:WARNING: Reading unwritten address: C:0 BG:1 B:0 R:0 C:6 dm:0 @15265444
Model:WARNING: Reading unwritten address: C:0 BG:1 B:0 R:0 C:6 dm:1 @15265444
Model:WARNING: Reading unwritten address: C:0 BG:1 B:0 R:0 C:6 dm:0 @15265444
Model:WARNING: Reading unwritten address: C:0 BG:1 B:0 R:0 C:6 dm:1 @15265444
Model:WARNING: Reading unwritten address: C:0 BG:1 B:0 R:0 C:7 dm:0 @15265979
Model:WARNING: Reading unwritten address: C:0 BG:1 B:0 R:0 C:7 dm:1 @15265979
Model:WARNING: Reading unwritten address: C:0 BG:1 B:0 R:0 C:7 dm:0 @15265979
Model:WARNING: Reading unwritten address: C:0 BG:1 B:0 R:0 C:7 dm:1 @15265979
Model:WARNING: Reading unwritten address: C:0 BG:1 B:0 R:0 C:7 dm:0 @15265979
Model:WARNING: Reading unwritten address: C:0 BG:1 B:0 R:0 C:7 dm:1 @15265979
Model:WARNING: Reading unwritten address: C:0 BG:1 B:0 R:0 C:7 dm:0 @15265979
Model:WARNING: Reading unwritten address: C:0 BG:1 B:0 R:0 C:7 dm:1 @15265979
Model:WARNING: Reading unwritten address: C:0 BG:1 B:0 R:0 C:0 dm:0 @16119372
Model:WARNING: Reading unwritten address: C:0 BG:1 B:0 R:0 C:0 dm:1 @16119372
Model:WARNING: Reading unwritten address: C:0 BG:1 B:0 R:0 C:0 dm:0 @16119372
Model:WARNING: Reading unwritten address: C:0 BG:1 B:0 R:0 C:0 dm:1 @16119372
Model:WARNING: Reading unwritten address: C:0 BG:1 B:0 R:0 C:0 dm:0 @16119372
Model:WARNING: Reading unwritten address: C:0 BG:1 B:0 R:0 C:0 dm:1 @16119372
Model:WARNING: Reading unwritten address: C:0 BG:1 B:0 R:0 C:0 dm:0 @16119372
Model:WARNING: Reading unwritten address: C:0 BG:1 B:0 R:0 C:0 dm:1 @16119372
Model:WARNING: Reading unwritten address: C:0 BG:1 B:0 R:0 C:1 dm:0 @16119907
Model:WARNING: Reading unwritten address: C:0 BG:1 B:0 R:0 C:1 dm:1 @16119907
Model:WARNING: Reading unwritten address: C:0 BG:1 B:0 R:0 C:1 dm:0 @16119907
Model:WARNING: Reading unwritten address: C:0 BG:1 B:0 R:0 C:1 dm:1 @16119907
Model:WARNING: Reading unwritten address: C:0 BG:1 B:0 R:0 C:1 dm:0 @16119907
Model:WARNING: Reading unwritten address: C:0 BG:1 B:0 R:0 C:1 dm:1 @16119907
Model:WARNING: Reading unwritten address: C:0 BG:1 B:0 R:0 C:1 dm:0 @16119907
Model:WARNING: Reading unwritten address: C:0 BG:1 B:0 R:0 C:1 dm:1 @16119907
Model:WARNING: Reading unwritten address: C:0 BG:1 B:0 R:0 C:2 dm:0 @16120445
Model:WARNING: Reading unwritten address: C:0 BG:1 B:0 R:0 C:2 dm:1 @16120445
Model:WARNING: Reading unwritten address: C:0 BG:1 B:0 R:0 C:2 dm:0 @16120445
Model:WARNING: Reading unwritten address: C:0 BG:1 B:0 R:0 C:2 dm:1 @16120445
Model:WARNING: Reading unwritten address: C:0 BG:1 B:0 R:0 C:2 dm:0 @16120445
Model:WARNING: Reading unwritten address: C:0 BG:1 B:0 R:0 C:2 dm:1 @16120445
Model:WARNING: Reading unwritten address: C:0 BG:1 B:0 R:0 C:2 dm:0 @16120445
Model:WARNING: Reading unwritten address: C:0 BG:1 B:0 R:0 C:2 dm:1 @16120445
Model:WARNING: Reading unwritten address: C:0 BG:1 B:0 R:0 C:3 dm:0 @16120980
Model:WARNING: Reading unwritten address: C:0 BG:1 B:0 R:0 C:3 dm:1 @16120980
Model:WARNING: Reading unwritten address: C:0 BG:1 B:0 R:0 C:3 dm:0 @16120980
Model:WARNING: Reading unwritten address: C:0 BG:1 B:0 R:0 C:3 dm:1 @16120980
Model:WARNING: Reading unwritten address: C:0 BG:1 B:0 R:0 C:3 dm:0 @16120980
Model:WARNING: Reading unwritten address: C:0 BG:1 B:0 R:0 C:3 dm:1 @16120980
Model:WARNING: Reading unwritten address: C:0 BG:1 B:0 R:0 C:3 dm:0 @16120980
Model:WARNING: Reading unwritten address: C:0 BG:1 B:0 R:0 C:3 dm:1 @16120980
Model:WARNING: Reading unwritten address: C:0 BG:1 B:0 R:0 C:4 dm:0 @16121516
Model:WARNING: Reading unwritten address: C:0 BG:1 B:0 R:0 C:4 dm:1 @16121516
Model:WARNING: Reading unwritten address: C:0 BG:1 B:0 R:0 C:4 dm:0 @16121516
Model:WARNING: Reading unwritten address: C:0 BG:1 B:0 R:0 C:4 dm:1 @16121516
Model:WARNING: Reading unwritten address: C:0 BG:1 B:0 R:0 C:4 dm:0 @16121516
Model:WARNING: Reading unwritten address: C:0 BG:1 B:0 R:0 C:4 dm:1 @16121516
Model:WARNING: Reading unwritten address: C:0 BG:1 B:0 R:0 C:4 dm:0 @16121516
Model:WARNING: Reading unwritten address: C:0 BG:1 B:0 R:0 C:4 dm:1 @16121516
Model:WARNING: Reading unwritten address: C:0 BG:1 B:0 R:0 C:5 dm:0 @16122051
Model:WARNING: Reading unwritten address: C:0 BG:1 B:0 R:0 C:5 dm:1 @16122051
Model:WARNING: Reading unwritten address: C:0 BG:1 B:0 R:0 C:5 dm:0 @16122051
Model:WARNING: Reading unwritten address: C:0 BG:1 B:0 R:0 C:5 dm:1 @16122051
Model:WARNING: Reading unwritten address: C:0 BG:1 B:0 R:0 C:5 dm:0 @16122051
Model:WARNING: Reading unwritten address: C:0 BG:1 B:0 R:0 C:5 dm:1 @16122051
Model:WARNING: Reading unwritten address: C:0 BG:1 B:0 R:0 C:5 dm:0 @16122051
Model:WARNING: Reading unwritten address: C:0 BG:1 B:0 R:0 C:5 dm:1 @16122051
Model:WARNING: Reading unwritten address: C:0 BG:1 B:0 R:0 C:6 dm:0 @16122587
Model:WARNING: Reading unwritten address: C:0 BG:1 B:0 R:0 C:6 dm:1 @16122587
Model:WARNING: Reading unwritten address: C:0 BG:1 B:0 R:0 C:6 dm:0 @16122587
Model:WARNING: Reading unwritten address: C:0 BG:1 B:0 R:0 C:6 dm:1 @16122587
Model:WARNING: Reading unwritten address: C:0 BG:1 B:0 R:0 C:6 dm:0 @16122587
Model:WARNING: Reading unwritten address: C:0 BG:1 B:0 R:0 C:6 dm:1 @16122587
Model:WARNING: Reading unwritten address: C:0 BG:1 B:0 R:0 C:6 dm:0 @16122587
Model:WARNING: Reading unwritten address: C:0 BG:1 B:0 R:0 C:6 dm:1 @16122587
Model:WARNING: Reading unwritten address: C:0 BG:1 B:0 R:0 C:7 dm:0 @16123122
Model:WARNING: Reading unwritten address: C:0 BG:1 B:0 R:0 C:7 dm:1 @16123122
Model:WARNING: Reading unwritten address: C:0 BG:1 B:0 R:0 C:7 dm:0 @16123122
Model:WARNING: Reading unwritten address: C:0 BG:1 B:0 R:0 C:7 dm:1 @16123122
Model:WARNING: Reading unwritten address: C:0 BG:1 B:0 R:0 C:7 dm:0 @16123122
Model:WARNING: Reading unwritten address: C:0 BG:1 B:0 R:0 C:7 dm:1 @16123122
Model:WARNING: Reading unwritten address: C:0 BG:1 B:0 R:0 C:7 dm:0 @16123122
Model:WARNING: Reading unwritten address: C:0 BG:1 B:0 R:0 C:7 dm:1 @16123122
