INFO: [VRFC 10-2263] Analyzing Verilog file "C:/Users/yongj/Desktop/softmc_ddr4/hw/boards/ML605/project_1/project_1.srcs/sources_1/ip/ddr4_0_2/bd_0/ip/ip_6/sim/bd_9054_lmb_bram_I_0.v" into library xil_defaultlib
INFO: [VRFC 10-311] analyzing module bd_9054_lmb_bram_I_0
INFO: [VRFC 10-2263] Analyzing Verilog file "C:/Users/yongj/Desktop/softmc_ddr4/hw/boards/ML605/project_1/project_1.srcs/sources_1/ip/ddr4_0_2/bd_0/ip/ip_9/sim/bd_9054_second_lmb_bram_I_0.v" into library xil_defaultlib
INFO: [VRFC 10-311] analyzing module bd_9054_second_lmb_bram_I_0
INFO: [VRFC 10-2263] Analyzing Verilog file "C:/Users/yongj/Desktop/softmc_ddr4/hw/boards/ML605/project_1/project_1.srcs/sources_1/ip/ddr4_0_2/bd_0/sim/bd_9054.v" into library xil_defaultlib
INFO: [VRFC 10-311] analyzing module bd_9054
INFO: [VRFC 10-2263] Analyzing Verilog file "C:/Users/yongj/Desktop/softmc_ddr4/hw/boards/ML605/project_1/project_1.srcs/sources_1/ip/ddr4_0_2/ip_0/sim/ddr4_0_microblaze_mcs.v" into library xil_defaultlib
INFO: [VRFC 10-311] analyzing module ddr4_0_microblaze_mcs
INFO: [VRFC 10-2263] Analyzing SystemVerilog file "C:/Users/yongj/Desktop/softmc_ddr4/hw/boards/ML605/project_1/project_1.srcs/sources_1/ip/ddr4_0_2/ip_1/rtl/phy/ddr4_0_phy_ddr4.sv" into library xil_defaultlib
INFO: [VRFC 10-311] analyzing module ddr4_0_phy_ddr4
INFO: [VRFC 10-2263] Analyzing SystemVerilog file "C:/Users/yongj/Desktop/softmc_ddr4/hw/boards/ML605/project_1/project_1.srcs/sources_1/ip/ddr4_0_2/ip_1/rtl/phy/ddr4_phy_v2_2_xiphy_behav.sv" into library xil_defaultlib
INFO: [VRFC 10-311] analyzing module ddr4_phy_v2_2_0_xiphy_behav
INFO: [VRFC 10-311] analyzing module ddr4_phy_v2_2_0_bitslice_behav
INFO: [VRFC 10-311] analyzing module ddr4_phy_v2_2_0_fifo_sv
INFO: [VRFC 10-2263] Analyzing SystemVerilog file "C:/Users/yongj/Desktop/softmc_ddr4/hw/boards/ML605/project_1/project_1.srcs/sources_1/ip/ddr4_0_2/ip_1/rtl/phy/ddr4_phy_v2_2_xiphy.sv" into library xil_defaultlib
INFO: [VRFC 10-311] analyzing module ddr4_phy_v2_2_0_xiphy
INFO: [VRFC 10-2263] Analyzing SystemVerilog file "C:/Users/yongj/Desktop/softmc_ddr4/hw/boards/ML605/project_1/project_1.srcs/sources_1/ip/ddr4_0_2/ip_1/rtl/iob/ddr4_phy_v2_2_iob_byte.sv" into library xil_defaultlib
INFO: [VRFC 10-311] analyzing module ddr4_phy_v2_2_0_iob_byte
INFO: [VRFC 10-2263] Analyzing SystemVerilog file "C:/Users/yongj/Desktop/softmc_ddr4/hw/boards/ML605/project_1/project_1.srcs/sources_1/ip/ddr4_0_2/ip_1/rtl/iob/ddr4_phy_v2_2_iob.sv" into library xil_defaultlib
INFO: [VRFC 10-311] analyzing module ddr4_phy_v2_2_0_iob
INFO: [VRFC 10-2263] Analyzing SystemVerilog file "C:/Users/yongj/Desktop/softmc_ddr4/hw/boards/ML605/project_1/project_1.srcs/sources_1/ip/ddr4_0_2/ip_1/rtl/clocking/ddr4_phy_v2_2_pll.sv" into library xil_defaultlib
INFO: [VRFC 10-311] analyzing module ddr4_phy_v2_2_0_pll
INFO: [VRFC 10-2263] Analyzing SystemVerilog file "C:/Users/yongj/Desktop/softmc_ddr4/hw/boards/ML605/project_1/project_1.srcs/sources_1/ip/ddr4_0_2/ip_1/rtl/xiphy_files/ddr4_phy_v2_2_xiphy_tristate_wrapper.sv" into library xil_defaultlib
INFO: [VRFC 10-311] analyzing module ddr4_phy_v2_2_0_xiphy_tristate_wrapper
INFO: [VRFC 10-2263] Analyzing SystemVerilog file "C:/Users/yongj/Desktop/softmc_ddr4/hw/boards/ML605/project_1/project_1.srcs/sources_1/ip/ddr4_0_2/ip_1/rtl/xiphy_files/ddr4_phy_v2_2_xiphy_riuor_wrapper.sv" into library xil_defaultlib
INFO: [VRFC 10-311] analyzing module ddr4_phy_v2_2_0_xiphy_riuor_wrapper
INFO: [VRFC 10-2263] Analyzing SystemVerilog file "C:/Users/yongj/Desktop/softmc_ddr4/hw/boards/ML605/project_1/project_1.srcs/sources_1/ip/ddr4_0_2/ip_1/rtl/xiphy_files/ddr4_phy_v2_2_xiphy_control_wrapper.sv" into library xil_defaultlib
INFO: [VRFC 10-311] analyzing module ddr4_phy_v2_2_0_xiphy_control_wrapper
INFO: [VRFC 10-2263] Analyzing SystemVerilog file "C:/Users/yongj/Desktop/softmc_ddr4/hw/boards/ML605/project_1/project_1.srcs/sources_1/ip/ddr4_0_2/ip_1/rtl/xiphy_files/ddr4_phy_v2_2_xiphy_byte_wrapper.sv" into library xil_defaultlib
INFO: [VRFC 10-311] analyzing module ddr4_phy_v2_2_0_xiphy_byte_wrapper
INFO: [VRFC 10-2263] Analyzing SystemVerilog file "C:/Users/yongj/Desktop/softmc_ddr4/hw/boards/ML605/project_1/project_1.srcs/sources_1/ip/ddr4_0_2/ip_1/rtl/xiphy_files/ddr4_phy_v2_2_xiphy_bitslice_wrapper.sv" into library xil_defaultlib
INFO: [VRFC 10-311] analyzing module ddr4_phy_v2_2_0_xiphy_bitslice_wrapper
INFO: [VRFC 10-2263] Analyzing SystemVerilog file "C:/Users/yongj/Desktop/softmc_ddr4/hw/boards/ML605/project_1/project_1.srcs/sources_1/ip/ddr4_0_2/ip_1/rtl/ip_top/ddr4_0_phy.sv" into library xil_defaultlib
INFO: [VRFC 10-311] analyzing module ddr4_0_phy
INFO: [VRFC 10-2263] Analyzing SystemVerilog file "C:/Users/yongj/Desktop/softmc_ddr4/hw/boards/ML605/project_1/project_1.srcs/sources_1/ip/ddr4_0_2/rtl/clocking/ddr4_v2_2_infrastructure.sv" into library xil_defaultlib
INFO: [VRFC 10-311] analyzing module ddr4_v2_2_10_infrastructure
INFO: [VRFC 10-2263] Analyzing SystemVerilog file "C:/Users/yongj/Desktop/softmc_ddr4/hw/boards/ML605/project_1/project_1.srcs/sources_1/ip/ddr4_0_2/rtl/cal/ddr4_v2_2_cal_xsdb_bram.sv" into library xil_defaultlib
INFO: [VRFC 10-311] analyzing module ddr4_v2_2_10_cal_xsdb_bram
INFO: [VRFC 10-2263] Analyzing SystemVerilog file "C:/Users/yongj/Desktop/softmc_ddr4/hw/boards/ML605/project_1/project_1.srcs/sources_1/ip/ddr4_0_2/rtl/cal/ddr4_v2_2_cal_write.sv" into library xil_defaultlib
INFO: [VRFC 10-311] analyzing module ddr4_v2_2_10_cal_write
INFO: [VRFC 10-2263] Analyzing SystemVerilog file "C:/Users/yongj/Desktop/softmc_ddr4/hw/boards/ML605/project_1/project_1.srcs/sources_1/ip/ddr4_0_2/rtl/cal/ddr4_v2_2_cal_wr_byte.sv" into library xil_defaultlib
INFO: [VRFC 10-311] analyzing module ddr4_v2_2_10_cal_wr_byte
INFO: [VRFC 10-2263] Analyzing SystemVerilog file "C:/Users/yongj/Desktop/softmc_ddr4/hw/boards/ML605/project_1/project_1.srcs/sources_1/ip/ddr4_0_2/rtl/cal/ddr4_v2_2_cal_wr_bit.sv" into library xil_defaultlib
INFO: [VRFC 10-311] analyzing module ddr4_v2_2_10_cal_wr_bit
INFO: [VRFC 10-2263] Analyzing SystemVerilog file "C:/Users/yongj/Desktop/softmc_ddr4/hw/boards/ML605/project_1/project_1.srcs/sources_1/ip/ddr4_0_2/rtl/cal/ddr4_v2_2_cal_sync.sv" into library xil_defaultlib
INFO: [VRFC 10-311] analyzing module ddr4_v2_2_10_cal_sync
INFO: [VRFC 10-2263] Analyzing SystemVerilog file "C:/Users/yongj/Desktop/softmc_ddr4/hw/boards/ML605/project_1/project_1.srcs/sources_1/ip/ddr4_0_2/rtl/cal/ddr4_v2_2_cal_read.sv" into library xil_defaultlib
INFO: [VRFC 10-311] analyzing module ddr4_v2_2_10_cal_read
INFO: [VRFC 10-2263] Analyzing SystemVerilog file "C:/Users/yongj/Desktop/softmc_ddr4/hw/boards/ML605/project_1/project_1.srcs/sources_1/ip/ddr4_0_2/rtl/cal/ddr4_v2_2_cal_rd_en.sv" into library xil_defaultlib
INFO: [VRFC 10-311] analyzing module ddr4_v2_2_10_cal_rd_en
INFO: [VRFC 10-2263] Analyzing SystemVerilog file "C:/Users/yongj/Desktop/softmc_ddr4/hw/boards/ML605/project_1/project_1.srcs/sources_1/ip/ddr4_0_2/rtl/cal/ddr4_v2_2_cal_pi.sv" into library xil_defaultlib
INFO: [VRFC 10-311] analyzing module ddr4_v2_2_10_cal_pi
INFO: [VRFC 10-2263] Analyzing SystemVerilog file "C:/Users/yongj/Desktop/softmc_ddr4/hw/boards/ML605/project_1/project_1.srcs/sources_1/ip/ddr4_0_2/rtl/cal/ddr4_v2_2_cal_mc_odt.sv" into library xil_defaultlib
INFO: [VRFC 10-311] analyzing module ddr4_v2_2_10_cal_mc_odt
INFO: [VRFC 10-2263] Analyzing SystemVerilog file "C:/Users/yongj/Desktop/softmc_ddr4/hw/boards/ML605/project_1/project_1.srcs/sources_1/ip/ddr4_0_2/rtl/cal/ddr4_v2_2_cal_debug_microblaze.sv" into library xil_defaultlib
INFO: [VRFC 10-311] analyzing module ddr4_v2_2_10_cal_debug_microblaze
INFO: [VRFC 10-2263] Analyzing SystemVerilog file "C:/Users/yongj/Desktop/softmc_ddr4/hw/boards/ML605/project_1/project_1.srcs/sources_1/ip/ddr4_0_2/rtl/cal/ddr4_v2_2_cal_cplx_data.sv" into library xil_defaultlib
INFO: [VRFC 10-311] analyzing module ddr4_v2_2_10_cal_cplx_data
INFO: [VRFC 10-2263] Analyzing SystemVerilog file "C:/Users/yongj/Desktop/softmc_ddr4/hw/boards/ML605/project_1/project_1.srcs/sources_1/ip/ddr4_0_2/rtl/cal/ddr4_v2_2_cal_cplx.sv" into library xil_defaultlib
INFO: [VRFC 10-311] analyzing module ddr4_v2_2_10_cal_cplx
INFO: [VRFC 10-2263] Analyzing SystemVerilog file "C:/Users/yongj/Desktop/softmc_ddr4/hw/boards/ML605/project_1/project_1.srcs/sources_1/ip/ddr4_0_2/rtl/cal/ddr4_v2_2_cal_config_rom.sv" into library xil_defaultlib
INFO: [VRFC 10-311] analyzing module ddr4_v2_2_10_cal_config_rom
INFO: [VRFC 10-2263] Analyzing SystemVerilog file "C:/Users/yongj/Desktop/softmc_ddr4/hw/boards/ML605/project_1/project_1.srcs/sources_1/ip/ddr4_0_2/rtl/cal/ddr4_v2_2_cal_addr_decode.sv" into library xil_defaultlib
INFO: [VRFC 10-311] analyzing module ddr4_v2_2_10_cal_addr_decode
WARNING: [VRFC 10-8426] non-net output port 'io_ready_lvl' cannot be initialized at declaration in SystemVerilog mode [C:/Users/yongj/Desktop/softmc_ddr4/hw/boards/ML605/project_1/project_1.srcs/sources_1/ip/ddr4_0_2/rtl/cal/ddr4_v2_2_cal_addr_decode.sv:165]
WARNING: [VRFC 10-8426] non-net output port 'ub_ready' cannot be initialized at declaration in SystemVerilog mode [C:/Users/yongj/Desktop/softmc_ddr4/hw/boards/ML605/project_1/project_1.srcs/sources_1/ip/ddr4_0_2/rtl/cal/ddr4_v2_2_cal_addr_decode.sv:166]
WARNING: [VRFC 10-8426] non-net output port 'cal_DMOut_n' cannot be initialized at declaration in SystemVerilog mode [C:/Users/yongj/Desktop/softmc_ddr4/hw/boards/ML605/project_1/project_1.srcs/sources_1/ip/ddr4_0_2/rtl/cal/ddr4_v2_2_cal_addr_decode.sv:235]
WARNING: [VRFC 10-8426] non-net output port 'casSlot' cannot be initialized at declaration in SystemVerilog mode [C:/Users/yongj/Desktop/softmc_ddr4/hw/boards/ML605/project_1/project_1.srcs/sources_1/ip/ddr4_0_2/rtl/cal/ddr4_v2_2_cal_addr_decode.sv:267]
WARNING: [VRFC 10-8426] non-net output port 'rdCAS' cannot be initialized at declaration in SystemVerilog mode [C:/Users/yongj/Desktop/softmc_ddr4/hw/boards/ML605/project_1/project_1.srcs/sources_1/ip/ddr4_0_2/rtl/cal/ddr4_v2_2_cal_addr_decode.sv:269]
WARNING: [VRFC 10-8426] non-net output port 'wrCAS' cannot be initialized at declaration in SystemVerilog mode [C:/Users/yongj/Desktop/softmc_ddr4/hw/boards/ML605/project_1/project_1.srcs/sources_1/ip/ddr4_0_2/rtl/cal/ddr4_v2_2_cal_addr_decode.sv:272]
WARNING: [VRFC 10-8426] non-net output port 'lowCL0' cannot be initialized at declaration in SystemVerilog mode [C:/Users/yongj/Desktop/softmc_ddr4/hw/boards/ML605/project_1/project_1.srcs/sources_1/ip/ddr4_0_2/rtl/cal/ddr4_v2_2_cal_addr_decode.sv:276]
WARNING: [VRFC 10-8426] non-net output port 'lowCL1' cannot be initialized at declaration in SystemVerilog mode [C:/Users/yongj/Desktop/softmc_ddr4/hw/boards/ML605/project_1/project_1.srcs/sources_1/ip/ddr4_0_2/rtl/cal/ddr4_v2_2_cal_addr_decode.sv:277]
WARNING: [VRFC 10-8426] non-net output port 'lowCL2' cannot be initialized at declaration in SystemVerilog mode [C:/Users/yongj/Desktop/softmc_ddr4/hw/boards/ML605/project_1/project_1.srcs/sources_1/ip/ddr4_0_2/rtl/cal/ddr4_v2_2_cal_addr_decode.sv:278]
WARNING: [VRFC 10-8426] non-net output port 'lowCL3' cannot be initialized at declaration in SystemVerilog mode [C:/Users/yongj/Desktop/softmc_ddr4/hw/boards/ML605/project_1/project_1.srcs/sources_1/ip/ddr4_0_2/rtl/cal/ddr4_v2_2_cal_addr_decode.sv:279]
WARNING: [VRFC 10-8426] non-net output port 'uppCL0' cannot be initialized at declaration in SystemVerilog mode [C:/Users/yongj/Desktop/softmc_ddr4/hw/boards/ML605/project_1/project_1.srcs/sources_1/ip/ddr4_0_2/rtl/cal/ddr4_v2_2_cal_addr_decode.sv:280]
WARNING: [VRFC 10-8426] non-net output port 'uppCL1' cannot be initialized at declaration in SystemVerilog mode [C:/Users/yongj/Desktop/softmc_ddr4/hw/boards/ML605/project_1/project_1.srcs/sources_1/ip/ddr4_0_2/rtl/cal/ddr4_v2_2_cal_addr_decode.sv:281]
WARNING: [VRFC 10-8426] non-net output port 'uppCL2' cannot be initialized at declaration in SystemVerilog mode [C:/Users/yongj/Desktop/softmc_ddr4/hw/boards/ML605/project_1/project_1.srcs/sources_1/ip/ddr4_0_2/rtl/cal/ddr4_v2_2_cal_addr_decode.sv:282]
WARNING: [VRFC 10-8426] non-net output port 'uppCL3' cannot be initialized at declaration in SystemVerilog mode [C:/Users/yongj/Desktop/softmc_ddr4/hw/boards/ML605/project_1/project_1.srcs/sources_1/ip/ddr4_0_2/rtl/cal/ddr4_v2_2_cal_addr_decode.sv:283]
WARNING: [VRFC 10-8426] non-net output port 'win_status' cannot be initialized at declaration in SystemVerilog mode [C:/Users/yongj/Desktop/softmc_ddr4/hw/boards/ML605/project_1/project_1.srcs/sources_1/ip/ddr4_0_2/rtl/cal/ddr4_v2_2_cal_addr_decode.sv:320]
INFO: [VRFC 10-2263] Analyzing SystemVerilog file "C:/Users/yongj/Desktop/softmc_ddr4/hw/boards/ML605/project_1/project_1.srcs/sources_1/ip/ddr4_0_2/rtl/cal/ddr4_v2_2_cal_top.sv" into library xil_defaultlib
INFO: [VRFC 10-311] analyzing module ddr4_v2_2_10_cal_top
WARNING: [VRFC 10-8426] non-net output port 'cal_RESET_n' cannot be initialized at declaration in SystemVerilog mode [C:/Users/yongj/Desktop/softmc_ddr4/hw/boards/ML605/project_1/project_1.srcs/sources_1/ip/ddr4_0_2/rtl/cal/ddr4_v2_2_cal_top.sv:323]
INFO: [VRFC 10-2263] Analyzing SystemVerilog file "C:/Users/yongj/Desktop/softmc_ddr4/hw/boards/ML605/project_1/project_1.srcs/sources_1/ip/ddr4_0_2/rtl/cal/ddr4_v2_2_cal_xsdb_arbiter.sv" into library xil_defaultlib
INFO: [VRFC 10-311] analyzing module ddr4_v2_2_10_cal_xsdb_arbiter
INFO: [VRFC 10-2263] Analyzing SystemVerilog file "C:/Users/yongj/Desktop/softmc_ddr4/hw/boards/ML605/project_1/project_1.srcs/sources_1/ip/ddr4_0_2/rtl/cal/ddr4_v2_2_cal.sv" into library xil_defaultlib
INFO: [VRFC 10-311] analyzing module ddr4_v2_2_10_cal
INFO: [VRFC 10-2263] Analyzing SystemVerilog file "C:/Users/yongj/Desktop/softmc_ddr4/hw/boards/ML605/project_1/project_1.srcs/sources_1/ip/ddr4_0_2/rtl/cal/ddr4_v2_2_chipscope_xsdb_slave.sv" into library xil_defaultlib
INFO: [VRFC 10-311] analyzing module ddr4_v2_2_10_chipscope_xsdb_slave
INFO: [VRFC 10-2263] Analyzing SystemVerilog file "C:/Users/yongj/Desktop/softmc_ddr4/hw/boards/ML605/project_1/project_1.srcs/sources_1/ip/ddr4_0_2/rtl/cal/ddr4_v2_2_dp_AB9.sv" into library xil_defaultlib
INFO: [VRFC 10-311] analyzing module ddr4_v2_2_10_cfg_mem_mod
INFO: [VRFC 10-311] analyzing module ddr4_v2_2_10_bram_tdp
INFO: [VRFC 10-2263] Analyzing SystemVerilog file "C:/Users/yongj/Desktop/softmc_ddr4/hw/boards/ML605/project_1/project_1.srcs/sources_1/ip/ddr4_0_2/rtl/ip_top/ddr4_0_ddr4.sv" into library xil_defaultlib
INFO: [VRFC 10-311] analyzing module ddr4_0_ddr4
INFO: [VRFC 10-2263] Analyzing SystemVerilog file "C:/Users/yongj/Desktop/softmc_ddr4/hw/boards/ML605/project_1/project_1.srcs/sources_1/ip/ddr4_0_2/rtl/cal/ddr4_0_ddr4_cal_riu.sv" into library xil_defaultlib
INFO: [VRFC 10-311] analyzing module ddr4_0_ddr4_cal_riu
WARNING: [VRFC 10-8426] non-net output port 'io_addr_strobe_lvl_riuclk' cannot be initialized at declaration in SystemVerilog mode [C:/Users/yongj/Desktop/softmc_ddr4/hw/boards/ML605/project_1/project_1.srcs/sources_1/ip/ddr4_0_2/rtl/cal/ddr4_0_ddr4_cal_riu.sv:115]
WARNING: [VRFC 10-8426] non-net output port 'io_write_strobe_riuclk' cannot be initialized at declaration in SystemVerilog mode [C:/Users/yongj/Desktop/softmc_ddr4/hw/boards/ML605/project_1/project_1.srcs/sources_1/ip/ddr4_0_2/rtl/cal/ddr4_0_ddr4_cal_riu.sv:118]
INFO: [VRFC 10-2263] Analyzing SystemVerilog file "C:/Users/yongj/Desktop/softmc_ddr4/hw/boards/ML605/project_1/project_1.srcs/sources_1/ip/ddr4_0_2/rtl/ip_top/ddr4_0.sv" into library xil_defaultlib
INFO: [VRFC 10-311] analyzing module ddr4_0
INFO: [VRFC 10-2263] Analyzing SystemVerilog file "C:/Users/yongj/Desktop/softmc_ddr4/hw/boards/ML605/project_1/project_1.srcs/sources_1/ip/ddr4_0_2/tb/microblaze_mcs_0.sv" into library xil_defaultlib
INFO: [VRFC 10-311] analyzing module ddr4_0_microblaze_mcs
WARNING: [VRFC 10-3609] overwriting previous definition of module 'ddr4_0_microblaze_mcs' [C:/Users/yongj/Desktop/softmc_ddr4/hw/boards/ML605/project_1/project_1.srcs/sources_1/ip/ddr4_0_2/tb/microblaze_mcs_0.sv:36]
INFO: [VRFC 10-311] analyzing module microblaze_mcs
INFO: [VRFC 10-2263] Analyzing Verilog file "C:/Users/yongj/Desktop/softmc_ddr4/hw/boards/ML605/project_1/project_1.srcs/sources_1/ip/rdback_fifo/sim/rdback_fifo.v" into library xil_defaultlib
INFO: [VRFC 10-311] analyzing module rdback_fifo
INFO: [VRFC 10-2263] Analyzing Verilog file "C:/Users/yongj/Desktop/softmc_ddr4/hw/boards/ML605/instr_decoder.v" into library xil_defaultlib
INFO: [VRFC 10-311] analyzing module instr_decoder
INFO: [VRFC 10-2263] Analyzing Verilog file "C:/Users/yongj/Desktop/softmc_ddr4/hw/boards/ML605/softMC_pcie_app.v" into library xil_defaultlib
INFO: [VRFC 10-311] analyzing module softMC_pcie_app
INFO: [VRFC 10-2263] Analyzing Verilog file "C:/Users/yongj/Desktop/softmc_ddr4/hw/boards/ML605/pipe_reg.v" into library xil_defaultlib
INFO: [VRFC 10-311] analyzing module pipe_reg
INFO: [VRFC 10-2263] Analyzing Verilog file "C:/Users/yongj/Desktop/softmc_ddr4/hw/boards/ML605/instr_dispatcher.v" into library xil_defaultlib
INFO: [VRFC 10-311] analyzing module instr_dispatcher
INFO: [VRFC 10-2263] Analyzing Verilog file "C:/Users/yongj/Desktop/softmc_ddr4/hw/boards/ML605/read_capturer.v" into library xil_defaultlib
INFO: [VRFC 10-311] analyzing module read_capturer
INFO: [VRFC 10-2263] Analyzing Verilog file "C:/Users/yongj/Desktop/softmc_ddr4/hw/boards/ML605/maint_handler.v" into library xil_defaultlib
INFO: [VRFC 10-311] analyzing module maint_handler
INFO: [VRFC 10-2263] Analyzing Verilog file "C:/Users/yongj/Desktop/softmc_ddr4/hw/boards/ML605/maint_ctrl.v" into library xil_defaultlib
INFO: [VRFC 10-311] analyzing module maint_ctrl_top
INFO: [VRFC 10-311] analyzing module maint_ctrl
INFO: [VRFC 10-311] analyzing module periodic_rd_ctrl
INFO: [VRFC 10-311] analyzing module zq_calib_ctrl
INFO: [VRFC 10-311] analyzing module autoref_ctrl
INFO: [VRFC 10-2263] Analyzing Verilog file "C:/Users/yongj/Desktop/softmc_ddr4/hw/boards/ML605/iseq_dispatcher.v" into library xil_defaultlib
INFO: [VRFC 10-311] analyzing module iseq_dispatcher
INFO: [VRFC 10-2263] Analyzing Verilog file "C:/Users/yongj/Desktop/softmc_ddr4/hw/boards/ML605/instr_receiver.v" into library xil_defaultlib
INFO: [VRFC 10-311] analyzing module instr_receiver
INFO: [VRFC 10-2263] Analyzing Verilog file "C:/Users/yongj/Desktop/softmc_ddr4/hw/boards/ML605/autoref_config.v" into library xil_defaultlib
INFO: [VRFC 10-311] analyzing module autoref_config
INFO: [VRFC 10-2263] Analyzing Verilog file "C:/Users/yongj/Desktop/softmc_ddr4/hw/boards/ML605/softMC.v" into library xil_defaultlib
INFO: [VRFC 10-311] analyzing module softMC
INFO: [VRFC 10-2458] undeclared symbol dispatcher_busy, assumed default net type wire [C:/Users/yongj/Desktop/softmc_ddr4/hw/boards/ML605/softMC.v:166]
INFO: [VRFC 10-2263] Analyzing Verilog file "C:/Users/yongj/Desktop/softmc_ddr4/hw/boards/ML605/softMC_top.v" into library xil_defaultlib
INFO: [VRFC 10-311] analyzing module softMC_top
INFO: [VRFC 10-2458] undeclared symbol ddr_dm, assumed default net type wire [C:/Users/yongj/Desktop/softmc_ddr4/hw/boards/ML605/softMC_top.v:189]
INFO: [VRFC 10-2458] undeclared symbol processing_iseq, assumed default net type wire [C:/Users/yongj/Desktop/softmc_ddr4/hw/boards/ML605/softMC_top.v:572]
INFO: [VRFC 10-2458] undeclared symbol rdback_fifo_empty, assumed default net type wire [C:/Users/yongj/Desktop/softmc_ddr4/hw/boards/ML605/softMC_top.v:622]
INFO: [VRFC 10-2458] undeclared symbol pci_exp_txn, assumed default net type wire [C:/Users/yongj/Desktop/softmc_ddr4/hw/boards/ML605/softMC_top.v:728]
INFO: [VRFC 10-2458] undeclared symbol pci_exp_txp, assumed default net type wire [C:/Users/yongj/Desktop/softmc_ddr4/hw/boards/ML605/softMC_top.v:729]
INFO: [VRFC 10-2458] undeclared symbol pci_exp_rxn, assumed default net type wire [C:/Users/yongj/Desktop/softmc_ddr4/hw/boards/ML605/softMC_top.v:730]
INFO: [VRFC 10-2458] undeclared symbol pci_exp_rxp, assumed default net type wire [C:/Users/yongj/Desktop/softmc_ddr4/hw/boards/ML605/softMC_top.v:731]
INFO: [VRFC 10-2263] Analyzing SystemVerilog file "C:/Users/yongj/Desktop/softmc_ddr4/hw/boards/ML605/project_1/project_1.srcs/sources_1/new/xilinx_dma_pcie_ep.sv" into library xil_defaultlib
INFO: [VRFC 10-311] analyzing module xilinx_dma_pcie_ep
INFO: [VRFC 10-2263] Analyzing Verilog file "C:/Users/yongj/Desktop/softmc_ddr4/hw/boards/ML605/project_1/project_1.srcs/sources_1/new/xdma_app.v" into library xil_defaultlib
INFO: [VRFC 10-311] analyzing module xdma_app
INFO: [VRFC 10-2263] Analyzing Verilog file "C:/Users/yongj/Desktop/softmc_ddr4/hw/boards/ML605/project_1/project_1.ip_user_files/ip/xdma_0/ip_0/ip_0/sim/gtwizard_ultrascale_v1_7_gthe3_channel.v" into library xil_defaultlib
INFO: [VRFC 10-311] analyzing module gtwizard_ultrascale_v1_7_9_gthe3_channel
INFO: [VRFC 10-2263] Analyzing Verilog file "C:/Users/yongj/Desktop/softmc_ddr4/hw/boards/ML605/project_1/project_1.ip_user_files/ip/xdma_0/ip_0/ip_0/sim/xdma_0_pcie3_ip_gt_gthe3_channel_wrapper.v" into library xil_defaultlib
INFO: [VRFC 10-311] analyzing module xdma_0_pcie3_ip_gt_gthe3_channel_wrapper
INFO: [VRFC 10-2263] Analyzing Verilog file "C:/Users/yongj/Desktop/softmc_ddr4/hw/boards/ML605/project_1/project_1.ip_user_files/ip/xdma_0/ip_0/ip_0/sim/xdma_0_pcie3_ip_gt_gtwizard_gthe3.v" into library xil_defaultlib
INFO: [VRFC 10-311] analyzing module xdma_0_pcie3_ip_gt_gtwizard_gthe3
INFO: [VRFC 10-2263] Analyzing Verilog file "C:/Users/yongj/Desktop/softmc_ddr4/hw/boards/ML605/project_1/project_1.ip_user_files/ip/xdma_0/ip_0/ip_0/sim/xdma_0_pcie3_ip_gt_gtwizard_top.v" into library xil_defaultlib
INFO: [VRFC 10-311] analyzing module xdma_0_pcie3_ip_gt_gtwizard_top
INFO: [VRFC 10-2263] Analyzing Verilog file "C:/Users/yongj/Desktop/softmc_ddr4/hw/boards/ML605/project_1/project_1.ip_user_files/ip/xdma_0/ip_0/ip_0/sim/xdma_0_pcie3_ip_gt.v" into library xil_defaultlib
INFO: [VRFC 10-311] analyzing module xdma_0_pcie3_ip_gt
INFO: [VRFC 10-2263] Analyzing Verilog file "C:/Users/yongj/Desktop/softmc_ddr4/hw/boards/ML605/project_1/project_1.ip_user_files/ip/xdma_0/ip_0/source/xdma_0_pcie3_ip_tph_tbl.v" into library xil_defaultlib
INFO: [VRFC 10-311] analyzing module xdma_0_pcie3_ip_tph_tbl
INFO: [VRFC 10-2263] Analyzing Verilog file "C:/Users/yongj/Desktop/softmc_ddr4/hw/boards/ML605/project_1/project_1.ip_user_files/ip/xdma_0/ip_0/source/xdma_0_pcie3_ip_pipe_lane.v" into library xil_defaultlib
INFO: [VRFC 10-311] analyzing module xdma_0_pcie3_ip_pipe_lane
INFO: [VRFC 10-2263] Analyzing Verilog file "C:/Users/yongj/Desktop/softmc_ddr4/hw/boards/ML605/project_1/project_1.ip_user_files/ip/xdma_0/ip_0/source/xdma_0_pcie3_ip_bram_16k.v" into library xil_defaultlib
INFO: [VRFC 10-311] analyzing module xdma_0_pcie3_ip_bram_16k
INFO: [VRFC 10-2263] Analyzing Verilog file "C:/Users/yongj/Desktop/softmc_ddr4/hw/boards/ML605/project_1/project_1.ip_user_files/ip/xdma_0/ip_0/source/xdma_0_pcie3_ip_bram_rep_8k.v" into library xil_defaultlib
INFO: [VRFC 10-311] analyzing module xdma_0_pcie3_ip_bram_rep_8k
INFO: [VRFC 10-2263] Analyzing Verilog file "C:/Users/yongj/Desktop/softmc_ddr4/hw/boards/ML605/project_1/project_1.ip_user_files/ip/xdma_0/ip_0/source/xdma_0_pcie3_ip_bram_req_8k.v" into library xil_defaultlib
INFO: [VRFC 10-311] analyzing module xdma_0_pcie3_ip_bram_req_8k
INFO: [VRFC 10-2263] Analyzing Verilog file "C:/Users/yongj/Desktop/softmc_ddr4/hw/boards/ML605/project_1/project_1.ip_user_files/ip/xdma_0/ip_0/source/xdma_0_pcie3_ip_gt_channel.v" into library xil_defaultlib
INFO: [VRFC 10-311] analyzing module xdma_0_pcie3_ip_gt_channel
INFO: [VRFC 10-2263] Analyzing Verilog file "C:/Users/yongj/Desktop/softmc_ddr4/hw/boards/ML605/project_1/project_1.ip_user_files/ip/xdma_0/ip_0/source/xdma_0_pcie3_ip_pipe_pipeline.v" into library xil_defaultlib
INFO: [VRFC 10-311] analyzing module xdma_0_pcie3_ip_pipe_pipeline
INFO: [VRFC 10-2263] Analyzing Verilog file "C:/Users/yongj/Desktop/softmc_ddr4/hw/boards/ML605/project_1/project_1.ip_user_files/ip/xdma_0/ip_0/source/xdma_0_pcie3_ip_pipe_misc.v" into library xil_defaultlib
INFO: [VRFC 10-311] analyzing module xdma_0_pcie3_ip_pipe_misc
INFO: [VRFC 10-2263] Analyzing Verilog file "C:/Users/yongj/Desktop/softmc_ddr4/hw/boards/ML605/project_1/project_1.ip_user_files/ip/xdma_0/ip_0/source/xdma_0_pcie3_ip_init_ctrl.v" into library xil_defaultlib
INFO: [VRFC 10-311] analyzing module xdma_0_pcie3_ip_init_ctrl
INFO: [VRFC 10-2263] Analyzing Verilog file "C:/Users/yongj/Desktop/softmc_ddr4/hw/boards/ML605/project_1/project_1.ip_user_files/ip/xdma_0/ip_0/source/xdma_0_pcie3_ip_gt_common.v" into library xil_defaultlib
INFO: [VRFC 10-311] analyzing module xdma_0_pcie3_ip_gt_common
INFO: [VRFC 10-2263] Analyzing Verilog file "C:/Users/yongj/Desktop/softmc_ddr4/hw/boards/ML605/project_1/project_1.ip_user_files/ip/xdma_0/ip_0/source/xdma_0_pcie3_ip_bram_8k.v" into library xil_defaultlib
INFO: [VRFC 10-311] analyzing module xdma_0_pcie3_ip_bram_8k
INFO: [VRFC 10-2263] Analyzing Verilog file "C:/Users/yongj/Desktop/softmc_ddr4/hw/boards/ML605/project_1/project_1.ip_user_files/ip/xdma_0/ip_0/source/xdma_0_pcie3_ip_bram_rep.v" into library xil_defaultlib
INFO: [VRFC 10-311] analyzing module xdma_0_pcie3_ip_bram_rep
INFO: [VRFC 10-2263] Analyzing Verilog file "C:/Users/yongj/Desktop/softmc_ddr4/hw/boards/ML605/project_1/project_1.ip_user_files/ip/xdma_0/ip_0/source/xdma_0_pcie3_ip_bram_req.v" into library xil_defaultlib
INFO: [VRFC 10-311] analyzing module xdma_0_pcie3_ip_bram_req
INFO: [VRFC 10-2263] Analyzing Verilog file "C:/Users/yongj/Desktop/softmc_ddr4/hw/boards/ML605/project_1/project_1.ip_user_files/ip/xdma_0/ip_0/source/xdma_0_pcie3_ip_phy_sync.v" into library xil_defaultlib
INFO: [VRFC 10-311] analyzing module xdma_0_pcie3_ip_phy_sync
INFO: [VRFC 10-2263] Analyzing Verilog file "C:/Users/yongj/Desktop/softmc_ddr4/hw/boards/ML605/project_1/project_1.ip_user_files/ip/xdma_0/ip_0/source/xdma_0_pcie3_ip_bram_cpl.v" into library xil_defaultlib
INFO: [VRFC 10-311] analyzing module xdma_0_pcie3_ip_bram_cpl
INFO: [VRFC 10-2263] Analyzing Verilog file "C:/Users/yongj/Desktop/softmc_ddr4/hw/boards/ML605/project_1/project_1.ip_user_files/ip/xdma_0/ip_0/source/xdma_0_pcie3_ip_sys_clk_gen.v" into library xil_defaultlib
INFO: [VRFC 10-311] analyzing module xdma_0_pcie3_ip_sys_clk_gen_ps
INFO: [VRFC 10-2263] Analyzing Verilog file "C:/Users/yongj/Desktop/softmc_ddr4/hw/boards/ML605/project_1/project_1.ip_user_files/ip/xdma_0/ip_0/source/xdma_0_pcie3_ip_phy_rst.v" into library xil_defaultlib
INFO: [VRFC 10-311] analyzing module xdma_0_pcie3_ip_phy_rst
INFO: [VRFC 10-2263] Analyzing Verilog file "C:/Users/yongj/Desktop/softmc_ddr4/hw/boards/ML605/project_1/project_1.ip_user_files/ip/xdma_0/ip_0/source/xdma_0_pcie3_ip_phy_txeq.v" into library xil_defaultlib
INFO: [VRFC 10-311] analyzing module xdma_0_pcie3_ip_phy_txeq
INFO: [VRFC 10-2263] Analyzing Verilog file "C:/Users/yongj/Desktop/softmc_ddr4/hw/boards/ML605/project_1/project_1.ip_user_files/ip/xdma_0/ip_0/source/xdma_0_pcie3_ip_phy_clk.v" into library xil_defaultlib
INFO: [VRFC 10-311] analyzing module xdma_0_pcie3_ip_phy_clk
INFO: [VRFC 10-2263] Analyzing Verilog file "C:/Users/yongj/Desktop/softmc_ddr4/hw/boards/ML605/project_1/project_1.ip_user_files/ip/xdma_0/ip_0/source/xdma_0_pcie3_ip_bram.v" into library xil_defaultlib
INFO: [VRFC 10-311] analyzing module xdma_0_pcie3_ip_bram
INFO: [VRFC 10-2263] Analyzing Verilog file "C:/Users/yongj/Desktop/softmc_ddr4/hw/boards/ML605/project_1/project_1.ip_user_files/ip/xdma_0/ip_0/source/xdma_0_pcie3_ip_phy_rxeq.v" into library xil_defaultlib
INFO: [VRFC 10-311] analyzing module xdma_0_pcie3_ip_phy_rxeq
INFO: [VRFC 10-2263] Analyzing Verilog file "C:/Users/yongj/Desktop/softmc_ddr4/hw/boards/ML605/project_1/project_1.ip_user_files/ip/xdma_0/ip_0/source/xdma_0_pcie3_ip_gtwizard_top.v" into library xil_defaultlib
INFO: [VRFC 10-311] analyzing module xdma_0_pcie3_ip_gtwizard_top
INFO: [VRFC 10-2263] Analyzing Verilog file "C:/Users/yongj/Desktop/softmc_ddr4/hw/boards/ML605/project_1/project_1.ip_user_files/ip/xdma_0/ip_0/source/xdma_0_pcie3_ip_phy_wrapper.v" into library xil_defaultlib
INFO: [VRFC 10-311] analyzing module xdma_0_pcie3_ip_phy_wrapper
INFO: [VRFC 10-2263] Analyzing Verilog file "C:/Users/yongj/Desktop/softmc_ddr4/hw/boards/ML605/project_1/project_1.ip_user_files/ip/xdma_0/ip_0/source/xdma_0_pcie3_ip_pcie3_uscale_wrapper.v" into library xil_defaultlib
INFO: [VRFC 10-311] analyzing module xdma_0_pcie3_ip_pcie3_uscale_wrapper
INFO: [VRFC 10-2263] Analyzing Verilog file "C:/Users/yongj/Desktop/softmc_ddr4/hw/boards/ML605/project_1/project_1.ip_user_files/ip/xdma_0/ip_0/source/xdma_0_pcie3_ip_pcie3_uscale_top.v" into library xil_defaultlib
INFO: [VRFC 10-311] analyzing module xdma_0_pcie3_ip_pcie3_uscale_top
INFO: [VRFC 10-2263] Analyzing Verilog file "C:/Users/yongj/Desktop/softmc_ddr4/hw/boards/ML605/project_1/project_1.ip_user_files/ip/xdma_0/ip_0/source/xdma_0_pcie3_ip_phy_sync_cell.v" into library xil_defaultlib
INFO: [VRFC 10-311] analyzing module xdma_0_pcie3_ip_phy_sync_cell
INFO: [VRFC 10-2263] Analyzing Verilog file "C:/Users/yongj/Desktop/softmc_ddr4/hw/boards/ML605/project_1/project_1.ip_user_files/ip/xdma_0/ip_0/source/xdma_0_pcie3_ip_rxcdrhold.v" into library xil_defaultlib
INFO: [VRFC 10-311] analyzing module xdma_0_pcie3_ip_rxcdrhold
INFO: [VRFC 10-2263] Analyzing Verilog file "C:/Users/yongj/Desktop/softmc_ddr4/hw/boards/ML605/project_1/project_1.ip_user_files/ip/xdma_0/ip_0/source/xdma_0_pcie3_ip_pcie3_uscale_core_top.v" into library xil_defaultlib
INFO: [VRFC 10-311] analyzing module xdma_0_pcie3_ip_pcie3_uscale_core_top
INFO: [VRFC 10-2263] Analyzing Verilog file "C:/Users/yongj/Desktop/softmc_ddr4/hw/boards/ML605/project_1/project_1.ip_user_files/ip/xdma_0/ip_0/sim/xdma_0_pcie3_ip.v" into library xil_defaultlib
INFO: [VRFC 10-311] analyzing module xdma_0_pcie3_ip
INFO: [VRFC 10-2263] Analyzing Verilog file "C:/Users/yongj/Desktop/softmc_ddr4/hw/boards/ML605/project_1/project_1.ip_user_files/ip/xdma_0/ip_1/sim/xdma_v4_1_8_blk_mem_64_reg_be.v" into library xil_defaultlib
INFO: [VRFC 10-311] analyzing module xdma_v4_1_8_blk_mem_64_reg_be
INFO: [VRFC 10-2263] Analyzing Verilog file "C:/Users/yongj/Desktop/softmc_ddr4/hw/boards/ML605/project_1/project_1.ip_user_files/ip/xdma_0/ip_2/sim/xdma_v4_1_8_blk_mem_64_noreg_be.v" into library xil_defaultlib
INFO: [VRFC 10-311] analyzing module xdma_v4_1_8_blk_mem_64_noreg_be
INFO: [VRFC 10-2263] Analyzing SystemVerilog file "C:/Users/yongj/Desktop/softmc_ddr4/hw/boards/ML605/project_1/project_1.ip_user_files/ip/xdma_0/xdma_v4_1/hdl/verilog/xdma_0_dma_bram_wrap.sv" into library xil_defaultlib
INFO: [VRFC 10-311] analyzing module xdma_v4_1_8_dma_bram_wrap
INFO: [VRFC 10-311] analyzing module xdma_v4_1_8_dma_fifo_64x512_wrap
INFO: [VRFC 10-311] analyzing module xdma_v4_1_8_mem_simple_dport_bram
INFO: [VRFC 10-2263] Analyzing SystemVerilog file "C:/Users/yongj/Desktop/softmc_ddr4/hw/boards/ML605/project_1/project_1.ip_user_files/ip/xdma_0/xdma_v4_1/hdl/verilog/xdma_0_dma_bram_wrap_1024.sv" into library xil_defaultlib
INFO: [VRFC 10-311] analyzing module xdma_v4_1_8_dma_bram_wrap_1024
INFO: [VRFC 10-2263] Analyzing SystemVerilog file "C:/Users/yongj/Desktop/softmc_ddr4/hw/boards/ML605/project_1/project_1.ip_user_files/ip/xdma_0/xdma_v4_1/hdl/verilog/xdma_0_dma_bram_wrap_2048.sv" into library xil_defaultlib
INFO: [VRFC 10-311] analyzing module xdma_v4_1_8_dma_bram_wrap_2048
INFO: [VRFC 10-2263] Analyzing SystemVerilog file "C:/Users/yongj/Desktop/softmc_ddr4/hw/boards/ML605/project_1/project_1.ip_user_files/ip/xdma_0/xdma_v4_1/hdl/verilog/xdma_0_core_top.sv" into library xil_defaultlib
INFO: [VRFC 10-311] analyzing module xdma_0_core_top
INFO: [VRFC 10-2458] undeclared symbol cfg_config_space_enable, assumed default net type wire [C:/Users/yongj/Desktop/softmc_ddr4/hw/boards/ML605/project_1/project_1.ip_user_files/ip/xdma_0/xdma_v4_1/hdl/verilog/xdma_0_core_top.sv:4292]
INFO: [VRFC 10-2458] undeclared symbol cfg_hot_reset_in, assumed default net type wire [C:/Users/yongj/Desktop/softmc_ddr4/hw/boards/ML605/project_1/project_1.ip_user_files/ip/xdma_0/xdma_v4_1/hdl/verilog/xdma_0_core_top.sv:4293]
INFO: [VRFC 10-2458] undeclared symbol usr_irq_fail, assumed default net type wire [C:/Users/yongj/Desktop/softmc_ddr4/hw/boards/ML605/project_1/project_1.ip_user_files/ip/xdma_0/xdma_v4_1/hdl/verilog/xdma_0_core_top.sv:4778]
INFO: [VRFC 10-2263] Analyzing SystemVerilog file "C:/Users/yongj/Desktop/softmc_ddr4/hw/boards/ML605/project_1/project_1.ip_user_files/ip/xdma_0/sim/xdma_0.sv" into library xil_defaultlib
INFO: [VRFC 10-311] analyzing module xdma_0
INFO: [VRFC 10-2263] Analyzing Verilog file "C:/Users/yongj/Desktop/softmc_ddr4/hw/boards/ML605/project_1/project_1.ip_user_files/ip/instr_fifo/sim/instr_fifo.v" into library xil_defaultlib
INFO: [VRFC 10-311] analyzing module instr_fifo
INFO: [VRFC 10-2263] Analyzing Verilog file "C:/Users/yongj/Desktop/softmc_ddr4/hw/boards/ML605/project_1/project_1.ip_user_files/ip/axis_clock_converter_c2h/sim/axis_clock_converter_c2h.v" into library xil_defaultlib
INFO: [VRFC 10-311] analyzing module axis_clock_converter_c2h
INFO: [VRFC 10-2263] Analyzing Verilog file "C:/Users/yongj/Desktop/softmc_ddr4/hw/boards/ML605/project_1/project_1.ip_user_files/ip/axis_clock_converter_0/sim/axis_clock_converter_0.v" into library xil_defaultlib
INFO: [VRFC 10-311] analyzing module axis_clock_converter_0
INFO: [VRFC 10-2263] Analyzing Verilog file "C:/Users/yongj/Desktop/softmc_ddr4/hw/boards/ML605/ipcore_dir/xilinx_mig/user_design/sim/wiredly.v" into library xil_defaultlib
INFO: [VRFC 10-311] analyzing module WireDelay
INFO: [VRFC 10-2263] Analyzing SystemVerilog file "C:/Users/yongj/Desktop/softmc_ddr4/hw/boards/ML605/tb_softMC_top.v" into library xil_defaultlib
INFO: [VRFC 10-311] analyzing module short
INFO: [VRFC 10-311] analyzing module tb_softMC_top
WARNING: [VRFC 10-3248] data object 'c0_ddr4_ck_t' is already declared [C:/Users/yongj/Desktop/softmc_ddr4/hw/boards/ML605/tb_softMC_top.v:331]
WARNING: [VRFC 10-3703] second declaration of 'c0_ddr4_ck_t' ignored [C:/Users/yongj/Desktop/softmc_ddr4/hw/boards/ML605/tb_softMC_top.v:331]
WARNING: [VRFC 10-3028] 'c0_ddr4_ck_t' was previously declared with a range [C:/Users/yongj/Desktop/softmc_ddr4/hw/boards/ML605/tb_softMC_top.v:331]
WARNING: [VRFC 10-3248] data object 'c0_ddr4_ck_c' is already declared [C:/Users/yongj/Desktop/softmc_ddr4/hw/boards/ML605/tb_softMC_top.v:332]
WARNING: [VRFC 10-3703] second declaration of 'c0_ddr4_ck_c' ignored [C:/Users/yongj/Desktop/softmc_ddr4/hw/boards/ML605/tb_softMC_top.v:332]
WARNING: [VRFC 10-3028] 'c0_ddr4_ck_c' was previously declared with a range [C:/Users/yongj/Desktop/softmc_ddr4/hw/boards/ML605/tb_softMC_top.v:332]
WARNING: [VRFC 10-3380] identifier 'ADDR_WIDTH' is used before its declaration [C:/Users/yongj/Desktop/softmc_ddr4/hw/boards/ML605/tb_softMC_top.v:348]
WARNING: [VRFC 10-3380] identifier 'ADDR_WIDTH' is used before its declaration [C:/Users/yongj/Desktop/softmc_ddr4/hw/boards/ML605/tb_softMC_top.v:961]
WARNING: [VRFC 10-2821] generate block is allowed only inside loop and conditional generate in SystemVerilog mode [C:/Users/yongj/Desktop/softmc_ddr4/hw/boards/ML605/tb_softMC_top.v:1019]
INFO: [VRFC 10-2263] Analyzing SystemVerilog file "C:/Users/yongj/Desktop/softmc_ddr4/hw/boards/ML605/project_1/project_1.srcs/sim_1/imports/imports/arch_package.sv" into library xil_defaultlib
INFO: [VRFC 10-2263] Analyzing SystemVerilog file "C:/Users/yongj/Desktop/softmc_ddr4/hw/boards/ML605/project_1/project_1.srcs/sim_1/imports/imports/ddr4_sdram_model_wrapper.sv" into library xil_defaultlib
INFO: [VRFC 10-2263] Analyzing SystemVerilog file "C:/Users/yongj/Desktop/softmc_ddr4/hw/boards/ML605/project_1/project_1.srcs/sim_1/imports/imports/proj_package.sv" into library xil_defaultlib
INFO: [VRFC 10-2263] Analyzing SystemVerilog file "C:/Users/yongj/Desktop/softmc_ddr4/hw/boards/ML605/project_1/project_1.srcs/sim_1/imports/imports/ddr4_model.sv" into library xil_defaultlib
INFO: [VRFC 10-311] analyzing module StateTable
INFO: [VRFC 10-311] analyzing module ddr4_model
WARNING: [VRFC 10-2821] generate block is allowed only inside loop and conditional generate in SystemVerilog mode [C:/Users/yongj/Desktop/softmc_ddr4/hw/boards/ML605/project_1/project_1.srcs/sim_1/imports/imports/ddr4_model.sv:340]
WARNING: [VRFC 10-2821] generate block is allowed only inside loop and conditional generate in SystemVerilog mode [C:/Users/yongj/Desktop/softmc_ddr4/hw/boards/ML605/project_1/project_1.srcs/sim_1/imports/imports/ddr4_model.sv:1535]
WARNING: [VRFC 10-2821] generate block is allowed only inside loop and conditional generate in SystemVerilog mode [C:/Users/yongj/Desktop/softmc_ddr4/hw/boards/ML605/project_1/project_1.srcs/sim_1/imports/imports/ddr4_model.sv:1582]
INFO: [VRFC 10-2263] Analyzing SystemVerilog file "C:/Users/yongj/Desktop/softmc_ddr4/hw/boards/ML605/project_1/project_1.srcs/sim_1/imports/imports/interface.sv" into library xil_defaultlib
INFO: [VRFC 10-2263] Analyzing Verilog file "C:/Users/yongj/Desktop/softmc_ddr4/hw/boards/ML605/project_1/project_1.sim/sim_1/behav/xsim/glbl.v" into library xil_defaultlib
INFO: [VRFC 10-311] analyzing module glbl
