Vivado Simulator 2020.2
Time resolution is 1 ps
Loading timesets for 'sim_tb_top.\mem_model_x16.mem.memModels_Ri2[0].memModel2[0].ddr4_model .LoadTiming' @0
	Loaded timeset:TS_1875
	Loaded timeset:TS_1500
	Loaded timeset:TS_1250
	Loaded timeset:TS_1072
	Loaded timeset:TS_938
	Loaded timeset:TS_833
	Loaded timeset:TS_750
	Loaded timeset:TS_682
	Loaded timeset:TS_625
Model based on DDR4 DDS version 0.999 6/06/2014 (build data 5/06/2016)
sim_tb_top.\mem_model_x16.mem.memModels_Ri2[0].memModel2[0].ddr4_model :Configured as x16 8G stack:1
Loading timesets for 'sim_tb_top.\mem_model_x16.mem.memModels_Ri2[0].memModel2[1].ddr4_model .LoadTiming' @0
	Loaded timeset:TS_1875
	Loaded timeset:TS_1500
	Loaded timeset:TS_1250
	Loaded timeset:TS_1072
	Loaded timeset:TS_938
	Loaded timeset:TS_833
	Loaded timeset:TS_750
	Loaded timeset:TS_682
	Loaded timeset:TS_625
Model based on DDR4 DDS version 0.999 6/06/2014 (build data 5/06/2016)
sim_tb_top.\mem_model_x16.mem.memModels_Ri2[0].memModel2[1].ddr4_model :Configured as x16 8G stack:1
Loading timesets for 'sim_tb_top.\mem_model_x16.mem.memModels_Ri2[0].memModel2[2].ddr4_model .LoadTiming' @0
	Loaded timeset:TS_1875
	Loaded timeset:TS_1500
	Loaded timeset:TS_1250
	Loaded timeset:TS_1072
	Loaded timeset:TS_938
	Loaded timeset:TS_833
	Loaded timeset:TS_750
	Loaded timeset:TS_682
	Loaded timeset:TS_625
Model based on DDR4 DDS version 0.999 6/06/2014 (build data 5/06/2016)
sim_tb_top.\mem_model_x16.mem.memModels_Ri2[0].memModel2[2].ddr4_model :Configured as x16 8G stack:1
Loading timesets for 'sim_tb_top.\mem_model_x16.mem.memModels_Ri2[0].memModel2[3].ddr4_model .LoadTiming' @0
	Loaded timeset:TS_1875
	Loaded timeset:TS_1500
	Loaded timeset:TS_1250
	Loaded timeset:TS_1072
	Loaded timeset:TS_938
	Loaded timeset:TS_833
	Loaded timeset:TS_750
	Loaded timeset:TS_682
	Loaded timeset:TS_625
Model based on DDR4 DDS version 0.999 6/06/2014 (build data 5/06/2016)
sim_tb_top.\mem_model_x16.mem.memModels_Ri2[0].memModel2[3].ddr4_model :Configured as x16 8G stack:1
Info: [Unisim HPIO_VREF-1] Fabric Tune Value changed to 0100111. Instance: sim_tb_top.u_example_top.u_ddr4_1.inst.u_mig_ddr4_phy.inst.u_ddr_iob.\genByte[0].u_ddr_iob_byte .\genblk1.genVref.u_hpio_vref 
Info: [Unisim HPIO_VREF-1] Fabric Tune Value changed to 0100111. Instance: sim_tb_top.u_example_top.u_ddr4_1.inst.u_mig_ddr4_phy.inst.u_ddr_iob.\genByte[1].u_ddr_iob_byte .\genblk1.genVref.u_hpio_vref 
Info: [Unisim HPIO_VREF-1] Fabric Tune Value changed to 0100111. Instance: sim_tb_top.u_example_top.u_ddr4_1.inst.u_mig_ddr4_phy.inst.u_ddr_iob.\genByte[4].u_ddr_iob_byte .\genblk1.genVref.u_hpio_vref 
Info: [Unisim HPIO_VREF-1] Fabric Tune Value changed to 0100111. Instance: sim_tb_top.u_example_top.u_ddr4_1.inst.u_mig_ddr4_phy.inst.u_ddr_iob.\genByte[5].u_ddr_iob_byte .\genblk1.genVref.u_hpio_vref 
Info: [Unisim HPIO_VREF-1] Fabric Tune Value changed to 0100111. Instance: sim_tb_top.u_example_top.u_ddr4_1.inst.u_mig_ddr4_phy.inst.u_ddr_iob.\genByte[6].u_ddr_iob_byte .\genblk1.genVref.u_hpio_vref 
Info: [Unisim HPIO_VREF-1] Fabric Tune Value changed to 0100111. Instance: sim_tb_top.u_example_top.u_ddr4_1.inst.u_mig_ddr4_phy.inst.u_ddr_iob.\genByte[7].u_ddr_iob_byte .\genblk1.genVref.u_hpio_vref 
Info: [Unisim HPIO_VREF-1] Fabric Tune Value changed to 0100111. Instance: sim_tb_top.u_example_top.u_ddr4_1.inst.u_mig_ddr4_phy.inst.u_ddr_iob.\genByte[8].u_ddr_iob_byte .\genblk1.genVref.u_hpio_vref 
Info: [Unisim HPIO_VREF-1] Fabric Tune Value changed to 0100111. Instance: sim_tb_top.u_example_top.u_ddr4_1.inst.u_mig_ddr4_phy.inst.u_ddr_iob.\genByte[9].u_ddr_iob_byte .\genblk1.genVref.u_hpio_vref 
